Log file open, 05/08/17 15:23:56
LogInit:Display: Running engine for game: FinalProject
LogPlatformFile: Not using cached read wrapper
LogInit:Display: RandInit(-812186837) SRandInit(-812186837).
LogTaskGraph: Started task graph with 5 named threads and 10 total threads with 1 sets of task threads.
LogStats: Stats thread started at 0.092589
LogInit: Using libcurl 7.47.1
LogInit:  - built for x86_64-pc-win32
LogInit:  - supports SSL with OpenSSL/1.0.2g
LogInit:  - supports HTTP deflate (compression) using libz 1.2.8
LogInit:  - other features:
LogInit:      CURL_VERSION_SSL
LogInit:      CURL_VERSION_LIBZ
LogInit:      CURL_VERSION_IPV6
LogInit:      CURL_VERSION_ASYNCHDNS
LogInit:      CURL_VERSION_LARGEFILE
LogInit:      CURL_VERSION_IDN
LogInit:  CurlRequestOptions (configurable via config and command line):
LogInit:  - bVerifyPeer = false  - Libcurl will NOT verify peer certificate
LogInit:  - bUseHttpProxy = false  - Libcurl will NOT use HTTP proxy
LogInit:  - bDontReuseConnections = false  - Libcurl will reuse connections
LogInit:  - CertBundlePath = nullptr  - Libcurl will use whatever was configured at build time.
LogInit: Build: ++UE4+Release-4.15-CL-3416026
LogInit: Engine Version: 4.15.2-3416026+++UE4+Release-4.15
LogInit: Compatible Engine Version: 4.15.0-3299760+++UE4+Release-4.15
LogInit: Net CL: 3299760
LogDevObjectVersion: Number of dev versions registered: 14
LogDevObjectVersion:   Dev-Blueprints (B0D832E4-1F89-4F0D-ACCF-7EB736FD4AA2): 8
LogDevObjectVersion:   Dev-Build (E1C64328-A22C-4D53-A36C-8E866417BD8C): 0
LogDevObjectVersion:   Dev-Core (375EC13C-06E4-48FB-B500-84F0262A717E): 2
LogDevObjectVersion:   Dev-Editor (E4B068ED-F494-42E9-A231-DA0B2E46BB41): 14
LogDevObjectVersion:   Dev-Framework (CFFC743F-43B0-4480-9391-14DF171D2073): 22
LogDevObjectVersion:   Dev-Mobile (B02B49B5-BB20-44E9-A304-32B752E40360): 0
LogDevObjectVersion:   Dev-Networking (A4E4105C-59A1-49B5-A7C5-40C4547EDFEE): 0
LogDevObjectVersion:   Dev-Online (39C831C9-5AE6-47DC-9A44-9C173E1C8E7C): 0
LogDevObjectVersion:   Dev-Physics (78F01B33-EBEA-4F98-B9B4-84EACCB95AA2): 0
LogDevObjectVersion:   Dev-Platform (6631380F-2D4D-43E0-8009-CF276956A95A): 0
LogDevObjectVersion:   Dev-Rendering (12F88B9F-8875-4AFC-A67C-D90C383ABD29): 12
LogDevObjectVersion:   Dev-Sequencer (7B5AE74C-D270-4C10-A958-57980B212A5A): 3
LogDevObjectVersion:   Dev-VR (D7296918-1DD6-4BDD-9DE2-64A83CC13884): 0
LogDevObjectVersion:   Dev-LoadTimes (C2A15278-BFE7-4AFE-6C17-90FF531DF755): 1
LogInit: Compiled (64-bit): May  1 2017 13:11:28
LogInit: Compiled with Visual C++: 19.00.23026.00
LogInit: Build Configuration: Development
LogInit: Branch Name: ++UE4+Release-4.15
LogInit: Command line:  
LogInit: Base directory: C:/Epic Games/UE_4.15/Engine/Binaries/Win64/
LogInit: Installed Engine Build: 1
LogInit: Presizing for max 8388607 objects, including 0 objects not considered by GC, pre-allocating 0 bytes for permanent pool.
LogInit: Object subsystem initialized
[2017.05.08-22.23.57:587][  0]LogInit: Selected Device Profile: [Windows]
[2017.05.08-22.23.57:587][  0]LogInit: Applying CVar settings loaded from the selected device profile: [Windows]
[2017.05.08-22.23.57:601][  0]LogInit: Computer: SEA-7E868A
[2017.05.08-22.23.57:601][  0]LogInit: User: xaviermelton
[2017.05.08-22.23.57:601][  0]LogInit: CPU Page size=65536, Cores=6
[2017.05.08-22.23.57:601][  0]LogInit: High frequency timer resolution =3.222900 MHz
[2017.05.08-22.23.57:601][  0]LogMemory: Memory total: Physical=31.8GB (32GB approx)
[2017.05.08-22.23.57:601][  0]LogMemory: Platform Memory Stats for Windows
[2017.05.08-22.23.57:601][  0]LogMemory: Process Physical Memory: 267.21 MB used, 267.21 MB peak
[2017.05.08-22.23.57:601][  0]LogMemory: Process Virtual Memory: 265.18 MB used, 265.18 MB peak
[2017.05.08-22.23.57:601][  0]LogMemory: Physical Memory: 9482.77 MB used,  23111.08 MB free, 32593.85 MB total
[2017.05.08-22.23.57:601][  0]LogMemory: Virtual Memory: 631.66 MB used,  23111.08 MB free, 8388608.00 MB total
[2017.05.08-22.23.57:692][  0]LogTextLocalizationManager: No specific translations for ('en-US') exist, so ('en') translations will be used.
[2017.05.08-22.23.58:385][  0]LogD3D11RHI: D3D11 adapters:
[2017.05.08-22.23.58:413][  0]LogD3D11RHI:    0. 'NVIDIA GeForce GTX 960' (Feature Level 11_0)
[2017.05.08-22.23.58:413][  0]LogD3D11RHI:       1969/0/2048 MB DedicatedVideo/DedicatedSystem/SharedSystem, Outputs:2, VendorId:0x10de
[2017.05.08-22.23.58:413][  0]LogD3D11RHI: Chosen D3D11 Adapter: 0
[2017.05.08-22.23.58:420][  0]LogD3D11RHI: Creating new Direct3DDevice
[2017.05.08-22.23.58:420][  0]LogD3D11RHI:     GPU DeviceId: 0x1401 (for the marketing name, search the web for "GPU Device Id")
[2017.05.08-22.23.58:420][  0]LogWindows: EnumDisplayDevices:
[2017.05.08-22.23.58:420][  0]LogWindows:    0. 'NVIDIA GeForce GTX 960' (P:1 D:1)
[2017.05.08-22.23.58:420][  0]LogWindows:    1. 'NVIDIA GeForce GTX 960' (P:0 D:1)
[2017.05.08-22.23.58:420][  0]LogWindows:    2. 'NVIDIA GeForce GTX 960' (P:0 D:0)
[2017.05.08-22.23.58:420][  0]LogWindows:    3. 'NVIDIA GeForce GTX 960' (P:0 D:0)
[2017.05.08-22.23.58:421][  0]LogWindows:    4. 'RDPDD Chained DD' (P:0 D:0)
[2017.05.08-22.23.58:421][  0]LogWindows:    5. 'RDP Encoder Mirror Driver' (P:0 D:0)
[2017.05.08-22.23.58:421][  0]LogWindows:    6. 'RDP Reflector Display Driver' (P:0 D:0)
[2017.05.08-22.23.58:421][  0]LogWindows: DebugString: GetVideoDriverDetailsInvalid PrimaryIsNotTheChoosenAdapter GetVideoDriverDetailsInvalid PrimaryIsNotTheChoosenAdapter GetVideoDriverDetailsInvalid PrimaryIsNotTheChoosenAdapter FoundDriverCount:4 
[2017.05.08-22.23.58:421][  0]LogD3D11RHI:     Adapter Name: NVIDIA GeForce GTX 960
[2017.05.08-22.23.58:421][  0]LogD3D11RHI:   Driver Version: 353.62 (internal:10.18.13.5362, unified:353.62)
[2017.05.08-22.23.58:421][  0]LogD3D11RHI:      Driver Date: 7-22-2015
[2017.05.08-22.23.58:421][  0]LogRHI: Texture pool is 1361 MB (70% of 1945 MB)
[2017.05.08-22.23.58:435][  0]LogD3D11RHI: NvAPI_D3D_GetCurrentSLIState failed: 0xfffffff7
[2017.05.08-22.23.58:435][  0]LogD3D11RHI: [Aftermath] Aftermath enabled but failed to initialize due to reason: DriverVersionNotSupported
[2017.05.08-22.23.58:435][  0]LogD3D11RHI: Async texture creation enabled
[2017.05.08-22.23.58:451][  0]LogD3D11RHI: GPU Timing Frequency: 1000.000000 (Debug: 2 2)
[2017.05.08-22.23.58:453][  0]LogShaderCompilers: Guid format shader working directory is -28 characters bigger than the processId version (../../../../../Users/xavier.melton/Desktop/Doti_Year_1_Final_AIE/DOTI_AIE_Y1_FINAL/Intermediate/Shaders/WorkingDirectory/2388/).
[2017.05.08-22.23.58:454][  0]LogShaderCompilers: Cleaned the shader compiler working directory 'C:/Users/xavier.melton/AppData/Local/Temp/UnrealShaderWorkingDir/765DEDA9462FA14A90AB01B2FEFF593C/'.
[2017.05.08-22.23.58:454][  0]LogShaderCompilers:Display: Using Local Shader Compiler.
[2017.05.08-22.23.59:869][  0]LogTemp:Display: Loaded TP AllDesktopTargetPlatform
[2017.05.08-22.24.00:003][  0]LogTemp:Display: Loaded TP MacClientTargetPlatform
[2017.05.08-22.24.00:069][  0]LogTemp:Display: Loaded TP MacNoEditorTargetPlatform
[2017.05.08-22.24.00:139][  0]LogTemp:Display: Loaded TP MacServerTargetPlatform
[2017.05.08-22.24.00:236][  0]LogTemp:Display: Loaded TP MacTargetPlatform
[2017.05.08-22.24.00:317][  0]LogTemp:Display: Loaded TP WindowsClientTargetPlatform
[2017.05.08-22.24.00:439][  0]LogTemp:Display: Loaded TP WindowsNoEditorTargetPlatform
[2017.05.08-22.24.00:515][  0]LogTemp:Display: Loaded TP WindowsServerTargetPlatform
[2017.05.08-22.24.00:566][  0]LogTemp:Display: Loaded TP WindowsTargetPlatform
[2017.05.08-22.24.00:624][  0]LogTemp:Display: Loaded TP AndroidTargetPlatform
[2017.05.08-22.24.00:683][  0]LogTemp:Display: Loaded TP Android_ASTCTargetPlatform
[2017.05.08-22.24.00:741][  0]LogTemp:Display: Loaded TP Android_ATCTargetPlatform
[2017.05.08-22.24.00:821][  0]LogTemp:Display: Loaded TP Android_DXTTargetPlatform
[2017.05.08-22.24.00:880][  0]LogTemp:Display: Loaded TP Android_ETC1TargetPlatform
[2017.05.08-22.24.00:991][  0]LogTemp:Display: Loaded TP Android_ETC2TargetPlatform
[2017.05.08-22.24.01:143][  0]LogTemp:Display: Loaded TP Android_MultiTargetPlatform
[2017.05.08-22.24.01:143][  0]LogTemp:Display: Loaded TP Android_PVRTCTargetPlatform
[2017.05.08-22.24.01:200][  0]LogTemp:Display: Loaded TP HTML5TargetPlatform
[2017.05.08-22.24.01:341][  0]LogTemp:Display: Loaded TP IOSTargetPlatform
[2017.05.08-22.24.01:407][  0]LogTemp:Display: Loaded TP TVOSTargetPlatform
[2017.05.08-22.24.01:468][  0]LogTemp:Display: Loaded TP LinuxClientTargetPlatform
[2017.05.08-22.24.01:526][  0]LogTemp:Display: Loaded TP LinuxNoEditorTargetPlatform
[2017.05.08-22.24.01:583][  0]LogTemp:Display: Loaded TP LinuxServerTargetPlatform
[2017.05.08-22.24.01:641][  0]LogTemp:Display: Loaded TP LinuxTargetPlatform
[2017.05.08-22.24.01:641][  0]LogTargetPlatformManager:Display: Building Assets For Windows
[2017.05.08-22.24.02:183][  0]LogDerivedDataCache:Display: Max Cache Size: 512 MB
[2017.05.08-22.24.02:272][  0]LogDerivedDataCache: Loaded boot cache 0.09s 50MB C:/Users/xavier.melton/AppData/Local/UnrealEngine/4.15/DerivedDataCache/Boot.ddc.
[2017.05.08-22.24.02:272][  0]LogDerivedDataCache:Display: Loaded Boot cache: C:/Users/xavier.melton/AppData/Local/UnrealEngine/4.15/DerivedDataCache/Boot.ddc
[2017.05.08-22.24.02:272][  0]LogDerivedDataCache: FDerivedDataBackendGraph:  Pak pak cache file ../../../../../Users/xavier.melton/Desktop/Doti_Year_1_Final_AIE/DOTI_AIE_Y1_FINAL/DerivedDataCache/DDC.ddp not found, will not use a pak cache.
[2017.05.08-22.24.02:272][  0]LogDerivedDataCache: Unable to find inner node Pak for hierarchical cache Hierarchy.
[2017.05.08-22.24.02:272][  0]LogDerivedDataCache: FDerivedDataBackendGraph:  CompressedPak pak cache file ../../../../../Users/xavier.melton/Desktop/Doti_Year_1_Final_AIE/DOTI_AIE_Y1_FINAL/DerivedDataCache/Compressed.ddp not found, will not use a pak cache.
[2017.05.08-22.24.02:272][  0]LogDerivedDataCache: Unable to find inner node CompressedPak for hierarchical cache Hierarchy.
[2017.05.08-22.24.02:293][  0]LogDerivedDataCache:Display: Pak cache opened for reading ../../../Engine/DerivedDataCache/Compressed.ddp.
[2017.05.08-22.24.02:306][  0]LogDerivedDataCache: Using Local data cache path C:/Users/xavier.melton/AppData/Local/UnrealEngine/Common/DerivedDataCache: Writable
[2017.05.08-22.24.02:329][  0]LogSlate: Using Freetype 2.6.0
[2017.05.08-22.24.02:331][  0]LogSlate: SlateFontCache - WITH_FREETYPE: 1, WITH_HARFBUZZ: 1
[2017.05.08-22.24.02:331][  0]LogSlate: SlateFontCache - WITH_FREETYPE: 1, WITH_HARFBUZZ: 1
[2017.05.08-22.24.02:656][  0]LogInit: Selected Device Profile: [Windows]
[2017.05.08-22.24.02:659][  0]LogContentStreaming: Texture pool size is 0.00 MB
[2017.05.08-22.24.02:963][  0]LogMeshUtilities: Using QuadricMeshReduction for automatic static mesh reduction
[2017.05.08-22.24.03:028][  0]LogSimplygon: Simplygon DLL not present - disabling.
[2017.05.08-22.24.03:098][  0]LogMeshUtilities: Using SimplygonSwarm for distributed automatic mesh merging
[2017.05.08-22.24.03:098][  0]LogMeshUtilities: No automatic skeletal mesh reduction module available
[2017.05.08-22.24.03:098][  0]LogMeshUtilities: No automatic mesh merging module available
[2017.05.08-22.24.03:923][  0]LogNetVersion: GetLocalNetworkVersion: CL: 3299760, ProjectName: finalproject, ProjectVersion: , EngineNetworkVersion: 2, GameNetworkVersion: 0, NetworkChecksum: 3356675869
[2017.05.08-22.24.03:969][  0]LogAssetRegistry: FAssetRegistry took 0.0200 seconds to start up
[2017.05.08-22.24.04:045][  0]LogPackageLocalizationCache: Processed 3 localized package path(s) for 2 prioritized culture(s) in 0.036519 seconds
[2017.05.08-22.24.04:049][  0]LogUObjectArray: 32493 objects as part of root set at end of initial load.
[2017.05.08-22.24.04:049][  0]LogUObjectAllocator: 7077024 out of 0 bytes used by permanent object pool.
[2017.05.08-22.24.04:049][  0]LogUObjectArray: CloseDisregardForGC: 0/0 objects in disregard for GC pool
[2017.05.08-22.24.04:178][  0]LogInit: WinSock: version 1.1 (2.2), MaxSocks=32767, MaxUdp=65467
[2017.05.08-22.24.06:669][  0]LogTcpMessaging: Initializing TcpMessaging bridge
[2017.05.08-22.24.06:739][  0]LogUdpMessaging: Initializing bridge on interface 0.0.0.0:0 to multicast group 230.0.0.1:6666.
[2017.05.08-22.24.07:604][  0]LogMaterial: Uniform references updated for custom material expression Custom.
[2017.05.08-22.24.08:169][  0]SourceControl: Info Source control is disabled
[2017.05.08-22.24.08:234][  0]SourceControl: Info Source control is disabled
[2017.05.08-22.24.08:287][  0]SourceControl: Info Source control is disabled
[2017.05.08-22.24.08:336][  0]SourceControl: Info Source control is disabled
[2017.05.08-22.24.09:997][  0]LogEngine: Initializing Engine...
[2017.05.08-22.24.09:998][  0]LogHMD: Failed to initialize OpenVR with code 110
[2017.05.08-22.24.10:180][  0]LogStats: UGameplayTagsManager::ConstructGameplayTagTree: Construct from data asset -  0.000 s
[2017.05.08-22.24.10:180][  0]LogStats: UGameplayTagsManager::ConstructGameplayTagTree: GameplayTagTreeChangedEvent.Broadcast -  0.000 s
[2017.05.08-22.24.10:339][  0]LogAIModule: Creating AISystem for world Untitled
[2017.05.08-22.24.10:384][  0]LogInit: XAudio2 using 'Headphones (High Definition Audio Device)' : 2 channels at 44.1 kHz using 16 bits per sample (channel mask 0x3)
[2017.05.08-22.24.10:405][  0]LogInit: FAudioDevice initialized.
[2017.05.08-22.24.10:438][  0]LogDerivedDataCache: Saved boot cache 0.03s 50MB C:/Users/xavier.melton/AppData/Local/UnrealEngine/4.15/DerivedDataCache/Boot.ddc.
[2017.05.08-22.24.10:444][  0]LogInit: Texture streaming: Enabled
[2017.05.08-22.24.10:561][  0]LogEngineSessionManager: EngineSessionManager initialized
[2017.05.08-22.24.10:679][  0]LogInit: Transaction tracking system initialized
[2017.05.08-22.24.11:193][  0]BlueprintLog: New page: Editor Load
[2017.05.08-22.24.12:598][  0]LocalizationService: Info Localization service is disabled
[2017.05.08-22.24.13:579][  0]LogConsoleResponse:Display: 
[2017.05.08-22.24.13:757][  0]LogCook:Display: Max memory allowance for cook 16384mb min free memory 0mb
[2017.05.08-22.24.13:757][  0]LogCook:Display: Mobile HDR setting 1
[2017.05.08-22.24.14:666][  0]LogFileCache: Scanning file cache for directory 'C:/Users/xavier.melton/Desktop/Doti_Year_1_Final_AIE/DOTI_AIE_Y1_FINAL/Content/' took 0.02s
[2017.05.08-22.24.15:317][  0]SourceControl: Info Source control is disabled
[2017.05.08-22.24.15:317][  0]Cmd: MAP LOAD FILE="../../../../../Users/xavier.melton/Desktop/Doti_Year_1_Final_AIE/DOTI_AIE_Y1_FINAL/Content/StarterContent/Maps/Minimal_Default.umap" TEMPLATE=0 SHOWPROGRESS=1 FEATURELEVEL=3
[2017.05.08-22.24.15:318][  0]LightingResults: New page: Lighting Build
[2017.05.08-22.24.15:400][  0]MapCheck: New page: Map Check
[2017.05.08-22.24.15:400][  0]LightingResults: New page: Lighting Build
[2017.05.08-22.24.15:947][  0]LogAIModule: Creating AISystem for world Minimal_Default
[2017.05.08-22.24.15:976][  0]LogEditorServer: Finished looking for orphan Actors (0.000 secs)
[2017.05.08-22.24.15:978][  0]Cmd: MAP CHECKDEP NOCLEARLOG
[2017.05.08-22.24.16:038][  0]MapCheck: Info Map check complete: 0 Error(s), 0 Warning(s), took 59.833ms to complete.
[2017.05.08-22.24.16:038][  0]LogFileHelpers: Loading map 'Minimal_Default' took 0.721
[2017.05.08-22.24.16:304][  0]LogCollectionManager: Loaded 0 collections in 0.002702 seconds
[2017.05.08-22.24.16:440][  0]LogFileCache: Scanning file cache for directory 'C:/Users/xavier.melton/Desktop/Doti_Year_1_Final_AIE/DOTI_AIE_Y1_FINAL/Saved/Collections/' took 0.01s
[2017.05.08-22.24.16:440][  0]LogFileCache: Scanning file cache for directory 'C:/Users/xavier.melton/Desktop/Doti_Year_1_Final_AIE/DOTI_AIE_Y1_FINAL/Content/Developers/xaviermelton/Collections/' took 0.01s
[2017.05.08-22.24.16:440][  0]LogFileCache: Scanning file cache for directory 'C:/Users/xavier.melton/Desktop/Doti_Year_1_Final_AIE/DOTI_AIE_Y1_FINAL/Content/Collections/' took 0.01s
[2017.05.08-22.24.16:440][  0]LogCollectionManager: Rebuilt the GUID cache for 0 collections in 0.000002 seconds
[2017.05.08-22.24.16:454][  0]LogContentBrowser: Native class hierarchy populated in 0.0138 seconds. Added 2245 classes and 453 folders.
[2017.05.08-22.24.16:563][  0]LogContentBrowser: Native class hierarchy updated for 'WidgetCarousel' in 0.0005 seconds. Added 0 classes and 0 folders.
[2017.05.08-22.24.16:612][  0]LogContentBrowser: Native class hierarchy updated for 'AddContentDialog' in 0.0012 seconds. Added 0 classes and 0 folders.
[2017.05.08-22.24.16:683][  0]LogContentBrowser: Native class hierarchy updated for 'SceneOutliner' in 0.0005 seconds. Added 1 classes and 2 folders.
[2017.05.08-22.24.16:837][  0]LogCrashTracker: Crashtracker disabled due to settings.
[2017.05.08-22.24.16:844][  0]LogUObjectGlobals:Warning: Failed to find object 'Class None.'
[2017.05.08-22.24.16:918][  0]LogContentBrowser: Native class hierarchy updated for 'HierarchicalLODOutliner' in 0.0006 seconds. Added 1 classes and 2 folders.
[2017.05.08-22.24.16:918][  0]LogLoad: (Engine Initialization) Total time: 22.10 seconds
[2017.05.08-22.24.16:918][  0]LogLoad: (Engine Initialization) Total Blueprint compile time: 0.19 seconds
[2017.05.08-22.24.16:918][  0]LogExternalProfiler: Found external profiler: VSPerf
[2017.05.08-22.24.16:918][  0]LogExternalProfiler: Using external profiler: VSPerf
[2017.05.08-22.24.17:257][  0]LogOcInput: OculusInput pre-init called
[2017.05.08-22.24.17:286][  0]LogContentStreaming: Texture pool size now 1000 MB
[2017.05.08-22.24.17:288][  0]LogSlate: Took 0.000383 seconds to synchronously load lazily loaded font '../../../Engine/Content/Slate/Fonts/Roboto-Regular.ttf' (155K)
[2017.05.08-22.24.17:292][  0]LogSlate: Took 0.000482 seconds to synchronously load lazily loaded font '../../../Engine/Content/Slate/Fonts/Roboto-Bold.ttf' (160K)
[2017.05.08-22.24.17:306][  0]LogSlate: Took 0.000461 seconds to synchronously load lazily loaded font '../../../Engine/Content/Editor/Slate/Fonts/FontAwesome.ttf' (139K)
[2017.05.08-22.24.17:463][  0]LogSlate: Took 0.000432 seconds to synchronously load lazily loaded font '../../../Engine/Content/Slate/Fonts/Roboto-Light.ttf' (159K)
[2017.05.08-22.24.17:524][  0]LogRenderer: Reallocating scene render targets to support 1208x576 NumSamples 1 (Frame:2).
[2017.05.08-22.24.17:951][  2]LogAssetRegistry: Asset discovery search completed in 14.0015 seconds
[2017.05.08-22.24.17:952][  2]LogCollectionManager: Rebuilt the object cache for 0 collections in 0.000007 seconds (found 0 objects)
[2017.05.08-22.24.17:952][  2]LogCollectionManager: Fixed up redirectors for 0 collections in 0.000043 seconds (updated 0 objects)
[2017.05.08-22.24.18:278][  3]LogSlate: Took 0.000495 seconds to synchronously load lazily loaded font '../../../Engine/Content/Slate/Fonts/Roboto-Light.ttf' (159K)
[2017.05.08-22.24.26:508][595]LogLinker:Warning: Can't find file '/Game/Blueprints/BasicInventory/BP_FoodInventory'
[2017.05.08-22.24.26:508][595]LogLinker:Warning: Can't find file for asset '/Game/Blueprints/BasicInventory/BP_FoodInventory' while loading ../../../../../Users/xavier.melton/Desktop/Doti_Year_1_Final_AIE/DOTI_AIE_Y1_FINAL/Content/XaviersShit/BP_BasicInventoryCharacter.uasset.
[2017.05.08-22.24.26:509][595]LoadErrors:Error: Error /Game/XaviersShit/BP_BasicInventoryCharacter : Can't find file for asset. /Game/Blueprints/BasicInventory/BP_FoodInventory
[2017.05.08-22.24.26:509][595]LogLinker:Warning: Can't find file '/Game/Blueprints/BasicInventory/BP_InventoryActor'
[2017.05.08-22.24.26:509][595]LogLinker:Warning: Can't find file for asset '/Game/Blueprints/BasicInventory/BP_InventoryActor' while loading ../../../../../Users/xavier.melton/Desktop/Doti_Year_1_Final_AIE/DOTI_AIE_Y1_FINAL/Content/XaviersShit/BP_BasicInventoryCharacter.uasset.
[2017.05.08-22.24.26:509][595]LoadErrors:Error: Error /Game/XaviersShit/BP_BasicInventoryCharacter : Can't find file for asset. /Game/Blueprints/BasicInventory/BP_InventoryActor
[2017.05.08-22.24.26:509][595]LogLinker:Warning: Can't find file '/Game/Blueprints/BasicInventory/BP_UsableActor'
[2017.05.08-22.24.26:509][595]LogLinker:Warning: Can't find file for asset '/Game/Blueprints/BasicInventory/BP_UsableActor' while loading ../../../../../Users/xavier.melton/Desktop/Doti_Year_1_Final_AIE/DOTI_AIE_Y1_FINAL/Content/XaviersShit/BP_BasicInventoryCharacter.uasset.
[2017.05.08-22.24.26:509][595]LoadErrors:Error: Error /Game/XaviersShit/BP_BasicInventoryCharacter : Can't find file for asset. /Game/Blueprints/BasicInventory/BP_UsableActor
[2017.05.08-22.24.26:511][595]LogLinker:Warning: Can't find file '/Game/Blueprints/BasicInventory/BP_InventoryActor'
[2017.05.08-22.24.26:511][595]LogLinker:Warning: Can't find file for asset '/Game/Blueprints/BasicInventory/BP_InventoryActor' while loading ../../../../../Users/xavier.melton/Desktop/Doti_Year_1_Final_AIE/DOTI_AIE_Y1_FINAL/Content/XaviersShit/BP_BasicInventoryCharacter.uasset.
[2017.05.08-22.24.26:511][595]LogLinker:Warning: Can't find file '/Game/Blueprints/BasicInventory/BP_FoodInventory'
[2017.05.08-22.24.26:511][595]LogLinker:Warning: Can't find file for asset '/Game/Blueprints/BasicInventory/BP_FoodInventory' while loading ../../../../../Users/xavier.melton/Desktop/Doti_Year_1_Final_AIE/DOTI_AIE_Y1_FINAL/Content/XaviersShit/BP_BasicInventoryCharacter.uasset.
[2017.05.08-22.24.26:512][595]LogLinker:Warning: Can't find file '/Game/Blueprints/BasicInventory/BP_FoodInventory'
[2017.05.08-22.24.26:512][595]LogLinker:Warning: Can't find file for asset '/Game/Blueprints/BasicInventory/BP_FoodInventory' while loading ../../../../../Users/xavier.melton/Desktop/Doti_Year_1_Final_AIE/DOTI_AIE_Y1_FINAL/Content/XaviersShit/BP_BasicInventoryCharacter.uasset.
[2017.05.08-22.24.26:512][595]LogLinker:Warning: Can't find file '/Game/Blueprints/BasicInventory/BP_InventoryActor'
[2017.05.08-22.24.26:512][595]LogLinker:Warning: Can't find file for asset '/Game/Blueprints/BasicInventory/BP_InventoryActor' while loading ../../../../../Users/xavier.melton/Desktop/Doti_Year_1_Final_AIE/DOTI_AIE_Y1_FINAL/Content/XaviersShit/BP_BasicInventoryCharacter.uasset.
[2017.05.08-22.24.26:513][595]LogLinker:Warning: Can't find file '/Game/Blueprints/BasicInventory/BP_UsableActor'
[2017.05.08-22.24.26:513][595]LogLinker:Warning: Can't find file for asset '/Game/Blueprints/BasicInventory/BP_UsableActor' while loading ../../../../../Users/xavier.melton/Desktop/Doti_Year_1_Final_AIE/DOTI_AIE_Y1_FINAL/Content/XaviersShit/BP_BasicInventoryCharacter.uasset.
[2017.05.08-22.24.26:518][595]LogLinker:Warning: Can't find file '/Game/Blueprints/BasicInventory/BP_FoodInventory'
[2017.05.08-22.24.26:518][595]LogLinker:Warning: Can't find file for asset '/Game/Blueprints/BasicInventory/BP_FoodInventory' while loading NULL.
[2017.05.08-22.24.26:518][595]LogLinker:Warning: Can't find file '/Game/Blueprints/BasicInventory/BP_InventoryActor'
[2017.05.08-22.24.26:518][595]LogLinker:Warning: Can't find file for asset '/Game/Blueprints/BasicInventory/BP_InventoryActor' while loading NULL.
[2017.05.08-22.24.26:518][595]LogLinker:Warning: Can't find file '/Game/Blueprints/BasicInventory/BP_UsableActor'
[2017.05.08-22.24.26:518][595]LogLinker:Warning: Can't find file for asset '/Game/Blueprints/BasicInventory/BP_UsableActor' while loading NULL.
[2017.05.08-22.24.26:518][595]LogLinker:Warning: Can't find file '/Game/Blueprints/BasicInventory/BP_FoodInventory'
[2017.05.08-22.24.26:518][595]LogLinker:Warning: Can't find file for asset '/Game/Blueprints/BasicInventory/BP_FoodInventory' while loading NULL.
[2017.05.08-22.24.26:519][595]LogLinker:Warning: Can't find file '/Game/Blueprints/BasicInventory/BP_InventoryActor'
[2017.05.08-22.24.26:519][595]LogLinker:Warning: Can't find file for asset '/Game/Blueprints/BasicInventory/BP_InventoryActor' while loading NULL.
[2017.05.08-22.24.26:519][595]LogLinker:Warning: Can't find file '/Game/Blueprints/BasicInventory/BP_UsableActor'
[2017.05.08-22.24.26:519][595]LogLinker:Warning: Can't find file for asset '/Game/Blueprints/BasicInventory/BP_UsableActor' while loading NULL.
[2017.05.08-22.24.26:519][595]LogLinker:Warning: Can't find file '/Game/Blueprints/BasicInventory/BP_InventoryActor'
[2017.05.08-22.24.26:519][595]LogLinker:Warning: Can't find file for asset '/Game/Blueprints/BasicInventory/BP_InventoryActor' while loading NULL.
[2017.05.08-22.24.26:519][595]LogLinker:Warning: Can't find file '/Game/Blueprints/BasicInventory/BP_FoodInventory'
[2017.05.08-22.24.26:519][595]LogLinker:Warning: Can't find file for asset '/Game/Blueprints/BasicInventory/BP_FoodInventory' while loading NULL.
[2017.05.08-22.24.26:519][595]LogLinker:Warning: Can't find file '/Game/Blueprints/BasicInventory/BP_FoodInventory'
[2017.05.08-22.24.26:519][595]LogLinker:Warning: Can't find file for asset '/Game/Blueprints/BasicInventory/BP_FoodInventory' while loading NULL.
[2017.05.08-22.24.26:519][595]LogLinker:Warning: Can't find file '/Game/Blueprints/BasicInventory/BP_InventoryActor'
[2017.05.08-22.24.26:520][595]LogLinker:Warning: Can't find file for asset '/Game/Blueprints/BasicInventory/BP_InventoryActor' while loading NULL.
[2017.05.08-22.24.26:520][595]LogLinker:Warning: Can't find file '/Game/Blueprints/BasicInventory/BP_UsableActor'
[2017.05.08-22.24.26:520][595]LogLinker:Warning: Can't find file for asset '/Game/Blueprints/BasicInventory/BP_UsableActor' while loading NULL.
[2017.05.08-22.24.26:520][595]LogLinker:Warning: Can't find file '/Game/Blueprints/BasicInventory/BP_UsableActor'
[2017.05.08-22.24.26:521][595]LoadErrors: Info Failed to load /Game/Blueprints/BasicInventory/BP_UsableActor.BP_UsableActor_C Referenced by BP_BasicInventoryCharacter
[2017.05.08-22.24.26:521][595]LogLinker:Warning: Can't find file for asset '/Game/Blueprints/BasicInventory/BP_UsableActor' while loading NULL.
[2017.05.08-22.24.26:521][595]LogLinker:Warning: Can't find file '/Game/Blueprints/BasicInventory/BP_InventoryActor'
[2017.05.08-22.24.26:521][595]LoadErrors: Info Failed to load /Game/Blueprints/BasicInventory/BP_InventoryActor.BP_InventoryActor_C Referenced by BP_BasicInventoryCharacter
[2017.05.08-22.24.26:521][595]LogLinker:Warning: Can't find file for asset '/Game/Blueprints/BasicInventory/BP_InventoryActor' while loading NULL.
[2017.05.08-22.24.26:534][595]LogLinker:Warning: Can't find file '/Game/Blueprints/BasicInventory/BP_UsableActor'
[2017.05.08-22.24.26:534][595]LoadErrors: Info Failed to load /Game/Blueprints/BasicInventory/BP_UsableActor.BP_UsableActor_C Referenced by EdGraphPin_24540
[2017.05.08-22.24.26:534][595]LogLinker:Warning: Can't find file for asset '/Game/Blueprints/BasicInventory/BP_UsableActor' while loading NULL.
[2017.05.08-22.24.26:535][595]LogLinker:Warning: Can't find file '/Game/Blueprints/BasicInventory/BP_UsableActor'
[2017.05.08-22.24.26:535][595]LoadErrors: Info Failed to load /Game/Blueprints/BasicInventory/BP_UsableActor.BP_UsableActor_C Referenced by EdGraphPin_24545
[2017.05.08-22.24.26:535][595]LogLinker:Warning: Can't find file for asset '/Game/Blueprints/BasicInventory/BP_UsableActor' while loading NULL.
[2017.05.08-22.24.26:535][595]LogLinker:Warning: Can't find file '/Game/Blueprints/BasicInventory/BP_UsableActor'
[2017.05.08-22.24.26:535][595]LoadErrors: Info Failed to load /Game/Blueprints/BasicInventory/BP_UsableActor.BP_UsableActor_C Referenced by EdGraphPin_24550
[2017.05.08-22.24.26:535][595]LogLinker:Warning: Can't find file for asset '/Game/Blueprints/BasicInventory/BP_UsableActor' while loading NULL.
[2017.05.08-22.24.26:536][595]LogLinker:Warning: Can't find file '/Game/Blueprints/BasicInventory/BP_UsableActor'
[2017.05.08-22.24.26:536][595]LoadErrors: Info Failed to load /Game/Blueprints/BasicInventory/BP_UsableActor.BP_UsableActor_C Referenced by EdGraphPin_24557
[2017.05.08-22.24.26:536][595]LogLinker:Warning: Can't find file for asset '/Game/Blueprints/BasicInventory/BP_UsableActor' while loading NULL.
[2017.05.08-22.24.26:536][595]LogLinker:Warning: Can't find file '/Game/Blueprints/BasicInventory/BP_UsableActor'
[2017.05.08-22.24.26:536][595]LoadErrors: Info Failed to load /Game/Blueprints/BasicInventory/BP_UsableActor.BP_UsableActor_C Referenced by EdGraphPin_24558
[2017.05.08-22.24.26:536][595]LogLinker:Warning: Can't find file for asset '/Game/Blueprints/BasicInventory/BP_UsableActor' while loading NULL.
[2017.05.08-22.24.26:537][595]LogLinker:Warning: Can't find file '/Game/Blueprints/BasicInventory/BP_UsableActor'
[2017.05.08-22.24.26:537][595]LoadErrors: Info Failed to load /Game/Blueprints/BasicInventory/BP_UsableActor.BP_UsableActor_C Referenced by EdGraphPin_24567
[2017.05.08-22.24.26:537][595]LogLinker:Warning: Can't find file for asset '/Game/Blueprints/BasicInventory/BP_UsableActor' while loading NULL.
[2017.05.08-22.24.26:538][595]LogLinker:Warning: Can't find file '/Game/Blueprints/BasicInventory/BP_UsableActor'
[2017.05.08-22.24.26:538][595]LoadErrors: Info Failed to load /Game/Blueprints/BasicInventory/BP_UsableActor.BP_UsableActor_C Referenced by K2Node_CallFunction_29906
[2017.05.08-22.24.26:538][595]LogLinker:Warning: Can't find file for asset '/Game/Blueprints/BasicInventory/BP_UsableActor' while loading NULL.
[2017.05.08-22.24.26:538][595]LogLinker:Warning: Can't find file '/Game/Blueprints/BasicInventory/BP_UsableActor'
[2017.05.08-22.24.26:538][595]LoadErrors: Info Failed to load /Game/Blueprints/BasicInventory/BP_UsableActor.BP_UsableActor_C Referenced by EdGraphPin_25986
[2017.05.08-22.24.26:538][595]LogLinker:Warning: Can't find file for asset '/Game/Blueprints/BasicInventory/BP_UsableActor' while loading NULL.
[2017.05.08-22.24.26:538][595]LogLinker:Warning: Can't find file '/Game/Blueprints/BasicInventory/BP_UsableActor'
[2017.05.08-22.24.26:539][595]LoadErrors: Info Failed to load /Game/Blueprints/BasicInventory/BP_UsableActor.BP_UsableActor_C Referenced by K2Node_CallFunction_30513
[2017.05.08-22.24.26:539][595]LogLinker:Warning: Can't find file for asset '/Game/Blueprints/BasicInventory/BP_UsableActor' while loading NULL.
[2017.05.08-22.24.26:539][595]LogLinker:Warning: Can't find file '/Game/Blueprints/BasicInventory/BP_UsableActor'
[2017.05.08-22.24.26:539][595]LoadErrors: Info Failed to load /Game/Blueprints/BasicInventory/BP_UsableActor.BP_UsableActor_C Referenced by EdGraphPin_25998
[2017.05.08-22.24.26:539][595]LogLinker:Warning: Can't find file for asset '/Game/Blueprints/BasicInventory/BP_UsableActor' while loading NULL.
[2017.05.08-22.24.26:540][595]LogLinker:Warning: Can't find file '/Game/Blueprints/BasicInventory/BP_UsableActor'
[2017.05.08-22.24.26:540][595]LoadErrors: Info Failed to load /Game/Blueprints/BasicInventory/BP_UsableActor.BP_UsableActor_C Referenced by EdGraphPin_24620
[2017.05.08-22.24.26:540][595]LogLinker:Warning: Can't find file for asset '/Game/Blueprints/BasicInventory/BP_UsableActor' while loading NULL.
[2017.05.08-22.24.26:540][595]LogLinker:Warning: Can't find file '/Game/Blueprints/BasicInventory/BP_UsableActor'
[2017.05.08-22.24.26:540][595]LoadErrors: Info Failed to load /Game/Blueprints/BasicInventory/BP_UsableActor.BP_UsableActor_C Referenced by EdGraphPin_24632
[2017.05.08-22.24.26:540][595]LogLinker:Warning: Can't find file for asset '/Game/Blueprints/BasicInventory/BP_UsableActor' while loading NULL.
[2017.05.08-22.24.26:541][595]LogLinker:Warning: Can't find file '/Game/Blueprints/BasicInventory/BP_UsableActor'
[2017.05.08-22.24.26:541][595]LoadErrors: Info Failed to load /Game/Blueprints/BasicInventory/BP_UsableActor.BP_UsableActor_C Referenced by K2Node_CallFunction_34318
[2017.05.08-22.24.26:541][595]LogLinker:Warning: Can't find file for asset '/Game/Blueprints/BasicInventory/BP_UsableActor' while loading NULL.
[2017.05.08-22.24.26:541][595]LogLinker:Warning: Can't find file '/Game/Blueprints/BasicInventory/BP_UsableActor'
[2017.05.08-22.24.26:541][595]LoadErrors: Info Failed to load /Game/Blueprints/BasicInventory/BP_UsableActor.BP_UsableActor_C Referenced by EdGraphPin_26010
[2017.05.08-22.24.26:541][595]LogLinker:Warning: Can't find file for asset '/Game/Blueprints/BasicInventory/BP_UsableActor' while loading NULL.
[2017.05.08-22.24.26:545][595]LogLinker:Warning: Can't find file '/Game/Blueprints/BasicInventory/BP_InventoryActor'
[2017.05.08-22.24.26:545][595]LoadErrors: Info Failed to load /Game/Blueprints/BasicInventory/BP_InventoryActor.BP_InventoryActor_C Referenced by EdGraphPin_24677
[2017.05.08-22.24.26:545][595]LogLinker:Warning: Can't find file for asset '/Game/Blueprints/BasicInventory/BP_InventoryActor' while loading NULL.
[2017.05.08-22.24.26:546][595]LogLinker:Warning: Can't find file '/Game/Blueprints/BasicInventory/BP_InventoryActor'
[2017.05.08-22.24.26:546][595]LoadErrors: Info Failed to load /Game/Blueprints/BasicInventory/BP_InventoryActor.BP_InventoryActor_C Referenced by EdGraphPin_26075
[2017.05.08-22.24.26:546][595]LogLinker:Warning: Can't find file for asset '/Game/Blueprints/BasicInventory/BP_InventoryActor' while loading NULL.
[2017.05.08-22.24.26:547][595]LogLinker:Warning: Can't find file '/Game/Blueprints/BasicInventory/BP_InventoryActor'
[2017.05.08-22.24.26:547][595]LoadErrors: Info Failed to load /Game/Blueprints/BasicInventory/BP_InventoryActor.BP_InventoryActor_C Referenced by EdGraphPin_24764
[2017.05.08-22.24.26:547][595]LogLinker:Warning: Can't find file for asset '/Game/Blueprints/BasicInventory/BP_InventoryActor' while loading NULL.
[2017.05.08-22.24.26:548][595]LogLinker:Warning: Can't find file '/Game/Blueprints/BasicInventory/BP_InventoryActor'
[2017.05.08-22.24.26:548][595]LoadErrors: Info Failed to load /Game/Blueprints/BasicInventory/BP_InventoryActor.BP_InventoryActor_C Referenced by EdGraphPin_26084
[2017.05.08-22.24.26:548][595]LogLinker:Warning: Can't find file for asset '/Game/Blueprints/BasicInventory/BP_InventoryActor' while loading NULL.
[2017.05.08-22.24.26:548][595]LogLinker:Warning: Can't find file '/Game/Blueprints/BasicInventory/BP_InventoryActor'
[2017.05.08-22.24.26:548][595]LoadErrors: Info Failed to load /Game/Blueprints/BasicInventory/BP_InventoryActor.BP_InventoryActor_C Referenced by EdGraphPin_26086
[2017.05.08-22.24.26:548][595]LogLinker:Warning: Can't find file for asset '/Game/Blueprints/BasicInventory/BP_InventoryActor' while loading NULL.
[2017.05.08-22.24.26:549][595]LogLinker:Warning: Can't find file '/Game/Blueprints/BasicInventory/BP_InventoryActor'
[2017.05.08-22.24.26:549][595]LoadErrors: Info Failed to load /Game/Blueprints/BasicInventory/BP_InventoryActor.BP_InventoryActor_C Referenced by K2Node_CallFunction_241586
[2017.05.08-22.24.26:549][595]LogLinker:Warning: Can't find file for asset '/Game/Blueprints/BasicInventory/BP_InventoryActor' while loading NULL.
[2017.05.08-22.24.26:549][595]LogLinker:Warning: Can't find file '/Game/Blueprints/BasicInventory/BP_InventoryActor'
[2017.05.08-22.24.26:549][595]LoadErrors: Info Failed to load /Game/Blueprints/BasicInventory/BP_InventoryActor.BP_InventoryActor_C Referenced by EdGraphPin_26097
[2017.05.08-22.24.26:549][595]LogLinker:Warning: Can't find file for asset '/Game/Blueprints/BasicInventory/BP_InventoryActor' while loading NULL.
[2017.05.08-22.24.26:553][595]LogLinker:Warning: Can't find file '/Game/Blueprints/BasicInventory/BP_UsableActor'
[2017.05.08-22.24.26:553][595]LoadErrors: Info Failed to load /Game/Blueprints/BasicInventory/BP_UsableActor.BP_UsableActor_C Referenced by EdGraphPin_23505
[2017.05.08-22.24.26:553][595]LogLinker:Warning: Can't find file for asset '/Game/Blueprints/BasicInventory/BP_UsableActor' while loading NULL.
[2017.05.08-22.24.26:553][595]LogLinker:Warning: Can't find file '/Game/Blueprints/BasicInventory/BP_UsableActor'
[2017.05.08-22.24.26:554][595]LoadErrors: Info Failed to load /Game/Blueprints/BasicInventory/BP_UsableActor.BP_UsableActor_C Referenced by K2Node_FunctionResult_0
[2017.05.08-22.24.26:554][595]LogLinker:Warning: Can't find file for asset '/Game/Blueprints/BasicInventory/BP_UsableActor' while loading NULL.
[2017.05.08-22.24.26:554][595]LogLinker:Warning: Can't find file '/Game/Blueprints/BasicInventory/BP_UsableActor'
[2017.05.08-22.24.26:554][595]LoadErrors: Info Failed to load /Game/Blueprints/BasicInventory/BP_UsableActor.BP_UsableActor_C Referenced by K2Node_DynamicCast_134
[2017.05.08-22.24.26:554][595]LogLinker:Warning: Can't find file for asset '/Game/Blueprints/BasicInventory/BP_UsableActor' while loading NULL.
[2017.05.08-22.24.26:554][595]LogLinker:Warning: Can't find file '/Game/Blueprints/BasicInventory/BP_UsableActor'
[2017.05.08-22.24.26:555][595]LoadErrors: Info Failed to load /Game/Blueprints/BasicInventory/BP_UsableActor.BP_UsableActor_C Referenced by EdGraphPin_25385
[2017.05.08-22.24.26:555][595]LogLinker:Warning: Can't find file for asset '/Game/Blueprints/BasicInventory/BP_UsableActor' while loading NULL.
[2017.05.08-22.24.26:557][595]LogLinker:Warning: Can't find file '/Game/Blueprints/BasicInventory/BP_FoodInventory'
[2017.05.08-22.24.26:557][595]LoadErrors: Info Failed to load /Game/Blueprints/BasicInventory/BP_FoodInventory.BP_FoodInventory_C Referenced by EdGraphPin_23548
[2017.05.08-22.24.26:557][595]LogLinker:Warning: Can't find file for asset '/Game/Blueprints/BasicInventory/BP_FoodInventory' while loading NULL.
[2017.05.08-22.24.26:558][595]LogLinker:Warning: Can't find file '/Game/Blueprints/BasicInventory/BP_FoodInventory'
[2017.05.08-22.24.26:558][595]LoadErrors: Info Failed to load /Game/Blueprints/BasicInventory/BP_FoodInventory.BP_FoodInventory_C Referenced by K2Node_FunctionEntry_508
[2017.05.08-22.24.26:558][595]LogLinker:Warning: Can't find file for asset '/Game/Blueprints/BasicInventory/BP_FoodInventory' while loading NULL.
[2017.05.08-22.24.26:559][595]LogLinker:Warning: Can't find file '/Game/Blueprints/BasicInventory/BP_FoodInventory'
[2017.05.08-22.24.26:559][595]LoadErrors: Info Failed to load /Game/Blueprints/BasicInventory/BP_FoodInventory.BP_FoodInventory_C Referenced by K2Node_VariableGet_1363
[2017.05.08-22.24.26:560][595]LogLinker:Warning: Can't find file for asset '/Game/Blueprints/BasicInventory/BP_FoodInventory' while loading NULL.
[2017.05.08-22.24.26:560][595]LogLinker:Warning: Can't find file '/Game/Blueprints/BasicInventory/BP_FoodInventory'
[2017.05.08-22.24.26:560][595]LoadErrors: Info Failed to load /Game/Blueprints/BasicInventory/BP_FoodInventory.BP_FoodInventory_C Referenced by EdGraphPin_29638
[2017.05.08-22.24.26:560][595]LogLinker:Warning: Can't find file for asset '/Game/Blueprints/BasicInventory/BP_FoodInventory' while loading NULL.
[2017.05.08-22.24.26:561][595]LogLinker:Warning: Can't find file '/Game/Blueprints/BasicInventory/BP_InventoryActor'
[2017.05.08-22.24.26:561][595]LoadErrors: Info Failed to load /Game/Blueprints/BasicInventory/BP_InventoryActor.BP_InventoryActor_C Referenced by EdGraphPin_25471
[2017.05.08-22.24.26:561][595]LogLinker:Warning: Can't find file for asset '/Game/Blueprints/BasicInventory/BP_InventoryActor' while loading NULL.
[2017.05.08-22.24.26:561][595]LogLinker:Warning: Can't find file '/Game/Blueprints/BasicInventory/BP_InventoryActor'
[2017.05.08-22.24.26:561][595]LoadErrors: Info Failed to load /Game/Blueprints/BasicInventory/BP_InventoryActor.BP_InventoryActor_C Referenced by EdGraphPin_25472
[2017.05.08-22.24.26:561][595]LogLinker:Warning: Can't find file for asset '/Game/Blueprints/BasicInventory/BP_InventoryActor' while loading NULL.
[2017.05.08-22.24.26:562][595]LogLinker:Warning: Can't find file '/Game/Blueprints/BasicInventory/BP_InventoryActor'
[2017.05.08-22.24.26:562][595]LoadErrors: Info Failed to load /Game/Blueprints/BasicInventory/BP_InventoryActor.BP_InventoryActor_C Referenced by EdGraphPin_23802
[2017.05.08-22.24.26:562][595]LogLinker:Warning: Can't find file for asset '/Game/Blueprints/BasicInventory/BP_InventoryActor' while loading NULL.
[2017.05.08-22.24.26:565][595]LogLinker:Warning: Can't find file '/Game/Blueprints/BasicInventory/BP_InventoryActor'
[2017.05.08-22.24.26:565][595]LoadErrors: Info Failed to load /Game/Blueprints/BasicInventory/BP_InventoryActor.BP_InventoryActor_C Referenced by EdGraphPin_23915
[2017.05.08-22.24.26:565][595]LogLinker:Warning: Can't find file for asset '/Game/Blueprints/BasicInventory/BP_InventoryActor' while loading NULL.
[2017.05.08-22.24.26:566][595]LogLinker:Warning: Can't find file '/Game/Blueprints/BasicInventory/BP_InventoryActor'
[2017.05.08-22.24.26:566][595]LoadErrors: Info Failed to load /Game/Blueprints/BasicInventory/BP_InventoryActor.BP_InventoryActor_C Referenced by EdGraphPin_25554
[2017.05.08-22.24.26:566][595]LogLinker:Warning: Can't find file for asset '/Game/Blueprints/BasicInventory/BP_InventoryActor' while loading NULL.
[2017.05.08-22.24.26:566][595]LogLinker:Warning: Can't find file '/Game/Blueprints/BasicInventory/BP_InventoryActor'
[2017.05.08-22.24.26:567][595]LoadErrors: Info Failed to load /Game/Blueprints/BasicInventory/BP_InventoryActor.BP_InventoryActor_C Referenced by EdGraphPin_25555
[2017.05.08-22.24.26:567][595]LogLinker:Warning: Can't find file for asset '/Game/Blueprints/BasicInventory/BP_InventoryActor' while loading NULL.
[2017.05.08-22.24.26:567][595]LogLinker:Warning: Can't find file '/Game/Blueprints/BasicInventory/BP_InventoryActor'
[2017.05.08-22.24.26:567][595]LoadErrors: Info Failed to load /Game/Blueprints/BasicInventory/BP_InventoryActor.BP_InventoryActor_C Referenced by K2Node_DynamicCast_643
[2017.05.08-22.24.26:567][595]LogLinker:Warning: Can't find file for asset '/Game/Blueprints/BasicInventory/BP_InventoryActor' while loading NULL.
[2017.05.08-22.24.26:568][595]LogLinker:Warning: Can't find file '/Game/Blueprints/BasicInventory/BP_InventoryActor'
[2017.05.08-22.24.26:568][595]LoadErrors: Info Failed to load /Game/Blueprints/BasicInventory/BP_InventoryActor.BP_InventoryActor_C Referenced by EdGraphPin_25573
[2017.05.08-22.24.26:568][595]LogLinker:Warning: Can't find file for asset '/Game/Blueprints/BasicInventory/BP_InventoryActor' while loading NULL.
[2017.05.08-22.24.26:571][595]LogLinker:Warning: Can't find file '/Game/Blueprints/BasicInventory/BP_InventoryActor'
[2017.05.08-22.24.26:571][595]LoadErrors: Info Failed to load /Game/Blueprints/BasicInventory/BP_InventoryActor.BP_InventoryActor_C Referenced by EdGraphPin_23823
[2017.05.08-22.24.26:571][595]LogLinker:Warning: Can't find file for asset '/Game/Blueprints/BasicInventory/BP_InventoryActor' while loading NULL.
[2017.05.08-22.24.26:571][595]LogLinker:Warning: Can't find file '/Game/Blueprints/BasicInventory/BP_InventoryActor'
[2017.05.08-22.24.26:572][595]LoadErrors: Info Failed to load /Game/Blueprints/BasicInventory/BP_InventoryActor.BP_InventoryActor_C Referenced by EdGraphPin_25626
[2017.05.08-22.24.26:572][595]LogLinker:Warning: Can't find file for asset '/Game/Blueprints/BasicInventory/BP_InventoryActor' while loading NULL.
[2017.05.08-22.24.26:572][595]LogLinker:Warning: Can't find file '/Game/Blueprints/BasicInventory/BP_InventoryActor'
[2017.05.08-22.24.26:572][595]LoadErrors: Info Failed to load /Game/Blueprints/BasicInventory/BP_InventoryActor.BP_InventoryActor_C Referenced by EdGraphPin_25628
[2017.05.08-22.24.26:572][595]LogLinker:Warning: Can't find file for asset '/Game/Blueprints/BasicInventory/BP_InventoryActor' while loading NULL.
[2017.05.08-22.24.26:573][595]LogLinker:Warning: Can't find file '/Game/Blueprints/BasicInventory/BP_InventoryActor'
[2017.05.08-22.24.26:573][595]LoadErrors: Info Failed to load /Game/Blueprints/BasicInventory/BP_InventoryActor.BP_InventoryActor_C Referenced by K2Node_VariableGet_515
[2017.05.08-22.24.26:573][595]LogLinker:Warning: Can't find file for asset '/Game/Blueprints/BasicInventory/BP_InventoryActor' while loading NULL.
[2017.05.08-22.24.26:573][595]LogLinker:Warning: Can't find file '/Game/Blueprints/BasicInventory/BP_InventoryActor'
[2017.05.08-22.24.26:573][595]LoadErrors: Info Failed to load /Game/Blueprints/BasicInventory/BP_InventoryActor.BP_InventoryActor_C Referenced by EdGraphPin_25638
[2017.05.08-22.24.26:573][595]LogLinker:Warning: Can't find file for asset '/Game/Blueprints/BasicInventory/BP_InventoryActor' while loading NULL.
[2017.05.08-22.24.26:575][595]LogLinker:Warning: Can't find file '/Game/Blueprints/BasicInventory/BP_InventoryActor'
[2017.05.08-22.24.26:576][595]LoadErrors: Info Failed to load /Game/Blueprints/BasicInventory/BP_InventoryActor.BP_InventoryActor_C Referenced by EdGraphPin_23944
[2017.05.08-22.24.26:576][595]LogLinker:Warning: Can't find file for asset '/Game/Blueprints/BasicInventory/BP_InventoryActor' while loading NULL.
[2017.05.08-22.24.26:576][595]LogLinker:Warning: Can't find file '/Game/Blueprints/BasicInventory/BP_InventoryActor'
[2017.05.08-22.24.26:577][595]LoadErrors: Info Failed to load /Game/Blueprints/BasicInventory/BP_InventoryActor.BP_InventoryActor_C Referenced by EdGraphPin_25708
[2017.05.08-22.24.26:577][595]LogLinker:Warning: Can't find file for asset '/Game/Blueprints/BasicInventory/BP_InventoryActor' while loading NULL.
[2017.05.08-22.24.26:578][595]LogLinker:Warning: Can't find file '/Game/Blueprints/BasicInventory/BP_InventoryActor'
[2017.05.08-22.24.26:578][595]LoadErrors: Info Failed to load /Game/Blueprints/BasicInventory/BP_InventoryActor.BP_InventoryActor_C Referenced by EdGraphPin_25721
[2017.05.08-22.24.26:578][595]LogLinker:Warning: Can't find file for asset '/Game/Blueprints/BasicInventory/BP_InventoryActor' while loading NULL.
[2017.05.08-22.24.26:579][595]LogLinker:Warning: Can't find file '/Game/Blueprints/BasicInventory/BP_InventoryActor'
[2017.05.08-22.24.26:579][595]LoadErrors: Info Failed to load /Game/Blueprints/BasicInventory/BP_InventoryActor.BP_InventoryActor_C Referenced by EdGraphPin_25751
[2017.05.08-22.24.26:579][595]LogLinker:Warning: Can't find file for asset '/Game/Blueprints/BasicInventory/BP_InventoryActor' while loading NULL.
[2017.05.08-22.24.26:580][595]LogLinker:Warning: Can't find file '/Game/Blueprints/BasicInventory/BP_InventoryActor'
[2017.05.08-22.24.26:580][595]LoadErrors: Info Failed to load /Game/Blueprints/BasicInventory/BP_InventoryActor.BP_InventoryActor_C Referenced by EdGraphPin_25753
[2017.05.08-22.24.26:580][595]LogLinker:Warning: Can't find file for asset '/Game/Blueprints/BasicInventory/BP_InventoryActor' while loading NULL.
[2017.05.08-22.24.26:581][595]LogLinker:Warning: Can't find file '/Game/Blueprints/BasicInventory/BP_InventoryActor'
[2017.05.08-22.24.26:582][595]LoadErrors: Info Failed to load /Game/Blueprints/BasicInventory/BP_InventoryActor.BP_InventoryActor_C Referenced by EdGraphPin_24068
[2017.05.08-22.24.26:582][595]LogLinker:Warning: Can't find file for asset '/Game/Blueprints/BasicInventory/BP_InventoryActor' while loading NULL.
[2017.05.08-22.24.26:582][595]LogLinker:Warning: Can't find file '/Game/Blueprints/BasicInventory/BP_InventoryActor'
[2017.05.08-22.24.26:582][595]LoadErrors: Info Failed to load /Game/Blueprints/BasicInventory/BP_InventoryActor.BP_InventoryActor_C Referenced by EdGraphPin_25778
[2017.05.08-22.24.26:582][595]LogLinker:Warning: Can't find file for asset '/Game/Blueprints/BasicInventory/BP_InventoryActor' while loading NULL.
[2017.05.08-22.24.26:608][595]LogBlueprint:Warning: [BP_BasicInventoryCharacter] 'HungerDecrease' variable not found. Base class was probably changed.
[2017.05.08-22.24.26:609][595]LogBlueprint:Warning: [BP_BasicInventoryCharacter] 'PickupClass' variable not found. Base class was probably changed.
[2017.05.08-22.24.26:628][595]LogBlueprint:Error: [Compiler BP_BasicInventoryCharacter] Error Could not find a function named "Use" in 'BP_BasicInventoryCharacter'.
Make sure 'BP_BasicInventoryCharacter' has been compiled for  Use
[2017.05.08-22.24.26:628][595]LogBlueprint:Warning: [Compiler BP_BasicInventoryCharacter] Warning InputAction Event references unknown Action 'UseInventoryItem' for  InputAction UseInventoryItem
[2017.05.08-22.24.26:630][595]LogBlueprint:Error: [Compiler BP_BasicInventoryCharacter] Error Can't connect pins  Target  and  Usable Actor : Reference is not compatible with Object Reference.
[2017.05.08-22.24.26:630][595]LogBlueprint:Error: [Compiler BP_BasicInventoryCharacter] Error Could not find a function named "OnUsed" in 'BP_BasicInventoryCharacter'.
Make sure 'BP_BasicInventoryCharacter' has been compiled for  On Used
[2017.05.08-22.24.26:630][595]LogBlueprint:Error: [Compiler BP_BasicInventoryCharacter] Error Can't connect pins  Usable Actor  and  Target : Object Reference is not compatible with Reference.
[2017.05.08-22.24.26:630][595]LogBlueprint:Error: [Compiler BP_BasicInventoryCharacter] Error Could not find a function named "EndFocus" in 'BP_BasicInventoryCharacter'.
Make sure 'BP_BasicInventoryCharacter' has been compiled for  End Focus
[2017.05.08-22.24.26:630][595]LogBlueprint:Error: [Compiler BP_BasicInventoryCharacter] Error Could not find a function named "BeginFocus" in 'BP_BasicInventoryCharacter'.
Make sure 'BP_BasicInventoryCharacter' has been compiled for  Begin Focus
[2017.05.08-22.24.26:630][595]LogBlueprint:Warning: [Compiler BP_BasicInventoryCharacter] Warning Input Axis Event references unknown Axis 'Turn' for  InputAxis Turn
[2017.05.08-22.24.26:630][595]LogBlueprint:Warning: [Compiler BP_BasicInventoryCharacter] Warning Input Axis Event references unknown Axis 'LookUp' for  InputAxis LookUp
[2017.05.08-22.24.26:630][595]LogBlueprint:Warning: [Compiler BP_BasicInventoryCharacter] Warning Input Axis Event references unknown Axis 'MoveForward' for  InputAxis MoveForward
[2017.05.08-22.24.26:631][595]LogBlueprint:Warning: [Compiler BP_BasicInventoryCharacter] Warning Input Axis Event references unknown Axis 'MoveRight' for  InputAxis MoveRight
[2017.05.08-22.24.26:631][595]LogBlueprint:Warning: [Compiler BP_BasicInventoryCharacter] Warning Input Axis Event references unknown Axis 'LookUpRate' for  InputAxis LookUpRate
[2017.05.08-22.24.26:631][595]LogBlueprint:Warning: [Compiler BP_BasicInventoryCharacter] Warning Input Axis Event references unknown Axis 'TurnRate' for  InputAxis TurnRate
[2017.05.08-22.24.26:633][595]LogBlueprint:Warning: [Compiler BP_BasicInventoryCharacter] Warning Can't connect pins  Hit Actor  and  Object : This cast has an invalid target type (was the class deleted without a redirect?).
[2017.05.08-22.24.26:633][595]LogBlueprint:Warning: [Compiler BP_BasicInventoryCharacter] Warning Can't connect pins  Object  and  Hit Actor : This cast has an invalid target type (was the class deleted without a redirect?).
[2017.05.08-22.24.26:635][595]LogBlueprint:Warning: [Compiler BP_BasicInventoryCharacter] Warning Could not find a variable named "HungerDecrease" in 'BP_BasicInventoryCharacter'.
Make sure 'BP_BasicInventoryCharacter' has been compiled for  Get HungerDecrease
[2017.05.08-22.24.26:636][595]LogBlueprint:Error: [Compiler BP_BasicInventoryCharacter] Error COMPILER ERROR: failed building connection with 'This cast has an invalid target type (was the class deleted without a redirect?).' at  SpawnActor
[2017.05.08-22.24.26:638][595]LogBlueprint:Warning: [Compiler BP_BasicInventoryCharacter] Warning Could not find a variable named "PickupClass" in 'BP_BasicInventoryCharacter'.
Make sure 'BP_BasicInventoryCharacter' has been compiled for  Get PickupClass
[2017.05.08-22.24.26:639][595]LogBlueprint:Error: [Compiler BP_BasicInventoryCharacter] Error This blueprint (self) is not compatible with ' Target ', therefore that pin must have a connection.
[2017.05.08-22.24.26:639][595]LogBlueprint:Error: [Compiler BP_BasicInventoryCharacter] Error This blueprint (self) is not compatible with ' Target ', therefore that pin must have a connection.
[2017.05.08-22.24.26:639][595]LogBlueprint:Error: [Compiler BP_BasicInventoryCharacter] Error The type of  Target Array  is undetermined.  Connect something to  Length  to imply a specific type.
[2017.05.08-22.24.26:640][595]LogBlueprint:Error: [Compiler BP_BasicInventoryCharacter] Error The current value of the ' Target Array ' pin is invalid: Array inputs (like 'Target Array') must have an input wired into them (try connecting a MakeArray node).
[2017.05.08-22.24.26:640][595]LogBlueprint:Error: [Compiler BP_BasicInventoryCharacter] Error The current value of the ' Target Array ' pin is invalid: Array inputs (like 'Target Array') must have an input wired into them (try connecting a MakeArray node).
[2017.05.08-22.24.26:641][595]LogBlueprint:Error: [Compiler BP_BasicInventoryCharacter] Error Default value '' for  Usable Actor  is invalid: 'PinSubCategoryObject on pin 'UsableActor' is NULL and PinSubCategory is '' not 'self''
[2017.05.08-22.24.26:642][595]LogBlueprint:Error: [Compiler BP_BasicInventoryCharacter] Error The property associated with  Hunger Decrease  could not be found
[2017.05.08-22.24.26:642][595]LogBlueprint:Error: [Compiler BP_BasicInventoryCharacter] Error The current value of the ' Target Array ' pin is invalid: Array inputs (like 'Target Array') must have an input wired into them (try connecting a MakeArray node).
[2017.05.08-22.24.26:642][595]LogBlueprint:Error: [Compiler BP_BasicInventoryCharacter] Error The current value of the ' Target Array ' pin is invalid: Array inputs (like 'Target Array') must have an input wired into them (try connecting a MakeArray node).
[2017.05.08-22.24.26:643][595]LogBlueprint:Error: [Compiler BP_BasicInventoryCharacter] Error The type of  Target Array  is undetermined.  Connect something to  Remove Index  to imply a specific type.
[2017.05.08-22.24.26:643][595]LogBlueprint:Error: [Compiler BP_BasicInventoryCharacter] Error The type of  Target Array  is undetermined.  Connect something to  Length  to imply a specific type.
[2017.05.08-22.24.26:643][595]LogBlueprint:Error: [Compiler BP_BasicInventoryCharacter] Error The current value of the ' Target Array ' pin is invalid: Array inputs (like 'Target Array') must have an input wired into them (try connecting a MakeArray node).
[2017.05.08-22.24.26:643][595]LogBlueprint:Error: [Compiler BP_BasicInventoryCharacter] Error The current value of the ' Target Array ' pin is invalid: Array inputs (like 'Target Array') must have an input wired into them (try connecting a MakeArray node).
[2017.05.08-22.24.26:643][595]LogBlueprint:Error: [Compiler BP_BasicInventoryCharacter] Error The property associated with  Pickup Class  could not be found
[2017.05.08-22.24.26:643][595]LogBlueprint:Error: [Compiler BP_BasicInventoryCharacter] Error The current value of the ' Target Array ' pin is invalid: Array inputs (like 'Target Array') must have an input wired into them (try connecting a MakeArray node).
[2017.05.08-22.24.26:643][595]LogBlueprint:Error: [Compiler BP_BasicInventoryCharacter] Error The current value of the ' Target Array ' pin is invalid: Array inputs (like 'Target Array') must have an input wired into them (try connecting a MakeArray node).
[2017.05.08-22.24.26:643][595]LogBlueprint:Error: [Compiler BP_BasicInventoryCharacter] Error The type of  Target Array  is undetermined.  Connect something to  Length  to imply a specific type.
[2017.05.08-22.24.26:644][595]LogBlueprint:Error: [Compiler BP_BasicInventoryCharacter] Error The current value of the ' Target Array ' pin is invalid: Array inputs (like 'Target Array') must have an input wired into them (try connecting a MakeArray node).
[2017.05.08-22.24.26:692][595]LogBlueprint:Warning: [Compiler BP_BasicInventoryCharacter] Warning [0031.87] Compile of BP_BasicInventoryCharacter failed. 25 Fatal Issue(s) 11 Warning(s) [in 79 ms] (/Game/XaviersShit/BP_BasicInventoryCharacter.BP_BasicInventoryCharacter)
[2017.05.08-22.24.26:692][595]LogBlueprint:Warning: [Compiler BP_BasicInventoryCharacter] Warning [0031.87] Compile of BP_BasicInventoryCharacter failed. 25 Fatal Issue(s) 12 Warning(s) [in 0 ms] (/Game/XaviersShit/BP_BasicInventoryCharacter.BP_BasicInventoryCharacter)
[2017.05.08-22.24.26:693][595]LogBlueprint:Warning: [Compiler BP_BasicInventoryCharacter] Warning [0031.87] Compile of BP_BasicInventoryCharacter failed. 25 Fatal Issue(s) 13 Warning(s) [in 0 ms] (/Game/XaviersShit/BP_BasicInventoryCharacter.BP_BasicInventoryCharacter)
[2017.05.08-22.24.26:739][595]LogBlueprint:Error: [Compiler BP_BasicInventoryCharacter] Error Could not find a function named "Use" in 'BP_BasicInventoryCharacter'.
Make sure 'BP_BasicInventoryCharacter' has been compiled for  Use
[2017.05.08-22.24.26:739][595]LogBlueprint:Warning: [Compiler BP_BasicInventoryCharacter] Warning InputAction Event references unknown Action 'UseInventoryItem' for  InputAction UseInventoryItem
[2017.05.08-22.24.26:739][595]LogBlueprint:Error: [Compiler BP_BasicInventoryCharacter] Error Can't connect pins  Target  and  Usable Actor : Reference is not compatible with Object Reference.
[2017.05.08-22.24.26:739][595]LogBlueprint:Error: [Compiler BP_BasicInventoryCharacter] Error Could not find a function named "OnUsed" in 'BP_BasicInventoryCharacter'.
Make sure 'BP_BasicInventoryCharacter' has been compiled for  On Used
[2017.05.08-22.24.26:739][595]LogBlueprint:Error: [Compiler BP_BasicInventoryCharacter] Error Can't connect pins  Usable Actor  and  Target : Object Reference is not compatible with Reference.
[2017.05.08-22.24.26:739][595]LogBlueprint:Error: [Compiler BP_BasicInventoryCharacter] Error Could not find a function named "EndFocus" in 'BP_BasicInventoryCharacter'.
Make sure 'BP_BasicInventoryCharacter' has been compiled for  End Focus
[2017.05.08-22.24.26:740][595]LogBlueprint:Error: [Compiler BP_BasicInventoryCharacter] Error Could not find a function named "BeginFocus" in 'BP_BasicInventoryCharacter'.
Make sure 'BP_BasicInventoryCharacter' has been compiled for  Begin Focus
[2017.05.08-22.24.26:740][595]LogBlueprint:Warning: [Compiler BP_BasicInventoryCharacter] Warning Input Axis Event references unknown Axis 'Turn' for  InputAxis Turn
[2017.05.08-22.24.26:740][595]LogBlueprint:Warning: [Compiler BP_BasicInventoryCharacter] Warning Input Axis Event references unknown Axis 'LookUp' for  InputAxis LookUp
[2017.05.08-22.24.26:740][595]LogBlueprint:Warning: [Compiler BP_BasicInventoryCharacter] Warning Input Axis Event references unknown Axis 'MoveForward' for  InputAxis MoveForward
[2017.05.08-22.24.26:740][595]LogBlueprint:Warning: [Compiler BP_BasicInventoryCharacter] Warning Input Axis Event references unknown Axis 'MoveRight' for  InputAxis MoveRight
[2017.05.08-22.24.26:741][595]LogBlueprint:Warning: [Compiler BP_BasicInventoryCharacter] Warning Input Axis Event references unknown Axis 'LookUpRate' for  InputAxis LookUpRate
[2017.05.08-22.24.26:741][595]LogBlueprint:Warning: [Compiler BP_BasicInventoryCharacter] Warning Input Axis Event references unknown Axis 'TurnRate' for  InputAxis TurnRate
[2017.05.08-22.24.26:744][595]LogBlueprint:Warning: [Compiler BP_BasicInventoryCharacter] Warning Can't connect pins  Hit Actor  and  Object : This cast has an invalid target type (was the class deleted without a redirect?).
[2017.05.08-22.24.26:744][595]LogBlueprint:Warning: [Compiler BP_BasicInventoryCharacter] Warning Can't connect pins  Object  and  Hit Actor : This cast has an invalid target type (was the class deleted without a redirect?).
[2017.05.08-22.24.26:746][595]LogBlueprint:Warning: [Compiler BP_BasicInventoryCharacter] Warning Could not find a variable named "HungerDecrease" in 'BP_BasicInventoryCharacter'.
Make sure 'BP_BasicInventoryCharacter' has been compiled for  Get HungerDecrease
[2017.05.08-22.24.26:747][595]LogBlueprint:Error: [Compiler BP_BasicInventoryCharacter] Error COMPILER ERROR: failed building connection with 'This cast has an invalid target type (was the class deleted without a redirect?).' at  SpawnActor
[2017.05.08-22.24.26:751][595]LogBlueprint:Warning: [Compiler BP_BasicInventoryCharacter] Warning Could not find a variable named "PickupClass" in 'BP_BasicInventoryCharacter'.
Make sure 'BP_BasicInventoryCharacter' has been compiled for  Get PickupClass
[2017.05.08-22.24.26:752][595]LogBlueprint:Error: [Compiler BP_BasicInventoryCharacter] Error This blueprint (self) is not compatible with ' Target ', therefore that pin must have a connection.
[2017.05.08-22.24.26:753][595]LogBlueprint:Error: [Compiler BP_BasicInventoryCharacter] Error This blueprint (self) is not compatible with ' Target ', therefore that pin must have a connection.
[2017.05.08-22.24.26:753][595]LogBlueprint:Error: [Compiler BP_BasicInventoryCharacter] Error The type of  Target Array  is undetermined.  Connect something to  Length  to imply a specific type.
[2017.05.08-22.24.26:753][595]LogBlueprint:Error: [Compiler BP_BasicInventoryCharacter] Error The current value of the ' Target Array ' pin is invalid: Array inputs (like 'Target Array') must have an input wired into them (try connecting a MakeArray node).
[2017.05.08-22.24.26:753][595]LogBlueprint:Error: [Compiler BP_BasicInventoryCharacter] Error The current value of the ' Target Array ' pin is invalid: Array inputs (like 'Target Array') must have an input wired into them (try connecting a MakeArray node).
[2017.05.08-22.24.26:755][595]LogBlueprint:Error: [Compiler BP_BasicInventoryCharacter] Error Default value '' for  Usable Actor  is invalid: 'PinSubCategoryObject on pin 'UsableActor' is NULL and PinSubCategory is '' not 'self''
[2017.05.08-22.24.26:755][595]LogBlueprint:Error: [Compiler BP_BasicInventoryCharacter] Error The property associated with  Hunger Decrease  could not be found
[2017.05.08-22.24.26:756][595]LogBlueprint:Error: [Compiler BP_BasicInventoryCharacter] Error The current value of the ' Target Array ' pin is invalid: Array inputs (like 'Target Array') must have an input wired into them (try connecting a MakeArray node).
[2017.05.08-22.24.26:756][595]LogBlueprint:Error: [Compiler BP_BasicInventoryCharacter] Error The type of  Variable  is undetermined.  Connect something to  Add  to imply a specific type.
[2017.05.08-22.24.26:756][595]LogBlueprint:Error: [Compiler BP_BasicInventoryCharacter] Error The type of  Target Array  is undetermined.  Connect something to  Add  to imply a specific type.
[2017.05.08-22.24.26:756][595]LogBlueprint:Error: [Compiler BP_BasicInventoryCharacter] Error The type of  New Item  is undetermined.  Connect something to  Add  to imply a specific type.
[2017.05.08-22.24.26:756][595]LogBlueprint:Error: [Compiler BP_BasicInventoryCharacter] Error The current value of the ' Target Array ' pin is invalid: Array inputs (like 'Target Array') must have an input wired into them (try connecting a MakeArray node).
[2017.05.08-22.24.26:756][595]LogBlueprint:Error: [Compiler BP_BasicInventoryCharacter] Error The type of  Target Array  is undetermined.  Connect something to  Remove Index  to imply a specific type.
[2017.05.08-22.24.26:756][595]LogBlueprint:Error: [Compiler BP_BasicInventoryCharacter] Error The type of  Target Array  is undetermined.  Connect something to  Length  to imply a specific type.
[2017.05.08-22.24.26:756][595]LogBlueprint:Error: [Compiler BP_BasicInventoryCharacter] Error The current value of the ' Target Array ' pin is invalid: Array inputs (like 'Target Array') must have an input wired into them (try connecting a MakeArray node).
[2017.05.08-22.24.26:757][595]LogBlueprint:Error: [Compiler BP_BasicInventoryCharacter] Error The current value of the ' Target Array ' pin is invalid: Array inputs (like 'Target Array') must have an input wired into them (try connecting a MakeArray node).
[2017.05.08-22.24.26:757][595]LogBlueprint:Error: [Compiler BP_BasicInventoryCharacter] Error The property associated with  Pickup Class  could not be found
[2017.05.08-22.24.26:757][595]LogBlueprint:Error: [Compiler BP_BasicInventoryCharacter] Error The current value of the ' Target Array ' pin is invalid: Array inputs (like 'Target Array') must have an input wired into them (try connecting a MakeArray node).
[2017.05.08-22.24.26:757][595]LogBlueprint:Error: [Compiler BP_BasicInventoryCharacter] Error The current value of the ' Target Array ' pin is invalid: Array inputs (like 'Target Array') must have an input wired into them (try connecting a MakeArray node).
[2017.05.08-22.24.26:757][595]LogBlueprint:Error: [Compiler BP_BasicInventoryCharacter] Error The type of  Target Array  is undetermined.  Connect something to  Length  to imply a specific type.
[2017.05.08-22.24.26:757][595]LogBlueprint:Error: [Compiler BP_BasicInventoryCharacter] Error The current value of the ' Target Array ' pin is invalid: Array inputs (like 'Target Array') must have an input wired into them (try connecting a MakeArray node).
[2017.05.08-22.24.26:789][595]LogBlueprint:Warning: [Compiler BP_BasicInventoryCharacter] Warning [0031.97] Compile of BP_BasicInventoryCharacter failed. 28 Fatal Issue(s) 11 Warning(s) [in 86 ms] (/Game/XaviersShit/BP_BasicInventoryCharacter.BP_BasicInventoryCharacter)
[2017.05.08-22.24.26:789][595]LogBlueprint:Warning: [Compiler BP_BasicInventoryCharacter] Warning [0031.97] Compile of BP_BasicInventoryCharacter failed. 28 Fatal Issue(s) 12 Warning(s) [in 0 ms] (/Game/XaviersShit/BP_BasicInventoryCharacter.BP_BasicInventoryCharacter)
[2017.05.08-22.24.26:789][595]LogBlueprint:Warning: [Compiler BP_BasicInventoryCharacter] Warning [0031.97] Compile of BP_BasicInventoryCharacter failed. 28 Fatal Issue(s) 13 Warning(s) [in 0 ms] (/Game/XaviersShit/BP_BasicInventoryCharacter.BP_BasicInventoryCharacter)
[2017.05.08-22.24.26:840][595]LogSlate: Took 0.000210 seconds to synchronously load lazily loaded font '../../../Engine/Content/Slate/Fonts/Roboto-Light.ttf' (159K)
[2017.05.08-22.24.27:510][595]LogSlate: Took 0.000355 seconds to synchronously load lazily loaded font '../../../Engine/Content/Slate/Fonts/Roboto-Regular.ttf' (155K)
[2017.05.08-22.24.27:747][595]LogContentBrowser: Native class hierarchy updated for 'BlueprintGraph' in 0.0010 seconds. Added 112 classes and 0 folders.
[2017.05.08-22.24.29:112][595]LogSlate: Took 0.000309 seconds to synchronously load lazily loaded font '../../../Engine/Content/Editor/Slate/Fonts/Roboto-BoldCondensed.ttf' (158K)
[2017.05.08-22.24.29:539][596]LogSlate: Took 0.000568 seconds to synchronously load lazily loaded font '../../../Engine/Content/Editor/Slate/Fonts/Roboto-Italic.ttf' (157K)
[2017.05.08-22.25.40:741][749]BlueprintLog: New page: Compile Player
[2017.05.08-22.25.40:780][749]LogBlueprint:Warning: [Compiler Player] Warning InputAction Event references unknown Action 'UseInventoryItem' for  InputAction UseInventoryItem
[2017.05.08-22.25.40:781][749]LogBlueprint:Error: [Compiler Player] Error Could not find a function named "TickHunger" in 'Player_C'.
Make sure 'Player_C' has been compiled for  Tick Hunger
[2017.05.08-22.25.40:785][749]LogBlueprint:Error: [Compiler Player] Error The type of  Target Array  is undetermined.  Connect something to  Length  to imply a specific type.
[2017.05.08-22.25.40:785][749]LogBlueprint:Error: [Compiler Player] Error The current value of the ' Target Array ' pin is invalid: Array inputs (like 'Target Array') must have an input wired into them (try connecting a MakeArray node).
[2017.05.08-22.25.41:144][749]BlueprintEditorCompileResults:Warning: Warning InputAction Event references unknown Action 'UseInventoryItem' for  InputAction UseInventoryItem
[2017.05.08-22.25.41:144][749]BlueprintEditorCompileResults:Error: Error Could not find a function named "TickHunger" in 'Player_C'.
Make sure 'Player_C' has been compiled for  Tick Hunger
[2017.05.08-22.25.41:144][749]BlueprintEditorCompileResults:Error: Error The type of  Target Array  is undetermined.  Connect something to  Length  to imply a specific type.
[2017.05.08-22.25.41:144][749]BlueprintEditorCompileResults:Error: Error The current value of the ' Target Array ' pin is invalid: Array inputs (like 'Target Array') must have an input wired into them (try connecting a MakeArray node).
[2017.05.08-22.25.41:145][749]LogBlueprint:Warning: [Compiler Player] Warning [0106.31] Compile of Player failed. 3 Fatal Issue(s) 1 Warning(s) [in 403 ms] (/Game/MattsStuff/Player.Player)
[2017.05.08-22.25.57:280][757]LogEditorTransaction: Undo Move Node
[2017.05.08-22.25.57:603][758]LogEditorTransaction: Undo Create Pin Link
[2017.05.08-22.25.58:041][759]LogEditorTransaction: Undo Move Node
[2017.05.08-22.25.58:342][760]LogEditorTransaction: Undo Rename Node
[2017.05.08-22.25.58:634][761]LogEditorTransaction: Undo Paste clipboard contents
