Log file open, 05/04/17 12:36:19
LogInit:Display: Running engine for game: FinalProject
LogPlatformFile: Not using cached read wrapper
LogInit:Display: RandInit(817220163) SRandInit(817220163).
LogTaskGraph: Started task graph with 5 named threads and 8 total threads with 1 sets of task threads.
LogStats: Stats thread started at 0.068682
LogInit: Using libcurl 7.47.1
LogInit:  - built for x86_64-pc-win32
LogInit:  - supports SSL with OpenSSL/1.0.2g
LogInit:  - supports HTTP deflate (compression) using libz 1.2.8
LogInit:  - other features:
LogInit:      CURL_VERSION_SSL
LogInit:      CURL_VERSION_LIBZ
LogInit:      CURL_VERSION_IPV6
LogInit:      CURL_VERSION_ASYNCHDNS
LogInit:      CURL_VERSION_LARGEFILE
LogInit:      CURL_VERSION_IDN
LogInit:  CurlRequestOptions (configurable via config and command line):
LogInit:  - bVerifyPeer = false  - Libcurl will NOT verify peer certificate
LogInit:  - bUseHttpProxy = false  - Libcurl will NOT use HTTP proxy
LogInit:  - bDontReuseConnections = false  - Libcurl will reuse connections
LogInit:  - CertBundlePath = nullptr  - Libcurl will use whatever was configured at build time.
LogInit: Build: ++UE4+Release-4.15-CL-3348071
LogInit: Engine Version: 4.15.1-3348071+++UE4+Release-4.15
LogInit: Compatible Engine Version: 4.15.0-3299760+++UE4+Release-4.15
LogInit: Net CL: 3299760
LogDevObjectVersion: Number of dev versions registered: 14
LogDevObjectVersion:   Dev-Blueprints (B0D832E4-1F89-4F0D-ACCF-7EB736FD4AA2): 8
LogDevObjectVersion:   Dev-Build (E1C64328-A22C-4D53-A36C-8E866417BD8C): 0
LogDevObjectVersion:   Dev-Core (375EC13C-06E4-48FB-B500-84F0262A717E): 2
LogDevObjectVersion:   Dev-Editor (E4B068ED-F494-42E9-A231-DA0B2E46BB41): 14
LogDevObjectVersion:   Dev-Framework (CFFC743F-43B0-4480-9391-14DF171D2073): 22
LogDevObjectVersion:   Dev-Mobile (B02B49B5-BB20-44E9-A304-32B752E40360): 0
LogDevObjectVersion:   Dev-Networking (A4E4105C-59A1-49B5-A7C5-40C4547EDFEE): 0
LogDevObjectVersion:   Dev-Online (39C831C9-5AE6-47DC-9A44-9C173E1C8E7C): 0
LogDevObjectVersion:   Dev-Physics (78F01B33-EBEA-4F98-B9B4-84EACCB95AA2): 0
LogDevObjectVersion:   Dev-Platform (6631380F-2D4D-43E0-8009-CF276956A95A): 0
LogDevObjectVersion:   Dev-Rendering (12F88B9F-8875-4AFC-A67C-D90C383ABD29): 12
LogDevObjectVersion:   Dev-Sequencer (7B5AE74C-D270-4C10-A958-57980B212A5A): 3
LogDevObjectVersion:   Dev-VR (D7296918-1DD6-4BDD-9DE2-64A83CC13884): 0
LogDevObjectVersion:   Dev-LoadTimes (C2A15278-BFE7-4AFE-6C17-90FF531DF755): 1
LogInit: Compiled (64-bit): Mar 15 2017 16:52:47
LogInit: Compiled with Visual C++: 19.00.23026.00
LogInit: Build Configuration: Development
LogInit: Branch Name: ++UE4+Release-4.15
LogInit: Command line:  
LogInit: Base directory: C:/Program Files (x86)/Epic Games/4.15/Engine/Binaries/Win64/
LogInit: Installed Engine Build: 1
LogInit: Presizing for max 8388607 objects, including 0 objects not considered by GC, pre-allocating 0 bytes for permanent pool.
LogInit: Object subsystem initialized
[2017.05.04-19.36.20:963][  0]LogInit: Selected Device Profile: [Windows]
[2017.05.04-19.36.20:963][  0]LogInit: Applying CVar settings loaded from the selected device profile: [Windows]
[2017.05.04-19.36.20:970][  0]LogInit: Computer: SEA-E17155
[2017.05.04-19.36.20:970][  0]LogInit: User: xaviermelton
[2017.05.04-19.36.20:970][  0]LogInit: CPU Page size=65536, Cores=4
[2017.05.04-19.36.20:971][  0]LogInit: High frequency timer resolution =3.515751 MHz
[2017.05.04-19.36.20:971][  0]LogMemory: Memory total: Physical=31.9GB (32GB approx)
[2017.05.04-19.36.20:971][  0]LogMemory: Platform Memory Stats for Windows
[2017.05.04-19.36.20:971][  0]LogMemory: Process Physical Memory: 265.36 MB used, 265.36 MB peak
[2017.05.04-19.36.20:971][  0]LogMemory: Process Virtual Memory: 265.46 MB used, 265.46 MB peak
[2017.05.04-19.36.20:971][  0]LogMemory: Physical Memory: 6185.47 MB used,  26485.42 MB free, 32670.89 MB total
[2017.05.04-19.36.20:971][  0]LogMemory: Virtual Memory: 632.46 MB used,  26485.42 MB free, 8388608.00 MB total
[2017.05.04-19.36.21:043][  0]LogTextLocalizationManager: No specific translations for ('en-US') exist, so ('en') translations will be used.
[2017.05.04-19.36.21:613][  0]LogD3D11RHI: D3D11 adapters:
[2017.05.04-19.36.21:630][  0]LogD3D11RHI:    0. 'NVIDIA GeForce GTX 770' (Feature Level 11_0)
[2017.05.04-19.36.21:630][  0]LogD3D11RHI:       1990/0/2048 MB DedicatedVideo/DedicatedSystem/SharedSystem, Outputs:2, VendorId:0x10de
[2017.05.04-19.36.21:630][  0]LogD3D11RHI: Chosen D3D11 Adapter: 0
[2017.05.04-19.36.21:633][  0]LogD3D11RHI: Creating new Direct3DDevice
[2017.05.04-19.36.21:633][  0]LogD3D11RHI:     GPU DeviceId: 0x1184 (for the marketing name, search the web for "GPU Device Id")
[2017.05.04-19.36.21:633][  0]LogWindows: EnumDisplayDevices:
[2017.05.04-19.36.21:634][  0]LogWindows:    0. 'NVIDIA GeForce GTX 770' (P:1 D:1)
[2017.05.04-19.36.21:634][  0]LogWindows:    1. 'NVIDIA GeForce GTX 770' (P:0 D:1)
[2017.05.04-19.36.21:634][  0]LogWindows:    2. 'NVIDIA GeForce GTX 770' (P:0 D:0)
[2017.05.04-19.36.21:634][  0]LogWindows:    3. 'NVIDIA GeForce GTX 770' (P:0 D:0)
[2017.05.04-19.36.21:634][  0]LogWindows:    4. 'RDPDD Chained DD' (P:0 D:0)
[2017.05.04-19.36.21:634][  0]LogWindows:    5. 'RDP Encoder Mirror Driver' (P:0 D:0)
[2017.05.04-19.36.21:634][  0]LogWindows:    6. 'RDP Reflector Display Driver' (P:0 D:0)
[2017.05.04-19.36.21:634][  0]LogWindows: DebugString: GetVideoDriverDetailsInvalid PrimaryIsNotTheChoosenAdapter GetVideoDriverDetailsInvalid PrimaryIsNotTheChoosenAdapter GetVideoDriverDetailsInvalid PrimaryIsNotTheChoosenAdapter FoundDriverCount:4 
[2017.05.04-19.36.21:634][  0]LogD3D11RHI:     Adapter Name: NVIDIA GeForce GTX 770
[2017.05.04-19.36.21:634][  0]LogD3D11RHI:   Driver Version: 353.82 (internal:10.18.13.5382, unified:353.82)
[2017.05.04-19.36.21:634][  0]LogD3D11RHI:      Driver Date: 8-7-2015
[2017.05.04-19.36.21:634][  0]LogRHI: Texture pool is 1361 MB (70% of 1945 MB)
[2017.05.04-19.36.21:641][  0]LogD3D11RHI:Warning: Timestamp queries are currently disabled on this hardware due to instability. Realtime GPU stats will not be available. You can override this behaviour by setting r.NVIDIATimestampWorkaround to 0
[2017.05.04-19.36.21:642][  0]LogD3D11RHI: NvAPI_D3D_GetCurrentSLIState failed: 0xfffffff7
[2017.05.04-19.36.21:642][  0]LogD3D11RHI: Async texture creation enabled
[2017.05.04-19.36.21:656][  0]LogD3D11RHI: GPU Timing Frequency: 1000.000000 (Debug: 2 2)
[2017.05.04-19.36.21:658][  0]LogShaderCompilers: Guid format shader working directory is -45 characters bigger than the processId version (../../../../../../Users/xavier.melton/Desktop/DOTI_AIE_Y1_FINAL/DOTI_AIE_Y1_FINAL/DOTI_AIE_Y1_FINAL/Intermediate/Shaders/WorkingDirectory/2928/).
[2017.05.04-19.36.21:658][  0]LogShaderCompilers: Cleaned the shader compiler working directory 'C:/Users/xavier.melton/AppData/Local/Temp/UnrealShaderWorkingDir/F49A945240C6743766F8F4A386F8C874/'.
[2017.05.04-19.36.21:658][  0]LogShaderCompilers:Display: Using Local Shader Compiler.
[2017.05.04-19.36.22:700][  0]LogTemp:Display: Loaded TP AllDesktopTargetPlatform
[2017.05.04-19.36.22:752][  0]LogTemp:Display: Loaded TP MacClientTargetPlatform
[2017.05.04-19.36.22:803][  0]LogTemp:Display: Loaded TP MacNoEditorTargetPlatform
[2017.05.04-19.36.22:855][  0]LogTemp:Display: Loaded TP MacServerTargetPlatform
[2017.05.04-19.36.22:907][  0]LogTemp:Display: Loaded TP MacTargetPlatform
[2017.05.04-19.36.22:958][  0]LogTemp:Display: Loaded TP WindowsClientTargetPlatform
[2017.05.04-19.36.23:010][  0]LogTemp:Display: Loaded TP WindowsNoEditorTargetPlatform
[2017.05.04-19.36.23:061][  0]LogTemp:Display: Loaded TP WindowsServerTargetPlatform
[2017.05.04-19.36.23:102][  0]LogTemp:Display: Loaded TP WindowsTargetPlatform
[2017.05.04-19.36.23:152][  0]LogTemp:Display: Loaded TP AndroidTargetPlatform
[2017.05.04-19.36.23:203][  0]LogTemp:Display: Loaded TP Android_ASTCTargetPlatform
[2017.05.04-19.36.23:254][  0]LogTemp:Display: Loaded TP Android_ATCTargetPlatform
[2017.05.04-19.36.23:304][  0]LogTemp:Display: Loaded TP Android_DXTTargetPlatform
[2017.05.04-19.36.23:356][  0]LogTemp:Display: Loaded TP Android_ETC1TargetPlatform
[2017.05.04-19.36.23:407][  0]LogTemp:Display: Loaded TP Android_ETC2TargetPlatform
[2017.05.04-19.36.23:508][  0]LogTemp:Display: Loaded TP Android_MultiTargetPlatform
[2017.05.04-19.36.23:508][  0]LogTemp:Display: Loaded TP Android_PVRTCTargetPlatform
[2017.05.04-19.36.23:541][  0]LogTemp:Display: Loaded TP HTML5TargetPlatform
[2017.05.04-19.36.23:630][  0]LogTemp:Display: Loaded TP IOSTargetPlatform
[2017.05.04-19.36.23:663][  0]LogTemp:Display: Loaded TP TVOSTargetPlatform
[2017.05.04-19.36.23:714][  0]LogTemp:Display: Loaded TP LinuxClientTargetPlatform
[2017.05.04-19.36.23:764][  0]LogTemp:Display: Loaded TP LinuxNoEditorTargetPlatform
[2017.05.04-19.36.23:814][  0]LogTemp:Display: Loaded TP LinuxServerTargetPlatform
[2017.05.04-19.36.23:865][  0]LogTemp:Display: Loaded TP LinuxTargetPlatform
[2017.05.04-19.36.23:865][  0]LogTargetPlatformManager:Display: Building Assets For Windows
[2017.05.04-19.36.24:227][  0]LogDerivedDataCache:Display: Max Cache Size: 512 MB
[2017.05.04-19.36.24:277][  0]LogDerivedDataCache: Loaded boot cache 0.05s 50MB C:/Users/xavier.melton/AppData/Local/UnrealEngine/4.15/DerivedDataCache/Boot.ddc.
[2017.05.04-19.36.24:277][  0]LogDerivedDataCache:Display: Loaded Boot cache: C:/Users/xavier.melton/AppData/Local/UnrealEngine/4.15/DerivedDataCache/Boot.ddc
[2017.05.04-19.36.24:278][  0]LogDerivedDataCache: FDerivedDataBackendGraph:  Pak pak cache file ../../../../../../Users/xavier.melton/Desktop/DOTI_AIE_Y1_FINAL/DOTI_AIE_Y1_FINAL/DOTI_AIE_Y1_FINAL/DerivedDataCache/DDC.ddp not found, will not use a pak cache.
[2017.05.04-19.36.24:278][  0]LogDerivedDataCache: Unable to find inner node Pak for hierarchical cache Hierarchy.
[2017.05.04-19.36.24:278][  0]LogDerivedDataCache: FDerivedDataBackendGraph:  CompressedPak pak cache file ../../../../../../Users/xavier.melton/Desktop/DOTI_AIE_Y1_FINAL/DOTI_AIE_Y1_FINAL/DOTI_AIE_Y1_FINAL/DerivedDataCache/Compressed.ddp not found, will not use a pak cache.
[2017.05.04-19.36.24:278][  0]LogDerivedDataCache: Unable to find inner node CompressedPak for hierarchical cache Hierarchy.
[2017.05.04-19.36.24:297][  0]LogDerivedDataCache:Display: Pak cache opened for reading ../../../Engine/DerivedDataCache/Compressed.ddp.
[2017.05.04-19.36.24:308][  0]LogDerivedDataCache: Using Local data cache path C:/Users/xavier.melton/AppData/Local/UnrealEngine/Common/DerivedDataCache: Writable
[2017.05.04-19.36.24:317][  0]LogSlate: Using Freetype 2.6.0
[2017.05.04-19.36.24:318][  0]LogSlate: SlateFontCache - WITH_FREETYPE: 1, WITH_HARFBUZZ: 1
[2017.05.04-19.36.24:318][  0]LogSlate: SlateFontCache - WITH_FREETYPE: 1, WITH_HARFBUZZ: 1
[2017.05.04-19.36.24:625][  0]LogInit: Selected Device Profile: [Windows]
[2017.05.04-19.36.24:628][  0]LogContentStreaming: Texture pool size is 0.00 MB
[2017.05.04-19.36.24:829][  0]LogMeshUtilities: Using QuadricMeshReduction for automatic static mesh reduction
[2017.05.04-19.36.24:865][  0]LogSimplygon: Simplygon DLL not present - disabling.
[2017.05.04-19.36.24:903][  0]LogMeshUtilities: Using SimplygonSwarm for distributed automatic mesh merging
[2017.05.04-19.36.24:903][  0]LogMeshUtilities: No automatic skeletal mesh reduction module available
[2017.05.04-19.36.24:903][  0]LogMeshUtilities: No automatic mesh merging module available
[2017.05.04-19.36.25:373][  0]LogNetVersion: GetLocalNetworkVersion: CL: 3299760, ProjectName: finalproject, ProjectVersion: , EngineNetworkVersion: 2, GameNetworkVersion: 0, NetworkChecksum: 3356675869
[2017.05.04-19.36.25:415][  0]LogAssetRegistry: FAssetRegistry took 0.0204 seconds to start up
[2017.05.04-19.36.25:452][  0]LogPackageLocalizationCache: Processed 3 localized package path(s) for 2 prioritized culture(s) in 0.018427 seconds
[2017.05.04-19.36.25:457][  0]LogUObjectArray: 32493 objects as part of root set at end of initial load.
[2017.05.04-19.36.25:457][  0]LogUObjectAllocator: 7077024 out of 0 bytes used by permanent object pool.
[2017.05.04-19.36.25:457][  0]LogUObjectArray: CloseDisregardForGC: 0/0 objects in disregard for GC pool
[2017.05.04-19.36.25:509][  0]LogInit: WinSock: version 1.1 (2.2), MaxSocks=32767, MaxUdp=65467
[2017.05.04-19.36.26:918][  0]LogTcpMessaging: Initializing TcpMessaging bridge
[2017.05.04-19.36.26:953][  0]LogUdpMessaging: Initializing bridge on interface 0.0.0.0:0 to multicast group 230.0.0.1:6666.
[2017.05.04-19.36.27:364][  0]LogMaterial: Uniform references updated for custom material expression Custom.
[2017.05.04-19.36.27:710][  0]SourceControl: Info Source control is disabled
[2017.05.04-19.36.27:729][  0]SourceControl: Info Source control is disabled
[2017.05.04-19.36.27:770][  0]SourceControl: Info Source control is disabled
[2017.05.04-19.36.27:810][  0]SourceControl: Info Source control is disabled
[2017.05.04-19.36.28:890][  0]LogEngine: Initializing Engine...
[2017.05.04-19.36.28:890][  0]LogHMD: Failed to initialize OpenVR with code 110
[2017.05.04-19.36.29:108][  0]LogAIModule: Creating AISystem for world Untitled
[2017.05.04-19.36.29:117][  0]LogInit: XAudio2 using 'Headphones (High Definition Audio Device)' : 2 channels at 44.1 kHz using 16 bits per sample (channel mask 0x3)
[2017.05.04-19.36.29:122][  0]LogInit: FAudioDevice initialized.
[2017.05.04-19.36.29:146][  0]LogDerivedDataCache: Saved boot cache 0.02s 50MB C:/Users/xavier.melton/AppData/Local/UnrealEngine/4.15/DerivedDataCache/Boot.ddc.
[2017.05.04-19.36.29:154][  0]LogInit: Texture streaming: Enabled
[2017.05.04-19.36.29:233][  0]LogEngineSessionManager: EngineSessionManager initialized
[2017.05.04-19.36.29:305][  0]LogInit: Transaction tracking system initialized
[2017.05.04-19.36.29:596][  0]BlueprintLog: New page: Editor Load
[2017.05.04-19.36.30:339][  0]LocalizationService: Info Localization service is disabled
[2017.05.04-19.36.30:909][  0]LogConsoleResponse:Display: 
[2017.05.04-19.36.31:026][  0]LogCook:Display: Max memory allowance for cook 16384mb min free memory 0mb
[2017.05.04-19.36.31:026][  0]LogCook:Display: Mobile HDR setting 1
[2017.05.04-19.36.31:497][  0]LogFileCache: Scanning file cache for directory 'C:/Users/xavier.melton/Desktop/DOTI_AIE_Y1_FINAL/DOTI_AIE_Y1_FINAL/DOTI_AIE_Y1_FINAL/Content/' took 0.01s
[2017.05.04-19.36.31:881][  0]SourceControl: Info Source control is disabled
[2017.05.04-19.36.31:882][  0]LightingResults: New page: Lighting Build
[2017.05.04-19.36.31:917][  0]MapCheck: New page: Map Check
[2017.05.04-19.36.31:917][  0]LightingResults: New page: Lighting Build
[2017.05.04-19.36.32:202][  0]LogAIModule: Creating AISystem for world Minimal_Default
[2017.05.04-19.36.32:226][  0]LogEditorServer: Finished looking for orphan Actors (0.000 secs)
[2017.05.04-19.36.32:227][  0]Cmd: MAP CHECKDEP NOCLEARLOG
[2017.05.04-19.36.32:260][  0]MapCheck: Info Map check complete: 0 Error(s), 0 Warning(s), took 33.409ms to complete.
[2017.05.04-19.36.32:260][  0]LogFileHelpers: Loading map 'Minimal_Default' took 0.379
[2017.05.04-19.36.32:422][  0]LogCollectionManager: Loaded 0 collections in 0.001397 seconds
[2017.05.04-19.36.32:496][  0]LogFileCache: Scanning file cache for directory 'C:/Users/xavier.melton/Desktop/DOTI_AIE_Y1_FINAL/DOTI_AIE_Y1_FINAL/DOTI_AIE_Y1_FINAL/Saved/Collections/' took 0.01s
[2017.05.04-19.36.32:496][  0]LogFileCache: Scanning file cache for directory 'C:/Users/xavier.melton/Desktop/DOTI_AIE_Y1_FINAL/DOTI_AIE_Y1_FINAL/DOTI_AIE_Y1_FINAL/Content/Developers/xaviermelton/Collections/' took 0.01s
[2017.05.04-19.36.32:496][  0]LogFileCache: Scanning file cache for directory 'C:/Users/xavier.melton/Desktop/DOTI_AIE_Y1_FINAL/DOTI_AIE_Y1_FINAL/DOTI_AIE_Y1_FINAL/Content/Collections/' took 0.01s
[2017.05.04-19.36.32:496][  0]LogCollectionManager: Rebuilt the GUID cache for 0 collections in 0.000002 seconds
[2017.05.04-19.36.32:505][  0]LogContentBrowser: Native class hierarchy populated in 0.0091 seconds. Added 2245 classes and 453 folders.
[2017.05.04-19.36.32:508][  0]LogStats: UGameplayTagsManager::ConstructGameplayTagTree: Construct from data asset -  0.000 s
[2017.05.04-19.36.32:508][  0]LogStats: UGameplayTagsManager::ConstructGameplayTagTree: GameplayTagTreeChangedEvent.Broadcast -  0.000 s
[2017.05.04-19.36.32:561][  0]LogContentBrowser: Native class hierarchy updated for 'WidgetCarousel' in 0.0005 seconds. Added 0 classes and 0 folders.
[2017.05.04-19.36.32:595][  0]LogContentBrowser: Native class hierarchy updated for 'AddContentDialog' in 0.0005 seconds. Added 0 classes and 0 folders.
[2017.05.04-19.36.32:632][  0]LogContentBrowser: Native class hierarchy updated for 'SceneOutliner' in 0.0005 seconds. Added 1 classes and 2 folders.
[2017.05.04-19.36.32:677][  0]LogCrashTracker: Crashtracker disabled due to settings.
[2017.05.04-19.36.32:682][  0]LogUObjectGlobals:Warning: Failed to find object 'Class None.'
[2017.05.04-19.36.32:739][  0]LogContentBrowser: Native class hierarchy updated for 'HierarchicalLODOutliner' in 0.0005 seconds. Added 1 classes and 2 folders.
[2017.05.04-19.36.32:739][  0]LogLoad: (Engine Initialization) Total time: 13.82 seconds
[2017.05.04-19.36.32:739][  0]LogLoad: (Engine Initialization) Total Blueprint compile time: 0.09 seconds
[2017.05.04-19.36.32:739][  0]LogExternalProfiler: Found external profiler: VSPerf
[2017.05.04-19.36.32:739][  0]LogExternalProfiler: Using external profiler: VSPerf
[2017.05.04-19.36.33:078][  0]LogOcInput: OculusInput pre-init called
[2017.05.04-19.36.33:099][  0]LogContentStreaming: Texture pool size now 1000 MB
[2017.05.04-19.36.33:100][  0]LogSlate: Took 0.000186 seconds to synchronously load lazily loaded font '../../../Engine/Content/Slate/Fonts/Roboto-Regular.ttf' (155K)
[2017.05.04-19.36.33:104][  0]LogSlate: Took 0.000187 seconds to synchronously load lazily loaded font '../../../Engine/Content/Slate/Fonts/Roboto-Bold.ttf' (160K)
[2017.05.04-19.36.33:109][  0]LogSlate: Took 0.000147 seconds to synchronously load lazily loaded font '../../../Engine/Content/Editor/Slate/Fonts/FontAwesome.ttf' (139K)
[2017.05.04-19.36.33:224][  0]LogSlate: Took 0.000120 seconds to synchronously load lazily loaded font '../../../Engine/Content/Slate/Fonts/Roboto-Light.ttf' (159K)
[2017.05.04-19.36.33:277][  0]LogRenderer: Reallocating scene render targets to support 1208x576 NumSamples 1 (Frame:2).
[2017.05.04-19.36.33:417][  1]LogAssetRegistry: Asset discovery search completed in 8.0228 seconds
[2017.05.04-19.36.33:417][  1]LogCollectionManager: Rebuilt the object cache for 0 collections in 0.000004 seconds (found 0 objects)
[2017.05.04-19.36.33:417][  1]LogCollectionManager: Fixed up redirectors for 0 collections in 0.000019 seconds (updated 0 objects)
[2017.05.04-19.36.56:747][ 71]LogTemp: Repeting last play command: Selected Viewport
[2017.05.04-19.36.56:757][ 71]LogBlueprintUserMessages: Early PlayInEditor Detection: Level '/Game/StarterContent/Maps/Minimal_Default.Minimal_Default:PersistentLevel' has LevelScriptBlueprint '/Game/StarterContent/Maps/Minimal_Default.Minimal_Default:PersistentLevel.Minimal_Default' with GeneratedClass '/Game/StarterContent/Maps/Minimal_Default.Minimal_Default_C' with ClassGeneratedBy '/Game/StarterContent/Maps/Minimal_Default.Minimal_Default:PersistentLevel.Minimal_Default'
[2017.05.04-19.36.56:757][ 71]LogPlayLevel: PlayLevel: No blueprints needed recompiling
[2017.05.04-19.36.56:757][ 71]PIE: New page: PIE session: Minimal_Default (May 4, 2017, 5:36:56 AM)
[2017.05.04-19.36.56:757][ 71]LogPlayLevel: Creating play world package: /Game/StarterContent/Maps/UEDPIE_0_Minimal_Default
[2017.05.04-19.36.56:761][ 71]LogPlayLevel: PIE: StaticDuplicateObject took: (0.003456s)
[2017.05.04-19.36.56:761][ 71]LogAIModule: Creating AISystem for world Minimal_Default
[2017.05.04-19.36.56:761][ 71]LogPlayLevel: PIE: World Init took: (0.000736s)
[2017.05.04-19.36.56:762][ 71]LogPlayLevel: PIE: Created PIE world by copying editor world from /Game/StarterContent/Maps/Minimal_Default.Minimal_Default to /Game/StarterContent/Maps/UEDPIE_0_Minimal_Default.Minimal_Default (0.004390s)
[2017.05.04-19.36.56:780][ 71]LogInit: XAudio2 using 'Headphones (High Definition Audio Device)' : 2 channels at 44.1 kHz using 16 bits per sample (channel mask 0x3)
[2017.05.04-19.36.56:785][ 71]LogInit: FAudioDevice initialized.
[2017.05.04-19.36.56:872][ 71]LogLoad: Game class is 'MarketBluePrint_C'
[2017.05.04-19.36.56:875][ 71]LogWorld: Bringing World /Game/StarterContent/Maps/UEDPIE_0_Minimal_Default.Minimal_Default up for play (max tick rate 0) at 2017.05.04-12.36.56
[2017.05.04-19.36.56:875][ 71]LogWorld: Bringing up level for play took: 0.001333
[2017.05.04-19.36.56:911][ 71]LogContentBrowser: Native class hierarchy updated for 'MovieSceneCapture' in 0.0006 seconds. Added 11 classes and 0 folders.
[2017.05.04-19.36.56:913][ 71]PIE: Info Play in editor start time for /Game/StarterContent/Maps/UEDPIE_0_Minimal_Default 0.348
[2017.05.04-19.36.56:913][ 71]LogBlueprintUserMessages: Late PlayInEditor Detection: Level '/Game/StarterContent/Maps/Minimal_Default.Minimal_Default:PersistentLevel' has LevelScriptBlueprint '/Game/StarterContent/Maps/Minimal_Default.Minimal_Default:PersistentLevel.Minimal_Default' with GeneratedClass '/Game/StarterContent/Maps/Minimal_Default.Minimal_Default_C' with ClassGeneratedBy '/Game/StarterContent/Maps/Minimal_Default.Minimal_Default:PersistentLevel.Minimal_Default'
[2017.05.04-19.37.02:684][743]LogBlueprintUserMessages: Early EndPlayMap Detection: Level '/Game/StarterContent/Maps/Minimal_Default.Minimal_Default:PersistentLevel' has LevelScriptBlueprint '/Game/StarterContent/Maps/Minimal_Default.Minimal_Default:PersistentLevel.Minimal_Default' with GeneratedClass '/Game/StarterContent/Maps/Minimal_Default.Minimal_Default_C' with ClassGeneratedBy '/Game/StarterContent/Maps/Minimal_Default.Minimal_Default:PersistentLevel.Minimal_Default'
[2017.05.04-19.37.02:716][743]LogBlueprintUserMessages: Late EndPlayMap Detection: Level '/Game/StarterContent/Maps/Minimal_Default.Minimal_Default:PersistentLevel' has LevelScriptBlueprint '/Game/StarterContent/Maps/Minimal_Default.Minimal_Default:PersistentLevel.Minimal_Default' with GeneratedClass '/Game/StarterContent/Maps/Minimal_Default.Minimal_Default_C' with ClassGeneratedBy '/Game/StarterContent/Maps/Minimal_Default.Minimal_Default:PersistentLevel.Minimal_Default'
[2017.05.04-19.37.14:752][203]LogEditorViewport: Clicking on Actor (LMB): BP_Sky_Sphere_C (BP_Sky_Sphere)
[2017.05.04-19.37.18:812][659]LogSlate: Took 0.000162 seconds to synchronously load lazily loaded font '../../../Engine/Content/Slate/Fonts/Roboto-Light.ttf' (159K)
[2017.05.04-19.37.19:361][659]LogContentBrowser: Native class hierarchy updated for 'BlueprintGraph' in 0.0009 seconds. Added 112 classes and 0 folders.
[2017.05.04-19.37.20:105][659]LogSlate: Took 0.000130 seconds to synchronously load lazily loaded font '../../../Engine/Content/Slate/Fonts/Roboto-Regular.ttf' (155K)
[2017.05.04-19.37.20:185][659]LogSlate: Took 0.000197 seconds to synchronously load lazily loaded font '../../../Engine/Content/Editor/Slate/Fonts/Roboto-BoldCondensed.ttf' (158K)
[2017.05.04-19.37.20:370][660]LogSlate: Took 0.000222 seconds to synchronously load lazily loaded font '../../../Engine/Content/Editor/Slate/Fonts/Roboto-Italic.ttf' (157K)
[2017.05.04-19.41.13:061][808]LogEditorTransaction: Undo Align Center
[2017.05.04-19.41.13:093][808]LogSlate: Took 0.000189 seconds to synchronously load lazily loaded font '../../../Engine/Content/Slate/Fonts/Roboto-Light.ttf' (159K)
[2017.05.04-19.46.41:785][147]LogRenderer: Reallocating scene render targets to support 1208x712 NumSamples 1 (Frame:31584).
[2017.05.04-19.47.54:052][106]BlueprintLog: New page: Compile PlayerController
[2017.05.04-19.47.54:874][149]LogSavePackage: Save=44.75ms
[2017.05.04-19.47.54:874][149]LogSavePackage: Moving '../../../../../../Users/xavier.melton/Desktop/DOTI_AIE_Y1_FINAL/DOTI_AIE_Y1_FINAL/DOTI_AIE_Y1_FINAL/Saved/PlayerController18AE9FE84EDFC758982BD083D6A0CD28.tmp' to '../../../../../../Users/xavier.melton/Desktop/DOTI_AIE_Y1_FINAL/DOTI_AIE_Y1_FINAL/DOTI_AIE_Y1_FINAL/Content/MattsStuff/PlayerController.uasset'
[2017.05.04-19.47.54:875][149]LogSavePackage:Display: Finished SavePackage ../../../../../../Users/xavier.melton/Desktop/DOTI_AIE_Y1_FINAL/DOTI_AIE_Y1_FINAL/DOTI_AIE_Y1_FINAL/Content/MattsStuff/PlayerController.uasset
[2017.05.04-19.48.56:792][258]LogActorFactory: Actor Factory created SM_Rock
[2017.05.04-19.48.57:184][297]LogActorFactory: Actor Factory created SM_Rock
[2017.05.04-19.49.00:183][630]LogEditorViewport: Clicking on Actor (LMB): StaticMeshActor (SM_Rock)
[2017.05.04-19.49.04:450][ 67]MapCheck: New page: Map Check
[2017.05.04-19.49.04:473][ 67]LightingResults: New page: Lighting Build - May 4, 2017, 5:49:04 AM
[2017.05.04-19.49.04:510][ 67]LogSwarmInterface: [OpenConnection] Registering TCP channel ...
[2017.05.04-19.49.04:525][ 67]LogSwarmInterface: [OpenConnection] Connecting to agent ...
[2017.05.04-19.49.04:535][ 67]LogSwarmInterface: [TryOpenConnection] Testing the Agent
[2017.05.04-19.49.05:044][ 67]LogSwarmInterface: [TryOpenConnection] Opening Connection to Agent
[2017.05.04-19.49.05:045][ 67]LogSwarmInterface: [TryOpenConnection] Local Process ID is 2928
[2017.05.04-19.49.08:650][ 67]LogStaticLightingSystem:Warning: No importance volume found, so the scene bounding box was used.  You can optimize your scene's quality and lighting build times by adding importance volumes.
[2017.05.04-19.49.08:650][ 67]LogStaticLightingSystem: Running Lightmass w/ ImmediateImport mode ENABLED
[2017.05.04-19.49.08:650][ 67]LogStaticLightingSystem: Running Lightmass w/ ImmediateProcess mode ENABLED
[2017.05.04-19.49.08:650][ 67]LogStaticLightingSystem: Running Lightmass w/ Sorting mode ENABLED
[2017.05.04-19.49.08:650][ 67]LogStaticLightingSystem: Running Lightmass w/ Mapping paddings ENABLED
[2017.05.04-19.49.08:650][ 67]LogStaticLightingSystem: Running Lightmass w/ Mapping debug paddings DISABLED
[2017.05.04-19.49.08:780][ 67]LogEditorBuildUtils: Build time 0:04
[2017.05.04-19.49.08:791][ 67]LogMaterial: Missing cached shader map for material FLightmassMaterialRenderer M_Rock, compiling. 
[2017.05.04-19.49.08:791][ 67]LogTemp:Display: Added material ShaderMap 0x000000002B1A5600 with Material 0x0000000024E9B100 to ShaderMapsBeingCompiled
[2017.05.04-19.49.08:796][ 67]LogTemp:Display: Kicking off shader compilation for FLightmassMaterialRenderer M_Rock, GameThreadShaderMap 0x000000002B1A5600
[2017.05.04-19.49.08:799][ 67]LogMaterial: Missing cached shader map for material FLightmassMaterialRenderer M_Rock, compiling. 
[2017.05.04-19.49.08:799][ 67]LogTemp:Display: Added material ShaderMap 0x000000001A47F200 with Material 0x0000000024E99F00 to ShaderMapsBeingCompiled
[2017.05.04-19.49.08:802][ 67]LogTemp:Display: Kicking off shader compilation for FLightmassMaterialRenderer M_Rock, GameThreadShaderMap 0x000000001A47F200
[2017.05.04-19.49.09:236][ 68]LogTemp:Display: Finished compile of shader map 0x000000002B1A5600
[2017.05.04-19.49.09:236][ 68]LogTemp:Display: Shader map FLightmassMaterialRenderer M_Rock complete, GameThreadShaderMap 0x000000002B1A5600, marking material FLightmassMaterialRenderer M_Rock as finished
[2017.05.04-19.49.09:236][ 68]LogTemp:Display: Marking material as finished 0x0000000024E9B100
[2017.05.04-19.49.09:238][ 68]LogTemp:Display: Finished compile of shader map 0x000000001A47F200
[2017.05.04-19.49.09:238][ 68]LogTemp:Display: Shader map FLightmassMaterialRenderer M_Rock complete, GameThreadShaderMap 0x000000001A47F200, marking material FLightmassMaterialRenderer M_Rock as finished
[2017.05.04-19.49.09:238][ 68]LogTemp:Display: Marking material as finished 0x0000000024E99F00
[2017.05.04-19.49.10:140][113]LogTemp: Repeting last play command: Selected Viewport
[2017.05.04-19.49.10:154][113]LogBlueprintUserMessages: Early PlayInEditor Detection: Level '/Game/StarterContent/Maps/Minimal_Default.Minimal_Default:PersistentLevel' has LevelScriptBlueprint '/Game/StarterContent/Maps/Minimal_Default.Minimal_Default:PersistentLevel.Minimal_Default' with GeneratedClass '/Game/StarterContent/Maps/Minimal_Default.Minimal_Default_C' with ClassGeneratedBy '/Game/StarterContent/Maps/Minimal_Default.Minimal_Default:PersistentLevel.Minimal_Default'
[2017.05.04-19.49.10:154][113]LogPlayLevel: PlayLevel: No blueprints needed recompiling
[2017.05.04-19.49.10:154][113]PIE: New page: PIE session: Minimal_Default (May 4, 2017, 5:49:10 AM)
[2017.05.04-19.49.10:154][113]LogPlayLevel: Creating play world package: /Game/StarterContent/Maps/UEDPIE_0_Minimal_Default
[2017.05.04-19.49.10:159][113]LogPlayLevel: PIE: StaticDuplicateObject took: (0.004506s)
[2017.05.04-19.49.10:160][113]LogAIModule: Creating AISystem for world Minimal_Default
[2017.05.04-19.49.10:160][113]LogPlayLevel: PIE: World Init took: (0.000886s)
[2017.05.04-19.49.10:160][113]LogPlayLevel: PIE: Created PIE world by copying editor world from /Game/StarterContent/Maps/Minimal_Default.Minimal_Default to /Game/StarterContent/Maps/UEDPIE_0_Minimal_Default.Minimal_Default (0.005606s)
[2017.05.04-19.49.10:184][113]LogInit: XAudio2 using 'Headphones (High Definition Audio Device)' : 2 channels at 44.1 kHz using 16 bits per sample (channel mask 0x3)
[2017.05.04-19.49.10:190][113]LogInit: FAudioDevice initialized.
[2017.05.04-19.49.10:218][113]LogLoad: Game class is 'MarketBluePrint_C'
[2017.05.04-19.49.10:220][113]LogWorld: Bringing World /Game/StarterContent/Maps/UEDPIE_0_Minimal_Default.Minimal_Default up for play (max tick rate 0) at 2017.05.04-12.49.10
[2017.05.04-19.49.10:221][113]LogWorld: Bringing up level for play took: 0.001431
[2017.05.04-19.49.10:222][113]PIE: Info Play in editor start time for /Game/StarterContent/Maps/UEDPIE_0_Minimal_Default -0.311
[2017.05.04-19.49.10:223][113]LogBlueprintUserMessages: Late PlayInEditor Detection: Level '/Game/StarterContent/Maps/Minimal_Default.Minimal_Default:PersistentLevel' has LevelScriptBlueprint '/Game/StarterContent/Maps/Minimal_Default.Minimal_Default:PersistentLevel.Minimal_Default' with GeneratedClass '/Game/StarterContent/Maps/Minimal_Default.Minimal_Default_C' with ClassGeneratedBy '/Game/StarterContent/Maps/Minimal_Default.Minimal_Default:PersistentLevel.Minimal_Default'
[2017.05.04-19.49.10:776][150]Job is a success!
[2017.05.04-19.49.16:625][832]LogBlueprintUserMessages: Early EndPlayMap Detection: Level '/Game/StarterContent/Maps/Minimal_Default.Minimal_Default:PersistentLevel' has LevelScriptBlueprint '/Game/StarterContent/Maps/Minimal_Default.Minimal_Default:PersistentLevel.Minimal_Default' with GeneratedClass '/Game/StarterContent/Maps/Minimal_Default.Minimal_Default_C' with ClassGeneratedBy '/Game/StarterContent/Maps/Minimal_Default.Minimal_Default:PersistentLevel.Minimal_Default'
[2017.05.04-19.49.16:695][832]LogBlueprintUserMessages: Late EndPlayMap Detection: Level '/Game/StarterContent/Maps/Minimal_Default.Minimal_Default:PersistentLevel' has LevelScriptBlueprint '/Game/StarterContent/Maps/Minimal_Default.Minimal_Default:PersistentLevel.Minimal_Default' with GeneratedClass '/Game/StarterContent/Maps/Minimal_Default.Minimal_Default_C' with ClassGeneratedBy '/Game/StarterContent/Maps/Minimal_Default.Minimal_Default:PersistentLevel.Minimal_Default'
[2017.05.04-19.49.19:869][169]LogEditorViewport: Clicking on Actor (LMB): StaticMeshActor (SM_Rock)
[2017.05.04-19.49.20:689][261]Cmd: DELETE
[2017.05.04-19.49.20:689][261]Cmd: ACTOR DELETE
[2017.05.04-19.49.20:689][261]LogEditorActor: Deleted Actor: StaticMeshActor
[2017.05.04-19.49.20:704][261]LogEditorActor: Deleted 1 Actors (0.014 secs)
[2017.05.04-19.49.26:120][900]LogSavePackage: Save=43.97ms
[2017.05.04-19.49.26:120][900]LogSavePackage: Moving '../../../../../../Users/xavier.melton/Desktop/DOTI_AIE_Y1_FINAL/DOTI_AIE_Y1_FINAL/DOTI_AIE_Y1_FINAL/Saved/PlayerControllerDDF5E67444604C276D7713BF8D90A437.tmp' to '../../../../../../Users/xavier.melton/Desktop/DOTI_AIE_Y1_FINAL/DOTI_AIE_Y1_FINAL/DOTI_AIE_Y1_FINAL/Content/MattsStuff/PlayerController.uasset'
[2017.05.04-19.49.26:120][900]LogSavePackage:Display: Finished SavePackage ../../../../../../Users/xavier.melton/Desktop/DOTI_AIE_Y1_FINAL/DOTI_AIE_Y1_FINAL/DOTI_AIE_Y1_FINAL/Content/MattsStuff/PlayerController.uasset
[2017.05.04-19.49.26:619][960]BlueprintLog: New page: Compile PlayerController
[2017.05.04-19.49.58:373][665]LogActorFactory: Actor Factory created Cube
[2017.05.04-19.49.59:140][755]LogActorFactory: Actor Factory created Cube
[2017.05.04-19.50.04:370][269]MapCheck: New page: Map Check
[2017.05.04-19.50.04:414][269]LogEditorBuildUtils: Build time 0:00
[2017.05.04-19.50.07:644][513]LogTexture:Display: Building textures: SkyOcclusion0_1 (AutoDXT, 1024X512) - 139 MB total VRAM
[2017.05.04-19.50.07:644][513]LogTexture:Display: Building textures: HQ_Lightmap0_1 (AutoDXT, 1024X1024) - 139 MB total VRAM
[2017.05.04-19.50.07:644][513]LogTexture:Display: Building textures: LQ_Lightmap_0_2 (DXT1, 64X64) - 139 MB total VRAM
[2017.05.04-19.50.07:644][513]LogTexture:Display: Building textures: SkyOcclusion0_2 (AutoDXT, 64X32) - 139 MB total VRAM
[2017.05.04-19.50.07:644][513]LogTexture:Display: Building textures: HQ_Lightmap0_2 (AutoDXT, 64X64) - 139 MB total VRAM
[2017.05.04-19.50.07:644][513]LogTexture:Display: Building textures: LQ_Lightmap_0_1 (DXT1, 1024X1024) - 139 MB total VRAM
[2017.05.04-19.50.07:644][513]LogTexture:Display: Building textures: ShadowMapTexture2D_1 (G8, 32X32) - 139 MB total VRAM
[2017.05.04-19.50.07:691][513]LogTexture:Display: Building textures: ShadowMapTexture2D_0 (G8, 1024X256) - 139 MB total VRAM
[2017.05.04-19.50.07:704][513]Lightmass on SEA-E17155: 57.9 sec total, 66 ms importing, 2 ms setup, 294 ms photons, 57.5 sec processing, 0 ms extra exporting [15/15 mappings]. Threads: 6:42 min total, 2.64 sec processing.
[2017.05.04-19.50.07:730][513]LogStaticLightingSystem: Illumination: 6.62 sec (173 ms encoding lightmaps, 68 ms encoding shadowmaps)
[2017.05.04-19.50.07:730][513]LogStaticLightingSystem: Lightmap texture memory:  2.7 MB (2.7 MB streaming, 0.0 MB non-streaming), 4 textures
[2017.05.04-19.50.07:730][513]LogStaticLightingSystem: Shadowmap texture memory: 0.3 MB (0.3 MB streaming, 0.0 MB non-streaming), 2 textures
[2017.05.04-19.50.08:649][513]DumpUnbuiltLightIteractions
[2017.05.04-19.50.08:649][513]Lights with unbuilt interactions: 1
[2017.05.04-19.50.08:649][513]    Light LightSource
[2017.05.04-19.50.08:649][513]
[2017.05.04-19.50.08:649][513]Primitives with unbuilt interactions: 1
[2017.05.04-19.50.08:649][513]    Primitive StaticMeshComponent /Game/StarterContent/Maps/Minimal_Default.Minimal_Default:PersistentLevel.Cube_5.StaticMeshComponent0
[2017.05.04-19.50.08:659][514]Cmd: MAP CHECK NOTIFYRESULTS
[2017.05.04-19.50.08:659][514]MapCheck: New page: Minimal_Default - May 4, 2017, 5:50:08 AM
[2017.05.04-19.50.08:693][514]MapCheck:Error: Error WorldSettings_1 Maps need lighting rebuilt 
[2017.05.04-19.50.08:733][514]MapCheck: Info Map check complete: 1 Error(s), 0 Warning(s), took 74.067ms to complete.
[2017.05.04-19.50.13:431][968]LogTemp: Repeting last play command: Selected Viewport
[2017.05.04-19.50.13:443][968]LogBlueprintUserMessages: Early PlayInEditor Detection: Level '/Game/StarterContent/Maps/Minimal_Default.Minimal_Default:PersistentLevel' has LevelScriptBlueprint '/Game/StarterContent/Maps/Minimal_Default.Minimal_Default:PersistentLevel.Minimal_Default' with GeneratedClass '/Game/StarterContent/Maps/Minimal_Default.Minimal_Default_C' with ClassGeneratedBy '/Game/StarterContent/Maps/Minimal_Default.Minimal_Default:PersistentLevel.Minimal_Default'
[2017.05.04-19.50.13:443][968]LogPlayLevel: PlayLevel: No blueprints needed recompiling
[2017.05.04-19.50.13:443][968]PIE: New page: PIE session: Minimal_Default (May 4, 2017, 5:50:13 AM)
[2017.05.04-19.50.13:443][968]LogPlayLevel: Creating play world package: /Game/StarterContent/Maps/UEDPIE_0_Minimal_Default
[2017.05.04-19.50.13:446][968]LogPlayLevel: PIE: StaticDuplicateObject took: (0.003208s)
[2017.05.04-19.50.13:447][968]LogAIModule: Creating AISystem for world Minimal_Default
[2017.05.04-19.50.13:447][968]LogPlayLevel: PIE: World Init took: (0.000671s)
[2017.05.04-19.50.13:447][968]LogPlayLevel: PIE: Created PIE world by copying editor world from /Game/StarterContent/Maps/Minimal_Default.Minimal_Default to /Game/StarterContent/Maps/UEDPIE_0_Minimal_Default.Minimal_Default (0.004072s)
[2017.05.04-19.50.13:465][968]LogInit: XAudio2 using 'Headphones (High Definition Audio Device)' : 2 channels at 44.1 kHz using 16 bits per sample (channel mask 0x3)
[2017.05.04-19.50.13:470][968]LogInit: FAudioDevice initialized.
[2017.05.04-19.50.13:501][968]LogLoad: Game class is 'MarketBluePrint_C'
[2017.05.04-19.50.13:503][968]LogWorld: Bringing World /Game/StarterContent/Maps/UEDPIE_0_Minimal_Default.Minimal_Default up for play (max tick rate 0) at 2017.05.04-12.50.13
[2017.05.04-19.50.13:503][968]LogWorld: Bringing up level for play took: 0.001423
[2017.05.04-19.50.13:505][968]PIE: Info Play in editor start time for /Game/StarterContent/Maps/UEDPIE_0_Minimal_Default 0.974
[2017.05.04-19.50.13:505][968]LogBlueprintUserMessages: Late PlayInEditor Detection: Level '/Game/StarterContent/Maps/Minimal_Default.Minimal_Default:PersistentLevel' has LevelScriptBlueprint '/Game/StarterContent/Maps/Minimal_Default.Minimal_Default:PersistentLevel.Minimal_Default' with GeneratedClass '/Game/StarterContent/Maps/Minimal_Default.Minimal_Default_C' with ClassGeneratedBy '/Game/StarterContent/Maps/Minimal_Default.Minimal_Default:PersistentLevel.Minimal_Default'
[2017.05.04-19.50.23:137][120]LogBlueprintUserMessages: Early EndPlayMap Detection: Level '/Game/StarterContent/Maps/Minimal_Default.Minimal_Default:PersistentLevel' has LevelScriptBlueprint '/Game/StarterContent/Maps/Minimal_Default.Minimal_Default:PersistentLevel.Minimal_Default' with GeneratedClass '/Game/StarterContent/Maps/Minimal_Default.Minimal_Default_C' with ClassGeneratedBy '/Game/StarterContent/Maps/Minimal_Default.Minimal_Default:PersistentLevel.Minimal_Default'
[2017.05.04-19.50.23:205][120]LogBlueprintUserMessages: Late EndPlayMap Detection: Level '/Game/StarterContent/Maps/Minimal_Default.Minimal_Default:PersistentLevel' has LevelScriptBlueprint '/Game/StarterContent/Maps/Minimal_Default.Minimal_Default:PersistentLevel.Minimal_Default' with GeneratedClass '/Game/StarterContent/Maps/Minimal_Default.Minimal_Default_C' with ClassGeneratedBy '/Game/StarterContent/Maps/Minimal_Default.Minimal_Default:PersistentLevel.Minimal_Default'
[2017.05.04-19.50.24:327][245]LogEditorViewport: Clicking on Actor (LMB): StaticMeshActor (Cube)
[2017.05.04-19.50.31:903][ 41]LogTemp: Repeting last play command: Selected Viewport
[2017.05.04-19.50.31:915][ 41]LogBlueprintUserMessages: Early PlayInEditor Detection: Level '/Game/StarterContent/Maps/Minimal_Default.Minimal_Default:PersistentLevel' has LevelScriptBlueprint '/Game/StarterContent/Maps/Minimal_Default.Minimal_Default:PersistentLevel.Minimal_Default' with GeneratedClass '/Game/StarterContent/Maps/Minimal_Default.Minimal_Default_C' with ClassGeneratedBy '/Game/StarterContent/Maps/Minimal_Default.Minimal_Default:PersistentLevel.Minimal_Default'
[2017.05.04-19.50.31:915][ 41]LogPlayLevel: PlayLevel: No blueprints needed recompiling
[2017.05.04-19.50.31:915][ 41]PIE: New page: PIE session: Minimal_Default (May 4, 2017, 5:50:31 AM)
[2017.05.04-19.50.31:915][ 41]LogPlayLevel: Creating play world package: /Game/StarterContent/Maps/UEDPIE_0_Minimal_Default
[2017.05.04-19.50.31:919][ 41]LogPlayLevel: PIE: StaticDuplicateObject took: (0.003107s)
[2017.05.04-19.50.31:919][ 41]LogAIModule: Creating AISystem for world Minimal_Default
[2017.05.04-19.50.31:919][ 41]LogPlayLevel: PIE: World Init took: (0.000664s)
[2017.05.04-19.50.31:919][ 41]LogPlayLevel: PIE: Created PIE world by copying editor world from /Game/StarterContent/Maps/Minimal_Default.Minimal_Default to /Game/StarterContent/Maps/UEDPIE_0_Minimal_Default.Minimal_Default (0.004075s)
[2017.05.04-19.50.31:938][ 41]LogInit: XAudio2 using 'Headphones (High Definition Audio Device)' : 2 channels at 44.1 kHz using 16 bits per sample (channel mask 0x3)
[2017.05.04-19.50.31:942][ 41]LogInit: FAudioDevice initialized.
[2017.05.04-19.50.31:969][ 41]LogLoad: Game class is 'MarketBluePrint_C'
[2017.05.04-19.50.31:972][ 41]LogWorld: Bringing World /Game/StarterContent/Maps/UEDPIE_0_Minimal_Default.Minimal_Default up for play (max tick rate 0) at 2017.05.04-12.50.31
[2017.05.04-19.50.31:972][ 41]LogWorld: Bringing up level for play took: 0.001434
[2017.05.04-19.50.31:973][ 41]PIE: Info Play in editor start time for /Game/StarterContent/Maps/UEDPIE_0_Minimal_Default -0.557
[2017.05.04-19.50.31:974][ 41]LogBlueprintUserMessages: Late PlayInEditor Detection: Level '/Game/StarterContent/Maps/Minimal_Default.Minimal_Default:PersistentLevel' has LevelScriptBlueprint '/Game/StarterContent/Maps/Minimal_Default.Minimal_Default:PersistentLevel.Minimal_Default' with GeneratedClass '/Game/StarterContent/Maps/Minimal_Default.Minimal_Default_C' with ClassGeneratedBy '/Game/StarterContent/Maps/Minimal_Default.Minimal_Default:PersistentLevel.Minimal_Default'
[2017.05.04-19.50.55:780][894]LogBlueprintUserMessages: Early EndPlayMap Detection: Level '/Game/StarterContent/Maps/Minimal_Default.Minimal_Default:PersistentLevel' has LevelScriptBlueprint '/Game/StarterContent/Maps/Minimal_Default.Minimal_Default:PersistentLevel.Minimal_Default' with GeneratedClass '/Game/StarterContent/Maps/Minimal_Default.Minimal_Default_C' with ClassGeneratedBy '/Game/StarterContent/Maps/Minimal_Default.Minimal_Default:PersistentLevel.Minimal_Default'
[2017.05.04-19.50.55:847][894]LogBlueprintUserMessages: Late EndPlayMap Detection: Level '/Game/StarterContent/Maps/Minimal_Default.Minimal_Default:PersistentLevel' has LevelScriptBlueprint '/Game/StarterContent/Maps/Minimal_Default.Minimal_Default:PersistentLevel.Minimal_Default' with GeneratedClass '/Game/StarterContent/Maps/Minimal_Default.Minimal_Default_C' with ClassGeneratedBy '/Game/StarterContent/Maps/Minimal_Default.Minimal_Default:PersistentLevel.Minimal_Default'
[2017.05.04-19.51.21:408][300]BlueprintLog: New page: Compile PlayerController
[2017.05.04-19.51.21:854][326]LogSavePackage: Save=43.88ms
[2017.05.04-19.51.21:854][326]LogSavePackage: Moving '../../../../../../Users/xavier.melton/Desktop/DOTI_AIE_Y1_FINAL/DOTI_AIE_Y1_FINAL/DOTI_AIE_Y1_FINAL/Saved/PlayerControllerB472F6F1401FBF9C6BAD33AC40BF635E.tmp' to '../../../../../../Users/xavier.melton/Desktop/DOTI_AIE_Y1_FINAL/DOTI_AIE_Y1_FINAL/DOTI_AIE_Y1_FINAL/Content/MattsStuff/PlayerController.uasset'
[2017.05.04-19.51.21:855][326]LogSavePackage:Display: Finished SavePackage ../../../../../../Users/xavier.melton/Desktop/DOTI_AIE_Y1_FINAL/DOTI_AIE_Y1_FINAL/DOTI_AIE_Y1_FINAL/Content/MattsStuff/PlayerController.uasset
[2017.05.04-19.51.22:605][414]LogEditorViewport: Clicking on Actor (LMB): BP_Sky_Sphere_C (BP_Sky_Sphere)
[2017.05.04-19.51.24:078][577]LogTemp: Repeting last play command: Selected Viewport
[2017.05.04-19.51.24:089][577]LogBlueprintUserMessages: Early PlayInEditor Detection: Level '/Game/StarterContent/Maps/Minimal_Default.Minimal_Default:PersistentLevel' has LevelScriptBlueprint '/Game/StarterContent/Maps/Minimal_Default.Minimal_Default:PersistentLevel.Minimal_Default' with GeneratedClass '/Game/StarterContent/Maps/Minimal_Default.Minimal_Default_C' with ClassGeneratedBy '/Game/StarterContent/Maps/Minimal_Default.Minimal_Default:PersistentLevel.Minimal_Default'
[2017.05.04-19.51.24:090][577]LogPlayLevel: PlayLevel: No blueprints needed recompiling
[2017.05.04-19.51.24:090][577]PIE: New page: PIE session: Minimal_Default (May 4, 2017, 5:51:24 AM)
[2017.05.04-19.51.24:090][577]LogPlayLevel: Creating play world package: /Game/StarterContent/Maps/UEDPIE_0_Minimal_Default
[2017.05.04-19.51.24:093][577]LogPlayLevel: PIE: StaticDuplicateObject took: (0.003081s)
[2017.05.04-19.51.24:093][577]LogAIModule: Creating AISystem for world Minimal_Default
[2017.05.04-19.51.24:094][577]LogPlayLevel: PIE: World Init took: (0.000658s)
[2017.05.04-19.51.24:094][577]LogPlayLevel: PIE: Created PIE world by copying editor world from /Game/StarterContent/Maps/Minimal_Default.Minimal_Default to /Game/StarterContent/Maps/UEDPIE_0_Minimal_Default.Minimal_Default (0.003931s)
[2017.05.04-19.51.24:112][577]LogInit: XAudio2 using 'Headphones (High Definition Audio Device)' : 2 channels at 44.1 kHz using 16 bits per sample (channel mask 0x3)
[2017.05.04-19.51.24:117][577]LogInit: FAudioDevice initialized.
[2017.05.04-19.51.24:143][577]LogLoad: Game class is 'MarketBluePrint_C'
[2017.05.04-19.51.24:146][577]LogWorld: Bringing World /Game/StarterContent/Maps/UEDPIE_0_Minimal_Default.Minimal_Default up for play (max tick rate 0) at 2017.05.04-12.51.24
[2017.05.04-19.51.24:146][577]LogWorld: Bringing up level for play took: 0.001450
[2017.05.04-19.51.24:147][577]PIE: Info Play in editor start time for /Game/StarterContent/Maps/UEDPIE_0_Minimal_Default -0.386
[2017.05.04-19.51.24:148][577]LogBlueprintUserMessages: Late PlayInEditor Detection: Level '/Game/StarterContent/Maps/Minimal_Default.Minimal_Default:PersistentLevel' has LevelScriptBlueprint '/Game/StarterContent/Maps/Minimal_Default.Minimal_Default:PersistentLevel.Minimal_Default' with GeneratedClass '/Game/StarterContent/Maps/Minimal_Default.Minimal_Default_C' with ClassGeneratedBy '/Game/StarterContent/Maps/Minimal_Default.Minimal_Default:PersistentLevel.Minimal_Default'
[2017.05.04-19.51.43:053][842]LogBlueprintUserMessages: Early EndPlayMap Detection: Level '/Game/StarterContent/Maps/Minimal_Default.Minimal_Default:PersistentLevel' has LevelScriptBlueprint '/Game/StarterContent/Maps/Minimal_Default.Minimal_Default:PersistentLevel.Minimal_Default' with GeneratedClass '/Game/StarterContent/Maps/Minimal_Default.Minimal_Default_C' with ClassGeneratedBy '/Game/StarterContent/Maps/Minimal_Default.Minimal_Default:PersistentLevel.Minimal_Default'
[2017.05.04-19.51.43:098][842]LogBlueprintUserMessages: Late EndPlayMap Detection: Level '/Game/StarterContent/Maps/Minimal_Default.Minimal_Default:PersistentLevel' has LevelScriptBlueprint '/Game/StarterContent/Maps/Minimal_Default.Minimal_Default:PersistentLevel.Minimal_Default' with GeneratedClass '/Game/StarterContent/Maps/Minimal_Default.Minimal_Default_C' with ClassGeneratedBy '/Game/StarterContent/Maps/Minimal_Default.Minimal_Default:PersistentLevel.Minimal_Default'
[2017.05.04-19.51.44:572][  5]LogEditorViewport: Clicking on Actor (LMB): StaticMeshActor (Cube)
[2017.05.04-19.51.45:402][ 94]Cmd: DELETE
[2017.05.04-19.51.45:402][ 94]Cmd: ACTOR DELETE
[2017.05.04-19.51.45:402][ 94]LogEditorActor: Deleted Actor: StaticMeshActor
[2017.05.04-19.51.45:417][ 94]LogEditorActor: Deleted 1 Actors (0.015 secs)
[2017.05.04-19.51.50:865][742]LogActorFactory: Actor Factory created Sphere
[2017.05.04-19.51.51:299][793]LogActorFactory: Actor Factory created Sphere
[2017.05.04-19.52.12:039][ 78]LogTemp: Repeting last play command: Selected Viewport
[2017.05.04-19.52.12:051][ 78]LogBlueprintUserMessages: Early PlayInEditor Detection: Level '/Game/StarterContent/Maps/Minimal_Default.Minimal_Default:PersistentLevel' has LevelScriptBlueprint '/Game/StarterContent/Maps/Minimal_Default.Minimal_Default:PersistentLevel.Minimal_Default' with GeneratedClass '/Game/StarterContent/Maps/Minimal_Default.Minimal_Default_C' with ClassGeneratedBy '/Game/StarterContent/Maps/Minimal_Default.Minimal_Default:PersistentLevel.Minimal_Default'
[2017.05.04-19.52.12:051][ 78]LogPlayLevel: PlayLevel: No blueprints needed recompiling
[2017.05.04-19.52.12:051][ 78]PIE: New page: PIE session: Minimal_Default (May 4, 2017, 5:52:12 AM)
[2017.05.04-19.52.12:051][ 78]LogPlayLevel: Creating play world package: /Game/StarterContent/Maps/UEDPIE_0_Minimal_Default
[2017.05.04-19.52.12:054][ 78]LogPlayLevel: PIE: StaticDuplicateObject took: (0.003023s)
[2017.05.04-19.52.12:055][ 78]LogAIModule: Creating AISystem for world Minimal_Default
[2017.05.04-19.52.12:055][ 78]LogPlayLevel: PIE: World Init took: (0.000674s)
[2017.05.04-19.52.12:055][ 78]LogPlayLevel: PIE: Created PIE world by copying editor world from /Game/StarterContent/Maps/Minimal_Default.Minimal_Default to /Game/StarterContent/Maps/UEDPIE_0_Minimal_Default.Minimal_Default (0.003898s)
[2017.05.04-19.52.12:074][ 78]LogInit: XAudio2 using 'Headphones (High Definition Audio Device)' : 2 channels at 44.1 kHz using 16 bits per sample (channel mask 0x3)
[2017.05.04-19.52.12:079][ 78]LogInit: FAudioDevice initialized.
[2017.05.04-19.52.12:105][ 78]LogLoad: Game class is 'MarketBluePrint_C'
[2017.05.04-19.52.12:108][ 78]LogWorld: Bringing World /Game/StarterContent/Maps/UEDPIE_0_Minimal_Default.Minimal_Default up for play (max tick rate 0) at 2017.05.04-12.52.12
[2017.05.04-19.52.12:108][ 78]LogWorld: Bringing up level for play took: 0.001403
[2017.05.04-19.52.12:109][ 78]PIE: Info Play in editor start time for /Game/StarterContent/Maps/UEDPIE_0_Minimal_Default -0.427
[2017.05.04-19.52.12:110][ 78]LogBlueprintUserMessages: Late PlayInEditor Detection: Level '/Game/StarterContent/Maps/Minimal_Default.Minimal_Default:PersistentLevel' has LevelScriptBlueprint '/Game/StarterContent/Maps/Minimal_Default.Minimal_Default:PersistentLevel.Minimal_Default' with GeneratedClass '/Game/StarterContent/Maps/Minimal_Default.Minimal_Default_C' with ClassGeneratedBy '/Game/StarterContent/Maps/Minimal_Default.Minimal_Default:PersistentLevel.Minimal_Default'
[2017.05.04-19.52.23:165][401]LogBlueprintUserMessages: Early EndPlayMap Detection: Level '/Game/StarterContent/Maps/Minimal_Default.Minimal_Default:PersistentLevel' has LevelScriptBlueprint '/Game/StarterContent/Maps/Minimal_Default.Minimal_Default:PersistentLevel.Minimal_Default' with GeneratedClass '/Game/StarterContent/Maps/Minimal_Default.Minimal_Default_C' with ClassGeneratedBy '/Game/StarterContent/Maps/Minimal_Default.Minimal_Default:PersistentLevel.Minimal_Default'
[2017.05.04-19.52.23:233][401]LogBlueprintUserMessages: Late EndPlayMap Detection: Level '/Game/StarterContent/Maps/Minimal_Default.Minimal_Default:PersistentLevel' has LevelScriptBlueprint '/Game/StarterContent/Maps/Minimal_Default.Minimal_Default:PersistentLevel.Minimal_Default' with GeneratedClass '/Game/StarterContent/Maps/Minimal_Default.Minimal_Default_C' with ClassGeneratedBy '/Game/StarterContent/Maps/Minimal_Default.Minimal_Default:PersistentLevel.Minimal_Default'
[2017.05.04-19.52.31:431][314]LogTemp: Repeting last play command: Selected Viewport
[2017.05.04-19.52.31:442][314]LogBlueprintUserMessages: Early PlayInEditor Detection: Level '/Game/StarterContent/Maps/Minimal_Default.Minimal_Default:PersistentLevel' has LevelScriptBlueprint '/Game/StarterContent/Maps/Minimal_Default.Minimal_Default:PersistentLevel.Minimal_Default' with GeneratedClass '/Game/StarterContent/Maps/Minimal_Default.Minimal_Default_C' with ClassGeneratedBy '/Game/StarterContent/Maps/Minimal_Default.Minimal_Default:PersistentLevel.Minimal_Default'
[2017.05.04-19.52.31:442][314]LogPlayLevel: PlayLevel: No blueprints needed recompiling
[2017.05.04-19.52.31:442][314]PIE: New page: PIE session: Minimal_Default (May 4, 2017, 5:52:31 AM)
[2017.05.04-19.52.31:443][314]LogPlayLevel: Creating play world package: /Game/StarterContent/Maps/UEDPIE_0_Minimal_Default
[2017.05.04-19.52.31:446][314]LogPlayLevel: PIE: StaticDuplicateObject took: (0.003172s)
[2017.05.04-19.52.31:446][314]LogAIModule: Creating AISystem for world Minimal_Default
[2017.05.04-19.52.31:446][314]LogPlayLevel: PIE: World Init took: (0.000662s)
[2017.05.04-19.52.31:447][314]LogPlayLevel: PIE: Created PIE world by copying editor world from /Game/StarterContent/Maps/Minimal_Default.Minimal_Default to /Game/StarterContent/Maps/UEDPIE_0_Minimal_Default.Minimal_Default (0.004034s)
[2017.05.04-19.52.31:464][314]LogInit: XAudio2 using 'Headphones (High Definition Audio Device)' : 2 channels at 44.1 kHz using 16 bits per sample (channel mask 0x3)
[2017.05.04-19.52.31:469][314]LogInit: FAudioDevice initialized.
[2017.05.04-19.52.31:498][314]LogLoad: Game class is 'MarketBluePrint_C'
[2017.05.04-19.52.31:501][314]LogWorld: Bringing World /Game/StarterContent/Maps/UEDPIE_0_Minimal_Default.Minimal_Default up for play (max tick rate 0) at 2017.05.04-12.52.31
[2017.05.04-19.52.31:501][314]LogWorld: Bringing up level for play took: 0.001421
[2017.05.04-19.52.31:502][314]PIE: Info Play in editor start time for /Game/StarterContent/Maps/UEDPIE_0_Minimal_Default 0.965
[2017.05.04-19.52.31:503][314]LogBlueprintUserMessages: Late PlayInEditor Detection: Level '/Game/StarterContent/Maps/Minimal_Default.Minimal_Default:PersistentLevel' has LevelScriptBlueprint '/Game/StarterContent/Maps/Minimal_Default.Minimal_Default:PersistentLevel.Minimal_Default' with GeneratedClass '/Game/StarterContent/Maps/Minimal_Default.Minimal_Default_C' with ClassGeneratedBy '/Game/StarterContent/Maps/Minimal_Default.Minimal_Default:PersistentLevel.Minimal_Default'
[2017.05.04-19.52.51:784][744]LogBlueprintUserMessages: Early EndPlayMap Detection: Level '/Game/StarterContent/Maps/Minimal_Default.Minimal_Default:PersistentLevel' has LevelScriptBlueprint '/Game/StarterContent/Maps/Minimal_Default.Minimal_Default:PersistentLevel.Minimal_Default' with GeneratedClass '/Game/StarterContent/Maps/Minimal_Default.Minimal_Default_C' with ClassGeneratedBy '/Game/StarterContent/Maps/Minimal_Default.Minimal_Default:PersistentLevel.Minimal_Default'
[2017.05.04-19.52.51:849][744]LogBlueprintUserMessages: Late EndPlayMap Detection: Level '/Game/StarterContent/Maps/Minimal_Default.Minimal_Default:PersistentLevel' has LevelScriptBlueprint '/Game/StarterContent/Maps/Minimal_Default.Minimal_Default:PersistentLevel.Minimal_Default' with GeneratedClass '/Game/StarterContent/Maps/Minimal_Default.Minimal_Default_C' with ClassGeneratedBy '/Game/StarterContent/Maps/Minimal_Default.Minimal_Default:PersistentLevel.Minimal_Default'
[2017.05.04-19.52.53:886][961]LogSavePackage: Save=104.53ms
[2017.05.04-19.52.53:886][961]LogSavePackage: Moving '../../../../../../Users/xavier.melton/Desktop/DOTI_AIE_Y1_FINAL/DOTI_AIE_Y1_FINAL/DOTI_AIE_Y1_FINAL/Saved/Minimal_Default87B4ACDE40BA06AF65844180D72CB1A3.tmp' to '../../../../../../Users/xavier.melton/Desktop/DOTI_AIE_Y1_FINAL/DOTI_AIE_Y1_FINAL/DOTI_AIE_Y1_FINAL/Content/StarterContent/Maps/Minimal_Default.umap'
[2017.05.04-19.52.53:887][961]LogSavePackage:Display: Finished SavePackage ../../../../../../Users/xavier.melton/Desktop/DOTI_AIE_Y1_FINAL/DOTI_AIE_Y1_FINAL/DOTI_AIE_Y1_FINAL/Content/StarterContent/Maps/Minimal_Default.umap
[2017.05.04-19.52.53:960][961]LogSavePackage: Save=49.53ms
[2017.05.04-19.52.53:960][961]LogSavePackage: Moving '../../../../../../Users/xavier.melton/Desktop/DOTI_AIE_Y1_FINAL/DOTI_AIE_Y1_FINAL/DOTI_AIE_Y1_FINAL/Saved/Minimal_Default_BuiltDataA67B85CF42935342C7269BA28F75F7B6.tmp' to '../../../../../../Users/xavier.melton/Desktop/DOTI_AIE_Y1_FINAL/DOTI_AIE_Y1_FINAL/DOTI_AIE_Y1_FINAL/Content/StarterContent/Maps/Minimal_Default_BuiltData.uasset'
[2017.05.04-19.52.53:962][961]LogSavePackage:Display: Finished SavePackage ../../../../../../Users/xavier.melton/Desktop/DOTI_AIE_Y1_FINAL/DOTI_AIE_Y1_FINAL/DOTI_AIE_Y1_FINAL/Content/StarterContent/Maps/Minimal_Default_BuiltData.uasset
[2017.05.04-19.52.57:348][302]Cmd: QUIT_EDITOR
[2017.05.04-19.52.57:399][302]LogExit: Preparing to exit.
[2017.05.04-19.52.58:091][302]LogDirectoryWatcher: A directory notification for 'C:/Users/xavier.melton/Desktop/DOTI_AIE_Y1_FINAL/DOTI_AIE_Y1_FINAL/DOTI_AIE_Y1_FINAL/Content/' was aborted.
[2017.05.04-19.52.58:120][302]LogExit: Editor shut down
[2017.05.04-19.52.58:120][302]LogExit: Transaction tracking system shut down
[2017.05.04-19.52.58:212][302]LogObj: Freed 0b from 0 cluster array pools.
[2017.05.04-19.52.58:213][302]LogExit: Object subsystem successfully closed.
[2017.05.04-19.52.58:229][302]LogD3D11RHI: Shutdown
[2017.05.04-19.52.58:229][302]LogD3D11RHI: CleanupD3DDevice
[2017.05.04-19.52.58:285][302]LogD3D11RHI: ~FD3D11DynamicRHI
[2017.05.04-19.52.58:297][302]LogModuleManager: Shutting down and abandoning module BlueprintGraph (504)
[2017.05.04-19.52.58:297][302]LogModuleManager: Shutting down and abandoning module BlueprintProfiler (502)
[2017.05.04-19.52.58:297][302]LogModuleManager: Shutting down and abandoning module MovieSceneCapture (500)
[2017.05.04-19.52.58:297][302]LogModuleManager: Shutting down and abandoning module HierarchicalLODOutliner (498)
[2017.05.04-19.52.58:297][302]LogModuleManager: Shutting down and abandoning module CrashTracker (496)
[2017.05.04-19.52.58:297][302]LogModuleManager: Shutting down and abandoning module SceneOutliner (494)
[2017.05.04-19.52.58:297][302]LogModuleManager: Shutting down and abandoning module AddContentDialog (492)
[2017.05.04-19.52.58:297][302]LogDirectoryWatcher: A directory notification for 'C:/Program Files (x86)/Epic Games/4.15/FeaturePacks/' was aborted.
[2017.05.04-19.52.58:298][302]LogModuleManager: Shutting down and abandoning module WidgetCarousel (491)
[2017.05.04-19.52.58:298][302]LogModuleManager: Shutting down and abandoning module EditorWidgets (488)
[2017.05.04-19.52.58:298][302]LogModuleManager: Shutting down and abandoning module CollectionManager (486)
[2017.05.04-19.52.58:298][302]LogDirectoryWatcher: A directory notification for 'C:/Users/xavier.melton/Desktop/DOTI_AIE_Y1_FINAL/DOTI_AIE_Y1_FINAL/DOTI_AIE_Y1_FINAL/Content/Collections/' was aborted.
[2017.05.04-19.52.58:298][302]LogDirectoryWatcher: A directory notification for 'C:/Users/xavier.melton/Desktop/DOTI_AIE_Y1_FINAL/DOTI_AIE_Y1_FINAL/DOTI_AIE_Y1_FINAL/Content/Developers/xaviermelton/Collections/' was aborted.
[2017.05.04-19.52.58:298][302]LogDirectoryWatcher: A directory notification for 'C:/Users/xavier.melton/Desktop/DOTI_AIE_Y1_FINAL/DOTI_AIE_Y1_FINAL/DOTI_AIE_Y1_FINAL/Saved/Collections/' was aborted.
[2017.05.04-19.52.58:298][302]LogModuleManager: Shutting down and abandoning module StatsViewer (484)
[2017.05.04-19.52.58:298][302]LogModuleManager: Shutting down and abandoning module FoliageEdit (482)
[2017.05.04-19.52.58:298][302]LogModuleManager: Shutting down and abandoning module LandscapeEditor (480)
[2017.05.04-19.52.58:298][302]LogModuleManager: Shutting down and abandoning module SceneDepthPickerMode (478)
[2017.05.04-19.52.58:298][302]LogModuleManager: Shutting down and abandoning module ActorPickerMode (476)
[2017.05.04-19.52.58:298][302]LogModuleManager: Shutting down and abandoning module GeometryMode (474)
[2017.05.04-19.52.58:298][302]LogModuleManager: Shutting down and abandoning module TextureAlignMode (472)
[2017.05.04-19.52.58:298][302]LogModuleManager: Shutting down and abandoning module BspMode (470)
[2017.05.04-19.52.58:298][302]LogModuleManager: Shutting down and abandoning module HardwareSurvey (468)
[2017.05.04-19.52.58:298][302]LogModuleManager: Shutting down and abandoning module SequenceRecorderSections (466)
[2017.05.04-19.52.58:298][302]LogModuleManager: Shutting down and abandoning module AutomationWorker (464)
[2017.05.04-19.52.58:298][302]LogModuleManager: Shutting down and abandoning module MatineeToLevelSequence (462)
[2017.05.04-19.52.58:298][302]LogModuleManager: Shutting down and abandoning module LevelSequenceEditor (460)
[2017.05.04-19.52.58:298][302]LogModuleManager: Shutting down and abandoning module PlacementMode (459)
[2017.05.04-19.52.58:298][302]LogModuleManager: Shutting down and abandoning module WmfMediaFactory (456)
[2017.05.04-19.52.58:298][302]LogModuleManager: Shutting down and abandoning module WmfMediaEditor (454)
[2017.05.04-19.52.58:298][302]LogModuleManager: Shutting down and abandoning module MfMediaFactory (452)
[2017.05.04-19.52.58:298][302]LogModuleManager: Shutting down and abandoning module MfMediaEditor (450)
[2017.05.04-19.52.58:298][302]LogModuleManager: Shutting down and abandoning module AvfMediaFactory (448)
[2017.05.04-19.52.58:298][302]LogModuleManager: Shutting down and abandoning module AvfMediaEditor (446)
[2017.05.04-19.52.58:298][302]LogModuleManager: Shutting down and abandoning module AndroidMediaFactory (444)
[2017.05.04-19.52.58:298][302]LogModuleManager: Shutting down and abandoning module Media (443)
[2017.05.04-19.52.58:298][302]LogModuleManager: Shutting down and abandoning module AndroidMediaEditor (440)
[2017.05.04-19.52.58:298][302]LogModuleManager: Shutting down and abandoning module CharacterAI (438)
[2017.05.04-19.52.58:298][302]LogModuleManager: Shutting down and abandoning module AudioCapture (436)
[2017.05.04-19.52.58:298][302]LogModuleManager: Shutting down and abandoning module SequenceRecorder (435)
[2017.05.04-19.52.58:298][302]LogModuleManager: Shutting down and abandoning module SmartSnapping (432)
[2017.05.04-19.52.58:298][302]LogModuleManager: Shutting down and abandoning module SessionServices (430)
[2017.05.04-19.52.58:298][302]LogModuleManager: Shutting down and abandoning module ViewportSnapping (428)
[2017.05.04-19.52.58:298][302]LogModuleManager: Shutting down and abandoning module ViewportInteraction (426)
[2017.05.04-19.52.58:298][302]LogModuleManager: Shutting down and abandoning module LogVisualizer (424)
[2017.05.04-19.52.58:299][302]LogModuleManager: Shutting down and abandoning module IntroTutorials (422)
[2017.05.04-19.52.58:299][302]LogModuleManager: Shutting down and abandoning module GameProjectGeneration (421)
[2017.05.04-19.52.58:299][302]LogModuleManager: Shutting down and abandoning module EditorLiveStreaming (418)
[2017.05.04-19.52.58:299][302]LogModuleManager: Shutting down and abandoning module IOSPlatformEditor (416)
[2017.05.04-19.52.58:299][302]LogModuleManager: Shutting down and abandoning module HTML5PlatformEditor (414)
[2017.05.04-19.52.58:299][302]LogModuleManager: Shutting down and abandoning module AndroidPlatformEditor (412)
[2017.05.04-19.52.58:299][302]LogModuleManager: Shutting down and abandoning module AndroidDeviceDetection (411)
[2017.05.04-19.52.58:667][302]LogModuleManager: Shutting down and abandoning module IOSRuntimeSettings (408)
[2017.05.04-19.52.58:667][302]LogModuleManager: Shutting down and abandoning module AndroidRuntimeSettings (406)
[2017.05.04-19.52.58:667][302]LogModuleManager: Shutting down and abandoning module InputBindingEditor (404)
[2017.05.04-19.52.58:667][302]LogModuleManager: Shutting down and abandoning module NiagaraEditor (402)
[2017.05.04-19.52.58:667][302]LogModuleManager: Shutting down and abandoning module MergeActors (400)
[2017.05.04-19.52.58:667][302]LogModuleManager: Shutting down and abandoning module SizeMap (398)
[2017.05.04-19.52.58:667][302]LogModuleManager: Shutting down and abandoning module TreeMap (396)
[2017.05.04-19.52.58:667][302]LogModuleManager: Shutting down and abandoning module ReferenceViewer (394)
[2017.05.04-19.52.58:667][302]LogModuleManager: Shutting down and abandoning module LocalizationDashboard (392)
[2017.05.04-19.52.58:667][302]LogModuleManager: Shutting down and abandoning module LocalizationService (391)
[2017.05.04-19.52.58:667][302]LogModuleManager: Shutting down and abandoning module HardwareTargeting (388)
[2017.05.04-19.52.58:667][302]LogModuleManager: Shutting down and abandoning module DeviceProfileEditor (386)
[2017.05.04-19.52.58:667][302]LogModuleManager: Shutting down and abandoning module UndoHistory (384)
[2017.05.04-19.52.58:667][302]LogModuleManager: Shutting down and abandoning module UserFeedback (382)
[2017.05.04-19.52.58:667][302]LogModuleManager: Shutting down and abandoning module XmlParser (380)
[2017.05.04-19.52.58:667][302]LogModuleManager: Shutting down and abandoning module Blutility (378)
[2017.05.04-19.52.58:667][302]LogModuleManager: Shutting down and abandoning module ProjectSettingsViewer (376)
[2017.05.04-19.52.58:667][302]LogModuleManager: Shutting down and abandoning module ProjectTargetPlatformEditor (375)
[2017.05.04-19.52.58:667][302]LogModuleManager: Shutting down and abandoning module EditorSettingsViewer (372)
[2017.05.04-19.52.58:667][302]LogModuleManager: Shutting down and abandoning module SettingsEditor (370)
[2017.05.04-19.52.58:667][302]LogModuleManager: Shutting down and abandoning module ProjectLauncher (368)
[2017.05.04-19.52.58:668][302]LogModuleManager: Shutting down and abandoning module SessionFrontend (366)
[2017.05.04-19.52.58:668][302]LogModuleManager: Shutting down and abandoning module ProfilerClient (364)
[2017.05.04-19.52.58:668][302]LogModuleManager: Shutting down and abandoning module DeviceManager (362)
[2017.05.04-19.52.58:668][302]LogModuleManager: Shutting down and abandoning module TargetDeviceServices (361)
[2017.05.04-19.52.58:708][302]LogModuleManager: Shutting down and abandoning module AutomationController (358)
[2017.05.04-19.52.58:708][302]LogModuleManager: Shutting down and abandoning module AutomationWindow (356)
[2017.05.04-19.52.58:708][302]LogModuleManager: Shutting down and abandoning module Layers (354)
[2017.05.04-19.52.58:708][302]LogModuleManager: Shutting down and abandoning module ComponentVisualizers (352)
[2017.05.04-19.52.58:708][302]LogModuleManager: Shutting down and abandoning module DetailCustomizations (350)
[2017.05.04-19.52.58:708][302]LogModuleManager: Shutting down and abandoning module PackagesDialog (348)
[2017.05.04-19.52.58:708][302]LogModuleManager: Shutting down and abandoning module Persona (346)
[2017.05.04-19.52.58:708][302]LogModuleManager: Shutting down and abandoning module AnimGraph (345)
[2017.05.04-19.52.58:708][302]LogModuleManager: Shutting down and abandoning module Kismet (342)
[2017.05.04-19.52.58:715][302]LogModuleManager: Shutting down and abandoning module GraphEditor (340)
[2017.05.04-19.52.58:715][302]LogModuleManager: Shutting down and abandoning module ClassViewer (338)
[2017.05.04-19.52.58:715][302]LogModuleManager: Shutting down and abandoning module Toolbox (336)
[2017.05.04-19.52.58:715][302]LogModuleManager: Shutting down and abandoning module ModuleUI (334)
[2017.05.04-19.52.58:715][302]LogModuleManager: Shutting down and abandoning module MovieSceneTools (332)
[2017.05.04-19.52.58:715][302]LogModuleManager: Shutting down and abandoning module OutputLog (330)
[2017.05.04-19.52.58:715][302]LogModuleManager: Shutting down and abandoning module GammaUI (328)
[2017.05.04-19.52.58:715][302]LogModuleManager: Shutting down and abandoning module Documentation (326)
[2017.05.04-19.52.58:715][302]LogModuleManager: Shutting down and abandoning module Niagara (324)
[2017.05.04-19.52.58:715][302]LogModuleManager: Shutting down and abandoning module StreamingPauseRendering (322)
[2017.05.04-19.52.58:715][302]LogModuleManager: Shutting down and abandoning module AnalyticsET (320)
[2017.05.04-19.52.58:715][302]LogModuleManager: Shutting down and abandoning module PortalServices (318)
[2017.05.04-19.52.58:715][302]LogModuleManager: Shutting down and abandoning module PortalRpc (316)
[2017.05.04-19.52.58:715][302]LogModuleManager: Shutting down and abandoning module MessagingRpc (314)
[2017.05.04-19.52.58:715][302]LogModuleManager: Shutting down and abandoning module AIModule (312)
[2017.05.04-19.52.58:715][302]LogModuleManager: Shutting down and abandoning module GameplayDebugger (311)
[2017.05.04-19.52.58:715][302]LogModuleManager: Shutting down and abandoning module AITestSuite (309)
[2017.05.04-19.52.58:715][302]LogModuleManager: Shutting down and abandoning module ProfilerService (306)
[2017.05.04-19.52.58:867][302]LogModuleManager: Shutting down and abandoning module TaskGraph (304)
[2017.05.04-19.52.58:867][302]LogModuleManager: Shutting down and abandoning module SteamVRController (302)
[2017.05.04-19.52.58:867][302]LogModuleManager: Shutting down and abandoning module SteamVR (300)
[2017.05.04-19.52.58:867][302]LogModuleManager: Shutting down and abandoning module ProceduralMeshComponentEditor (298)
[2017.05.04-19.52.58:867][302]LogModuleManager: Shutting down and abandoning module ProceduralMeshComponent (296)
[2017.05.04-19.52.58:867][302]LogModuleManager: Shutting down and abandoning module OculusLibrary (294)
[2017.05.04-19.52.58:867][302]LogModuleManager: Shutting down and abandoning module OculusInput (292)
[2017.05.04-19.52.58:867][302]LogModuleManager: Shutting down and abandoning module MobilePatchingUtils (290)
[2017.05.04-19.52.58:867][302]LogModuleManager: Shutting down and abandoning module CustomMeshComponent (288)
[2017.05.04-19.52.58:867][302]LogModuleManager: Shutting down and abandoning module CableComponent (286)
[2017.05.04-19.52.58:867][302]LogModuleManager: Shutting down and abandoning module ArchVisCharacter (284)
[2017.05.04-19.52.58:867][302]LogModuleManager: Shutting down and abandoning module MediaPlayerEditor (280)
[2017.05.04-19.52.58:867][302]LogModuleManager: Shutting down and abandoning module HTML5Networking (278)
[2017.05.04-19.52.58:867][302]LogModuleManager: Shutting down and abandoning module AlembicImporter (276)
[2017.05.04-19.52.58:867][302]LogModuleManager: Shutting down and abandoning module AlembicLibrary (275)
[2017.05.04-19.52.58:867][302]LogModuleManager: Shutting down and abandoning module GeometryCache (274)
[2017.05.04-19.52.58:867][302]LogModuleManager: Shutting down and abandoning module GeometryCacheEd (273)
[2017.05.04-19.52.58:867][302]LogModuleManager: Shutting down and abandoning module SuperSearchEditor (268)
[2017.05.04-19.52.58:867][302]LogModuleManager: Shutting down and abandoning module SuperSearch (267)
[2017.05.04-19.52.58:867][302]LogModuleManager: Shutting down and abandoning module SpeedTreeImporter (264)
[2017.05.04-19.52.58:867][302]LogModuleManager: Shutting down and abandoning module PluginBrowser (262)
[2017.05.04-19.52.58:867][302]LogModuleManager: Shutting down and abandoning module MobileLauncherProfileWizard (260)
[2017.05.04-19.52.58:867][302]LogModuleManager: Shutting down and abandoning module EpicSurvey (258)
[2017.05.04-19.52.58:867][302]LogModuleManager: Shutting down and abandoning module VisualStudioSourceCodeAccess (256)
[2017.05.04-19.52.58:867][302]LogModuleManager: Shutting down and abandoning module DesktopPlatform (255)
[2017.05.04-19.52.58:867][302]LogModuleManager: Shutting down and abandoning module UObjectPlugin (252)
[2017.05.04-19.52.58:867][302]LogModuleManager: Shutting down and abandoning module SubversionSourceControl (250)
[2017.05.04-19.52.58:867][302]LogModuleManager: Shutting down and abandoning module PerforceSourceControl (248)
[2017.05.04-19.52.58:868][302]LogModuleManager: Shutting down and abandoning module GitSourceControl (246)
[2017.05.04-19.52.58:868][302]LogModuleManager: Shutting down and abandoning module SourceControl (245)
[2017.05.04-19.52.58:868][302]LogModuleManager: Shutting down and abandoning module LightPropagationVolumeEditor (242)
[2017.05.04-19.52.58:868][302]LogModuleManager: Shutting down and abandoning module PaperTiledImporter (240)
[2017.05.04-19.52.58:868][302]LogModuleManager: Shutting down and abandoning module PaperSpriteSheetImporter (238)
[2017.05.04-19.52.58:868][302]LogModuleManager: Shutting down and abandoning module Paper2DEditor (236)
[2017.05.04-19.52.58:868][302]LogModuleManager: Shutting down and abandoning module MeshPaint (235)
[2017.05.04-19.52.58:868][302]LogModuleManager: Shutting down and abandoning module LevelEditor (233)
[2017.05.04-19.52.58:868][302]LogModuleManager: Shutting down and abandoning module PixelInspectorModule (232)
[2017.05.04-19.52.58:868][302]LogModuleManager: Shutting down and abandoning module MainFrame (230)
[2017.05.04-19.52.58:869][302]LogModuleManager: Shutting down and abandoning module HotReload (229)
[2017.05.04-19.52.58:869][302]LogModuleManager: Shutting down and abandoning module ContentBrowser (225)
[2017.05.04-19.52.58:870][302]LogModuleManager: Shutting down and abandoning module PhysXVehiclesEditor (222)
[2017.05.04-19.52.58:870][302]LogModuleManager: Shutting down and abandoning module PhysXVehicles (220)
[2017.05.04-19.52.58:870][302]LogModuleManager: Shutting down and abandoning module LocationServicesBPLibrary (218)
[2017.05.04-19.52.58:870][302]LogModuleManager: Shutting down and abandoning module UdpMessaging (216)
[2017.05.04-19.52.58:970][302]LogModuleManager: Shutting down and abandoning module TcpMessaging (214)
[2017.05.04-19.52.59:070][302]LogModuleManager: Shutting down and abandoning module GameplayTagsEditor (212)
[2017.05.04-19.52.59:070][302]LogModuleManager: Shutting down and abandoning module FacialAnimationEditor (210)
[2017.05.04-19.52.59:070][302]LogModuleManager: Shutting down and abandoning module FacialAnimation (208)
[2017.05.04-19.52.59:070][302]LogModuleManager: Shutting down and abandoning module LightPropagationVolumeRuntime (206)
[2017.05.04-19.52.59:070][302]LogModuleManager: Shutting down and abandoning module Paper2D (204)
[2017.05.04-19.52.59:070][302]LogModuleManager: Shutting down and abandoning module WindowsMoviePlayer (202)
[2017.05.04-19.52.59:070][302]LogModuleManager: Shutting down and abandoning module WmfMedia (200)
[2017.05.04-19.52.59:070][302]LogModuleManager: Shutting down and abandoning module MfMedia (198)
[2017.05.04-19.52.59:070][302]LogModuleManager: Shutting down and abandoning module MediaAssets (196)
[2017.05.04-19.52.59:070][302]LogModuleManager: Shutting down and abandoning module GameLiveStreaming (194)
[2017.05.04-19.52.59:070][302]LogModuleManager: Shutting down and abandoning module VREditor (192)
[2017.05.04-19.52.59:070][302]LogModuleManager: Shutting down and abandoning module GameplayTasksEditor (190)
[2017.05.04-19.52.59:070][302]LogModuleManager: Shutting down and abandoning module BehaviorTreeEditor (188)
[2017.05.04-19.52.59:070][302]LogModuleManager: Shutting down and abandoning module FunctionalTesting (186)
[2017.05.04-19.52.59:070][302]LogModuleManager: Shutting down and abandoning module CollisionAnalyzer (184)
[2017.05.04-19.52.59:070][302]LogModuleManager: Shutting down and abandoning module UMG (182)
[2017.05.04-19.52.59:070][302]LogModuleManager: Shutting down and abandoning module UMGEditor (181)
[2017.05.04-19.52.59:070][302]LogModuleManager: Shutting down and abandoning module Sequencer (180)
[2017.05.04-19.52.59:070][302]LogModuleManager: Shutting down and abandoning module AssetTools (178)
[2017.05.04-19.52.59:070][302]LogModuleManager: Shutting down and abandoning module MessageLog (177)
[2017.05.04-19.52.59:070][302]LogModuleManager: Shutting down and abandoning module WorkspaceMenuStructure (176)
[2017.05.04-19.52.59:070][302]LogModuleManager: Shutting down and abandoning module SlateReflector (170)
[2017.05.04-19.52.59:070][302]LogModuleManager: Shutting down and abandoning module Slate (168)
[2017.05.04-19.52.59:070][302]LogModuleManager: Shutting down and abandoning module EditorStyle (166)
[2017.05.04-19.52.59:072][302]LogModuleManager: Shutting down and abandoning module SourceCodeAccess (164)
[2017.05.04-19.52.59:073][302]LogModuleManager: Shutting down and abandoning module HeadMountedDisplay (162)
[2017.05.04-19.52.59:073][302]LogModuleManager: Shutting down and abandoning module XAudio2 (160)
[2017.05.04-19.52.59:073][302]LogModuleManager: Shutting down and abandoning module Networking (158)
[2017.05.04-19.52.59:073][302]LogModuleManager: Shutting down and abandoning module Core (154)
[2017.05.04-19.52.59:073][302]LogModuleManager: Shutting down and abandoning module AssetRegistry (152)
[2017.05.04-19.52.59:194][302]LogDirectoryWatcher: A directory notification for '../../../Engine/Content/' was aborted.
[2017.05.04-19.52.59:194][302]LogDirectoryWatcher: A directory notification for '../../../../../../Users/xavier.melton/Desktop/DOTI_AIE_Y1_FINAL/DOTI_AIE_Y1_FINAL/DOTI_AIE_Y1_FINAL/Content/' was aborted.
[2017.05.04-19.52.59:194][302]LogDirectoryWatcher: A directory notification for '../../../Engine/Plugins/2D/Paper2D/Content/' was aborted.
[2017.05.04-19.52.59:194][302]LogModuleManager: Shutting down and abandoning module DirectoryWatcher (151)
[2017.05.04-19.52.59:195][302]LogModuleManager: Shutting down and abandoning module KismetCompiler (148)
[2017.05.04-19.52.59:195][302]LogModuleManager: Shutting down and abandoning module PhysXFormats (146)
[2017.05.04-19.52.59:195][302]LogModuleManager: Shutting down and abandoning module MeshUtilities (144)
[2017.05.04-19.52.59:195][302]LogModuleManager: Shutting down and abandoning module SimplygonSwarm (143)
[2017.05.04-19.52.59:195][302]LogModuleManager: Shutting down and abandoning module SimplygonMeshReduction (141)
[2017.05.04-19.52.59:195][302]LogModuleManager: Shutting down and abandoning module QuadricMeshReduction (139)
[2017.05.04-19.52.59:195][302]LogModuleManager: Shutting down and abandoning module PropertyEditor (137)
[2017.05.04-19.52.59:195][302]LogModuleManager: Shutting down and abandoning module DerivedDataCache (134)
[2017.05.04-19.52.59:278][302]LogDerivedDataCache: Shutdown
[2017.05.04-19.52.59:278][302]LogModuleManager: Shutting down and abandoning module TargetPlatform (132)
[2017.05.04-19.52.59:278][302]LogModuleManager: Shutting down and abandoning module VulkanShaderFormat (131)
[2017.05.04-19.52.59:278][302]LogModuleManager: Shutting down and abandoning module ShaderFormatOpenGL (129)
[2017.05.04-19.52.59:278][302]LogModuleManager: Shutting down and abandoning module ShaderFormatD3D (127)
[2017.05.04-19.52.59:278][302]LogModuleManager: Shutting down and abandoning module MetalShaderFormat (125)
[2017.05.04-19.52.59:278][302]LogModuleManager: Shutting down and abandoning module TextureFormatUncompressed (123)
[2017.05.04-19.52.59:278][302]LogModuleManager: Shutting down and abandoning module TextureFormatPVR (121)
[2017.05.04-19.52.59:278][302]LogModuleManager: Shutting down and abandoning module TextureFormatDXT (119)
[2017.05.04-19.52.59:278][302]LogModuleManager: Shutting down and abandoning module TextureFormatIntelISPCTexComp (117)
[2017.05.04-19.52.59:278][302]LogModuleManager: Shutting down and abandoning module TextureFormatASTC (115)
[2017.05.04-19.52.59:278][302]LogModuleManager: Shutting down and abandoning module ImageWrapper (114)
[2017.05.04-19.52.59:278][302]LogModuleManager: Shutting down and abandoning module TextureFormatAndroid (111)
[2017.05.04-19.52.59:278][302]LogModuleManager: Shutting down and abandoning module AudioFormatOpus (109)
[2017.05.04-19.52.59:278][302]LogModuleManager: Shutting down and abandoning module AudioFormatOgg (107)
[2017.05.04-19.52.59:278][302]LogModuleManager: Shutting down and abandoning module AudioFormatADPCM (105)
[2017.05.04-19.52.59:278][302]LogModuleManager: Shutting down and abandoning module LinuxTargetPlatform (103)
[2017.05.04-19.52.59:278][302]LogModuleManager: Shutting down and abandoning module LinuxServerTargetPlatform (101)
[2017.05.04-19.52.59:278][302]LogModuleManager: Shutting down and abandoning module LinuxNoEditorTargetPlatform (99)
[2017.05.04-19.52.59:278][302]LogModuleManager: Shutting down and abandoning module LinuxClientTargetPlatform (97)
[2017.05.04-19.52.59:278][302]LogModuleManager: Shutting down and abandoning module TVOSTargetPlatform (95)
[2017.05.04-19.52.59:278][302]LogModuleManager: Shutting down and abandoning module Messaging (93)
[2017.05.04-19.52.59:278][302]LogModuleManager: Shutting down and abandoning module IOSTargetPlatform (91)
[2017.05.04-19.52.59:278][302]LogModuleManager: Shutting down and abandoning module HTML5TargetPlatform (89)
[2017.05.04-19.52.59:278][302]LogModuleManager: Shutting down and abandoning module Android_PVRTCTargetPlatform (87)
[2017.05.04-19.52.59:278][302]LogModuleManager: Shutting down and abandoning module Android_MultiTargetPlatform (85)
[2017.05.04-19.52.59:278][302]LogModuleManager: Shutting down and abandoning module Android_ETC2TargetPlatform (83)
[2017.05.04-19.52.59:278][302]LogModuleManager: Shutting down and abandoning module Android_ETC1TargetPlatform (81)
[2017.05.04-19.52.59:278][302]LogModuleManager: Shutting down and abandoning module Android_DXTTargetPlatform (79)
[2017.05.04-19.52.59:278][302]LogModuleManager: Shutting down and abandoning module Android_ATCTargetPlatform (77)
[2017.05.04-19.52.59:278][302]LogModuleManager: Shutting down and abandoning module Android_ASTCTargetPlatform (75)
[2017.05.04-19.52.59:278][302]LogModuleManager: Shutting down and abandoning module AndroidTargetPlatform (73)
[2017.05.04-19.52.59:278][302]LogModuleManager: Shutting down and abandoning module WindowsTargetPlatform (71)
[2017.05.04-19.52.59:279][302]LogModuleManager: Shutting down and abandoning module WindowsServerTargetPlatform (69)
[2017.05.04-19.52.59:279][302]LogModuleManager: Shutting down and abandoning module WindowsNoEditorTargetPlatform (67)
[2017.05.04-19.52.59:279][302]LogModuleManager: Shutting down and abandoning module WindowsClientTargetPlatform (65)
[2017.05.04-19.52.59:279][302]LogModuleManager: Shutting down and abandoning module MacTargetPlatform (63)
[2017.05.04-19.52.59:279][302]LogModuleManager: Shutting down and abandoning module MacServerTargetPlatform (61)
[2017.05.04-19.52.59:279][302]LogModuleManager: Shutting down and abandoning module MacNoEditorTargetPlatform (59)
[2017.05.04-19.52.59:279][302]LogModuleManager: Shutting down and abandoning module MacClientTargetPlatform (57)
[2017.05.04-19.52.59:279][302]LogModuleManager: Shutting down and abandoning module AllDesktopTargetPlatform (55)
[2017.05.04-19.52.59:279][302]LogModuleManager: Shutting down and abandoning module InputCore (52)
[2017.05.04-19.52.59:279][302]LogModuleManager: Shutting down and abandoning module Settings (50)
[2017.05.04-19.52.59:279][302]LogModuleManager: Shutting down and abandoning module OculusRift (48)
[2017.05.04-19.52.59:279][302]LogModuleManager: Shutting down and abandoning module GearVR (46)
[2017.05.04-19.52.59:279][302]LogModuleManager: Shutting down and abandoning module ExampleDeviceProfileSelector (44)
[2017.05.04-19.52.59:279][302]LogModuleManager: Shutting down and abandoning module OnlineBlueprintSupport (42)
[2017.05.04-19.52.59:279][302]LogModuleManager: Shutting down and abandoning module OnlineSubsystem (38)
[2017.05.04-19.52.59:279][302]LogOnline:Display: Unloading online subsystem: NULL
[2017.05.04-19.52.59:279][302]LogModuleManager: Shutting down and abandoning module XMPP (37)
[2017.05.04-19.52.59:279][302]LogModuleManager: Shutting down and abandoning module HTTP (35)
[2017.05.04-19.52.59:279][302]LogHttp:Display: Http module shutting down, but needs to wait on 1 outstanding Http requests:
[2017.05.04-19.52.59:279][302]LogHttp:Display: 	verb=[POST] url=[https://datarouter.ol.epicgames.com/datarouter/api/v1/public/data?SessionID=%7BA9EC35E8-47A4-FB5F-95CE-30B07A14A49D%7D&AppID=UEEditor.Rocket.Release&AppVersion=4.15.1-3348071%2B%2B%2BUE4%2BRelease-4.15&UserID=c86140004d8307b6926201b37a5ca06c%7Cf0997147a89f469294dfa6a271acf381%7Ccdcecd8d-e686-4b82-9a10-df89cd548cee&AppEnvironment=datacollector-binary&UploadType=eteventstream] status=Processing
[2017.05.04-19.52.59:309][302]LogModuleManager: Shutting down and abandoning module SSL (34)
[2017.05.04-19.52.59:310][302]LogModuleManager: Shutting down and abandoning module AudioEditor (30)
[2017.05.04-19.52.59:310][302]LogModuleManager: Shutting down and abandoning module TextureCompressor (28)
[2017.05.04-19.52.59:310][302]LogModuleManager: Shutting down and abandoning module ShaderCore (26)
[2017.05.04-19.52.59:310][302]LogModuleManager: Shutting down and abandoning module Landscape (24)
[2017.05.04-19.52.59:310][302]LogModuleManager: Shutting down and abandoning module SlateRHIRenderer (22)
[2017.05.04-19.52.59:313][302]LogModuleManager: Shutting down and abandoning module OpenGLDrv (20)
[2017.05.04-19.52.59:313][302]LogModuleManager: Shutting down and abandoning module D3D11RHI (18)
[2017.05.04-19.52.59:313][302]LogModuleManager: Shutting down and abandoning module AnimGraphRuntime (16)
[2017.05.04-19.52.59:313][302]LogModuleManager: Shutting down and abandoning module Renderer (14)
[2017.05.04-19.52.59:313][302]LogModuleManager: Shutting down and abandoning module Engine (12)
[2017.05.04-19.52.59:313][302]LogModuleManager: Shutting down and abandoning module CoreUObject (10)
[2017.05.04-19.52.59:313][302]LogModuleManager: Shutting down and abandoning module NetworkFile (8)
[2017.05.04-19.52.59:313][302]LogModuleManager: Shutting down and abandoning module StreamingFile (6)
[2017.05.04-19.52.59:313][302]LogModuleManager: Shutting down and abandoning module SandboxFile (4)
[2017.05.04-19.52.59:313][302]LogModuleManager: Shutting down and abandoning module PakFile (2)
[2017.05.04-19.52.59:314][302]LogExit: Exiting.
[2017.05.04-19.52.59:315][302]Log file closed, 05/04/17 12:52:59
