"../../../Engine/Content/Functions/Engine_MaterialFunctions01/Opacity/CameraDepthFade.uasset" 0
"../../../Engine/Content/EngineMaterials/T_Default_Material_Grid_M.uasset" 1
"../../../Engine/Content/EngineMaterials/T_Default_Material_Grid_N.uasset" 2
"../../../Engine/Content/EngineMaterials/DefaultMaterial.uasset" 3
"../../../Engine/Content/BasicShapes/Cone.uasset" 4
"../../../Engine/Content/BasicShapes/Cylinder.uasset" 5
"../../../Engine/Content/EngineMaterials/WorldGridMaterial.uasset" 6
"../../../Engine/Content/BasicShapes/Plane.uasset" 7
"../../../Engine/Content/BasicShapes/Sphere.uasset" 8
"../../../Engine/Content/EditorLandscapeResources/DataLayer.uasset" 9
"../../../Engine/Content/EditorMaterials/GizmoMaterial.uasset" 10
"../../../Engine/Content/EditorMaterials/MAT_Groups_Toggle.uasset" 11
"../../../Engine/Content/EditorMaterials/MAT_Groups_Visibility.uasset" 12
"../../../Engine/Content/EditorMaterials/PreviewShadowIndicator.uasset" 13
"../../../Engine/Content/EditorMaterials/PreviewShadowIndicatorMaterial.uasset" 14
"../../../Engine/Content/EditorMaterials/AssetViewer/EpicQuadPanorama_CC+EV1.uasset" 15
"../../../Engine/Content/EditorMaterials/MatineeGroups/MAT_ColorTrack.uasset" 16
"../../../Engine/Content/EditorMaterials/MatineeGroups/MAT_Groups_Anim.uasset" 17
"../../../Engine/Content/EditorMaterials/MatineeGroups/MAT_Groups_AudioMaster.uasset" 18
"../../../Engine/Content/EditorMaterials/MatineeGroups/MAT_Groups_Director.uasset" 19
"../../../Engine/Content/EditorMaterials/MatineeGroups/MAT_Groups_Event.uasset" 20
"../../../Engine/Content/EditorMaterials/MatineeGroups/MAT_Groups_Fade.uasset" 21
"../../../Engine/Content/EditorMaterials/MatineeGroups/MAT_Groups_Float.uasset" 22
"../../../Engine/Content/EditorMaterials/MatineeGroups/MAT_Groups_Move.uasset" 23
"../../../Engine/Content/EditorMaterials/MatineeGroups/MAT_Groups_Slomo.uasset" 24
"../../../Engine/Content/EditorMaterials/MatineeGroups/MAT_Groups_Sound.uasset" 25
"../../../Engine/Content/EditorMaterials/MatineeGroups/MAT_Groups_Vector.uasset" 26
"../../../Engine/Content/EditorMaterials/ParticleSystems/PSysThumbnail_NoImage.uasset" 27
"../../../Engine/Content/EditorMaterials/ParticleSystems/PSysThumbnail_OOD.uasset" 28
"../../../Engine/Content/EditorMaterials/Camera/CineMat.uasset" 29
"../../../Engine/Content/EditorMaterials/Camera/MI_CineMat_Rig.uasset" 30
"../../../Engine/Content/EditorMeshes/Camera/SM_CraneRig_Arm.uasset" 31
"../../../Engine/Content/EditorMeshes/Camera/SM_CraneRig_Base.uasset" 32
"../../../Engine/Content/EditorMeshes/Camera/SM_CraneRig_Body.uasset" 33
"../../../Engine/Content/EditorMeshes/Camera/SM_CraneRig_Mount.uasset" 34
"../../../Engine/Content/EditorMeshes/Camera/SM_RailRig_Mount.uasset" 35
"../../../Engine/Content/EditorMeshes/Camera/SM_RailRig_Track.uasset" 36
"../../../Engine/Content/EditorResources/BSPVertex.uasset" 37
"../../../Engine/Content/EditorResources/EmptyActor.uasset" 38
"../../../Engine/Content/EditorResources/RGBTable16x1_AssetViewer.uasset" 39
"../../../Engine/Content/EditorResources/S_Actor.uasset" 40
"../../../Engine/Content/EditorResources/S_Trigger.uasset" 41
"../../../Engine/Content/EditorResources/AudioIcons/S_AudioComponent_AutoActivate.uasset" 42
"../../../Engine/Content/EditorResources/LightIcons/S_LightError.uasset" 43
"../../../Engine/Content/EditorResources/SequenceRecorder/Countdown.uasset" 44
"../../../Engine/Content/EditorResources/SequenceRecorder/RecordingIndicator.uasset" 45
"../../../Engine/Content/EditorSounds/Notifications/CompileFailed.uasset" 46
"../../../Engine/Content/EditorSounds/Notifications/CompileFailed_Cue.uasset" 47
"../../../Engine/Content/EditorSounds/Notifications/CompileSuccess.uasset" 48
"../../../Engine/Content/EditorSounds/Notifications/CompileStart_Cue.uasset" 49
"../../../Engine/Content/EditorSounds/Notifications/CompileSuccess_Cue.uasset" 50
"../../../Engine/Content/EngineDamageTypes/DmgTypeBP_Environmental.uasset" 51
"../../../Engine/Content/EngineDebugMaterials/HeatmapGradient.uasset" 52
"../../../Engine/Content/EngineDebugMaterials/BoneWeightMaterial.uasset" 53
"../../../Engine/Content/EngineDebugMaterials/DebugMeshMaterial.uasset" 54
"../../../Engine/Content/EngineDebugMaterials/GeomMaterial.uasset" 55
"../../../Engine/Content/EngineFonts/Faces/RobotoBold.uasset" 56
"../../../Engine/Content/EngineFonts/Faces/RobotoBoldItalic.uasset" 57
"../../../Engine/Content/EngineFonts/Faces/RobotoItalic.uasset" 58
"../../../Engine/Content/EngineFonts/Faces/RobotoLight.uasset" 59
"../../../Engine/Content/EngineFonts/Faces/RobotoRegular.uasset" 60
"../../../Engine/Content/EngineFonts/Roboto.uasset" 61
"../../../Engine/Content/EngineFonts/Faces/RobotoTiny.uasset" 62
"../../../Engine/Content/EngineFonts/RobotoTiny.uasset" 63
"../../../Engine/Content/EngineMaterials/DefaultBokeh.uasset" 64
"../../../Engine/Content/EngineMaterials/DefaultDiffuse.uasset" 65
"../../../Engine/Content/EngineMaterials/DefaultDeferredDecalMaterial.uasset" 66
"../../../Engine/Content/EngineMaterials/DefaultLightFunctionMaterial.uasset" 67
"../../../Engine/Content/EngineMaterials/DefaultPhysicalMaterial.uasset" 68
"../../../Engine/Content/Functions/Engine_MaterialFunctions02/Utility/BreakOutFloat2Components.uasset" 69
"../../../Engine/Content/EngineMaterials/DefaultPostProcessMaterial.uasset" 70
"../../../Engine/Content/EngineFonts/RobotoDistanceField.uasset" 71
"../../../Engine/Content/EngineMaterials/DefaultTextMaterialOpaque.uasset" 72
"../../../Engine/Content/EngineMaterials/DefaultWhiteGrid.uasset" 73
"../../../Engine/Content/EngineMaterials/EditorBrushMaterial.uasset" 74
"../../../Engine/Content/EngineMaterials/Good64x64TilingNoiseHighFreq.uasset" 75
"../../../Engine/Content/EngineMaterials/MiniFont.uasset" 76
"../../../Engine/Content/EngineMaterials/InvalidLightmapSettings.uasset" 77
"../../../Engine/Content/EngineMaterials/M_InvalidLightmapSettings.uasset" 78
"../../../Engine/Content/EngineMaterials/PhAT_JointLimitMaterial.uasset" 79
"../../../Engine/Content/EngineMaterials/PreintegratedSkinBRDF.uasset" 80
"../../../Engine/Content/EngineMaterials/RemoveSurfaceMaterial.uasset" 81
"../../../Engine/Content/EngineMaterials/WeightMapPlaceholderTexture.uasset" 82
"../../../Engine/Content/EngineResources/WhiteSquareTexture.uasset" 83
"../../../Engine/Content/EngineMaterials/Widget3DPassThrough.uasset" 84
"../../../Engine/Content/EngineMaterials/Widget3DPassThrough_Masked.uasset" 85
"../../../Engine/Content/EngineMaterials/Widget3DPassThrough_Opaque.uasset" 86
"../../../Engine/Content/EngineMaterials/Widget3DPassThrough_Masked_OneSided.uasset" 87
"../../../Engine/Content/EngineMaterials/Widget3DPassThrough_Opaque_OneSided.uasset" 88
"../../../Engine/Content/EngineMaterials/Widget3DPassThrough_Translucent.uasset" 89
"../../../Engine/Content/EngineMaterials/Widget3DPassThrough_Translucent_OneSided.uasset" 90
"../../../Engine/Content/EngineMeshes/Cube.uasset" 91
"../../../Engine/Content/EngineMeshes/Cylinder.uasset" 92
"../../../Engine/Content/EngineMeshes/Sphere.uasset" 93
"../../../Engine/Content/EngineResources/Black.uasset" 94
"../../../Engine/Content/EngineResources/DefaultTexture.uasset" 95
"../../../Engine/Content/EngineResources/DefaultTextureCube.uasset" 96
"../../../Engine/Content/EngineResources/GradientTexture0.uasset" 97
"../../../Engine/Content/EngineSounds/Master.uasset" 98
"../../../Engine/Content/Functions/Engine_MaterialFunctions01/Shading/ConvertFromDiffSpec.uasset" 99
"../../../Engine/Content/Functions/Engine_MaterialFunctions01/Shading/PowerToRoughness.uasset" 100
"../../../Engine/Content/Maps/Templates/Thumbnails/Default.uasset" 101
"../../../Engine/Content/Maps/Templates/Thumbnails/VR-Basic.uasset" 102
"../../../Engine/Content/MobileResources/T_MobileControls_texture.uasset" 103
"../../../Engine/Content/MobileResources/T_MobileMenu2.uasset" 104
"../../../Engine/Content/MobileResources/HUD/AnalogHat.uasset" 105
"../../../Engine/Content/MobileResources/HUD/VirtualJoystick_Background.uasset" 106
"../../../Engine/Content/MobileResources/HUD/VirtualJoystick_Thumb.uasset" 107
"../../../Engine/Content/MobileResources/HUD/DefaultVirtualJoysticks.uasset" 108
"../../../Engine/Content/MobileResources/HUD/LeftVirtualJoystickOnly.uasset" 109
"../../../Engine/Content/MobileResources/HUD/MobileHUDButton1_off.uasset" 110
"../../../Engine/Content/MobileResources/HUD/MobileHUDButton1_on.uasset" 111
"../../../Engine/Content/MobileResources/HUD/MobileHUDButton2_off.uasset" 112
"../../../Engine/Content/MobileResources/HUD/MobileHUDButton2_on.uasset" 113
"../../../Engine/Content/MobileResources/HUD/MobileHUDButton3.uasset" 114
"../../../Engine/Content/MobileResources/HUD/MobileHUDButtonFire.uasset" 115
"../../../Engine/Content/MobileResources/HUD/MobileHUDDirectionPad.uasset" 116
"../../../Engine/Content/MobileResources/HUD/MobileHUDDirectionPad2.uasset" 117
"../../../Engine/Content/MobileResources/HUD/MobileHUDDirectionPad3.uasset" 118
"../../../Engine/Content/MobileResources/HUD/MobileHUDDirectionStick.uasset" 119
"../../../Engine/Content/MobileResources/HUD/T_Castle_ThumbstickInner.uasset" 120
"../../../Engine/Content/MobileResources/HUD/T_Castle_ThumbstickOutter.uasset" 121
"../../../Engine/Content/Tutorial/ContentIntroCurve.uasset" 122
"../../../Engine/Content/Tutorial/Basics/TutorialAssets/icon_tab_Levels_40x.uasset" 123
"../../../Engine/Content/Tutorial/BlueprintTutorials/TutorialAssets/BlueprintInterface_64x.uasset" 124
"../../../Engine/Content/Tutorial/BlueprintTutorials/TutorialAssets/BlueprintMacroLibrary_64x.uasset" 125
"../../../Engine/Content/Tutorial/BlueprintTutorials/TutorialAssets/Blueprint_64x.uasset" 126
"../../../Engine/Content/Tutorial/BlueprintTutorials/TutorialAssets/Tutorial_BP_Interface.uasset" 127
"../../../Engine/Content/Tutorial/Foliage/TutorialAssets/Foliage.uasset" 128
"../../../Engine/Content/Tutorial/Landscape/TutorialAssets/Landscape.uasset" 129
"../../../Engine/Content/Tutorial/Paper2D/TutorialAssets/Paper2DFlipbook_TutorialIcon.uasset" 130
"../../../Engine/Content/Tutorial/Paper2D/TutorialAssets/Paper2DSprite_TutorialIcon.uasset" 131
"../../../Engine/Content/Tutorial/SubEditors/TutorialAssets/icon_Editor_Preferences_General_40x.uasset" 132
"../../../Engine/Content/Tutorial/SubEditors/TutorialAssets/icon_ShowSkeletalMeshes_40x.uasset" 133
"../../../Engine/Content/Tutorial/SubEditors/TutorialAssets/TutorialMaterial.uasset" 134
"../../../Engine/Content/Tutorial/SubEditors/TutorialAssets/T_SmokeSubUV_8X8.uasset" 135
"../../../Engine/Content/Tutorial/SubEditors/TutorialAssets/T_soft_smoke.uasset" 136
"../../../Engine/Content/Tutorial/SubEditors/TutorialAssets/M_smoke_subUV_blackbody.uasset" 137
"../../../Engine/Content/Tutorial/SubEditors/TutorialAssets/TutorialParticleSystem.uasset" 138
"../../../Engine/Content/EditorMeshes/EditorCube.uasset" 139
"../../../Engine/Content/Tutorial/SubEditors/TutorialAssets/Tutorial_DM.uasset" 140
"../../../Engine/Content/VREditor/Devices/Generic/GenericHMDMaterial.uasset" 141
"../../../Engine/Content/VREditor/Devices/Generic/GenericHMD.uasset" 142
"../../../Engine/Content/VREditor/FloatingText/LineMaterial.uasset" 143
"../../../Engine/Content/VREditor/FloatingText/JointSphere.uasset" 144
"../../../Engine/Content/VREditor/FloatingText/LineSegmentCylinder.uasset" 145
"../../../Engine/Content/VREditor/Fonts/VRText_RobotoLarge.uasset" 146
"../../../Engine/Content/VREditor/Fonts/VRTextMaterial.uasset" 147
"../../../Engine/Content/VREditor/Fonts/TranslucentVRTextMaterial.uasset" 148
"../../../Engine/Content/VREditor/LaserPointer/VR_LaserPower_01.uasset" 149
"../../../Engine/Content/VREditor/LaserPointer/LaserPointerMaterial.uasset" 150
"../../../Engine/Content/VREditor/LaserPointer/LaserPointerMaterialInst.uasset" 151
"../../../Engine/Content/VREditor/LaserPointer/TranslucentLaserPointerMaterialInst.uasset" 152
"../../../Engine/Content/VREditor/LaserPointer/LaserPointerMesh.uasset" 153
"../../../Engine/Content/VREditor/Sounds/VR_grab_Cue.uasset" 154
"../../../Engine/Content/VREditor/Sounds/VR_teleport_Cue.uasset" 155
"../../../Engine/Content/VREditor/TransformGizmo/TransformGizmoMaterial.uasset" 156
"../../../Engine/Content/VREditor/TransformGizmo/TranslucentTransformGizmoMaterial.uasset" 157
"../../../Engine/Content/VREditor/TransformGizmo/BoundingBoxCorner.uasset" 158
"../../../Engine/Content/VREditor/TransformGizmo/BoundingBoxEdge.uasset" 159
"../../../Engine/Content/VREditor/TransformGizmo/PlaneTranslationHandle.uasset" 160
"../../../Engine/Content/VREditor/TransformGizmo/RotationHandle.uasset" 161
"../../../Engine/Content/VREditor/TransformGizmo/RotationHandleFull.uasset" 162
"../../../Engine/Content/VREditor/TransformGizmo/StretchingHandle.uasset" 163
"../../../Engine/Content/VREditor/TransformGizmo/TranslateHandleLong.uasset" 164
"../../../Engine/Content/VREditor/TransformGizmo/TranslationHandle.uasset" 165
"../../../Engine/Content/VREditor/TransformGizmo/UniformScaleHandle.uasset" 166
"../../../Engine/Content/VREditor/UI/CloseButtonMesh.uasset" 167
"../../../Engine/Content/VREditor/UI/SelectionBarMesh.uasset" 168
"../../../Engine/Content/Functions/Engine_MaterialFunctions01/Gradient/RadialGradient.uasset" 169
"../../../Engine/Content/VREditor/WorldMovementGrid/SimpleGrid.uasset" 170
"../../../Engine/Content/VREditor/WorldMovementGrid/GridMaterial.uasset" 171
"../../../Engine/Content/Functions/Engine_MaterialFunctions01/Density/ExponentialDensity.uasset" 172
"../../../Engine/Content/VREditor/WorldMovementGrid/GridPostProcess.uasset" 173
"../../../Engine/Content/EditorLandscapeResources/FlattenHeightMat.uasset" 174
"../../../Engine/Content/VREditor/WorldMovementGrid/PlaneMesh.uasset" 175
"../../../FinalProject/Content/ArtStuff/texture_palette.uasset" 176
"../../../FinalProject/Content/ArtStuff/blinn1SG.uasset" 177
"../../../FinalProject/Content/ArtStuff/obj_env_cart_1.uasset" 178
"../../../FinalProject/Content/ArtStuff/texture_palette_Mat.uasset" 179
"../../../FinalProject/Content/ArtStuff/Art/Assests/pSphere4SG.uasset" 180
"../../../FinalProject/Content/Mannequin/Character/Mesh/UE4_Mannequin_Skeleton.uasset" 181
"../../../FinalProject/Content/Mannequin/Animations/ThirdPerson_Jump.uasset" 182
"../../../FinalProject/Content/Mannequin/Animations/ThirdPersonJump_Loop.uasset" 183
"../../../FinalProject/Content/Mannequin/Animations/ThirdPersonJump_Start.uasset" 184
"../../../FinalProject/Content/Mannequin/Animations/ThirdPersonIdle.uasset" 185
"../../../FinalProject/Content/Mannequin/Animations/ThirdPersonRun.uasset" 186
"../../../FinalProject/Content/Mannequin/Animations/ThirdPersonWalk.uasset" 187
"../../../FinalProject/Content/Mannequin/Animations/ThirdPerson_IdleRun_2D.uasset" 188
"../../../Engine/Content/EditorBlueprintResources/StandardMacros.uasset" 189
"../../../FinalProject/Content/Mannequin/Animations/ThirdPerson_AnimBP.uasset" 190
"../../../Engine/Content/Functions/Engine_MaterialFunctions02/Utility/BlendAngleCorrectedNormals.uasset" 191
"../../../Engine/Content/Functions/MaterialLayerFunctions/MatLayerBlend_NormalBlend.uasset" 192
"../../../Engine/Content/Functions/MaterialLayerFunctions/MatLayerBlend_Simple.uasset" 193
"../../../FinalProject/Content/Mannequin/Character/Materials/MaterialLayers/T_ML_Rubber_Blue_01_D.uasset" 194
"../../../FinalProject/Content/Mannequin/Character/Materials/MaterialLayers/T_ML_Rubber_Blue_01_N.uasset" 195
"../../../FinalProject/Content/Mannequin/Character/Materials/MaterialLayers/ML_GlossyBlack_Latex_UE4.uasset" 196
"../../../FinalProject/Content/Mannequin/Character/Materials/MaterialLayers/ML_Plastic_Shiny_Beige.uasset" 197
"../../../FinalProject/Content/Mannequin/Character/Textures/UE4_LOGO_CARD.uasset" 198
"../../../FinalProject/Content/Mannequin/Character/Materials/MaterialLayers/ML_Plastic_Shiny_Beige_LOGO.uasset" 199
"../../../FinalProject/Content/Mannequin/Character/Materials/MaterialLayers/T_ML_Aluminum01.uasset" 200
"../../../FinalProject/Content/Mannequin/Character/Materials/MaterialLayers/T_ML_Aluminum01_N.uasset" 201
"../../../FinalProject/Content/Mannequin/Character/Materials/MaterialLayers/ML_SoftMetal_UE4.uasset" 202
"../../../FinalProject/Content/Mannequin/Character/Textures/UE4_Mannequin__normals.uasset" 203
"../../../FinalProject/Content/Mannequin/Character/Textures/UE4_Mannequin_MAT_MASKA.uasset" 204
"../../../FinalProject/Content/Mannequin/Character/Materials/M_UE4Man_Body.uasset" 205
"../../../FinalProject/Content/Mannequin/Character/Textures/UE4Man_Logo_N.uasset" 206
"../../../FinalProject/Content/Mannequin/Character/Materials/M_UE4Man_ChestLogo.uasset" 207
"../../../FinalProject/Content/Mannequin/Character/Mesh/SK_Mannequin_PhysicsAsset.uasset" 208
"../../../FinalProject/Content/Mannequin/Character/Mesh/SK_Mannequin.uasset" 209
"../../../FinalProject/Content/ArtStuff/Art/Assests/ThirdPersonCharacter.uasset" 210
"../../../FinalProject/Content/ArtStuff/Art/Assests/_cha/ped/texture_palette.uasset" 211
"../../../FinalProject/Content/ArtStuff/Art/Assests/_cha/ped/obj_chr_pedestrian_01_blinn1SG1.uasset" 212
"../../../FinalProject/Content/ArtStuff/Art/Assests/_cha/ped/Pedestrian_acorn_body_Skeleton.uasset" 213
"../../../FinalProject/Content/ArtStuff/Art/Assests/_cha/_guard/FML/Import/guard_attack_anim_Skeleton.uasset" 214
"../../../FinalProject/Content/ArtStuff/Art/Assests/_cha/_guard/FML/Import/guard_attack_anim_Anim.uasset" 215
"../../../FinalProject/Content/ArtStuff/Art/Assests/_deco/obj_deco_pedestalMat.uasset" 216
"../../../FinalProject/Content/ArtStuff/Art/Assests/_deco/texture_palette.uasset" 217
"../../../FinalProject/Content/ArtStuff/Art/Assests/_deco/texture_palette_lanternred_MAT.uasset" 218
"../../../FinalProject/Content/ArtStuff/Art/Assests/_deco/obj_env_slantern.uasset" 219
"../../../FinalProject/Content/ArtStuff/Art/Assests/_deco/texture_palette_whitelantern.uasset" 220
"../../../FinalProject/Content/ArtStuff/Art/Assests/_deco/obj_env_slantern_pastel_blue_white.uasset" 221
"../../../FinalProject/Content/ArtStuff/Art/Assests/_deco/pCylinder2Mat.uasset" 222
"../../../FinalProject/Content/ArtStuff/Art/Menu/obj_ui_start_sign.uasset" 223
"../../../FinalProject/Content/ArtStuff/Art/Menu/obj_ui_start_sign_copy.uasset" 224
"../../../FinalProject/Content/ArtStuff/Environment/texture_palette.uasset" 225
"../../../FinalProject/Content/ArtStuff/Environment/blinn1SG.uasset" 226
"../../../FinalProject/Content/ArtStuff/Environment/obj_env_wellstashMat.uasset" 227
"../../../FinalProject/Content/ArtStuff/Environment/pCube9Mat.uasset" 228
"../../../FinalProject/Content/ArtStuff/Environment/texure_pattern.uasset" 229
"../../../FinalProject/Content/ArtStuff/Items/blinn1SG.uasset" 230
"../../../FinalProject/Content/ArtStuff/Items/carrot_Mat.uasset" 231
"../../../FinalProject/Content/ArtStuff/Items/cheatsheet.uasset" 232
"../../../FinalProject/Content/ArtStuff/Items/gallant_guard_texture.uasset" 233
"../../../FinalProject/Content/ArtStuff/Items/HighresScreenshot00000.uasset" 234
"../../../FinalProject/Content/ArtStuff/Items/hockey_pedestrian_texture.uasset" 235
"../../../FinalProject/Content/ArtStuff/Items/Image_uploaded_from_iOS.uasset" 236
"../../../FinalProject/Content/ArtStuff/Items/Image_uploaded_from_iOS__1_.uasset" 237
"../../../FinalProject/Content/ArtStuff/Items/Image_uploaded_from_iOS__2_.uasset" 238
"../../../FinalProject/Content/ArtStuff/Items/Image_uploaded_from_iOS__3_.uasset" 239
"../../../FinalProject/Content/ArtStuff/Items/initialShadingGroup.uasset" 240
"../../../FinalProject/Content/ArtStuff/Items/inventory_fatpotbluewhite.uasset" 241
"../../../FinalProject/Content/ArtStuff/Items/inventory_fatpotbrownyellow.uasset" 242
"../../../FinalProject/Content/ArtStuff/Items/inventory_hat.uasset" 243
"../../../FinalProject/Content/ArtStuff/Items/inventory_icons.uasset" 244
"../../../FinalProject/Content/ArtStuff/Items/inventory_objects_icons.uasset" 245
"../../../FinalProject/Content/ArtStuff/Items/item_cash.uasset" 246
"../../../FinalProject/Content/ArtStuff/Items/item_colared.uasset" 247
"../../../FinalProject/Content/ArtStuff/Items/item_eggplant.uasset" 248
"../../../FinalProject/Content/ArtStuff/Items/item_PLACEHOLDER.uasset" 249
"../../../FinalProject/Content/ArtStuff/Items/item_snowman.uasset" 250
"../../../FinalProject/Content/ArtStuff/Environment/texture_palette_Mat.uasset" 251
"../../../FinalProject/Content/ArtStuff/Items/obj_cart_with_skewers_TESTFORCODY_pCube22.uasset" 252
"../../../FinalProject/Content/ArtStuff/Items/obj_cart_with_skewers_TESTFORCODY_pCube23.uasset" 253
"../../../FinalProject/Content/ArtStuff/Items/obj_cart_with_skewers_TESTFORCODY_pCube24.uasset" 254
"../../../FinalProject/Content/ArtStuff/Items/obj_chr_beast_mask.uasset" 255
"../../../FinalProject/Content/ArtStuff/Items/polySurface3_Gallant_guardMat.uasset" 256
"../../../FinalProject/Content/ArtStuff/Items/obj_chr_gallant_mask.uasset" 257
"../../../FinalProject/Content/ArtStuff/Items/pCylinder1Mat.uasset" 258
"../../../FinalProject/Content/ArtStuff/Items/obj_chr_guardmask_02.uasset" 259
"../../../FinalProject/Content/ArtStuff/Items/polySurface3Mat.uasset" 260
"../../../FinalProject/Content/ArtStuff/Items/obj_chr_guardmask_03.uasset" 261
"../../../FinalProject/Content/ArtStuff/Items/polySurface1_Longbird_guardMat.uasset" 262
"../../../FinalProject/Content/ArtStuff/Items/obj_chr_longbird_mask.uasset" 263
"../../../FinalProject/Content/ArtStuff/Items/texture_palette.uasset" 264
"../../../FinalProject/Content/ArtStuff/Items/texture_palette_Mat.uasset" 265
"../../../FinalProject/Content/ArtStuff/Items/obj_env_fishball_skewer2.uasset" 266
"../../../FinalProject/Content/ArtStuff/Items/texure_pattern.uasset" 267
"../../../FinalProject/Content/ArtStuff/Items/texure_pattern_Mat.uasset" 268
"../../../FinalProject/Content/ArtStuff/Items/obj_env_icesliding.uasset" 269
"../../../FinalProject/Content/ArtStuff/Items/obj_env_luffyhat.uasset" 270
"../../../FinalProject/Content/ArtStuff/Items/obj_env_open_fan.uasset" 271
"../../../FinalProject/Content/ArtStuff/Items/polySurface4_polySurface2Mat.uasset" 272
"../../../FinalProject/Content/ArtStuff/Items/polySurface5_Beast_guardMat.uasset" 273
"../../../FinalProject/Content/KeilStuff/WinLossWidget.uasset" 274
"../../../FinalProject/Content/KeilStuff/GuardyMcGuarderson/CanSeePlayer.uasset" 275
"../../../FinalProject/Content/KeilStuff/GuardyMcGuarderson/ResetNoiseLocation.uasset" 276
"../../../FinalProject/Content/KeilStuff/Guard_AI/Guard_BB.uasset" 277
"../../../FinalProject/Content/KeilStuff/Guard_AI/ResetBoolTask.uasset" 278
"../../../FinalProject/Content/KeilStuff/stallAI/DoAttackTask.uasset" 279
"../../../FinalProject/Content/KeilStuff/stallAI/ResetValueTask.uasset" 280
"../../../FinalProject/Content/KeilStuff/Guard_AI/Guard_BT.uasset" 281
"../../../FinalProject/Content/Player/Hands/Animations/V2/hands_climb_anim_Skeleton.uasset" 282
"../../../FinalProject/Content/Player/Hands/Animations/V2/hands_climb_anim_Anim.uasset" 283
"../../../FinalProject/Content/Player/Hands/Animations/V2/hands_hold_anim.uasset" 284
"../../../FinalProject/Content/Player/Hands/Animations/V2/hands_idle_anim.uasset" 285
"../../../FinalProject/Content/Player/Hands/Animations/V2/hands_run_anim.uasset" 286
"../../../FinalProject/Content/Player/Hands/Animations/V2/hands_throw_anim.uasset" 287
"../../../FinalProject/Content/Player/Hands/Animations/V2/hands_animation.uasset" 288
"../../../FinalProject/Content/Player/Hands/Skeletons/hands_test01_Skeleton.uasset" 289
"../../../FinalProject/Content/Player/Hands/Animations/hands_test01_Anim.uasset" 290
"../../../FinalProject/Content/Player/Controller/IUsable.uasset" 291
"../../../FinalProject/Content/StarterContent/Textures/T_Burst_M.uasset" 292
"../../../FinalProject/Content/StarterContent/Particles/Materials/M_Burst.uasset" 293
"../../../FinalProject/Content/StarterContent/Textures/T_Explosion_SubUV.uasset" 294
"../../../FinalProject/Content/StarterContent/Particles/Materials/M_explosion_subUV.uasset" 295
"../../../FinalProject/Content/StarterContent/Particles/Materials/m_flare_01.uasset" 296
"../../../FinalProject/Content/StarterContent/Particles/Materials/M_radial_ramp.uasset" 297
"../../../FinalProject/Content/StarterContent/Textures/T_Smoke_SubUV.uasset" 298
"../../../FinalProject/Content/StarterContent/Textures/T_Smoke_Tiled_D.uasset" 299
"../../../FinalProject/Content/StarterContent/Particles/Materials/M_smoke_subUV.uasset" 300
"../../../FinalProject/Content/StarterContent/Particles/P_Explosion.uasset" 301
"../../../FinalProject/Content/StarterContent/Materials/M_Basic_Wall.uasset" 302
"../../../FinalProject/Content/StarterContent/Shapes/Shape_Sphere.uasset" 303
"../../../FinalProject/Content/XaviersShit/Sounds/Effects/Slow_Sounds_Mix.uasset" 304
"../../../FinalProject/Content/XaviersShit/Sounds/Effects/SlowSounds.uasset" 305
"../../../FinalProject/Content/XaviersShit/Sounds/Effects/Item_Explosion.uasset" 306
"../../../FinalProject/Content/XaviersShit/PickupActor.uasset" 307
"../../../FinalProject/Content/XaviersShit/Sounds/Effects/Water_Test.uasset" 308
"../../../FinalProject/Content/XaviersShit/Stash.uasset" 309
"../../../FinalProject/Content/Player/HUD/EndReason.uasset" 310
"../../../FinalProject/Content/Menu/Assests/end_screen_with_score2.uasset" 311
"../../../FinalProject/Content/Menu/Assests/restart_button.uasset" 312
"../../../FinalProject/Content/Player/HUD/Restart.uasset" 313
"../../../FinalProject/Content/Menu/Assests/win_screen.uasset" 314
"../../../FinalProject/Content/Player/HUD/TimeOut.uasset" 315
"../../../FinalProject/Content/Player/GameModes/Market_GameState.uasset" 316
"../../../FinalProject/Content/Player/HUD/PlayerShake.uasset" 317
"../../../FinalProject/Content/XaviersShit/InventoryActor.uasset" 318
"../../../FinalProject/Content/Player/HUD/Assests/bag.uasset" 319
"../../../FinalProject/Content/Player/HUD/Assests/money.uasset" 320
"../../../FinalProject/Content/Player/HUD/Widgets/InventoryItemUI.uasset" 321
"../../../FinalProject/Content/Player/HUD/Widgets/HUD_Widget.uasset" 322
"../../../FinalProject/Content/Player/Hands/Animations/V2/blinn1.uasset" 323
"../../../FinalProject/Content/Player/Hands/Animations/V2/hands_climb_anim_PhysicsAsset.uasset" 324
"../../../FinalProject/Content/Player/Hands/Animations/V2/hands_climb_anim.uasset" 325
"../../../FinalProject/Content/Player/Hands/Animations/V2/blue_particle.uasset" 326
"../../../FinalProject/Content/Player/Hands/Animations/V2/blue_particle_Mat.uasset" 327
"../../../FinalProject/Content/Player/Hands/Animations/V2/HoldEffects.uasset" 328
"../../../FinalProject/Content/Player/HUD/Assests/detect_off.uasset" 329
"../../../FinalProject/Content/Player/HUD/Assests/reticle_mint.uasset" 330
"../../../FinalProject/Content/Player/HUD/Assests/timer.uasset" 331
"../../../FinalProject/Content/Player/HUD/Widgets/playerUI.uasset" 332
"../../../FinalProject/Content/XaviersShit/Sounds/Effects/pickup.uasset" 333
"../../../FinalProject/Content/XaviersShit/Sounds/Effects/pickup_drop.uasset" 334
"../../../FinalProject/Content/XaviersShit/Sounds/Effects/REEEE.uasset" 335
"../../../FinalProject/Content/XaviersShit/Sounds/Effects/SprintingRecording_Cue.uasset" 336
"../../../FinalProject/Content/Player/Controller/FinalProject_CON.uasset" 337
"../../../FinalProject/Content/KeilStuff/Guard_AI/Guard_CON.uasset" 338
"../../../FinalProject/Content/KeilStuff/Guard_AI/Guard_default.uasset" 339
"../../../FinalProject/Content/ArtStuff/Art/Assests/_cha/_guard/Guard_idle_animation_Skeleton.uasset" 340
"../../../FinalProject/Content/KeilStuff/Guard_v3/Guard_Animation.uasset" 341
"../../../FinalProject/Content/KeilStuff/stallAI/ResetBoolTask.uasset" 342
"../../../FinalProject/Content/KeilStuff/stallAI/Stall_BB.uasset" 343
"../../../FinalProject/Content/KeilStuff/stallAI/Stall_BT.uasset" 344
"../../../FinalProject/Content/KeilStuff/stallAI/Stall_Controller.uasset" 345
"../../../FinalProject/Content/Mannequin/Character/Materials/M_UE4Man_Body_2.uasset" 346
"../../../FinalProject/Content/KeilStuff/stallAI/Stall_AI.uasset" 347
"../../../FinalProject/Content/KeilStuff/BluePrints/MathLibrary.uasset" 348
"../../../FinalProject/Content/KeilStuff/Wander_AI/RotateTowards.uasset" 349
"../../../FinalProject/Content/Mannequin/Animations/ThirdPersonJump_End.uasset" 350
"../../../FinalProject/Content/Menu/Assests/end_screen_with_score.uasset" 351
"../../../FinalProject/Content/Menu/Assests/cursor.uasset" 352
"../../../FinalProject/Content/Menu/Widgets/CursorWidget.uasset" 353
"../../../FinalProject/Content/Menu/Widgets/resultWidget.uasset" 354
"../../../FinalProject/Content/Player/Hands/Animations/HandsAnimationBlueprint.uasset" 355
"../../../FinalProject/Content/Player/Hands/Animations/hands_hold_anim_Anim.uasset" 356
"../../../FinalProject/Content/Player/Hands/Animations/V2/blue.uasset" 357
"../../../FinalProject/Content/Player/Hands/Animations/V2/HoldMaterial.uasset" 358
"../../../FinalProject/Content/Player/Hands/Skeletons/blinn1.uasset" 359
"../../../Engine/Content/BasicShapes/BasicShapeMaterial.uasset" 360
"../../../Engine/Content/BasicShapes/Cube.uasset" 361
"../../../FinalProject/Content/Player/HUD/DamgeGiver.uasset" 362
"../../../FinalProject/Content/Player/HUD/Assests/detect_on_red.uasset" 363
"../../../FinalProject/Content/Player/HUD/Assests/FirstPersonCrosshair.uasset" 364
"../../../FinalProject/Content/Player/HUD/Assests/kek.uasset" 365
"../../../FinalProject/Content/Player/HUD/Assests/kek_Mat.uasset" 366
"../../../FinalProject/Content/Player/HUD/Assests/reticle.uasset" 367
"../../../FinalProject/Content/Player/HUD/Assests/reticle_blue.uasset" 368
"../../../FinalProject/Content/Player/HUD/Assests/reticle_red.uasset" 369
"../../../FinalProject/Content/Player/HUD/Widgets/PlayerHUD.uasset" 370
"../../../FinalProject/Content/Menu/Widgets/MainMenuHud.uasset" 371
"../../../FinalProject/Content/Player/GameModes/Final_GameMode.uasset" 372
"../../../FinalProject/Content/Player/HUD/Widgets/PlayerTimer.uasset" 373
"../../../FinalProject/Content/StarterContent/Architecture/Pillar_50x500.uasset" 374
"../../../FinalProject/Content/StarterContent/Architecture/Wall_400x300.uasset" 375
"../../../FinalProject/Content/StarterContent/Architecture/Wall_400x400.uasset" 376
"../../../FinalProject/Content/StarterContent/Architecture/Wall_500x500.uasset" 377
"../../../FinalProject/Content/StarterContent/Architecture/Wall_Door_400x400.uasset" 378
"../../../FinalProject/Content/StarterContent/Architecture/Wall_Window_400x400.uasset" 379
"../../../FinalProject/Content/StarterContent/Audio/Light01_Cue.uasset" 380
"../../../FinalProject/Content/StarterContent/Audio/Light02_Cue.uasset" 381
"../../../FinalProject/Content/StarterContent/Audio/Explosion_Cue.uasset" 382
"../../../FinalProject/Content/StarterContent/Blueprints/Blueprint_Effect_Explosion.uasset" 383
"../../../Engine/Content/EditorMeshes/ColorCalibrator/T_ColorGrid.uasset" 384
"../../../FinalProject/Content/StarterContent/Materials/M_ColorGrid_LowSpec.uasset" 385
"../../../FinalProject/Content/StarterContent/Textures/T_Bush_D.uasset" 386
"../../../FinalProject/Content/StarterContent/Textures/T_Bush_N.uasset" 387
"../../../FinalProject/Content/StarterContent/Props/Materials/M_Bush.uasset" 388
"../../../FinalProject/Content/StarterContent/Props/SM_Bush.uasset" 389
"../../../FinalProject/Content/StarterContent/Textures/T_Chair_M.uasset" 390
"../../../FinalProject/Content/StarterContent/Textures/T_Chair_N.uasset" 391
"../../../FinalProject/Content/StarterContent/Props/Materials/M_Chair.uasset" 392
"../../../FinalProject/Content/StarterContent/Props/SM_Couch.uasset" 393
"../../../FinalProject/Content/StarterContent/Materials/M_Glass.uasset" 394
"../../../FinalProject/Content/StarterContent/Textures/T_Door_M.uasset" 395
"../../../FinalProject/Content/StarterContent/Textures/T_Door_N.uasset" 396
"../../../FinalProject/Content/StarterContent/Props/Materials/M_Door.uasset" 397
"../../../FinalProject/Content/StarterContent/Props/SM_Door.uasset" 398
"../../../FinalProject/Content/StarterContent/Props/Materials/M_MaterialSphere.uasset" 399
"../../../FinalProject/Content/StarterContent/Props/Materials/M_MaterialSphere_Plain.uasset" 400
"../../../FinalProject/Content/StarterContent/Props/SM_MatPreviewMesh_02.uasset" 401
"../../../FinalProject/Content/StarterContent/Textures/T_Detail_Rocky_N.uasset" 402
"../../../FinalProject/Content/StarterContent/Textures/T_Rock_Basalt_D.uasset" 403
"../../../FinalProject/Content/StarterContent/Textures/T_RockMesh_M.uasset" 404
"../../../FinalProject/Content/StarterContent/Textures/T_RockMesh_N.uasset" 405
"../../../FinalProject/Content/StarterContent/Props/Materials/M_Rock.uasset" 406
"../../../FinalProject/Content/StarterContent/Props/SM_Rock.uasset" 407
"../../../FinalProject/Content/StarterContent/Textures/T_Shelf_M.uasset" 408
"../../../FinalProject/Content/StarterContent/Textures/T_Shelf_N.uasset" 409
"../../../FinalProject/Content/StarterContent/Props/Materials/M_Shelf.uasset" 410
"../../../FinalProject/Content/StarterContent/Props/SM_Shelf.uasset" 411
"../../../FinalProject/Content/StarterContent/Materials/M_Basic_Floor.uasset" 412
"../../../FinalProject/Content/StarterContent/Props/SM_Stairs.uasset" 413
"../../../FinalProject/Content/StarterContent/Shapes/Shape_Cone.uasset" 414
"../../../FinalProject/Content/StarterContent/Shapes/Shape_Cylinder.uasset" 415
"../../../FinalProject/Content/StarterContent/Shapes/Shape_NarrowCapsule.uasset" 416
"../../../FinalProject/Content/StarterContent/Shapes/Shape_Pipe.uasset" 417
"../../../FinalProject/Content/StarterContent/Shapes/Shape_Pipe_180.uasset" 418
"../../../FinalProject/Content/StarterContent/Shapes/Shape_Pipe_90.uasset" 419
"../../../FinalProject/Content/StarterContent/Shapes/Shape_Plane.uasset" 420
"../../../FinalProject/Content/StarterContent/Shapes/Shape_Torus.uasset" 421
"../../../FinalProject/Content/StarterContent/Shapes/Shape_Trim.uasset" 422
"../../../FinalProject/Content/StarterContent/Shapes/Shape_Trim_90_In.uasset" 423
"../../../FinalProject/Content/StarterContent/Shapes/Shape_Trim_90_Out.uasset" 424
"../../../FinalProject/Content/StarterContent/Shapes/Shape_TriPyramid.uasset" 425
"../../../FinalProject/Content/StarterContent/Shapes/Shape_Tube.uasset" 426
"../../../FinalProject/Content/StarterContent/Shapes/Shape_Wedge_A.uasset" 427
"../../../FinalProject/Content/StarterContent/Shapes/Shape_Wedge_B.uasset" 428
"../../../FinalProject/Content/StarterContent/Shapes/Shape_WideCapsule.uasset" 429
"../../../FinalProject/Content/ThirdPersonBP/Blueprints/obj_env_cart_2Mat.uasset" 430
"../../../FinalProject/Content/ThirdPersonBP/Blueprints/obj_env_cart_1.uasset" 431
"../../../FinalProject/Content/ThirdPersonBP/Blueprints/texture_palette.uasset" 432
"../../../FinalProject/Content/ThirdPersonBP/Blueprints/texture_palette_Mat.uasset" 433
"../../../FinalProject/Content/ThirdPersonBP/Maps/texture_palette.uasset" 434
"../../../FinalProject/Content/ThirdPersonBP/Maps/blinn1SG.uasset" 435
"../../../FinalProject/Content/ThirdPersonBP/Maps/obj_env_cart_1.uasset" 436
"../../../FinalProject/Content/ArtStuff/Items/obj_env_cer_bowl.uasset" 437
"../../../FinalProject/Content/XaviersShit/PickupActor_Cer_Bowl.uasset" 438
"../../../FinalProject/Content/ArtStuff/Items/item_bluebowl.uasset" 439
"../../../FinalProject/Content/XaviersShit/InventoryActor_Cer_Bowl.uasset" 440
"../../../FinalProject/Content/ArtStuff/Items/beast_guard_texture.uasset" 441
"../../../FinalProject/Content/ArtStuff/Items/beast_guard_texture_Mat.uasset" 442
"../../../FinalProject/Content/ArtStuff/Items/obj_chr_guardmask_01.uasset" 443
"../../../FinalProject/Content/XaviersShit/PickupActor_Mask.uasset" 444
"../../../FinalProject/Content/ArtStuff/Items/special_mask.uasset" 445
"../../../FinalProject/Content/XaviersShit/InventoryActor_Mask.uasset" 446
"../../../FinalProject/Content/ArtStuff/Items/obj_env_purse_1.uasset" 447
"../../../FinalProject/Content/XaviersShit/PickupActor_Purse_1.uasset" 448
"../../../FinalProject/Content/ArtStuff/Items/inventory_brownbag.uasset" 449
"../../../FinalProject/Content/XaviersShit/InventoryActor_Purse_1.uasset" 450
"../../../FinalProject/Content/ArtStuff/Items/obj_env_xlvase.uasset" 451
"../../../FinalProject/Content/XaviersShit/PickupActor_XL_Vase.uasset" 452
"../../../FinalProject/Content/ArtStuff/Items/item_xlvase.uasset" 453
"../../../FinalProject/Content/XaviersShit/InventoryActor_XL_Vase.uasset" 454
"../../../FinalProject/Content/XaviersShit/RandomSpawnPoints_2.uasset" 455
"../../../FinalProject/Content/XaviersShit/Cinematics/Shot_01.uasset" 456
"../../../FinalProject/Content/XaviersShit/Sounds/Effects/Game_Music_Cue.uasset" 457
"../../../FinalProject/Content/XaviersShit/Sounds/Effects/Item_Explosion_Cue.uasset" 458
"../../../FinalProject/Content/XaviersShit/Sounds/Effects/Score_Test.uasset" 459
"../../../FinalProject/Content/XaviersShit/Sounds/Effects/test.uasset" 460
"../../../FinalProject/Content/XaviersShit/Sounds/Effects/Xavier_s_Mouth_Water_Thingy.uasset" 461
"../../../FinalProject/Content/XaviersShit/Sounds/Music/HappyChinaMan_Cue.uasset" 462
"../../../FinalProject/Content/XaviersShit/Sounds/Music/Test_Cue.uasset" 463
"../../../Engine/Plugins/2D/Paper2D/Content/DummySprite.uasset" 464
"../../../Engine/Plugins/2D/Paper2D/Content/DefaultPaperTerrainMaterial.uasset" 465
"../../../Engine/Plugins/2D/Paper2D/Content/DefaultSpriteMaterial.uasset" 466
"../../../Engine/Plugins/2D/Paper2D/Content/MaskedUnlitSpriteMaterial.uasset" 467
"../../../Engine/Plugins/2D/Paper2D/Content/OpaqueUnlitSpriteMaterial.uasset" 468
"../../../Engine/Plugins/2D/Paper2D/Content/PlaceholderTextures/DummySpriteTexture.uasset" 469
"../../../FinalProject/Content/ArtStuff/Art/Assests/_cha/_guard/Guard_idle_animation_Anim.uasset" 470
"../../../FinalProject/Content/ArtStuff/Art/Assests/_cha/_guard/GuardTest.uasset" 471
"../../../FinalProject/Content/KeilStuff/GuardyMcGuarderson/Guardy_BB.uasset" 472
"../../../FinalProject/Content/KeilStuff/GuardyMcGuarderson/TickFloat.uasset" 473
"../../../FinalProject/Content/KeilStuff/New_Stall/SetBool.uasset" 474
"../../../FinalProject/Content/KeilStuff/GuardyMcGuarderson/Guardy_BT.uasset" 475
"../../../FinalProject/Content/KeilStuff/GuardyMcGuarderson/Guardy_Con.uasset" 476
"../../../FinalProject/Content/ArtStuff/Art/Assests/_cha/_guard/longbird_guard_texture.uasset" 477
"../../../FinalProject/Content/ArtStuff/Art/Assests/_cha/_guard/blinn2SG1.uasset" 478
"../../../FinalProject/Content/ArtStuff/Art/Assests/_cha/_guard/Guard_idle_animation_PhysicsAsset.uasset" 479
"../../../FinalProject/Content/ArtStuff/Art/Assests/_cha/_guard/Guard_idle_animation.uasset" 480
"../../../FinalProject/Content/KeilStuff/GuardyMcGuarderson/Guardy_Pawn.uasset" 481
"../../../FinalProject/Content/ArtStuff/Art/Assests/_cha/ped/pedestrian_idle_01_Skeleton.uasset" 482
"../../../FinalProject/Content/ArtStuff/Art/Assests/_cha/ped/pedestrian_anim_walk_01.uasset" 483
"../../../FinalProject/Content/ArtStuff/Art/Assests/_cha/ped/pedestrian_idle_01_Anim.uasset" 484
"../../../FinalProject/Content/ArtStuff/Art/Assests/_cha/ped/pedestrian_look_01.uasset" 485
"../../../FinalProject/Content/KeilStuff/New_Stall/Acorn_Animation.uasset" 486
"../../../FinalProject/Content/KeilStuff/New_Stall/New_Stall_BB.uasset" 487
"../../../FinalProject/Content/KeilStuff/New_Stall/Rotate_Task.uasset" 488
"../../../FinalProject/Content/KeilStuff/New_Stall/New_stall_BT.uasset" 489
"../../../FinalProject/Content/KeilStuff/New_Stall/New_Stall_Controller.uasset" 490
"../../../FinalProject/Content/ArtStuff/Art/Assests/_cha/ped/hockey_pedestrian_texture.uasset" 491
"../../../FinalProject/Content/ArtStuff/Art/Assests/_cha/ped/blinn4SG1.uasset" 492
"../../../FinalProject/Content/ArtStuff/Art/Assests/_cha/ped/pedestrian_hockey_body_PhysicsAsset.uasset" 493
"../../../FinalProject/Content/ArtStuff/Art/Assests/_cha/ped/pedestrian_hockey_body.uasset" 494
"../../../FinalProject/Content/KeilStuff/New_Stall/New_Stall.uasset" 495
"../../../FinalProject/Content/KeilStuff/New_Stall/StallTarget.uasset" 496
"../../../FinalProject/Content/ThirdPersonBP/Blueprints/ThirdPersonCharacter.uasset" 497
"../../../FinalProject/Content/ArtStuff/Art/Assests/texture_palette.uasset" 498
"../../../FinalProject/Content/ArtStuff/Art/Assests/texture_palette_Mat.uasset" 499
"../../../FinalProject/Content/ArtStuff/Environment/_walls/texture_palette.uasset" 500
"../../../FinalProject/Content/ArtStuff/Environment/_walls/texture_palette_ricepaper.uasset" 501
"../../../FinalProject/Content/ArtStuff/Environment/_walls/wall_panel_1.uasset" 502
"../../../FinalProject/Content/ArtStuff/Environment/_walls/wall_panel_1_Mat.uasset" 503
"../../../FinalProject/Content/ArtStuff/Environment/_walls/wall_panel_2.uasset" 504
"../../../FinalProject/Content/ArtStuff/Environment/_walls/wall_panel_2_Mat.uasset" 505
"../../../FinalProject/Content/ArtStuff/Environment/_walls/wall_panel_3.uasset" 506
"../../../FinalProject/Content/ArtStuff/Environment/_walls/wall_panel_3_Mat.uasset" 507
"../../../FinalProject/Content/ArtStuff/Environment/_walls/wall_panel_4.uasset" 508
"../../../FinalProject/Content/ArtStuff/Environment/_walls/wall_panel_4_Mat.uasset" 509
"../../../FinalProject/Content/ArtStuff/Environment/_walls/wall_panel_5.uasset" 510
"../../../FinalProject/Content/ArtStuff/Environment/_walls/wall_panel_5_Mat.uasset" 511
"../../../FinalProject/Content/ArtStuff/Environment/_walls/wall_panel_6.uasset" 512
"../../../FinalProject/Content/ArtStuff/Environment/_walls/wall_panel_6_Mat.uasset" 513
"../../../FinalProject/Content/ArtStuff/Environment/_walls/wall_panel_blank.uasset" 514
"../../../FinalProject/Content/ArtStuff/Environment/_walls/wall_panel_blank_Mat.uasset" 515
"../../../FinalProject/Content/ArtStuff/Environment/_walls/wall_panel_wave.uasset" 516
"../../../FinalProject/Content/ArtStuff/Environment/_walls/wall_panel_wave_Mat.uasset" 517
"../../../FinalProject/Content/Geometry/Materials/texture_palette.uasset" 518
"../../../FinalProject/Content/Geometry/Materials/texture_palette_Mat.uasset" 519
"../../../FinalProject/Content/ArtStuff/Art/Assests/_deco/obj_env_barrel.uasset" 520
"../../../FinalProject/Content/ArtStuff/Art/Assests/_deco/obj_env_crate.uasset" 521
"../../../FinalProject/Content/ArtStuff/Art/Assests/_deco/obj_env_displaytray.uasset" 522
"../../../FinalProject/Content/ArtStuff/Art/Assests/_deco/obj_env_rafter.uasset" 523
"../../../FinalProject/Content/ArtStuff/Art/Assests/_deco/obj_env_slantern_white.uasset" 524
"../../../FinalProject/Content/ArtStuff/Art/Assests/_deco/obj_env_sredlantern_string.uasset" 525
"../../../FinalProject/Content/ArtStuff/Art/Assests/empty_cart.uasset" 526
"../../../FinalProject/Content/ArtStuff/Art/Assests/obj_cart_with_skewers_TESTFORCODY.uasset" 527
"../../../FinalProject/Content/ArtStuff/Art/Assests/obj_env_bucketstand.uasset" 528
"../../../FinalProject/Content/ArtStuff/Art/Assests/obj_env_cart_1.uasset" 529
"../../../FinalProject/Content/ArtStuff/Art/Assests/obj_env_cart_4.uasset" 530
"../../../FinalProject/Content/ArtStuff/Art/Assests/obj_env_cart_5.uasset" 531
"../../../FinalProject/Content/ArtStuff/Art/Assests/obj_env_wellstash.uasset" 532
"../../../FinalProject/Content/ArtStuff/Environment/_walls/obj_env_paper_panel.uasset" 533
"../../../FinalProject/Content/ArtStuff/Environment/_walls/defaultMat.uasset" 534
"../../../FinalProject/Content/ArtStuff/Environment/_walls/obj_env_wall_panel.uasset" 535
"../../../FinalProject/Content/ArtStuff/Environment/Meshes/_roomA/texture_palette.uasset" 536
"../../../FinalProject/Content/ArtStuff/Environment/Meshes/_roomA/blinn3SG.uasset" 537
"../../../FinalProject/Content/ArtStuff/Environment/Meshes/_roomA/obj_env_ceiling_room_a.uasset" 538
"../../../FinalProject/Content/ArtStuff/Environment/Meshes/_roomA/obj_env_rooma_floor.uasset" 539
"../../../FinalProject/Content/ArtStuff/Environment/Meshes/_roomB/texture_palette.uasset" 540
"../../../FinalProject/Content/ArtStuff/Environment/Meshes/_roomB/obj_env_ceiling_02_blinn1SG.uasset" 541
"../../../FinalProject/Content/ArtStuff/Environment/Meshes/_roomB/obj_env_roomb_ceiling.uasset" 542
"../../../FinalProject/Content/ArtStuff/Environment/Meshes/_roomB/obj_env_roomb_floor.uasset" 543
"../../../FinalProject/Content/ArtStuff/Environment/Meshes/_roomC/texture_palette.uasset" 544
"../../../FinalProject/Content/ArtStuff/Environment/Meshes/_roomC/obj_env_ceiling_02_blinn1SG.uasset" 545
"../../../FinalProject/Content/ArtStuff/Environment/Meshes/_roomC/obj_env_ceiling_02_blinn1SG2.uasset" 546
"../../../FinalProject/Content/ArtStuff/Environment/Meshes/_roomC/obj_env_roomc_ceiling.uasset" 547
"../../../FinalProject/Content/ArtStuff/Environment/Meshes/_roomC/obj_env_roomc_floor.uasset" 548
"../../../FinalProject/Content/ArtStuff/Environment/Meshes/_roomD/texture_palette.uasset" 549
"../../../FinalProject/Content/ArtStuff/Environment/Meshes/_roomD/blinn1SG.uasset" 550
"../../../FinalProject/Content/ArtStuff/Environment/Meshes/_roomD/obj_env_roomd_ceiling.uasset" 551
"../../../FinalProject/Content/ArtStuff/Environment/Meshes/_roomD/obj_env_roomd_floor.uasset" 552
"../../../FinalProject/Content/ArtStuff/Environment/Meshes/_roomE/texture_palette.uasset" 553
"../../../FinalProject/Content/ArtStuff/Environment/Meshes/_roomE/blinn1SG.uasset" 554
"../../../FinalProject/Content/ArtStuff/Environment/Meshes/_roomE/obj_env_ceiling_02_blinn1SG2.uasset" 555
"../../../FinalProject/Content/ArtStuff/Environment/Meshes/_roomE/obj_env_roome_ceiling.uasset" 556
"../../../FinalProject/Content/ArtStuff/Environment/Meshes/_roomE/obj_env_roome_floor.uasset" 557
"../../../FinalProject/Content/ArtStuff/Environment/Meshes/_round_room/Obj_env_curved_wall.uasset" 558
"../../../FinalProject/Content/ArtStuff/Environment/Meshes/_round_room/obj_env_round_room_ceiling.uasset" 559
"../../../FinalProject/Content/ArtStuff/Environment/Meshes/_round_room/obj_env_round_roomfloor_obj_env_roundroom_floor1.uasset" 560
"../../../FinalProject/Content/ArtStuff/Environment/Meshes/_trim/texture_palette.uasset" 561
"../../../FinalProject/Content/ArtStuff/Environment/Meshes/_trim/blinn1SG.uasset" 562
"../../../FinalProject/Content/ArtStuff/Environment/Meshes/_trim/obj_env_corner_post.uasset" 563
"../../../FinalProject/Content/ArtStuff/Environment/Meshes/_trim/blinn3SG.uasset" 564
"../../../FinalProject/Content/ArtStuff/Environment/Meshes/_trim/obj_env_doorway.uasset" 565
"../../../FinalProject/Content/ArtStuff/Environment/obj_env_wellstash.uasset" 566
"../../../FinalProject/Content/Maps/level_greybox.umap" 567
"../../../FinalProject/Content/ArtStuff/Art/Assests/_cha/ped/AcornTest.uasset" 568
"../../../FinalProject/Content/KeilStuff/Wander_AI/Wander_BB.uasset" 569
"../../../FinalProject/Content/KeilStuff/Wander_AI/PickRandomPoint.uasset" 570
"../../../FinalProject/Content/KeilStuff/Wander_AI/Wander_BT.uasset" 571
"../../../FinalProject/Content/KeilStuff/Wander_AI/Wander_Con.uasset" 572
"../../../FinalProject/Content/ArtStuff/Art/Assests/_cha/ped/acorn_pedestrian_texture.uasset" 573
"../../../FinalProject/Content/ArtStuff/Art/Assests/_cha/ped/acorn_pedestrian_texture_Mat.uasset" 574
"../../../FinalProject/Content/ArtStuff/Art/Assests/_cha/ped/Pedestrian_acorn_body_PhysicsAsset.uasset" 575
"../../../FinalProject/Content/ArtStuff/Art/Assests/_cha/ped/Pedestrian_acorn_body.uasset" 576
"../../../FinalProject/Content/KeilStuff/Wander_AI/Wander_character.uasset" 577
"../../../FinalProject/Content/KeilStuff/Wander_AI/AreaOI.uasset" 578
"../../../FinalProject/Content/KeilStuff/Guard_v3/Guard_V3_BB.uasset" 579
"../../../FinalProject/Content/KeilStuff/Guard_v3/Guard_V3_BT.uasset" 580
"../../../FinalProject/Content/KeilStuff/Guard_v3/Guard_v3_Con.uasset" 581
"../../../FinalProject/Content/KeilStuff/Guard_v3/Guard_V3.uasset" 582
"../../../FinalProject/Content/XaviersShit/PickupActor_Bowl.uasset" 583
"../../../FinalProject/Content/ArtStuff/Items/item_carrot.uasset" 584
"../../../FinalProject/Content/XaviersShit/InventoryActor_Carrot.uasset" 585
"../../../FinalProject/Content/ArtStuff/Items/obj_env_carrot.uasset" 586
"../../../FinalProject/Content/XaviersShit/PickupActor_Carrot.uasset" 587
"../../../FinalProject/Content/ArtStuff/Items/item_clock.uasset" 588
"../../../FinalProject/Content/XaviersShit/InvectorActor_Clock.uasset" 589
"../../../FinalProject/Content/ArtStuff/Items/obj_env_slowmoclock.uasset" 590
"../../../FinalProject/Content/XaviersShit/PickupActor_Clock.uasset" 591
"../../../FinalProject/Content/ArtStuff/Items/inventory_largewhitedish.uasset" 592
"../../../FinalProject/Content/XaviersShit/InventoryActor_Dish.uasset" 593
"../../../FinalProject/Content/ArtStuff/Items/obj_env_white_dish.uasset" 594
"../../../FinalProject/Content/XaviersShit/PickupActor_Dish.uasset" 595
"../../../FinalProject/Content/ArtStuff/Items/item_dragonfruit.uasset" 596
"../../../FinalProject/Content/XaviersShit/InventoryActor_DragonFruit.uasset" 597
"../../../FinalProject/Content/ArtStuff/Items/obj_env_dragonfruit.uasset" 598
"../../../FinalProject/Content/XaviersShit/PickupActor_DragonFruit.uasset" 599
"../../../FinalProject/Content/ArtStuff/Items/item_eggplanttttt.uasset" 600
"../../../FinalProject/Content/XaviersShit/InventoryActor_EggPlant.uasset" 601
"../../../FinalProject/Content/ArtStuff/Items/obj_env_eggplant.uasset" 602
"../../../FinalProject/Content/XaviersShit/PickupActor_EggPlant.uasset" 603
"../../../FinalProject/Content/ArtStuff/Items/inventory_fanyellow.uasset" 604
"../../../FinalProject/Content/XaviersShit/InventoryActor_Fan_1.uasset" 605
"../../../FinalProject/Content/ArtStuff/Items/obj_env_fan_1.uasset" 606
"../../../FinalProject/Content/XaviersShit/PickupActor_Fan_1.uasset" 607
"../../../FinalProject/Content/ArtStuff/Items/item_fanblack.uasset" 608
"../../../FinalProject/Content/XaviersShit/InventoryActor_Fan_2.uasset" 609
"../../../FinalProject/Content/ArtStuff/Items/obj_env_fan_2.uasset" 610
"../../../FinalProject/Content/XaviersShit/PickupActor_Fan_2.uasset" 611
"../../../FinalProject/Content/ArtStuff/Items/item_fanwhite.uasset" 612
"../../../FinalProject/Content/XaviersShit/InventoryActor_Fan_3.uasset" 613
"../../../FinalProject/Content/ArtStuff/Items/obj_env_fan_3.uasset" 614
"../../../FinalProject/Content/XaviersShit/PickupActor_Fan_3.uasset" 615
"../../../FinalProject/Content/ArtStuff/Items/item_fishballskewer.uasset" 616
"../../../FinalProject/Content/XaviersShit/InventoryActor_Fishball_Skewer.uasset" 617
"../../../FinalProject/Content/ArtStuff/Items/obj_env_fishball_skewer.uasset" 618
"../../../FinalProject/Content/XaviersShit/PickupActor_Fishball_Skewer.uasset" 619
"../../../FinalProject/Content/ArtStuff/Items/inventory_daruma.uasset" 620
"../../../FinalProject/Content/XaviersShit/InventoryActor_Heavy_Daruma.uasset" 621
"../../../FinalProject/Content/ArtStuff/Items/obj_env_daruma_no_running.uasset" 622
"../../../FinalProject/Content/XaviersShit/PickupActor_Heavy_Daruma.uasset" 623
"../../../FinalProject/Content/XaviersShit/InventoryActor_Katana.uasset" 624
"../../../FinalProject/Content/ArtStuff/Items/obj_env_katana.uasset" 625
"../../../FinalProject/Content/XaviersShit/PickupActor_Katana.uasset" 626
"../../../FinalProject/Content/XaviersShit/InventoryActor_Kunai.uasset" 627
"../../../FinalProject/Content/ArtStuff/Items/blinn3SG.uasset" 628
"../../../FinalProject/Content/ArtStuff/Items/obj_env_kunai_knife.uasset" 629
"../../../FinalProject/Content/XaviersShit/PickupActor_Kunai.uasset" 630
"../../../FinalProject/Content/ArtStuff/Items/item_largebowl.uasset" 631
"../../../FinalProject/Content/XaviersShit/InventoryActor_Large_Bowl.uasset" 632
"../../../FinalProject/Content/ArtStuff/Items/obj_env_lbowl.uasset" 633
"../../../FinalProject/Content/XaviersShit/PickupActor_Large_Bowl.uasset" 634
"../../../FinalProject/Content/ArtStuff/Items/item_largevase.uasset" 635
"../../../FinalProject/Content/XaviersShit/InventoryActor_Large_Vase.uasset" 636
"../../../FinalProject/Content/ArtStuff/Items/obj_env_largevase.uasset" 637
"../../../FinalProject/Content/XaviersShit/PickupActor_Large_Vase.uasset" 638
"../../../FinalProject/Content/ArtStuff/Items/item_leek.uasset" 639
"../../../FinalProject/Content/XaviersShit/InventoryActor_Leek.uasset" 640
"../../../FinalProject/Content/ArtStuff/Items/obj_env_leek.uasset" 641
"../../../FinalProject/Content/XaviersShit/PickupActor_Leek.uasset" 642
"../../../FinalProject/Content/ArtStuff/Items/item_lemon.uasset" 643
"../../../FinalProject/Content/XaviersShit/InventoryActor_lemon.uasset" 644
"../../../FinalProject/Content/ArtStuff/Items/obj_env_lemon.uasset" 645
"../../../FinalProject/Content/XaviersShit/PickupActor_Lemon.uasset" 646
"../../../FinalProject/Content/ArtStuff/Items/item_meatskewer.uasset" 647
"../../../FinalProject/Content/XaviersShit/InventoryActor_Meat_Skewer.uasset" 648
"../../../FinalProject/Content/ArtStuff/Items/obj_env_meat_skewer.uasset" 649
"../../../FinalProject/Content/XaviersShit/PickupActor_Meat_Skewer.uasset" 650
"../../../FinalProject/Content/ArtStuff/Items/item_watermelon.uasset" 651
"../../../FinalProject/Content/XaviersShit/InventoryActor_Melon.uasset" 652
"../../../FinalProject/Content/ArtStuff/Items/obj_env_watermelon.uasset" 653
"../../../FinalProject/Content/XaviersShit/PickupActor_Melon.uasset" 654
"../../../FinalProject/Content/ArtStuff/Items/inventory_blackbag.uasset" 655
"../../../FinalProject/Content/XaviersShit/InventoryActor_Purse_2.uasset" 656
"../../../FinalProject/Content/ArtStuff/Items/obj_env_purse_2.uasset" 657
"../../../FinalProject/Content/XaviersShit/PickupActor_Purse_2.uasset" 658
"../../../FinalProject/Content/ArtStuff/Items/item_radish.uasset" 659
"../../../FinalProject/Content/XaviersShit/InventoryActor_Radish.uasset" 660
"../../../FinalProject/Content/ArtStuff/Items/obj_env_radish.uasset" 661
"../../../FinalProject/Content/XaviersShit/PickupActor_Radish.uasset" 662
"../../../FinalProject/Content/ArtStuff/Items/inventory_horn.uasset" 663
"../../../FinalProject/Content/XaviersShit/InventoryActor_Ree_Horn.uasset" 664
"../../../FinalProject/Content/ArtStuff/Items/obj_env_warhorn.uasset" 665
"../../../FinalProject/Content/XaviersShit/PickupActor_Ree_Horn.uasset" 666
"../../../FinalProject/Content/XaviersShit/InventoryActor_Shurikan.uasset" 667
"../../../FinalProject/Content/ArtStuff/Items/PxrLMMetal1SG.uasset" 668
"../../../FinalProject/Content/ArtStuff/Items/obj_env_ninja_star.uasset" 669
"../../../FinalProject/Content/XaviersShit/PickupActor_Shurikan.uasset" 670
"../../../FinalProject/Content/ArtStuff/Items/item_teacup.uasset" 671
"../../../FinalProject/Content/XaviersShit/InventoryActor_TeaCup.uasset" 672
"../../../FinalProject/Content/ArtStuff/Items/obj_env_greenteacup.uasset" 673
"../../../FinalProject/Content/XaviersShit/PickupActor_TeaCup.uasset" 674
"../../../FinalProject/Content/ArtStuff/Items/inventory_yellowteapot.uasset" 675
"../../../FinalProject/Content/XaviersShit/InventoryActor_Teapot.uasset" 676
"../../../FinalProject/Content/ArtStuff/Items/obj_env_cer_teapot.uasset" 677
"../../../FinalProject/Content/XaviersShit/PickupActor_Teapot.uasset" 678
"../../../FinalProject/Content/ArtStuff/Items/item_terryoj.uasset" 679
"../../../FinalProject/Content/XaviersShit/InventoryActor_Terry_Juice.uasset" 680
"../../../FinalProject/Content/ArtStuff/Items/texture_signs.uasset" 681
"../../../FinalProject/Content/ArtStuff/Items/texture_signs_Mat.uasset" 682
"../../../FinalProject/Content/ArtStuff/Items/obj_env_terryjuice.uasset" 683
"../../../FinalProject/Content/XaviersShit/PickupActor_Terry_Juice.uasset" 684
"../../../FinalProject/Content/ArtStuff/Items/item_terryorange.uasset" 685
"../../../FinalProject/Content/XaviersShit/InventoryActor_Terry_Oranges.uasset" 686
"../../../FinalProject/Content/ArtStuff/Items/obj_env_terryorange.uasset" 687
"../../../FinalProject/Content/XaviersShit/PickupActor_Terry_Oranges.uasset" 688
"../../../FinalProject/Content/ArtStuff/Items/inventory_terryportrait.uasset" 689
"../../../FinalProject/Content/XaviersShit/InventoryActor_Terry_Pic.uasset" 690
"../../../FinalProject/Content/ArtStuff/Items/obj_env_terryportrait.uasset" 691
"../../../FinalProject/Content/XaviersShit/PickupActor_Terry_Pic.uasset" 692
"../../../FinalProject/Content/ArtStuff/Items/item_uglyfish.uasset" 693
"../../../FinalProject/Content/XaviersShit/InventoryActor_UglyFIsh.uasset" 694
"../../../FinalProject/Content/ArtStuff/Items/obj_env_uglyfish.uasset" 695
"../../../FinalProject/Content/XaviersShit/PickupActor_UglyFish.uasset" 696
"../../../FinalProject/Content/ArtStuff/Items/inventory_purseblue.uasset" 697
"../../../FinalProject/Content/XaviersShit/InventoryActor_Wallet_1.uasset" 698
"../../../FinalProject/Content/ArtStuff/Items/obj_env_wallet_1.uasset" 699
"../../../FinalProject/Content/XaviersShit/PickupActor_Wallet_1.uasset" 700
"../../../FinalProject/Content/ArtStuff/Items/inventory_pursewhite.uasset" 701
"../../../FinalProject/Content/XaviersShit/InventoryActor_Wallet_2.uasset" 702
"../../../FinalProject/Content/ArtStuff/Items/obj_env_wallet_2.uasset" 703
"../../../FinalProject/Content/XaviersShit/PickupActor_Wallet_2.uasset" 704
"../../../FinalProject/Content/ArtStuff/Items/inventory_pursebrown.uasset" 705
"../../../FinalProject/Content/XaviersShit/InventoryActor_Wallet_3.uasset" 706
"../../../FinalProject/Content/ArtStuff/Items/obj_env_wallet_3.uasset" 707
"../../../FinalProject/Content/XaviersShit/PickupActor_Wallet_3.uasset" 708
"../../../FinalProject/Content/ArtStuff/Items/item_widevase.uasset" 709
"../../../FinalProject/Content/XaviersShit/InventoryActor_Wide_Vase.uasset" 710
"../../../FinalProject/Content/ArtStuff/Items/obj_env_widevase.uasset" 711
"../../../FinalProject/Content/XaviersShit/PickupActor_Wide_Vase.uasset" 712
"../../../FinalProject/Content/XaviersShit/RandomSpawnPoints.uasset" 713
"../../../FinalProject/Content/XaviersShit/VendingMachine.uasset" 714
"../../../FinalProject/Content/Maps/marketplace_level_BuiltData.uasset" 715
"../../../FinalProject/Content/ArtStuff/Environment/Image_uploaded_from_iOS.uasset" 716
"../../../FinalProject/Content/ArtStuff/Environment/Image_uploaded_from_iOS_Mat.uasset" 717
"../../../FinalProject/Content/XaviersShit/PP_OutlineCustomDepth.uasset" 718
"../../../FinalProject/Content/ArtStuff/Art/Assests/_deco/blinn2SG.uasset" 719
"../../../FinalProject/Content/ArtStuff/Art/Assests/_deco/obj_env_bambooplanter.uasset" 720
"../../../FinalProject/Content/ArtStuff/Art/Assests/_deco/obj_env_flagstrand.uasset" 721
"../../../FinalProject/Content/ArtStuff/Art/Assests/_deco/blinn1SG.uasset" 722
"../../../FinalProject/Content/ArtStuff/Art/Assests/_deco/obj_env_littlepotplant.uasset" 723
"../../../FinalProject/Content/ArtStuff/Art/Assests/_deco/obj_env_pedestal.uasset" 724
"../../../FinalProject/Content/ArtStuff/Art/Assests/_deco/obj_env_terryshrine.uasset" 725
"../../../FinalProject/Content/ArtStuff/Environment/obj_vending_machine_1st.uasset" 726
"../../../FinalProject/Content/ArtStuff/Items/blinn2SG.uasset" 727
"../../../FinalProject/Content/ArtStuff/Items/obj_env_katana_stand.uasset" 728
"../../../FinalProject/Content/Menu/Assests/back_button.uasset" 729
"../../../FinalProject/Content/Menu/Assests/controls_page.uasset" 730
"../../../FinalProject/Content/Menu/Assests/credits_screen_gameready.uasset" 731
"../../../FinalProject/Content/Menu/Assests/marketplayce_logo2.uasset" 732
"../../../FinalProject/Content/Menu/Assests/next_button.uasset" 733
"../../../FinalProject/Content/Menu/Assests/obj_ui_credits.uasset" 734
"../../../FinalProject/Content/Menu/Assests/obj_ui_fish.uasset" 735
"../../../FinalProject/Content/Menu/Assests/obj_ui_htp.uasset" 736
"../../../FinalProject/Content/Menu/Assests/obj_ui_start_sign_copy.uasset" 737
"../../../FinalProject/Content/Menu/Assests/objective_page.uasset" 738
"../../../FinalProject/Content/Menu/Assests/specialitem_page.uasset" 739
"../../../FinalProject/Content/Menu/Widgets/MainMenuWidget.uasset" 740
"../../../FinalProject/Content/StarterContent/Textures/T_Dust_Particle_D.uasset" 741
"../../../FinalProject/Content/StarterContent/Particles/Materials/M_Dust_Particle.uasset" 742
"../../../FinalProject/Content/StarterContent/Particles/P_Ambient_Dust.uasset" 743
"../../../FinalProject/Content/XaviersShit/Sounds/Effects/crowd_Cue.uasset" 744
"../../../FinalProject/Content/XaviersShit/Sounds/Music/Happy_China_Man_v2_Cue.uasset" 745
"../../../FinalProject/Content/Maps/marketplace_level.umap" 746
"../../../Engine/Content/EngineSky/C_Sky_Cloud_Color.uasset" 747
"../../../Engine/Content/EngineSky/C_Sky_Horizon_Color.uasset" 748
"../../../Engine/Content/EngineSky/C_Sky_Zenith_Color.uasset" 749
"../../../Engine/Content/EngineSky/T_Sky_Blue.uasset" 750
"../../../Engine/Content/EngineSky/T_Sky_Clouds_M.uasset" 751
"../../../Engine/Content/EngineSky/T_Sky_Stars.uasset" 752
"../../../Engine/Content/EngineSky/M_Sky_Panning_Clouds2.uasset" 753
"../../../Engine/Content/EngineSky/SM_SkySphere.uasset" 754
"../../../Engine/Content/EngineSky/BP_Sky_Sphere.uasset" 755
"../../../Engine/Content/Functions/Engine_MaterialFunctions03/Procedurals/ComputeFilterWidth.uasset" 756
"../../../Engine/Content/EngineMaterials/AntiAliasedTextMaterialTranslucent.uasset" 757
"../../../FinalProject/Content/ArtStuff/Environment/Meshes/CubeMaterial.uasset" 758
"../../../FinalProject/Content/ArtStuff/Environment/Meshes/1M_Cube.uasset" 759
"../../../FinalProject/Content/ArtStuff/Environment/Meshes/1M_Cube_Chamfer.uasset" 760
"../../../FinalProject/Content/ArtStuff/Environment/Meshes/TemplateFloor.uasset" 761
"../../../FinalProject/Content/ThirdPerson/Meshes/RampMaterial.uasset" 762
"../../../FinalProject/Content/ThirdPerson/Meshes/Bump_StaticMesh.uasset" 763
"../../../FinalProject/Content/ThirdPerson/Meshes/LeftArm_StaticMesh.uasset" 764
"../../../FinalProject/Content/ThirdPerson/Meshes/Linear_Stair_StaticMesh.uasset" 765
"../../../FinalProject/Content/ThirdPerson/Meshes/Ramp_StaticMesh.uasset" 766
"../../../FinalProject/Content/ThirdPerson/Meshes/RightArm_StaticMesh.uasset" 767
"../../../FinalProject/Content/Maps/ThirdPersonExampleMap.umap" 768
"../../../Engine/Content/MapTemplates/SM_Template_Map_Floor.uasset" 769
"../../../FinalProject/Content/ArtStuff/Art/Assests/_cha/ped/fauna_pedestrian_texture.uasset" 770
"../../../FinalProject/Content/ArtStuff/Art/Assests/_cha/ped/blinn1SG1.uasset" 771
"../../../FinalProject/Content/ArtStuff/Art/Assests/_cha/ped/pedestrian_idle_01_PhysicsAsset.uasset" 772
"../../../FinalProject/Content/ArtStuff/Art/Assests/_cha/ped/pedestrian_idle_01.uasset" 773
"../../../FinalProject/Content/Maps/dev/dev_AnimTest.umap" 774
"../../../FinalProject/Content/StarterContent/Blueprints/Assets/FogBrightnessLUT.uasset" 775
"../../../FinalProject/Content/StarterContent/Blueprints/Assets/SunlightColorLUT.uasset" 776
"../../../FinalProject/Content/StarterContent/Blueprints/Assets/M_LightStage_Arrows.uasset" 777
"../../../Engine/Content/MapTemplates/Sky/DaylightAmbientCubemap.uasset" 778
"../../../FinalProject/Content/StarterContent/Blueprints/Assets/M_LightStage_Skybox_Master.uasset" 779
"../../../FinalProject/Content/StarterContent/Blueprints/Assets/M_LightStage_Skybox_Black.uasset" 780
"../../../FinalProject/Content/StarterContent/Blueprints/Assets/M_LightStage_Skybox_HDRI.uasset" 781
"../../../Engine/Content/EditorMaterials/Thumbnails/SkySphereMaterial.uasset" 782
"../../../FinalProject/Content/StarterContent/Blueprints/Assets/Skybox.uasset" 783
"../../../FinalProject/Content/StarterContent/Blueprints/Assets/SM_Arrows.uasset" 784
"../../../FinalProject/Content/StarterContent/HDRI/HDRI_Epic_Courtyard_Daylight.uasset" 785
"../../../FinalProject/Content/StarterContent/Blueprints/BP_LightStudio.uasset" 786
"../../../FinalProject/Content/StarterContent/Maps/Advanced_Lighting_BuiltData.uasset" 787
"../../../FinalProject/Content/StarterContent/Materials/M_AssetPlatform.uasset" 788
"../../../Engine/Content/EditorMeshes/ColorCalibrator/M_ChromeBall.uasset" 789
"../../../Engine/Content/EditorMeshes/ColorCalibrator/M_ClearCoat.uasset" 790
"../../../Engine/Content/EditorMeshes/ColorCalibrator/M_ClearCoatBlack.uasset" 791
"../../../Engine/Content/EditorMeshes/ColorCalibrator/M_ColorGrid.uasset" 792
"../../../Engine/Content/EditorMeshes/ColorCalibrator/M_GreyBall.uasset" 793
"../../../Engine/Content/EditorMeshes/ColorCalibrator/SM_ColorCalibrator.uasset" 794
"../../../FinalProject/Content/StarterContent/Architecture/SM_AssetPlatform.uasset" 795
"../../../FinalProject/Content/StarterContent/Maps/Advanced_Lighting.umap" 796
"../../../FinalProject/Content/StarterContent/Maps/Minimal_Default_BuiltData.uasset" 797
"../../../FinalProject/Content/StarterContent/Textures/T_MacroVariation.uasset" 798
"../../../FinalProject/Content/StarterContent/Materials/M_Metal_Brushed_Nickel.uasset" 799
"../../../FinalProject/Content/StarterContent/Textures/T_Metal_Aluminum_D.uasset" 800
"../../../FinalProject/Content/StarterContent/Textures/T_Metal_Gold_N.uasset" 801
"../../../FinalProject/Content/StarterContent/Materials/M_Metal_Burnished_Steel.uasset" 802
"../../../FinalProject/Content/StarterContent/Textures/T_Metal_Copper_D.uasset" 803
"../../../FinalProject/Content/StarterContent/Materials/M_Metal_Copper.uasset" 804
"../../../FinalProject/Content/StarterContent/Textures/T_Statue_M.uasset" 805
"../../../FinalProject/Content/StarterContent/Textures/T_Statue_N.uasset" 806
"../../../FinalProject/Content/StarterContent/Props/Materials/M_StatueGlass.uasset" 807
"../../../FinalProject/Content/StarterContent/Architecture/Floor_400x400.uasset" 808
"../../../FinalProject/Content/StarterContent/Audio/Starter_Background_Cue.uasset" 809
"../../../FinalProject/Content/StarterContent/Props/SM_Chair.uasset" 810
"../../../FinalProject/Content/StarterContent/Props/Materials/M_Statue.uasset" 811
"../../../FinalProject/Content/StarterContent/Props/SM_Statue.uasset" 812
"../../../FinalProject/Content/StarterContent/Textures/T_TableRound_M.uasset" 813
"../../../FinalProject/Content/StarterContent/Textures/T_TableRound_N.uasset" 814
"../../../FinalProject/Content/StarterContent/Props/Materials/M_TableRound.uasset" 815
"../../../FinalProject/Content/StarterContent/Props/SM_TableRound.uasset" 816
"../../../FinalProject/Content/StarterContent/Maps/Minimal_Default.umap" 817
"../../../FinalProject/Content/StarterContent/Audio/Fire01_Cue.uasset" 818
"../../../FinalProject/Content/StarterContent/Textures/T_Fire_SubUV.uasset" 819
"../../../FinalProject/Content/StarterContent/Textures/T_Fire_Tiled_D.uasset" 820
"../../../FinalProject/Content/StarterContent/Particles/Materials/M_Fire_SubUV.uasset" 821
"../../../FinalProject/Content/StarterContent/Textures/T_Water_N.uasset" 822
"../../../FinalProject/Content/StarterContent/Particles/Materials/M_Heat_Distortion.uasset" 823
"../../../FinalProject/Content/StarterContent/Particles/Materials/M_Radial_Gradient.uasset" 824
"../../../FinalProject/Content/StarterContent/Particles/P_Fire.uasset" 825
"../../../FinalProject/Content/StarterContent/Blueprints/Blueprint_Effect_Fire.uasset" 826
"../../../FinalProject/Content/StarterContent/Audio/Smoke01_Cue.uasset" 827
"../../../FinalProject/Content/StarterContent/Particles/P_Smoke.uasset" 828
"../../../FinalProject/Content/StarterContent/Blueprints/Blueprint_Effect_Smoke.uasset" 829
"../../../FinalProject/Content/StarterContent/Audio/Fire_Sparks01_Cue.uasset" 830
"../../../FinalProject/Content/StarterContent/Textures/T_Spark_Core.uasset" 831
"../../../FinalProject/Content/StarterContent/Particles/Materials/M_Spark.uasset" 832
"../../../FinalProject/Content/StarterContent/Particles/P_Sparks.uasset" 833
"../../../FinalProject/Content/StarterContent/Blueprints/Blueprint_Effect_Sparks.uasset" 834
"../../../FinalProject/Content/StarterContent/Audio/Steam01_Cue.uasset" 835
"../../../FinalProject/Content/StarterContent/Particles/P_Steam_Lit.uasset" 836
"../../../FinalProject/Content/StarterContent/Blueprints/Blueprint_Effect_Steam.uasset" 837
"../../../FinalProject/Content/StarterContent/Textures/T_Lamp_M.uasset" 838
"../../../FinalProject/Content/StarterContent/Textures/T_Lamp_N.uasset" 839
"../../../FinalProject/Content/StarterContent/Props/Materials/M_Lamp.uasset" 840
"../../../FinalProject/Content/StarterContent/Props/SM_Lamp_Ceiling.uasset" 841
"../../../FinalProject/Content/StarterContent/Blueprints/Blueprint_CeilingLight.uasset" 842
"../../../FinalProject/Content/StarterContent/Props/SM_Lamp_Wall.uasset" 843
"../../../FinalProject/Content/StarterContent/Blueprints/Blueprint_WallSconce.uasset" 844
"../../../FinalProject/Content/StarterContent/Maps/StarterMap_BuiltData.uasset" 845
"../../../FinalProject/Content/StarterContent/Textures/T_Brick_Clay_Beveled_D.uasset" 846
"../../../FinalProject/Content/StarterContent/Textures/T_Brick_Clay_Beveled_M.uasset" 847
"../../../FinalProject/Content/StarterContent/Textures/T_Brick_Clay_Beveled_N.uasset" 848
"../../../FinalProject/Content/StarterContent/Materials/M_Brick_Clay_Beveled.uasset" 849
"../../../FinalProject/Content/StarterContent/Textures/T_Brick_Clay_New_D.uasset" 850
"../../../FinalProject/Content/StarterContent/Textures/T_Brick_Clay_New_M.uasset" 851
"../../../FinalProject/Content/StarterContent/Textures/T_Brick_Clay_New_N.uasset" 852
"../../../FinalProject/Content/StarterContent/Materials/M_Brick_Clay_New.uasset" 853
"../../../FinalProject/Content/StarterContent/Textures/T_Brick_Clay_Old_D.uasset" 854
"../../../FinalProject/Content/StarterContent/Textures/T_Brick_Clay_Old_N.uasset" 855
"../../../FinalProject/Content/StarterContent/Textures/T_Perlin_Noise_M.uasset" 856
"../../../FinalProject/Content/StarterContent/Materials/M_Brick_Clay_Old.uasset" 857
"../../../FinalProject/Content/StarterContent/Textures/T_Brick_Cut_Stone_D.uasset" 858
"../../../FinalProject/Content/StarterContent/Textures/T_Brick_Cut_Stone_N.uasset" 859
"../../../FinalProject/Content/StarterContent/Materials/M_Brick_Cut_Stone.uasset" 860
"../../../FinalProject/Content/StarterContent/Textures/T_Brick_Hewn_Stone_D.uasset" 861
"../../../FinalProject/Content/StarterContent/Textures/T_Brick_Hewn_Stone_M.uasset" 862
"../../../FinalProject/Content/StarterContent/Textures/T_Brick_Hewn_Stone_N.uasset" 863
"../../../FinalProject/Content/StarterContent/Materials/M_Brick_Hewn_Stone.uasset" 864
"../../../FinalProject/Content/StarterContent/Textures/T_Ceramic_Tile_M.uasset" 865
"../../../FinalProject/Content/StarterContent/Textures/T_Ceramic_Tile_N.uasset" 866
"../../../FinalProject/Content/StarterContent/Textures/T_Rock_Marble_Polished_D.uasset" 867
"../../../FinalProject/Content/StarterContent/Materials/M_Ceramic_Tile_Checker.uasset" 868
"../../../FinalProject/Content/StarterContent/Textures/T_CobbleStone_Pebble_D.uasset" 869
"../../../FinalProject/Content/StarterContent/Textures/T_CobbleStone_Pebble_M.uasset" 870
"../../../FinalProject/Content/StarterContent/Textures/T_CobbleStone_Pebble_N.uasset" 871
"../../../FinalProject/Content/StarterContent/Materials/M_CobbleStone_Pebble.uasset" 872
"../../../FinalProject/Content/StarterContent/Textures/T_CobbleStone_Rough_D.uasset" 873
"../../../FinalProject/Content/StarterContent/Textures/T_CobbleStone_Rough_N.uasset" 874
"../../../FinalProject/Content/StarterContent/Textures/T_Gradinet_01.uasset" 875
"../../../FinalProject/Content/StarterContent/Textures/T_Rock_Smooth_Granite_D.uasset" 876
"../../../FinalProject/Content/StarterContent/Materials/M_CobbleStone_Rough.uasset" 877
"../../../FinalProject/Content/StarterContent/Textures/T_CobbleStone_Smooth_D.uasset" 878
"../../../FinalProject/Content/StarterContent/Textures/T_CobbleStone_Smooth_M.uasset" 879
"../../../FinalProject/Content/StarterContent/Textures/T_CobbleStone_Smooth_N.uasset" 880
"../../../FinalProject/Content/StarterContent/Materials/M_CobbleStone_Smooth.uasset" 881
"../../../FinalProject/Content/StarterContent/Textures/T_Concrete_Grime_D.uasset" 882
"../../../FinalProject/Content/StarterContent/Textures/T_Metal_Rust_N.uasset" 883
"../../../FinalProject/Content/StarterContent/Materials/M_Concrete_Grime.uasset" 884
"../../../FinalProject/Content/StarterContent/Textures/T_Concrete_Panels_D.uasset" 885
"../../../FinalProject/Content/StarterContent/Textures/T_Concrete_Panels_N.uasset" 886
"../../../FinalProject/Content/StarterContent/Materials/M_Concrete_Panels.uasset" 887
"../../../FinalProject/Content/StarterContent/Textures/T_Concrete_Poured_D.uasset" 888
"../../../FinalProject/Content/StarterContent/Textures/T_Concrete_Poured_N.uasset" 889
"../../../FinalProject/Content/StarterContent/Materials/M_Concrete_Poured.uasset" 890
"../../../FinalProject/Content/StarterContent/Textures/T_Concrete_Tiles_D.uasset" 891
"../../../FinalProject/Content/StarterContent/Textures/T_Concrete_Tiles_M.uasset" 892
"../../../FinalProject/Content/StarterContent/Textures/T_Concrete_Tiles_N.uasset" 893
"../../../FinalProject/Content/StarterContent/Textures/T_Concrete_Tiles_Variation_M.uasset" 894
"../../../FinalProject/Content/StarterContent/Materials/M_Concrete_Tiles.uasset" 895
"../../../FinalProject/Content/StarterContent/Textures/T_Ground_Grass_D.uasset" 896
"../../../FinalProject/Content/StarterContent/Textures/T_Ground_Grass_N.uasset" 897
"../../../FinalProject/Content/StarterContent/Materials/M_Ground_Grass.uasset" 898
"../../../FinalProject/Content/StarterContent/Textures/T_Ground_Gravel_D.uasset" 899
"../../../FinalProject/Content/StarterContent/Textures/T_Ground_Gravel_N.uasset" 900
"../../../FinalProject/Content/StarterContent/Materials/M_Ground_Gravel.uasset" 901
"../../../FinalProject/Content/StarterContent/Textures/T_ground_Moss_D.uasset" 902
"../../../FinalProject/Content/StarterContent/Textures/T_Ground_Moss_N.uasset" 903
"../../../FinalProject/Content/StarterContent/Materials/M_Ground_Moss.uasset" 904
"../../../FinalProject/Content/StarterContent/Materials/M_Metal_Chrome.uasset" 905
"../../../FinalProject/Content/StarterContent/Textures/T_Metal_Gold_D.uasset" 906
"../../../FinalProject/Content/StarterContent/Materials/M_Metal_Gold.uasset" 907
"../../../FinalProject/Content/StarterContent/Textures/T_Metal_Rust_D.uasset" 908
"../../../FinalProject/Content/StarterContent/Materials/M_Metal_Rust.uasset" 909
"../../../FinalProject/Content/StarterContent/Textures/T_Metal_Steel_D.uasset" 910
"../../../FinalProject/Content/StarterContent/Textures/T_Metal_Steel_N.uasset" 911
"../../../FinalProject/Content/StarterContent/Materials/M_Metal_Steel.uasset" 912
"../../../FinalProject/Content/StarterContent/Textures/T_Rock_Basalt_N.uasset" 913
"../../../FinalProject/Content/StarterContent/Materials/M_Rock_Basalt.uasset" 914
"../../../FinalProject/Content/StarterContent/Materials/M_Rock_Marble_Polished.uasset" 915
"../../../FinalProject/Content/StarterContent/Textures/T_Rock_Sandstone_D.uasset" 916
"../../../FinalProject/Content/StarterContent/Textures/T_Rock_Sandstone_N.uasset" 917
"../../../FinalProject/Content/StarterContent/Materials/M_Rock_Sandstone.uasset" 918
"../../../FinalProject/Content/StarterContent/Textures/T_Rock_Slate_D.uasset" 919
"../../../FinalProject/Content/StarterContent/Textures/T_Rock_Slate_N.uasset" 920
"../../../FinalProject/Content/StarterContent/Materials/M_Rock_Slate.uasset" 921
"../../../FinalProject/Content/StarterContent/Textures/T_Checker_Noise_M.uasset" 922
"../../../FinalProject/Content/StarterContent/Textures/T_Single_Tile_N.uasset" 923
"../../../FinalProject/Content/StarterContent/Textures/T_Tech_Dot_M.uasset" 924
"../../../FinalProject/Content/StarterContent/Textures/T_Tech_Dot_N.uasset" 925
"../../../FinalProject/Content/StarterContent/Materials/M_Tech_Checker_Dot.uasset" 926
"../../../FinalProject/Content/StarterContent/Textures/T_Tech_Hex_Tile_M.uasset" 927
"../../../FinalProject/Content/StarterContent/Textures/T_Tech_Hex_Tile_N.uasset" 928
"../../../FinalProject/Content/StarterContent/Materials/M_Tech_Hex_Tile.uasset" 929
"../../../FinalProject/Content/StarterContent/Materials/M_Tech_Hex_Tile_Pulse.uasset" 930
"../../../FinalProject/Content/StarterContent/Textures/T_Tech_Panel_M.uasset" 931
"../../../FinalProject/Content/StarterContent/Textures/T_Tech_Panel_N.uasset" 932
"../../../FinalProject/Content/StarterContent/Materials/M_Tech_Panel.uasset" 933
"../../../FinalProject/Content/StarterContent/Materials/M_Water_Lake.uasset" 934
"../../../FinalProject/Content/StarterContent/Textures/T_Water_M.uasset" 935
"../../../FinalProject/Content/StarterContent/Materials/M_Water_Ocean.uasset" 936
"../../../FinalProject/Content/StarterContent/Textures/T_Wood_Floor_Walnut_D.uasset" 937
"../../../FinalProject/Content/StarterContent/Textures/T_Wood_Floor_Walnut_M.uasset" 938
"../../../FinalProject/Content/StarterContent/Textures/T_Wood_Floor_Walnut_N.uasset" 939
"../../../FinalProject/Content/StarterContent/Materials/M_Wood_Floor_Walnut_Polished.uasset" 940
"../../../Engine/Content/Functions/Engine_MaterialFunctions01/Opacity/AlphaOffset.uasset" 941
"../../../FinalProject/Content/StarterContent/Materials/M_Wood_Floor_Walnut_Worn.uasset" 942
"../../../FinalProject/Content/StarterContent/Textures/T_Wood_Oak_D.uasset" 943
"../../../FinalProject/Content/StarterContent/Textures/T_Wood_Oak_N.uasset" 944
"../../../FinalProject/Content/StarterContent/Materials/M_Wood_Oak.uasset" 945
"../../../FinalProject/Content/StarterContent/Textures/T_Wood_Pine_D.uasset" 946
"../../../FinalProject/Content/StarterContent/Textures/T_Wood_Pine_N.uasset" 947
"../../../FinalProject/Content/StarterContent/Materials/M_Wood_Pine.uasset" 948
"../../../FinalProject/Content/StarterContent/Textures/T_Wood_Walnut_D.uasset" 949
"../../../FinalProject/Content/StarterContent/Textures/T_Wood_Walnut_N.uasset" 950
"../../../FinalProject/Content/StarterContent/Materials/M_Wood_Walnut.uasset" 951
"../../../FinalProject/Content/StarterContent/Architecture/Wall_400x200.uasset" 952
"../../../FinalProject/Content/StarterContent/Architecture/Wall_Door_400x300.uasset" 953
"../../../FinalProject/Content/StarterContent/Architecture/Wall_Window_400x300.uasset" 954
"../../../FinalProject/Content/StarterContent/Audio/Collapse_Cue.uasset" 955
"../../../FinalProject/Content/StarterContent/Audio/Starter_Music_Cue.uasset" 956
"../../../FinalProject/Content/StarterContent/Props/MaterialSphere.uasset" 957
"../../../FinalProject/Content/StarterContent/Textures/T_Frame_M.uasset" 958
"../../../FinalProject/Content/StarterContent/Textures/T_Frame_N.uasset" 959
"../../../FinalProject/Content/StarterContent/Props/Materials/M_Frame.uasset" 960
"../../../FinalProject/Content/StarterContent/Props/SM_CornerFrame.uasset" 961
"../../../FinalProject/Content/StarterContent/Props/SM_DoorFrame.uasset" 962
"../../../FinalProject/Content/StarterContent/Props/SM_GlassWindow.uasset" 963
"../../../FinalProject/Content/StarterContent/Props/SM_PillarFrame.uasset" 964
"../../../FinalProject/Content/StarterContent/Props/SM_PillarFrame300.uasset" 965
"../../../FinalProject/Content/StarterContent/Props/SM_WindowFrame.uasset" 966
"../../../FinalProject/Content/StarterContent/Shapes/Shape_Cube.uasset" 967
"../../../FinalProject/Content/StarterContent/Shapes/Shape_QuadPyramid.uasset" 968
"../../../FinalProject/Content/StarterContent/Maps/StarterMap.umap" 969
"../../../Engine/Content/Maps/Entry.umap" 970
