Log file open, 05/08/17 14:18:26
LogInit:Display: Running engine for game: FinalProject
LogPlatformFile: Not using cached read wrapper
LogInit:Display: RandInit(-589777069) SRandInit(-589777069).
LogTaskGraph: Started task graph with 5 named threads and 10 total threads with 1 sets of task threads.
LogStats: Stats thread started at 0.091138
LogInit: Using libcurl 7.47.1
LogInit:  - built for x86_64-pc-win32
LogInit:  - supports SSL with OpenSSL/1.0.2g
LogInit:  - supports HTTP deflate (compression) using libz 1.2.8
LogInit:  - other features:
LogInit:      CURL_VERSION_SSL
LogInit:      CURL_VERSION_LIBZ
LogInit:      CURL_VERSION_IPV6
LogInit:      CURL_VERSION_ASYNCHDNS
LogInit:      CURL_VERSION_LARGEFILE
LogInit:      CURL_VERSION_IDN
LogInit:  CurlRequestOptions (configurable via config and command line):
LogInit:  - bVerifyPeer = false  - Libcurl will NOT verify peer certificate
LogInit:  - bUseHttpProxy = false  - Libcurl will NOT use HTTP proxy
LogInit:  - bDontReuseConnections = false  - Libcurl will reuse connections
LogInit:  - CertBundlePath = nullptr  - Libcurl will use whatever was configured at build time.
LogInit: Build: ++UE4+Release-4.15-CL-3416026
LogInit: Engine Version: 4.15.2-3416026+++UE4+Release-4.15
LogInit: Compatible Engine Version: 4.15.0-3299760+++UE4+Release-4.15
LogInit: Net CL: 3299760
LogDevObjectVersion: Number of dev versions registered: 14
LogDevObjectVersion:   Dev-Blueprints (B0D832E4-1F89-4F0D-ACCF-7EB736FD4AA2): 8
LogDevObjectVersion:   Dev-Build (E1C64328-A22C-4D53-A36C-8E866417BD8C): 0
LogDevObjectVersion:   Dev-Core (375EC13C-06E4-48FB-B500-84F0262A717E): 2
LogDevObjectVersion:   Dev-Editor (E4B068ED-F494-42E9-A231-DA0B2E46BB41): 14
LogDevObjectVersion:   Dev-Framework (CFFC743F-43B0-4480-9391-14DF171D2073): 22
LogDevObjectVersion:   Dev-Mobile (B02B49B5-BB20-44E9-A304-32B752E40360): 0
LogDevObjectVersion:   Dev-Networking (A4E4105C-59A1-49B5-A7C5-40C4547EDFEE): 0
LogDevObjectVersion:   Dev-Online (39C831C9-5AE6-47DC-9A44-9C173E1C8E7C): 0
LogDevObjectVersion:   Dev-Physics (78F01B33-EBEA-4F98-B9B4-84EACCB95AA2): 0
LogDevObjectVersion:   Dev-Platform (6631380F-2D4D-43E0-8009-CF276956A95A): 0
LogDevObjectVersion:   Dev-Rendering (12F88B9F-8875-4AFC-A67C-D90C383ABD29): 12
LogDevObjectVersion:   Dev-Sequencer (7B5AE74C-D270-4C10-A958-57980B212A5A): 3
LogDevObjectVersion:   Dev-VR (D7296918-1DD6-4BDD-9DE2-64A83CC13884): 0
LogDevObjectVersion:   Dev-LoadTimes (C2A15278-BFE7-4AFE-6C17-90FF531DF755): 1
LogInit: Compiled (64-bit): May  1 2017 13:11:28
LogInit: Compiled with Visual C++: 19.00.23026.00
LogInit: Build Configuration: Development
LogInit: Branch Name: ++UE4+Release-4.15
LogInit: Command line:  
LogInit: Base directory: C:/Epic Games/UE_4.15/Engine/Binaries/Win64/
LogInit: Installed Engine Build: 1
LogInit: Presizing for max 8388607 objects, including 0 objects not considered by GC, pre-allocating 0 bytes for permanent pool.
LogInit: Object subsystem initialized
[2017.05.08-21.18.27:496][  0]LogInit: Selected Device Profile: [Windows]
[2017.05.08-21.18.27:496][  0]LogInit: Applying CVar settings loaded from the selected device profile: [Windows]
[2017.05.08-21.18.27:510][  0]LogInit: Computer: SEA-7E868A
[2017.05.08-21.18.27:510][  0]LogInit: User: xaviermelton
[2017.05.08-21.18.27:510][  0]LogInit: CPU Page size=65536, Cores=6
[2017.05.08-21.18.27:511][  0]LogInit: High frequency timer resolution =3.222900 MHz
[2017.05.08-21.18.27:511][  0]LogMemory: Memory total: Physical=31.8GB (32GB approx)
[2017.05.08-21.18.27:511][  0]LogMemory: Platform Memory Stats for Windows
[2017.05.08-21.18.27:511][  0]LogMemory: Process Physical Memory: 266.91 MB used, 266.91 MB peak
[2017.05.08-21.18.27:511][  0]LogMemory: Process Virtual Memory: 265.18 MB used, 265.18 MB peak
[2017.05.08-21.18.27:511][  0]LogMemory: Physical Memory: 9097.87 MB used,  23495.98 MB free, 32593.85 MB total
[2017.05.08-21.18.27:511][  0]LogMemory: Virtual Memory: 631.66 MB used,  23495.98 MB free, 8388608.00 MB total
[2017.05.08-21.18.27:632][  0]LogTextLocalizationManager: No specific translations for ('en-US') exist, so ('en') translations will be used.
[2017.05.08-21.18.28:312][  0]LogD3D11RHI: D3D11 adapters:
[2017.05.08-21.18.28:349][  0]LogD3D11RHI:    0. 'NVIDIA GeForce GTX 960' (Feature Level 11_0)
[2017.05.08-21.18.28:349][  0]LogD3D11RHI:       1969/0/2048 MB DedicatedVideo/DedicatedSystem/SharedSystem, Outputs:2, VendorId:0x10de
[2017.05.08-21.18.28:349][  0]LogD3D11RHI: Chosen D3D11 Adapter: 0
[2017.05.08-21.18.28:358][  0]LogD3D11RHI: Creating new Direct3DDevice
[2017.05.08-21.18.28:358][  0]LogD3D11RHI:     GPU DeviceId: 0x1401 (for the marketing name, search the web for "GPU Device Id")
[2017.05.08-21.18.28:358][  0]LogWindows: EnumDisplayDevices:
[2017.05.08-21.18.28:359][  0]LogWindows:    0. 'NVIDIA GeForce GTX 960' (P:1 D:1)
[2017.05.08-21.18.28:359][  0]LogWindows:    1. 'NVIDIA GeForce GTX 960' (P:0 D:1)
[2017.05.08-21.18.28:359][  0]LogWindows:    2. 'NVIDIA GeForce GTX 960' (P:0 D:0)
[2017.05.08-21.18.28:359][  0]LogWindows:    3. 'NVIDIA GeForce GTX 960' (P:0 D:0)
[2017.05.08-21.18.28:360][  0]LogWindows:    4. 'RDPDD Chained DD' (P:0 D:0)
[2017.05.08-21.18.28:360][  0]LogWindows:    5. 'RDP Encoder Mirror Driver' (P:0 D:0)
[2017.05.08-21.18.28:360][  0]LogWindows:    6. 'RDP Reflector Display Driver' (P:0 D:0)
[2017.05.08-21.18.28:360][  0]LogWindows: DebugString: GetVideoDriverDetailsInvalid PrimaryIsNotTheChoosenAdapter GetVideoDriverDetailsInvalid PrimaryIsNotTheChoosenAdapter GetVideoDriverDetailsInvalid PrimaryIsNotTheChoosenAdapter FoundDriverCount:4 
[2017.05.08-21.18.28:360][  0]LogD3D11RHI:     Adapter Name: NVIDIA GeForce GTX 960
[2017.05.08-21.18.28:360][  0]LogD3D11RHI:   Driver Version: 353.62 (internal:10.18.13.5362, unified:353.62)
[2017.05.08-21.18.28:360][  0]LogD3D11RHI:      Driver Date: 7-22-2015
[2017.05.08-21.18.28:360][  0]LogRHI: Texture pool is 1361 MB (70% of 1945 MB)
[2017.05.08-21.18.28:382][  0]LogD3D11RHI: NvAPI_D3D_GetCurrentSLIState failed: 0xfffffff7
[2017.05.08-21.18.28:383][  0]LogD3D11RHI: [Aftermath] Aftermath enabled but failed to initialize due to reason: DriverVersionNotSupported
[2017.05.08-21.18.28:383][  0]LogD3D11RHI: Async texture creation enabled
[2017.05.08-21.18.28:402][  0]LogD3D11RHI: GPU Timing Frequency: 1000.000000 (Debug: 2 2)
[2017.05.08-21.18.28:406][  0]LogShaderCompilers: Guid format shader working directory is -28 characters bigger than the processId version (../../../../../Users/xavier.melton/Desktop/Doti_Year_1_Final_AIE/DOTI_AIE_Y1_FINAL/Intermediate/Shaders/WorkingDirectory/7840/).
[2017.05.08-21.18.28:406][  0]LogShaderCompilers: Cleaned the shader compiler working directory 'C:/Users/xavier.melton/AppData/Local/Temp/UnrealShaderWorkingDir/F8286BAB45E0B48B3FDA268492D924D6/'.
[2017.05.08-21.18.28:406][  0]LogShaderCompilers:Display: Using Local Shader Compiler.
[2017.05.08-21.18.29:600][  0]LogTemp:Display: Loaded TP AllDesktopTargetPlatform
[2017.05.08-21.18.29:656][  0]LogTemp:Display: Loaded TP MacClientTargetPlatform
[2017.05.08-21.18.29:757][  0]LogTemp:Display: Loaded TP MacNoEditorTargetPlatform
[2017.05.08-21.18.29:815][  0]LogTemp:Display: Loaded TP MacServerTargetPlatform
[2017.05.08-21.18.29:869][  0]LogTemp:Display: Loaded TP MacTargetPlatform
[2017.05.08-21.18.29:924][  0]LogTemp:Display: Loaded TP WindowsClientTargetPlatform
[2017.05.08-21.18.29:977][  0]LogTemp:Display: Loaded TP WindowsNoEditorTargetPlatform
[2017.05.08-21.18.30:031][  0]LogTemp:Display: Loaded TP WindowsServerTargetPlatform
[2017.05.08-21.18.30:075][  0]LogTemp:Display: Loaded TP WindowsTargetPlatform
[2017.05.08-21.18.30:128][  0]LogTemp:Display: Loaded TP AndroidTargetPlatform
[2017.05.08-21.18.30:180][  0]LogTemp:Display: Loaded TP Android_ASTCTargetPlatform
[2017.05.08-21.18.30:233][  0]LogTemp:Display: Loaded TP Android_ATCTargetPlatform
[2017.05.08-21.18.30:285][  0]LogTemp:Display: Loaded TP Android_DXTTargetPlatform
[2017.05.08-21.18.30:338][  0]LogTemp:Display: Loaded TP Android_ETC1TargetPlatform
[2017.05.08-21.18.30:390][  0]LogTemp:Display: Loaded TP Android_ETC2TargetPlatform
[2017.05.08-21.18.30:497][  0]LogTemp:Display: Loaded TP Android_MultiTargetPlatform
[2017.05.08-21.18.30:497][  0]LogTemp:Display: Loaded TP Android_PVRTCTargetPlatform
[2017.05.08-21.18.30:537][  0]LogTemp:Display: Loaded TP HTML5TargetPlatform
[2017.05.08-21.18.30:636][  0]LogTemp:Display: Loaded TP IOSTargetPlatform
[2017.05.08-21.18.30:687][  0]LogTemp:Display: Loaded TP TVOSTargetPlatform
[2017.05.08-21.18.30:752][  0]LogTemp:Display: Loaded TP LinuxClientTargetPlatform
[2017.05.08-21.18.30:805][  0]LogTemp:Display: Loaded TP LinuxNoEditorTargetPlatform
[2017.05.08-21.18.30:862][  0]LogTemp:Display: Loaded TP LinuxServerTargetPlatform
[2017.05.08-21.18.30:915][  0]LogTemp:Display: Loaded TP LinuxTargetPlatform
[2017.05.08-21.18.30:915][  0]LogTargetPlatformManager:Display: Building Assets For Windows
[2017.05.08-21.18.31:315][  0]LogDerivedDataCache:Display: Max Cache Size: 512 MB
[2017.05.08-21.18.31:364][  0]LogDerivedDataCache: Loaded boot cache 0.05s 50MB C:/Users/xavier.melton/AppData/Local/UnrealEngine/4.15/DerivedDataCache/Boot.ddc.
[2017.05.08-21.18.31:364][  0]LogDerivedDataCache:Display: Loaded Boot cache: C:/Users/xavier.melton/AppData/Local/UnrealEngine/4.15/DerivedDataCache/Boot.ddc
[2017.05.08-21.18.31:364][  0]LogDerivedDataCache: FDerivedDataBackendGraph:  Pak pak cache file ../../../../../Users/xavier.melton/Desktop/Doti_Year_1_Final_AIE/DOTI_AIE_Y1_FINAL/DerivedDataCache/DDC.ddp not found, will not use a pak cache.
[2017.05.08-21.18.31:364][  0]LogDerivedDataCache: Unable to find inner node Pak for hierarchical cache Hierarchy.
[2017.05.08-21.18.31:364][  0]LogDerivedDataCache: FDerivedDataBackendGraph:  CompressedPak pak cache file ../../../../../Users/xavier.melton/Desktop/Doti_Year_1_Final_AIE/DOTI_AIE_Y1_FINAL/DerivedDataCache/Compressed.ddp not found, will not use a pak cache.
[2017.05.08-21.18.31:364][  0]LogDerivedDataCache: Unable to find inner node CompressedPak for hierarchical cache Hierarchy.
[2017.05.08-21.18.31:381][  0]LogDerivedDataCache:Display: Pak cache opened for reading ../../../Engine/DerivedDataCache/Compressed.ddp.
[2017.05.08-21.18.31:395][  0]LogDerivedDataCache: Using Local data cache path C:/Users/xavier.melton/AppData/Local/UnrealEngine/Common/DerivedDataCache: Writable
[2017.05.08-21.18.31:418][  0]LogSlate: Using Freetype 2.6.0
[2017.05.08-21.18.31:419][  0]LogSlate: SlateFontCache - WITH_FREETYPE: 1, WITH_HARFBUZZ: 1
[2017.05.08-21.18.31:419][  0]LogSlate: SlateFontCache - WITH_FREETYPE: 1, WITH_HARFBUZZ: 1
[2017.05.08-21.18.31:738][  0]LogInit: Selected Device Profile: [Windows]
[2017.05.08-21.18.31:740][  0]LogContentStreaming: Texture pool size is 0.00 MB
[2017.05.08-21.18.31:948][  0]LogMeshUtilities: Using QuadricMeshReduction for automatic static mesh reduction
[2017.05.08-21.18.31:990][  0]LogSimplygon: Simplygon DLL not present - disabling.
[2017.05.08-21.18.32:034][  0]LogMeshUtilities: Using SimplygonSwarm for distributed automatic mesh merging
[2017.05.08-21.18.32:034][  0]LogMeshUtilities: No automatic skeletal mesh reduction module available
[2017.05.08-21.18.32:034][  0]LogMeshUtilities: No automatic mesh merging module available
[2017.05.08-21.18.32:575][  0]LogNetVersion: GetLocalNetworkVersion: CL: 3299760, ProjectName: finalproject, ProjectVersion: , EngineNetworkVersion: 2, GameNetworkVersion: 0, NetworkChecksum: 3356675869
[2017.05.08-21.18.32:628][  0]LogAssetRegistry: FAssetRegistry took 0.0201 seconds to start up
[2017.05.08-21.18.32:712][  0]LogPackageLocalizationCache: Processed 3 localized package path(s) for 2 prioritized culture(s) in 0.040976 seconds
[2017.05.08-21.18.32:719][  0]LogUObjectArray: 32493 objects as part of root set at end of initial load.
[2017.05.08-21.18.32:719][  0]LogUObjectAllocator: 7077024 out of 0 bytes used by permanent object pool.
[2017.05.08-21.18.32:719][  0]LogUObjectArray: CloseDisregardForGC: 0/0 objects in disregard for GC pool
[2017.05.08-21.18.32:788][  0]LogInit: WinSock: version 1.1 (2.2), MaxSocks=32767, MaxUdp=65467
[2017.05.08-21.18.34:521][  0]LogTcpMessaging: Initializing TcpMessaging bridge
[2017.05.08-21.18.34:571][  0]LogUdpMessaging: Initializing bridge on interface 0.0.0.0:0 to multicast group 230.0.0.1:6666.
[2017.05.08-21.18.35:128][  0]LogMaterial: Uniform references updated for custom material expression Custom.
[2017.05.08-21.18.35:648][  0]SourceControl: Info Source control is disabled
[2017.05.08-21.18.35:715][  0]SourceControl: Info Source control is disabled
[2017.05.08-21.18.35:769][  0]SourceControl: Info Source control is disabled
[2017.05.08-21.18.35:819][  0]SourceControl: Info Source control is disabled
[2017.05.08-21.18.37:258][  0]LogEngine: Initializing Engine...
[2017.05.08-21.18.37:259][  0]LogHMD: Failed to initialize OpenVR with code 110
[2017.05.08-21.18.37:392][  0]LogStats: UGameplayTagsManager::ConstructGameplayTagTree: Construct from data asset -  0.000 s
[2017.05.08-21.18.37:392][  0]LogStats: UGameplayTagsManager::ConstructGameplayTagTree: GameplayTagTreeChangedEvent.Broadcast -  0.000 s
[2017.05.08-21.18.37:540][  0]LogAIModule: Creating AISystem for world Untitled
[2017.05.08-21.18.37:568][  0]LogInit: XAudio2 using 'Headphones (High Definition Audio Device)' : 2 channels at 44.1 kHz using 16 bits per sample (channel mask 0x3)
[2017.05.08-21.18.37:587][  0]LogInit: FAudioDevice initialized.
[2017.05.08-21.18.37:629][  0]LogDerivedDataCache: Saved boot cache 0.04s 50MB C:/Users/xavier.melton/AppData/Local/UnrealEngine/4.15/DerivedDataCache/Boot.ddc.
[2017.05.08-21.18.37:639][  0]LogInit: Texture streaming: Enabled
[2017.05.08-21.18.37:841][  0]LogEngineSessionManager: EngineSessionManager initialized
[2017.05.08-21.18.37:991][  0]LogInit: Transaction tracking system initialized
[2017.05.08-21.18.38:413][  0]BlueprintLog: New page: Editor Load
[2017.05.08-21.18.40:034][  0]LocalizationService: Info Localization service is disabled
[2017.05.08-21.18.40:991][  0]LogConsoleResponse:Display: 
[2017.05.08-21.18.41:142][  0]LogCook:Display: Max memory allowance for cook 16384mb min free memory 0mb
[2017.05.08-21.18.41:142][  0]LogCook:Display: Mobile HDR setting 1
[2017.05.08-21.18.41:322][  0]LogFileCache: Scanning file cache for directory 'C:/Users/xavier.melton/Desktop/Doti_Year_1_Final_AIE/DOTI_AIE_Y1_FINAL/Content/' took 0.01s
[2017.05.08-21.18.42:637][  0]SourceControl: Info Source control is disabled
[2017.05.08-21.18.42:638][  0]Cmd: MAP LOAD FILE="../../../../../Users/xavier.melton/Desktop/Doti_Year_1_Final_AIE/DOTI_AIE_Y1_FINAL/Content/StarterContent/Maps/Minimal_Default.umap" TEMPLATE=0 SHOWPROGRESS=1 FEATURELEVEL=3
[2017.05.08-21.18.42:638][  0]LightingResults: New page: Lighting Build
[2017.05.08-21.18.42:696][  0]MapCheck: New page: Map Check
[2017.05.08-21.18.42:696][  0]LightingResults: New page: Lighting Build
[2017.05.08-21.18.42:845][  0]LogBlueprint:Warning: [Compiler PickupActor] Warning 'Player Controller' does not inherit from 'Character' ( Cast To PlayerController  would always fail).
[2017.05.08-21.18.42:848][  0]LogBlueprint:Warning: [Compiler PickupActor] Warning [0017.89] Compile of PickupActor successful, but with 1 Warning(s) [in 3 ms] (/Game/XaviersShit/PickupActor.PickupActor)
[2017.05.08-21.18.42:848][  0]LogBlueprint:Warning: [Compiler PickupActor] Warning [0017.89] Compile of PickupActor successful, but with 2 Warning(s) [in 0 ms] (/Game/XaviersShit/PickupActor.PickupActor)
[2017.05.08-21.18.42:848][  0]LogBlueprint:Warning: [Compiler PickupActor] Warning [0017.89] Compile of PickupActor successful, but with 3 Warning(s) [in 0 ms] (/Game/XaviersShit/PickupActor.PickupActor)
[2017.05.08-21.18.42:851][  0]LogBlueprint:Warning: [Compiler PickupActor] Warning 'Player Controller' does not inherit from 'Character' ( Cast To PlayerController  would always fail).
[2017.05.08-21.18.42:853][  0]LogBlueprint:Warning: [Compiler PickupActor] Warning [0017.90] Compile of PickupActor successful, but with 1 Warning(s) [in 3 ms] (/Game/XaviersShit/PickupActor.PickupActor)
[2017.05.08-21.18.42:853][  0]LogBlueprint:Warning: [Compiler PickupActor] Warning [0017.90] Compile of PickupActor successful, but with 2 Warning(s) [in 0 ms] (/Game/XaviersShit/PickupActor.PickupActor)
[2017.05.08-21.18.42:853][  0]LogBlueprint:Warning: [Compiler PickupActor] Warning [0017.90] Compile of PickupActor successful, but with 3 Warning(s) [in 0 ms] (/Game/XaviersShit/PickupActor.PickupActor)
[2017.05.08-21.18.43:089][  0]LogAIModule: Creating AISystem for world Minimal_Default
[2017.05.08-21.18.43:137][  0]LogEditorServer: Finished looking for orphan Actors (0.000 secs)
[2017.05.08-21.18.43:137][  0]Cmd: MAP CHECKDEP NOCLEARLOG
[2017.05.08-21.18.43:213][  0]MapCheck: Info Map check complete: 0 Error(s), 0 Warning(s), took 75.567ms to complete.
[2017.05.08-21.18.43:213][  0]LogFileHelpers: Loading map 'Minimal_Default' took 0.575
[2017.05.08-21.18.43:454][  0]LogCollectionManager: Loaded 0 collections in 0.001349 seconds
[2017.05.08-21.18.43:560][  0]LogFileCache: Scanning file cache for directory 'C:/Users/xavier.melton/Desktop/Doti_Year_1_Final_AIE/DOTI_AIE_Y1_FINAL/Saved/Collections/' took 0.01s
[2017.05.08-21.18.43:560][  0]LogFileCache: Scanning file cache for directory 'C:/Users/xavier.melton/Desktop/Doti_Year_1_Final_AIE/DOTI_AIE_Y1_FINAL/Content/Developers/xaviermelton/Collections/' took 0.01s
[2017.05.08-21.18.43:560][  0]LogFileCache: Scanning file cache for directory 'C:/Users/xavier.melton/Desktop/Doti_Year_1_Final_AIE/DOTI_AIE_Y1_FINAL/Content/Collections/' took 0.01s
[2017.05.08-21.18.43:560][  0]LogCollectionManager: Rebuilt the GUID cache for 0 collections in 0.000002 seconds
[2017.05.08-21.18.43:574][  0]LogContentBrowser: Native class hierarchy populated in 0.0136 seconds. Added 2245 classes and 453 folders.
[2017.05.08-21.18.43:657][  0]LogContentBrowser: Native class hierarchy updated for 'WidgetCarousel' in 0.0005 seconds. Added 0 classes and 0 folders.
[2017.05.08-21.18.43:696][  0]LogContentBrowser: Native class hierarchy updated for 'AddContentDialog' in 0.0005 seconds. Added 0 classes and 0 folders.
[2017.05.08-21.18.43:742][  0]LogContentBrowser: Native class hierarchy updated for 'SceneOutliner' in 0.0005 seconds. Added 1 classes and 2 folders.
[2017.05.08-21.18.43:789][  0]LogCrashTracker: Crashtracker disabled due to settings.
[2017.05.08-21.18.43:796][  0]LogUObjectGlobals:Warning: Failed to find object 'Class None.'
[2017.05.08-21.18.43:890][  0]LogContentBrowser: Native class hierarchy updated for 'HierarchicalLODOutliner' in 0.0012 seconds. Added 1 classes and 2 folders.
[2017.05.08-21.18.43:891][  0]LogLoad: (Engine Initialization) Total time: 18.94 seconds
[2017.05.08-21.18.43:891][  0]LogLoad: (Engine Initialization) Total Blueprint compile time: 0.11 seconds
[2017.05.08-21.18.43:891][  0]LogExternalProfiler: Found external profiler: VSPerf
[2017.05.08-21.18.43:891][  0]LogExternalProfiler: Using external profiler: VSPerf
[2017.05.08-21.18.44:230][  0]LogOcInput: OculusInput pre-init called
[2017.05.08-21.18.44:258][  0]LogContentStreaming: Texture pool size now 1000 MB
[2017.05.08-21.18.44:259][  0]LogSlate: Took 0.000360 seconds to synchronously load lazily loaded font '../../../Engine/Content/Slate/Fonts/Roboto-Regular.ttf' (155K)
[2017.05.08-21.18.44:264][  0]LogSlate: Took 0.000348 seconds to synchronously load lazily loaded font '../../../Engine/Content/Slate/Fonts/Roboto-Bold.ttf' (160K)
[2017.05.08-21.18.44:271][  0]LogSlate: Took 0.000287 seconds to synchronously load lazily loaded font '../../../Engine/Content/Editor/Slate/Fonts/FontAwesome.ttf' (139K)
[2017.05.08-21.18.44:451][  0]LogSlate: Took 0.000618 seconds to synchronously load lazily loaded font '../../../Engine/Content/Slate/Fonts/Roboto-Light.ttf' (159K)
[2017.05.08-21.18.44:507][  0]LogRenderer: Reallocating scene render targets to support 1208x576 NumSamples 1 (Frame:2).
[2017.05.08-21.18.45:282][  3]LogAssetRegistry: Asset discovery search completed in 12.6740 seconds
[2017.05.08-21.18.45:282][  3]LogCollectionManager: Rebuilt the object cache for 0 collections in 0.000007 seconds (found 0 objects)
[2017.05.08-21.18.45:282][  3]LogCollectionManager: Fixed up redirectors for 0 collections in 0.000039 seconds (updated 0 objects)
[2017.05.08-21.18.52:848][473]LogLinker:Warning: Can't find file '/Script/Tutorials'
[2017.05.08-21.18.52:848][473]LogLinker:Warning: Can't find file for asset '/Script/Tutorials' while loading ../../../../../Users/xavier.melton/Desktop/Doti_Year_1_Final_AIE/DOTI_AIE_Y1_FINAL/Content/XaviersShit/BP_UsableCppCharacter.uasset.
[2017.05.08-21.18.52:849][473]LoadErrors:Error: Error /Game/XaviersShit/BP_UsableCppCharacter : Can't find file for asset. /Script/Tutorials
[2017.05.08-21.18.52:849][473]LogLinker:Warning: Can't find file '/Script/Tutorials'
[2017.05.08-21.18.52:849][473]LogLinker:Warning: Can't find file for asset '/Script/Tutorials' while loading ../../../../../Users/xavier.melton/Desktop/Doti_Year_1_Final_AIE/DOTI_AIE_Y1_FINAL/Content/XaviersShit/BP_UsableCppCharacter.uasset.
[2017.05.08-21.18.52:849][473]LogLinker:Warning: Can't find file '/Script/Tutorials'
[2017.05.08-21.18.52:849][473]LogLinker:Warning: Can't find file for asset '/Script/Tutorials' while loading ../../../../../Users/xavier.melton/Desktop/Doti_Year_1_Final_AIE/DOTI_AIE_Y1_FINAL/Content/XaviersShit/BP_UsableCppCharacter.uasset.
[2017.05.08-21.18.52:849][473]LogLinker:Warning: Can't find file '/Script/Tutorials'
[2017.05.08-21.18.52:849][473]LogLinker:Warning: Can't find file for asset '/Script/Tutorials' while loading ../../../../../Users/xavier.melton/Desktop/Doti_Year_1_Final_AIE/DOTI_AIE_Y1_FINAL/Content/XaviersShit/BP_UsableCppCharacter.uasset.
[2017.05.08-21.18.52:850][473]LogLinker:Warning: Can't find file '/Script/Tutorials'
[2017.05.08-21.18.52:850][473]LogLinker:Warning: Can't find file for asset '/Script/Tutorials' while loading ../../../../../Users/xavier.melton/Desktop/Doti_Year_1_Final_AIE/DOTI_AIE_Y1_FINAL/Content/XaviersShit/BP_UsableCppCharacter.uasset.
[2017.05.08-21.18.52:850][473]LogLinker:Warning: Can't find file '/Script/Tutorials'
[2017.05.08-21.18.52:851][473]LogLinker:Warning: Can't find file for asset '/Script/Tutorials' while loading ../../../../../Users/xavier.melton/Desktop/Doti_Year_1_Final_AIE/DOTI_AIE_Y1_FINAL/Content/XaviersShit/BP_UsableCppCharacter.uasset.
[2017.05.08-21.18.52:851][473]LogLinker:Warning: Can't find file '/Script/Tutorials'
[2017.05.08-21.18.52:851][473]LogLinker:Warning: Can't find file for asset '/Script/Tutorials' while loading ../../../../../Users/xavier.melton/Desktop/Doti_Year_1_Final_AIE/DOTI_AIE_Y1_FINAL/Content/XaviersShit/BP_UsableCppCharacter.uasset.
[2017.05.08-21.18.52:851][473]LogLinker:Warning: Can't find file '/Script/Tutorials'
[2017.05.08-21.18.52:851][473]LogLinker:Warning: Can't find file for asset '/Script/Tutorials' while loading ../../../../../Users/xavier.melton/Desktop/Doti_Year_1_Final_AIE/DOTI_AIE_Y1_FINAL/Content/XaviersShit/BP_UsableCppCharacter.uasset.
[2017.05.08-21.18.52:851][473]LogLinker:Warning: Can't find file '/Script/Tutorials'
[2017.05.08-21.18.52:851][473]LogLinker:Warning: Can't find file for asset '/Script/Tutorials' while loading ../../../../../Users/xavier.melton/Desktop/Doti_Year_1_Final_AIE/DOTI_AIE_Y1_FINAL/Content/XaviersShit/BP_UsableCppCharacter.uasset.
[2017.05.08-21.18.52:851][473]LogLinker:Warning: Can't find file '/Script/Tutorials'
[2017.05.08-21.18.52:851][473]LogLinker:Warning: Can't find file for asset '/Script/Tutorials' while loading NULL.
[2017.05.08-21.18.52:851][473]LogLinker:Warning: CreateExport: Failed to load Parent for BlueprintGeneratedClass /Game/XaviersShit/BP_UsableCppCharacter.BP_UsableCppCharacter_C
[2017.05.08-21.18.52:852][473]LogLinker:Warning: Can't find file '/Script/Tutorials'
[2017.05.08-21.18.52:852][473]LogLinker:Warning: Can't find file for asset '/Script/Tutorials' while loading NULL.
[2017.05.08-21.18.52:852][473]LogLinker:Warning: CreateExport: Failed to load Parent for BlueprintGeneratedClass /Game/XaviersShit/BP_UsableCppCharacter.BP_UsableCppCharacter_C
[2017.05.08-21.18.52:852][473]LogLinker:Warning: Can't find file '/Script/Tutorials'
[2017.05.08-21.18.52:852][473]LogLinker:Warning: Can't find file for asset '/Script/Tutorials' while loading NULL.
[2017.05.08-21.18.52:852][473]LogLinker:Warning: CreateExport: Failed to load Parent for BlueprintGeneratedClass /Game/XaviersShit/BP_UsableCppCharacter.BP_UsableCppCharacter_C
[2017.05.08-21.18.52:852][473]LogLinker:Warning: Can't find file '/Script/Tutorials'
[2017.05.08-21.18.52:852][473]LogLinker:Warning: Can't find file for asset '/Script/Tutorials' while loading NULL.
[2017.05.08-21.18.52:852][473]LogLinker:Warning: CreateExport: Failed to load Parent for BlueprintGeneratedClass /Game/XaviersShit/BP_UsableCppCharacter.BP_UsableCppCharacter_C
[2017.05.08-21.18.52:852][473]LogLinker:Warning: Can't find file '/Script/Tutorials'
[2017.05.08-21.18.52:852][473]LogLinker:Warning: Can't find file for asset '/Script/Tutorials' while loading NULL.
[2017.05.08-21.18.52:852][473]LogLinker:Warning: CreateExport: Failed to load Parent for BlueprintGeneratedClass /Game/XaviersShit/BP_UsableCppCharacter.BP_UsableCppCharacter_C
[2017.05.08-21.18.52:853][473]LogLinker:Warning: Can't find file '/Script/Tutorials'
[2017.05.08-21.18.52:853][473]LogLinker:Warning: Can't find file for asset '/Script/Tutorials' while loading NULL.
[2017.05.08-21.18.52:853][473]LogLinker:Warning: CreateExport: Failed to load Parent for BlueprintGeneratedClass /Game/XaviersShit/BP_UsableCppCharacter.BP_UsableCppCharacter_C
[2017.05.08-21.18.52:853][473]LogLinker:Warning: Can't find file '/Script/Tutorials'
[2017.05.08-21.18.52:853][473]LogLinker:Warning: Can't find file for asset '/Script/Tutorials' while loading NULL.
[2017.05.08-21.18.52:853][473]LogLinker:Warning: CreateExport: Failed to load Parent for BlueprintGeneratedClass /Game/XaviersShit/BP_UsableCppCharacter.BP_UsableCppCharacter_C
[2017.05.08-21.18.52:853][473]LogLinker:Warning: Can't find file '/Script/Tutorials'
[2017.05.08-21.18.52:854][473]LogLinker:Warning: Can't find file for asset '/Script/Tutorials' while loading NULL.
[2017.05.08-21.18.52:854][473]LogLinker:Warning: CreateExport: Failed to load Parent for BlueprintGeneratedClass /Game/XaviersShit/BP_UsableCppCharacter.BP_UsableCppCharacter_C
[2017.05.08-21.18.52:854][473]LogLinker:Warning: Can't find file '/Script/Tutorials'
[2017.05.08-21.18.52:854][473]LogLinker:Warning: Can't find file for asset '/Script/Tutorials' while loading NULL.
[2017.05.08-21.18.52:854][473]LogLinker:Warning: CreateExport: Failed to load Parent for BlueprintGeneratedClass /Game/XaviersShit/BP_UsableCppCharacter.BP_UsableCppCharacter_C
[2017.05.08-21.18.52:854][473]LogLinker:Warning: Can't find file '/Script/Tutorials'
[2017.05.08-21.18.52:854][473]LogLinker:Warning: Can't find file for asset '/Script/Tutorials' while loading NULL.
[2017.05.08-21.18.52:854][473]LogLinker:Warning: CreateExport: Failed to load Parent for BlueprintGeneratedClass /Game/XaviersShit/BP_UsableCppCharacter.BP_UsableCppCharacter_C
[2017.05.08-21.18.52:854][473]LogLinker:Warning: Can't find file '/Script/Tutorials'
[2017.05.08-21.18.52:854][473]LogLinker:Warning: Can't find file for asset '/Script/Tutorials' while loading NULL.
[2017.05.08-21.18.52:854][473]LogLinker:Warning: CreateExport: Failed to load Parent for BlueprintGeneratedClass /Game/XaviersShit/BP_UsableCppCharacter.BP_UsableCppCharacter_C
[2017.05.08-21.18.52:855][473]LogLinker:Warning: Can't find file '/Script/Tutorials'
[2017.05.08-21.18.52:855][473]LoadErrors: Info Failed to load /Script/Tutorials.UsableCppCharacter Referenced by BP_UsableCppCharacter
[2017.05.08-21.18.52:855][473]LogLinker:Warning: Can't find file for asset '/Script/Tutorials' while loading NULL.
[2017.05.08-21.18.52:855][473]LogLinker:Warning: Can't find file '/Script/Tutorials'
[2017.05.08-21.18.52:855][473]LogLinker:Warning: Can't find file for asset '/Script/Tutorials' while loading NULL.
[2017.05.08-21.18.52:855][473]LogLinker:Warning: CreateExport: Failed to load Parent for BlueprintGeneratedClass /Game/XaviersShit/BP_UsableCppCharacter.BP_UsableCppCharacter_C
[2017.05.08-21.18.52:855][473]LogLinker:Warning: Can't find file '/Script/Tutorials'
[2017.05.08-21.18.52:855][473]LoadErrors: Info Failed to load /Script/Tutorials.UsableCppCharacter Referenced by PackageMetaData
[2017.05.08-21.18.52:855][473]LogLinker:Warning: Can't find file for asset '/Script/Tutorials' while loading NULL.
[2017.05.08-21.18.52:856][473]LogLinker:Warning: CreateExport: Failed to load Parent for BlueprintGeneratedClass /Game/XaviersShit/BP_UsableCppCharacter.BP_UsableCppCharacter_C
[2017.05.08-21.18.52:871][473]LogSlate: Took 0.000235 seconds to synchronously load lazily loaded font '../../../Engine/Content/Slate/Fonts/Roboto-Light.ttf' (159K)
[2017.05.08-21.18.57:140][473]LogSlate: Took 0.000407 seconds to synchronously load lazily loaded font '../../../Engine/Content/Slate/Fonts/Roboto-Regular.ttf' (155K)
[2017.05.08-21.18.57:833][473]LogContentBrowser: Native class hierarchy updated for 'BlueprintGraph' in 0.0009 seconds. Added 112 classes and 0 folders.
[2017.05.08-21.18.58:228][473]LogStats: FPlatformStackWalk::StackWalkAndDump -  0.135 s
[2017.05.08-21.18.58:228][473]LogOutputDevice:Error: === Handled ensure: ===
[2017.05.08-21.18.58:228][473]LogOutputDevice:Error: 
[2017.05.08-21.18.58:228][473]LogOutputDevice:Error: Ensure condition failed: BpClass != nullptr [File:D:\Build\++UE4+Release-4.15+Compile\Sync\Engine\Source\Editor\BlueprintGraph\Private\BlueprintActionFilter.cpp] [Line: 611]
[2017.05.08-21.18.58:228][473]LogOutputDevice:Error: Unable to resolve IsEventUnimplementable() - Blueprint (BP_UsableCppCharacter) missing an authoratative class (skel: [NULL], generated: [NULL], parent: [NULL])
[2017.05.08-21.18.58:228][473]LogOutputDevice:Error: Stack: 
[2017.05.08-21.18.58:228][473]LogOutputDevice:Error: UE4Editor-Core.dll!0x00000000EA2295E6
[2017.05.08-21.18.58:228][473]LogOutputDevice:Error: UE4Editor-Core.dll!0x00000000E9FD9B82
[2017.05.08-21.18.58:228][473]LogOutputDevice:Error: UE4Editor-Core.dll!0x00000000E9FEB666
[2017.05.08-21.18.58:228][473]LogOutputDevice:Error: UE4Editor-BlueprintGraph.dll!0x00000000E1ADFC14
[2017.05.08-21.18.58:228][473]LogOutputDevice:Error: UE4Editor-BlueprintGraph.dll!0x00000000E1AE0A4F
[2017.05.08-21.18.58:228][473]LogOutputDevice:Error: UE4Editor-BlueprintGraph.dll!0x00000000E1AE0729
[2017.05.08-21.18.58:228][473]LogOutputDevice:Error: UE4Editor-Kismet.dll!0x00000000DEC010F7
[2017.05.08-21.18.58:228][473]LogOutputDevice:Error: UE4Editor-Kismet.dll!0x00000000DEC4371D
[2017.05.08-21.18.58:228][473]LogOutputDevice:Error: UE4Editor-Kismet.dll!0x00000000DEC01A63
[2017.05.08-21.18.58:228][473]LogOutputDevice:Error: UE4Editor-Kismet.dll!0x00000000DEE01804
[2017.05.08-21.18.58:228][473]LogOutputDevice:Error: UE4Editor-Kismet.dll!0x00000000DEF3D41C
[2017.05.08-21.18.58:228][473]LogOutputDevice:Error: UE4Editor-Kismet.dll!0x00000000DEF417DC
[2017.05.08-21.18.58:228][473]LogOutputDevice:Error: UE4Editor-GraphEditor.dll!0x00000000E2046F26
[2017.05.08-21.18.58:228][473]LogOutputDevice:Error: UE4Editor-GraphEditor.dll!0x00000000E1F58ACF
[2017.05.08-21.18.58:228][473]LogOutputDevice:Error: UE4Editor-Kismet.dll!0x00000000DEDEECAF
[2017.05.08-21.18.58:228][473]LogOutputDevice:Error: UE4Editor-Kismet.dll!0x00000000DEF1B76A
[2017.05.08-21.18.58:228][473]LogOutputDevice:Error: UE4Editor-Kismet.dll!0x00000000DEE102EF
[2017.05.08-21.18.58:228][473]LogOutputDevice:Error: UE4Editor-Kismet.dll!0x00000000DEDEE383
[2017.05.08-21.18.58:228][473]LogOutputDevice:Error: UE4Editor-Kismet.dll!0x00000000DEE108EF
[2017.05.08-21.18.58:228][473]LogOutputDevice:Error: UE4Editor-Kismet.dll!0x00000000DEB4A3A3
[2017.05.08-21.18.58:228][473]LogOutputDevice:Error: UE4Editor-Kismet.dll!0x00000000DEB84919
[2017.05.08-21.18.58:228][473]LogOutputDevice:Error: UE4Editor-Kismet.dll!0x00000000DEB74034
[2017.05.08-21.18.58:228][473]LogOutputDevice:Error: UE4Editor-Kismet.dll!0x00000000DEBED379
[2017.05.08-21.18.58:228][473]LogOutputDevice:Error: UE4Editor-Kismet.dll!0x00000000DECFE6AE
[2017.05.08-21.18.58:228][473]LogOutputDevice:Error: UE4Editor-AssetTools.dll!0x00000000D14DB08C
[2017.05.08-21.18.58:228][473]LogOutputDevice:Error: UE4Editor-UnrealEd.dll!0x00000000E79BEB73
[2017.05.08-21.18.58:228][473]LogOutputDevice:Error: UE4Editor-AssetTools.dll!0x00000000D147E08A
[2017.05.08-21.18.58:228][473]LogOutputDevice:Error: UE4Editor-ContentBrowser.dll!0x00000000D08B7548
[2017.05.08-21.18.58:228][473]LogOutputDevice:Error: UE4Editor-ContentBrowser.dll!0x00000000D086AA27
[2017.05.08-21.18.58:228][473]LogOutputDevice:Error: UE4Editor-ContentBrowser.dll!0x00000000D0870947
[2017.05.08-21.18.58:228][473]LogOutputDevice:Error: UE4Editor-ContentBrowser.dll!0x00000000D086D201
[2017.05.08-21.18.58:228][473]LogOutputDevice:Error: UE4Editor-ContentBrowser.dll!0x00000000D08C1189
[2017.05.08-21.18.58:228][473]LogOutputDevice:Error: UE4Editor-ContentBrowser.dll!0x00000000D0869031
[2017.05.08-21.18.58:228][473]LogOutputDevice:Error: UE4Editor-ContentBrowser.dll!0x00000000D086F7DF
[2017.05.08-21.18.58:228][473]LogOutputDevice:Error: UE4Editor-ContentBrowser.dll!0x00000000D086D34A
[2017.05.08-21.18.58:228][473]LogOutputDevice:Error: UE4Editor-ContentBrowser.dll!0x00000000D08D0880
[2017.05.08-21.18.58:228][473]LogOutputDevice:Error: UE4Editor-ContentBrowser.dll!0x00000000D08C13EA
[2017.05.08-21.18.58:228][473]LogOutputDevice:Error: UE4Editor-Slate.dll!0x00000000E9334A7E
[2017.05.08-21.18.58:228][473]LogOutputDevice:Error: UE4Editor-Slate.dll!0x00000000E930444E
[2017.05.08-21.18.58:228][473]LogOutputDevice:Error: UE4Editor-Slate.dll!0x00000000E93A58E4
[2017.05.08-21.18.58:228][473]LogOutputDevice:Error: UE4Editor-Slate.dll!0x00000000E9390435
[2017.05.08-21.18.58:229][473]LogOutputDevice:Error: UE4Editor-Slate.dll!0x00000000E937F7B9
[2017.05.08-21.18.58:229][473]LogOutputDevice:Error: UE4Editor-Core.dll!0x00000000EA21CDA7
[2017.05.08-21.18.58:229][473]LogOutputDevice:Error: UE4Editor-Core.dll!0x00000000EA2067C1
[2017.05.08-21.18.58:229][473]LogOutputDevice:Error: UE4Editor-Core.dll!0x00000000EA21EA1C
[2017.05.08-21.18.58:229][473]LogOutputDevice:Error: UE4Editor-Core.dll!0x00000000EA2026E9
[2017.05.08-21.18.58:229][473]LogOutputDevice:Error: USER32.dll!0x00000000775A9BBD
[2017.05.08-21.18.58:229][473]LogOutputDevice:Error: USER32.dll!0x00000000775A98C2
[2017.05.08-21.18.58:229][473]LogOutputDevice:Error: UE4Editor-Core.dll!0x00000000EA21F326
[2017.05.08-21.18.58:229][473]LogOutputDevice:Error: UE4Editor.exe!0x000000003FFFD790
[2017.05.08-21.18.58:229][473]LogOutputDevice:Error: UE4Editor.exe!0x000000003FFEEB40
[2017.05.08-21.18.58:229][473]LogOutputDevice:Error: UE4Editor.exe!0x000000003FFEEBBA
[2017.05.08-21.18.58:229][473]LogOutputDevice:Error: UE4Editor.exe!0x0000000040000A29
[2017.05.08-21.18.58:229][473]LogOutputDevice:Error: UE4Editor.exe!0x00000000400022B6
[2017.05.08-21.18.58:229][473]LogOutputDevice:Error: kernel32.dll!0x00000000776A59CD
[2017.05.08-21.18.58:229][473]LogOutputDevice:Error: ntdll.dll!0x00000000777DA561
[2017.05.08-21.18.58:229][473]LogOutputDevice:Error: 
[2017.05.08-21.18.58:237][473]LogStats:                SubmitErrorReport -  0.000 s
[2017.05.08-21.18.59:364][473]LogStats:                    SendNewReport -  1.127 s
[2017.05.08-21.18.59:364][473]LogStats:             FDebug::EnsureFailed -  1.271 s
[2017.05.08-21.18.59:386][473]LogStats: FPlatformStackWalk::StackWalkAndDump -  0.003 s
[2017.05.08-21.18.59:386][473]LogOutputDevice:Error: === Handled ensure: ===
[2017.05.08-21.18.59:386][473]LogOutputDevice:Error: 
[2017.05.08-21.18.59:386][473]LogOutputDevice:Error: Ensure condition failed: BpClass != nullptr [File:D:\Build\++UE4+Release-4.15+Compile\Sync\Engine\Source\Editor\BlueprintGraph\Private\BlueprintActionFilter.cpp] [Line: 710]
[2017.05.08-21.18.59:386][473]LogOutputDevice:Error: Unable to resolve IsFieldInaccessible() - Blueprint (BP_UsableCppCharacter) missing an authoratative class (skel: [NULL], generated: [NULL], parent: [NULL])
[2017.05.08-21.18.59:386][473]LogOutputDevice:Error: Stack: 
[2017.05.08-21.18.59:386][473]LogOutputDevice:Error: UE4Editor-Core.dll!0x00000000EA2295E6
[2017.05.08-21.18.59:386][473]LogOutputDevice:Error: UE4Editor-Core.dll!0x00000000E9FD9B82
[2017.05.08-21.18.59:386][473]LogOutputDevice:Error: UE4Editor-Core.dll!0x00000000E9FEB666
[2017.05.08-21.18.59:386][473]LogOutputDevice:Error: UE4Editor-BlueprintGraph.dll!0x00000000E1AE05BC
[2017.05.08-21.18.59:386][473]LogOutputDevice:Error: UE4Editor-BlueprintGraph.dll!0x00000000E1AE0A4F
[2017.05.08-21.18.59:386][473]LogOutputDevice:Error: UE4Editor-BlueprintGraph.dll!0x00000000E1AE0729
[2017.05.08-21.18.59:386][473]LogOutputDevice:Error: UE4Editor-Kismet.dll!0x00000000DEC010F7
[2017.05.08-21.18.59:386][473]LogOutputDevice:Error: UE4Editor-Kismet.dll!0x00000000DEC4371D
[2017.05.08-21.18.59:386][473]LogOutputDevice:Error: UE4Editor-Kismet.dll!0x00000000DEC01A63
[2017.05.08-21.18.59:387][473]LogOutputDevice:Error: UE4Editor-Kismet.dll!0x00000000DEE01804
[2017.05.08-21.18.59:387][473]LogOutputDevice:Error: UE4Editor-Kismet.dll!0x00000000DEF3D41C
[2017.05.08-21.18.59:387][473]LogOutputDevice:Error: UE4Editor-Kismet.dll!0x00000000DEF417DC
[2017.05.08-21.18.59:387][473]LogOutputDevice:Error: UE4Editor-GraphEditor.dll!0x00000000E2046F26
[2017.05.08-21.18.59:387][473]LogOutputDevice:Error: UE4Editor-GraphEditor.dll!0x00000000E1F58ACF
[2017.05.08-21.18.59:387][473]LogOutputDevice:Error: UE4Editor-Kismet.dll!0x00000000DEDEECAF
[2017.05.08-21.18.59:387][473]LogOutputDevice:Error: UE4Editor-Kismet.dll!0x00000000DEF1B76A
[2017.05.08-21.18.59:387][473]LogOutputDevice:Error: UE4Editor-Kismet.dll!0x00000000DEE102EF
[2017.05.08-21.18.59:387][473]LogOutputDevice:Error: UE4Editor-Kismet.dll!0x00000000DEDEE383
[2017.05.08-21.18.59:387][473]LogOutputDevice:Error: UE4Editor-Kismet.dll!0x00000000DEE108EF
[2017.05.08-21.18.59:387][473]LogOutputDevice:Error: UE4Editor-Kismet.dll!0x00000000DEB4A3A3
[2017.05.08-21.18.59:387][473]LogOutputDevice:Error: UE4Editor-Kismet.dll!0x00000000DEB84919
[2017.05.08-21.18.59:387][473]LogOutputDevice:Error: UE4Editor-Kismet.dll!0x00000000DEB74034
[2017.05.08-21.18.59:387][473]LogOutputDevice:Error: UE4Editor-Kismet.dll!0x00000000DEBED379
[2017.05.08-21.18.59:387][473]LogOutputDevice:Error: UE4Editor-Kismet.dll!0x00000000DECFE6AE
[2017.05.08-21.18.59:387][473]LogOutputDevice:Error: UE4Editor-AssetTools.dll!0x00000000D14DB08C
[2017.05.08-21.18.59:387][473]LogOutputDevice:Error: UE4Editor-UnrealEd.dll!0x00000000E79BEB73
[2017.05.08-21.18.59:387][473]LogOutputDevice:Error: UE4Editor-AssetTools.dll!0x00000000D147E08A
[2017.05.08-21.18.59:387][473]LogOutputDevice:Error: UE4Editor-ContentBrowser.dll!0x00000000D08B7548
[2017.05.08-21.18.59:387][473]LogOutputDevice:Error: UE4Editor-ContentBrowser.dll!0x00000000D086AA27
[2017.05.08-21.18.59:387][473]LogOutputDevice:Error: UE4Editor-ContentBrowser.dll!0x00000000D0870947
[2017.05.08-21.18.59:387][473]LogOutputDevice:Error: UE4Editor-ContentBrowser.dll!0x00000000D086D201
[2017.05.08-21.18.59:387][473]LogOutputDevice:Error: UE4Editor-ContentBrowser.dll!0x00000000D08C1189
[2017.05.08-21.18.59:387][473]LogOutputDevice:Error: UE4Editor-ContentBrowser.dll!0x00000000D0869031
[2017.05.08-21.18.59:387][473]LogOutputDevice:Error: UE4Editor-ContentBrowser.dll!0x00000000D086F7DF
[2017.05.08-21.18.59:387][473]LogOutputDevice:Error: UE4Editor-ContentBrowser.dll!0x00000000D086D34A
[2017.05.08-21.18.59:387][473]LogOutputDevice:Error: UE4Editor-ContentBrowser.dll!0x00000000D08D0880
[2017.05.08-21.18.59:387][473]LogOutputDevice:Error: UE4Editor-ContentBrowser.dll!0x00000000D08C13EA
[2017.05.08-21.18.59:387][473]LogOutputDevice:Error: UE4Editor-Slate.dll!0x00000000E9334A7E
[2017.05.08-21.18.59:387][473]LogOutputDevice:Error: UE4Editor-Slate.dll!0x00000000E930444E
[2017.05.08-21.18.59:387][473]LogOutputDevice:Error: UE4Editor-Slate.dll!0x00000000E93A58E4
[2017.05.08-21.18.59:387][473]LogOutputDevice:Error: UE4Editor-Slate.dll!0x00000000E9390435
[2017.05.08-21.18.59:387][473]LogOutputDevice:Error: UE4Editor-Slate.dll!0x00000000E937F7B9
[2017.05.08-21.18.59:387][473]LogOutputDevice:Error: UE4Editor-Core.dll!0x00000000EA21CDA7
[2017.05.08-21.18.59:387][473]LogOutputDevice:Error: UE4Editor-Core.dll!0x00000000EA2067C1
[2017.05.08-21.18.59:387][473]LogOutputDevice:Error: UE4Editor-Core.dll!0x00000000EA21EA1C
[2017.05.08-21.18.59:387][473]LogOutputDevice:Error: UE4Editor-Core.dll!0x00000000EA2026E9
[2017.05.08-21.18.59:387][473]LogOutputDevice:Error: USER32.dll!0x00000000775A9BBD
[2017.05.08-21.18.59:387][473]LogOutputDevice:Error: USER32.dll!0x00000000775A98C2
[2017.05.08-21.18.59:387][473]LogOutputDevice:Error: UE4Editor-Core.dll!0x00000000EA21F326
[2017.05.08-21.18.59:387][473]LogOutputDevice:Error: UE4Editor.exe!0x000000003FFFD790
[2017.05.08-21.18.59:387][473]LogOutputDevice:Error: UE4Editor.exe!0x000000003FFEEB40
[2017.05.08-21.18.59:387][473]LogOutputDevice:Error: UE4Editor.exe!0x000000003FFEEBBA
[2017.05.08-21.18.59:387][473]LogOutputDevice:Error: UE4Editor.exe!0x0000000040000A29
[2017.05.08-21.18.59:387][473]LogOutputDevice:Error: UE4Editor.exe!0x00000000400022B6
[2017.05.08-21.18.59:387][473]LogOutputDevice:Error: kernel32.dll!0x00000000776A59CD
[2017.05.08-21.18.59:387][473]LogOutputDevice:Error: ntdll.dll!0x00000000777DA561
[2017.05.08-21.18.59:387][473]LogOutputDevice:Error: 
[2017.05.08-21.18.59:396][473]LogStats:                SubmitErrorReport -  0.000 s
