Log file open, 05/08/17 15:47:27
LogInit:Display: Running engine for game: FinalProject
LogPlatformFile: Not using cached read wrapper
LogInit:Display: RandInit(-557571456) SRandInit(-557571456).
LogTaskGraph: Started task graph with 5 named threads and 10 total threads with 1 sets of task threads.
LogStats: Stats thread started at 0.091273
LogInit: Using libcurl 7.47.1
LogInit:  - built for x86_64-pc-win32
LogInit:  - supports SSL with OpenSSL/1.0.2g
LogInit:  - supports HTTP deflate (compression) using libz 1.2.8
LogInit:  - other features:
LogInit:      CURL_VERSION_SSL
LogInit:      CURL_VERSION_LIBZ
LogInit:      CURL_VERSION_IPV6
LogInit:      CURL_VERSION_ASYNCHDNS
LogInit:      CURL_VERSION_LARGEFILE
LogInit:      CURL_VERSION_IDN
LogInit:  CurlRequestOptions (configurable via config and command line):
LogInit:  - bVerifyPeer = false  - Libcurl will NOT verify peer certificate
LogInit:  - bUseHttpProxy = false  - Libcurl will NOT use HTTP proxy
LogInit:  - bDontReuseConnections = false  - Libcurl will reuse connections
LogInit:  - CertBundlePath = nullptr  - Libcurl will use whatever was configured at build time.
LogInit: Build: ++UE4+Release-4.15-CL-3416026
LogInit: Engine Version: 4.15.2-3416026+++UE4+Release-4.15
LogInit: Compatible Engine Version: 4.15.0-3299760+++UE4+Release-4.15
LogInit: Net CL: 3299760
LogDevObjectVersion: Number of dev versions registered: 14
LogDevObjectVersion:   Dev-Blueprints (B0D832E4-1F89-4F0D-ACCF-7EB736FD4AA2): 8
LogDevObjectVersion:   Dev-Build (E1C64328-A22C-4D53-A36C-8E866417BD8C): 0
LogDevObjectVersion:   Dev-Core (375EC13C-06E4-48FB-B500-84F0262A717E): 2
LogDevObjectVersion:   Dev-Editor (E4B068ED-F494-42E9-A231-DA0B2E46BB41): 14
LogDevObjectVersion:   Dev-Framework (CFFC743F-43B0-4480-9391-14DF171D2073): 22
LogDevObjectVersion:   Dev-Mobile (B02B49B5-BB20-44E9-A304-32B752E40360): 0
LogDevObjectVersion:   Dev-Networking (A4E4105C-59A1-49B5-A7C5-40C4547EDFEE): 0
LogDevObjectVersion:   Dev-Online (39C831C9-5AE6-47DC-9A44-9C173E1C8E7C): 0
LogDevObjectVersion:   Dev-Physics (78F01B33-EBEA-4F98-B9B4-84EACCB95AA2): 0
LogDevObjectVersion:   Dev-Platform (6631380F-2D4D-43E0-8009-CF276956A95A): 0
LogDevObjectVersion:   Dev-Rendering (12F88B9F-8875-4AFC-A67C-D90C383ABD29): 12
LogDevObjectVersion:   Dev-Sequencer (7B5AE74C-D270-4C10-A958-57980B212A5A): 3
LogDevObjectVersion:   Dev-VR (D7296918-1DD6-4BDD-9DE2-64A83CC13884): 0
LogDevObjectVersion:   Dev-LoadTimes (C2A15278-BFE7-4AFE-6C17-90FF531DF755): 1
LogInit: Compiled (64-bit): May  1 2017 13:11:28
LogInit: Compiled with Visual C++: 19.00.23026.00
LogInit: Build Configuration: Development
LogInit: Branch Name: ++UE4+Release-4.15
LogInit: Command line:  
LogInit: Base directory: C:/Epic Games/UE_4.15/Engine/Binaries/Win64/
LogInit: Installed Engine Build: 1
LogInit: Presizing for max 8388607 objects, including 0 objects not considered by GC, pre-allocating 0 bytes for permanent pool.
LogInit: Object subsystem initialized
[2017.05.08-22.47.29:216][  0]LogInit: Selected Device Profile: [Windows]
[2017.05.08-22.47.29:216][  0]LogInit: Applying CVar settings loaded from the selected device profile: [Windows]
[2017.05.08-22.47.29:238][  0]LogInit: Computer: SEA-7E868A
[2017.05.08-22.47.29:238][  0]LogInit: User: xaviermelton
[2017.05.08-22.47.29:238][  0]LogInit: CPU Page size=65536, Cores=6
[2017.05.08-22.47.29:238][  0]LogInit: High frequency timer resolution =3.222900 MHz
[2017.05.08-22.47.29:238][  0]LogMemory: Memory total: Physical=31.8GB (32GB approx)
[2017.05.08-22.47.29:238][  0]LogMemory: Platform Memory Stats for Windows
[2017.05.08-22.47.29:238][  0]LogMemory: Process Physical Memory: 267.20 MB used, 267.20 MB peak
[2017.05.08-22.47.29:238][  0]LogMemory: Process Virtual Memory: 265.18 MB used, 265.18 MB peak
[2017.05.08-22.47.29:238][  0]LogMemory: Physical Memory: 9588.70 MB used,  23005.15 MB free, 32593.85 MB total
[2017.05.08-22.47.29:238][  0]LogMemory: Virtual Memory: 631.66 MB used,  23005.15 MB free, 8388608.00 MB total
[2017.05.08-22.47.29:377][  0]LogTextLocalizationManager: No specific translations for ('en-US') exist, so ('en') translations will be used.
[2017.05.08-22.47.30:101][  0]LogD3D11RHI: D3D11 adapters:
[2017.05.08-22.47.30:124][  0]LogD3D11RHI:    0. 'NVIDIA GeForce GTX 960' (Feature Level 11_0)
[2017.05.08-22.47.30:124][  0]LogD3D11RHI:       1969/0/2048 MB DedicatedVideo/DedicatedSystem/SharedSystem, Outputs:2, VendorId:0x10de
[2017.05.08-22.47.30:124][  0]LogD3D11RHI: Chosen D3D11 Adapter: 0
[2017.05.08-22.47.30:135][  0]LogD3D11RHI: Creating new Direct3DDevice
[2017.05.08-22.47.30:135][  0]LogD3D11RHI:     GPU DeviceId: 0x1401 (for the marketing name, search the web for "GPU Device Id")
[2017.05.08-22.47.30:135][  0]LogWindows: EnumDisplayDevices:
[2017.05.08-22.47.30:135][  0]LogWindows:    0. 'NVIDIA GeForce GTX 960' (P:1 D:1)
[2017.05.08-22.47.30:136][  0]LogWindows:    1. 'NVIDIA GeForce GTX 960' (P:0 D:1)
[2017.05.08-22.47.30:136][  0]LogWindows:    2. 'NVIDIA GeForce GTX 960' (P:0 D:0)
[2017.05.08-22.47.30:137][  0]LogWindows:    3. 'NVIDIA GeForce GTX 960' (P:0 D:0)
[2017.05.08-22.47.30:137][  0]LogWindows:    4. 'RDPDD Chained DD' (P:0 D:0)
[2017.05.08-22.47.30:137][  0]LogWindows:    5. 'RDP Encoder Mirror Driver' (P:0 D:0)
[2017.05.08-22.47.30:137][  0]LogWindows:    6. 'RDP Reflector Display Driver' (P:0 D:0)
[2017.05.08-22.47.30:138][  0]LogWindows: DebugString: GetVideoDriverDetailsInvalid PrimaryIsNotTheChoosenAdapter GetVideoDriverDetailsInvalid PrimaryIsNotTheChoosenAdapter GetVideoDriverDetailsInvalid PrimaryIsNotTheChoosenAdapter FoundDriverCount:4 
[2017.05.08-22.47.30:138][  0]LogD3D11RHI:     Adapter Name: NVIDIA GeForce GTX 960
[2017.05.08-22.47.30:138][  0]LogD3D11RHI:   Driver Version: 353.62 (internal:10.18.13.5362, unified:353.62)
[2017.05.08-22.47.30:138][  0]LogD3D11RHI:      Driver Date: 7-22-2015
[2017.05.08-22.47.30:138][  0]LogRHI: Texture pool is 1361 MB (70% of 1945 MB)
[2017.05.08-22.47.30:161][  0]LogD3D11RHI: NvAPI_D3D_GetCurrentSLIState failed: 0xfffffff7
[2017.05.08-22.47.30:161][  0]LogD3D11RHI: [Aftermath] Aftermath enabled but failed to initialize due to reason: DriverVersionNotSupported
[2017.05.08-22.47.30:161][  0]LogD3D11RHI: Async texture creation enabled
[2017.05.08-22.47.30:182][  0]LogD3D11RHI: GPU Timing Frequency: 1000.000000 (Debug: 2 2)
[2017.05.08-22.47.30:188][  0]LogShaderCompilers: Guid format shader working directory is -28 characters bigger than the processId version (../../../../../Users/xavier.melton/Desktop/Doti_Year_1_Final_AIE/DOTI_AIE_Y1_FINAL/Intermediate/Shaders/WorkingDirectory/5220/).
[2017.05.08-22.47.30:188][  0]LogShaderCompilers: Cleaned the shader compiler working directory 'C:/Users/xavier.melton/AppData/Local/Temp/UnrealShaderWorkingDir/D85AFF7F4C7243C5CE5182804E14F90B/'.
[2017.05.08-22.47.30:188][  0]LogShaderCompilers:Display: Using Local Shader Compiler.
[2017.05.08-22.47.31:501][  0]LogTemp:Display: Loaded TP AllDesktopTargetPlatform
[2017.05.08-22.47.31:559][  0]LogTemp:Display: Loaded TP MacClientTargetPlatform
[2017.05.08-22.47.31:640][  0]LogTemp:Display: Loaded TP MacNoEditorTargetPlatform
[2017.05.08-22.47.31:719][  0]LogTemp:Display: Loaded TP MacServerTargetPlatform
[2017.05.08-22.47.31:776][  0]LogTemp:Display: Loaded TP MacTargetPlatform
[2017.05.08-22.47.31:863][  0]LogTemp:Display: Loaded TP WindowsClientTargetPlatform
[2017.05.08-22.47.31:922][  0]LogTemp:Display: Loaded TP WindowsNoEditorTargetPlatform
[2017.05.08-22.47.31:981][  0]LogTemp:Display: Loaded TP WindowsServerTargetPlatform
[2017.05.08-22.47.32:029][  0]LogTemp:Display: Loaded TP WindowsTargetPlatform
[2017.05.08-22.47.32:089][  0]LogTemp:Display: Loaded TP AndroidTargetPlatform
[2017.05.08-22.47.32:147][  0]LogTemp:Display: Loaded TP Android_ASTCTargetPlatform
[2017.05.08-22.47.32:205][  0]LogTemp:Display: Loaded TP Android_ATCTargetPlatform
[2017.05.08-22.47.32:261][  0]LogTemp:Display: Loaded TP Android_DXTTargetPlatform
[2017.05.08-22.47.32:317][  0]LogTemp:Display: Loaded TP Android_ETC1TargetPlatform
[2017.05.08-22.47.32:373][  0]LogTemp:Display: Loaded TP Android_ETC2TargetPlatform
[2017.05.08-22.47.32:505][  0]LogTemp:Display: Loaded TP Android_MultiTargetPlatform
[2017.05.08-22.47.32:505][  0]LogTemp:Display: Loaded TP Android_PVRTCTargetPlatform
[2017.05.08-22.47.32:567][  0]LogTemp:Display: Loaded TP HTML5TargetPlatform
[2017.05.08-22.47.32:666][  0]LogTemp:Display: Loaded TP IOSTargetPlatform
[2017.05.08-22.47.32:703][  0]LogTemp:Display: Loaded TP TVOSTargetPlatform
[2017.05.08-22.47.32:763][  0]LogTemp:Display: Loaded TP LinuxClientTargetPlatform
[2017.05.08-22.47.32:821][  0]LogTemp:Display: Loaded TP LinuxNoEditorTargetPlatform
[2017.05.08-22.47.32:879][  0]LogTemp:Display: Loaded TP LinuxServerTargetPlatform
[2017.05.08-22.47.32:938][  0]LogTemp:Display: Loaded TP LinuxTargetPlatform
[2017.05.08-22.47.32:938][  0]LogTargetPlatformManager:Display: Building Assets For Windows
[2017.05.08-22.47.33:359][  0]LogDerivedDataCache:Display: Max Cache Size: 512 MB
[2017.05.08-22.47.33:412][  0]LogDerivedDataCache: Loaded boot cache 0.05s 50MB C:/Users/xavier.melton/AppData/Local/UnrealEngine/4.15/DerivedDataCache/Boot.ddc.
[2017.05.08-22.47.33:412][  0]LogDerivedDataCache:Display: Loaded Boot cache: C:/Users/xavier.melton/AppData/Local/UnrealEngine/4.15/DerivedDataCache/Boot.ddc
[2017.05.08-22.47.33:412][  0]LogDerivedDataCache: FDerivedDataBackendGraph:  Pak pak cache file ../../../../../Users/xavier.melton/Desktop/Doti_Year_1_Final_AIE/DOTI_AIE_Y1_FINAL/DerivedDataCache/DDC.ddp not found, will not use a pak cache.
[2017.05.08-22.47.33:412][  0]LogDerivedDataCache: Unable to find inner node Pak for hierarchical cache Hierarchy.
[2017.05.08-22.47.33:412][  0]LogDerivedDataCache: FDerivedDataBackendGraph:  CompressedPak pak cache file ../../../../../Users/xavier.melton/Desktop/Doti_Year_1_Final_AIE/DOTI_AIE_Y1_FINAL/DerivedDataCache/Compressed.ddp not found, will not use a pak cache.
[2017.05.08-22.47.33:412][  0]LogDerivedDataCache: Unable to find inner node CompressedPak for hierarchical cache Hierarchy.
[2017.05.08-22.47.33:430][  0]LogDerivedDataCache:Display: Pak cache opened for reading ../../../Engine/DerivedDataCache/Compressed.ddp.
[2017.05.08-22.47.33:442][  0]LogDerivedDataCache: Using Local data cache path C:/Users/xavier.melton/AppData/Local/UnrealEngine/Common/DerivedDataCache: Writable
[2017.05.08-22.47.33:450][  0]LogSlate: Using Freetype 2.6.0
[2017.05.08-22.47.33:451][  0]LogSlate: SlateFontCache - WITH_FREETYPE: 1, WITH_HARFBUZZ: 1
[2017.05.08-22.47.33:451][  0]LogSlate: SlateFontCache - WITH_FREETYPE: 1, WITH_HARFBUZZ: 1
[2017.05.08-22.47.33:779][  0]LogInit: Selected Device Profile: [Windows]
[2017.05.08-22.47.33:782][  0]LogContentStreaming: Texture pool size is 0.00 MB
[2017.05.08-22.47.34:068][  0]LogMeshUtilities: Using QuadricMeshReduction for automatic static mesh reduction
[2017.05.08-22.47.34:113][  0]LogSimplygon: Simplygon DLL not present - disabling.
[2017.05.08-22.47.34:162][  0]LogMeshUtilities: Using SimplygonSwarm for distributed automatic mesh merging
[2017.05.08-22.47.34:162][  0]LogMeshUtilities: No automatic skeletal mesh reduction module available
[2017.05.08-22.47.34:162][  0]LogMeshUtilities: No automatic mesh merging module available
[2017.05.08-22.47.34:780][  0]LogNetVersion: GetLocalNetworkVersion: CL: 3299760, ProjectName: finalproject, ProjectVersion: , EngineNetworkVersion: 2, GameNetworkVersion: 0, NetworkChecksum: 3356675869
[2017.05.08-22.47.34:834][  0]LogAssetRegistry: FAssetRegistry took 0.0204 seconds to start up
[2017.05.08-22.47.34:899][  0]LogPackageLocalizationCache: Processed 3 localized package path(s) for 2 prioritized culture(s) in 0.043404 seconds
[2017.05.08-22.47.34:908][  0]LogUObjectArray: 32493 objects as part of root set at end of initial load.
[2017.05.08-22.47.34:908][  0]LogUObjectAllocator: 7077024 out of 0 bytes used by permanent object pool.
[2017.05.08-22.47.34:908][  0]LogUObjectArray: CloseDisregardForGC: 0/0 objects in disregard for GC pool
[2017.05.08-22.47.35:004][  0]LogInit: WinSock: version 1.1 (2.2), MaxSocks=32767, MaxUdp=65467
[2017.05.08-22.47.37:600][  0]LogTcpMessaging: Initializing TcpMessaging bridge
[2017.05.08-22.47.37:676][  0]LogUdpMessaging: Initializing bridge on interface 0.0.0.0:0 to multicast group 230.0.0.1:6666.
[2017.05.08-22.47.38:280][  0]LogMaterial: Uniform references updated for custom material expression Custom.
[2017.05.08-22.47.38:954][  0]SourceControl: Info Source control is disabled
[2017.05.08-22.47.39:001][  0]SourceControl: Info Source control is disabled
[2017.05.08-22.47.39:099][  0]SourceControl: Info Source control is disabled
[2017.05.08-22.47.39:220][  0]SourceControl: Info Source control is disabled
[2017.05.08-22.47.41:024][  0]LogEngine: Initializing Engine...
[2017.05.08-22.47.41:025][  0]LogHMD: Failed to initialize OpenVR with code 110
[2017.05.08-22.47.41:264][  0]LogStats: UGameplayTagsManager::ConstructGameplayTagTree: Construct from data asset -  0.000 s
[2017.05.08-22.47.41:264][  0]LogStats: UGameplayTagsManager::ConstructGameplayTagTree: GameplayTagTreeChangedEvent.Broadcast -  0.000 s
[2017.05.08-22.47.41:403][  0]LogAIModule: Creating AISystem for world Untitled
[2017.05.08-22.47.41:449][  0]LogInit: XAudio2 using 'Headphones (High Definition Audio Device)' : 2 channels at 44.1 kHz using 16 bits per sample (channel mask 0x3)
[2017.05.08-22.47.41:468][  0]LogInit: FAudioDevice initialized.
[2017.05.08-22.47.41:514][  0]LogDerivedDataCache: Saved boot cache 0.05s 50MB C:/Users/xavier.melton/AppData/Local/UnrealEngine/4.15/DerivedDataCache/Boot.ddc.
[2017.05.08-22.47.41:524][  0]LogInit: Texture streaming: Enabled
[2017.05.08-22.47.41:668][  0]LogEngineSessionManager: EngineSessionManager initialized
[2017.05.08-22.47.41:792][  0]LogInit: Transaction tracking system initialized
[2017.05.08-22.47.42:378][  0]BlueprintLog: New page: Editor Load
[2017.05.08-22.47.44:040][  0]LocalizationService: Info Localization service is disabled
[2017.05.08-22.47.44:833][  0]LogConsoleResponse:Display: 
[2017.05.08-22.47.44:988][  0]LogCook:Display: Max memory allowance for cook 16384mb min free memory 0mb
[2017.05.08-22.47.44:988][  0]LogCook:Display: Mobile HDR setting 1
[2017.05.08-22.47.45:409][  0]LogFileCache: Scanning file cache for directory 'C:/Users/xavier.melton/Desktop/Doti_Year_1_Final_AIE/DOTI_AIE_Y1_FINAL/Content/' took 0.02s
[2017.05.08-22.47.46:192][  0]SourceControl: Info Source control is disabled
[2017.05.08-22.47.46:192][  0]Cmd: MAP LOAD FILE="../../../../../Users/xavier.melton/Desktop/Doti_Year_1_Final_AIE/DOTI_AIE_Y1_FINAL/Content/StarterContent/Maps/Minimal_Default.umap" TEMPLATE=0 SHOWPROGRESS=1 FEATURELEVEL=3
[2017.05.08-22.47.46:192][  0]LightingResults: New page: Lighting Build
[2017.05.08-22.47.46:234][  0]MapCheck: New page: Map Check
[2017.05.08-22.47.46:234][  0]LightingResults: New page: Lighting Build
[2017.05.08-22.47.46:442][  0]LogBlueprint:Error: [Compiler Player] Error This blueprint (self) is not a PickupActor_C, therefore ' Target ' must have a connection.
[2017.05.08-22.47.46:442][  0]LogBlueprint:Error: [Compiler Player] Error This blueprint (self) is not a PickupActor_C, therefore ' Target ' must have a connection.
[2017.05.08-22.47.46:454][  0]LogBlueprint:Warning: [Compiler Player] Warning [0019.82] Compile of Player failed. 2 Fatal Issue(s) 0 Warning(s) [in 22 ms] (/Game/MattsStuff/Player.Player)
[2017.05.08-22.47.46:455][  0]LogBlueprint:Warning: [Compiler Player] Warning [0019.82] Compile of Player failed. 2 Fatal Issue(s) 1 Warning(s) [in 0 ms] (/Game/MattsStuff/Player.Player)
[2017.05.08-22.47.46:455][  0]LogBlueprint:Warning: [Compiler Player] Warning [0019.82] Compile of Player failed. 2 Fatal Issue(s) 2 Warning(s) [in 0 ms] (/Game/MattsStuff/Player.Player)
[2017.05.08-22.47.46:477][  0]LogBlueprint:Error: [Compiler Player] Error This blueprint (self) is not a PickupActor_C, therefore ' Target ' must have a connection.
[2017.05.08-22.47.46:477][  0]LogBlueprint:Error: [Compiler Player] Error This blueprint (self) is not a PickupActor_C, therefore ' Target ' must have a connection.
[2017.05.08-22.47.46:493][  0]LogBlueprint:Warning: [Compiler Player] Warning [0019.86] Compile of Player failed. 2 Fatal Issue(s) 0 Warning(s) [in 31 ms] (/Game/MattsStuff/Player.Player)
[2017.05.08-22.47.46:493][  0]LogBlueprint:Warning: [Compiler Player] Warning [0019.86] Compile of Player failed. 2 Fatal Issue(s) 1 Warning(s) [in 0 ms] (/Game/MattsStuff/Player.Player)
[2017.05.08-22.47.46:494][  0]LogBlueprint:Warning: [Compiler Player] Warning [0019.86] Compile of Player failed. 2 Fatal Issue(s) 2 Warning(s) [in 0 ms] (/Game/MattsStuff/Player.Player)
[2017.05.08-22.47.46:690][  0]LogAIModule: Creating AISystem for world Minimal_Default
[2017.05.08-22.47.46:713][  0]LogEditorServer: Finished looking for orphan Actors (0.000 secs)
[2017.05.08-22.47.46:714][  0]Cmd: MAP CHECKDEP NOCLEARLOG
[2017.05.08-22.47.46:810][  0]MapCheck: Info Map check complete: 0 Error(s), 0 Warning(s), took 96.106ms to complete.
[2017.05.08-22.47.46:810][  0]LogFileHelpers: Loading map 'Minimal_Default' took 0.618
[2017.05.08-22.47.47:048][  0]LogCollectionManager: Loaded 0 collections in 0.001693 seconds
[2017.05.08-22.47.47:181][  0]LogFileCache: Scanning file cache for directory 'C:/Users/xavier.melton/Desktop/Doti_Year_1_Final_AIE/DOTI_AIE_Y1_FINAL/Saved/Collections/' took 0.01s
[2017.05.08-22.47.47:181][  0]LogFileCache: Scanning file cache for directory 'C:/Users/xavier.melton/Desktop/Doti_Year_1_Final_AIE/DOTI_AIE_Y1_FINAL/Content/Developers/xaviermelton/Collections/' took 0.01s
[2017.05.08-22.47.47:181][  0]LogFileCache: Scanning file cache for directory 'C:/Users/xavier.melton/Desktop/Doti_Year_1_Final_AIE/DOTI_AIE_Y1_FINAL/Content/Collections/' took 0.01s
[2017.05.08-22.47.47:181][  0]LogCollectionManager: Rebuilt the GUID cache for 0 collections in 0.000001 seconds
[2017.05.08-22.47.47:190][  0]LogContentBrowser: Native class hierarchy populated in 0.0083 seconds. Added 2245 classes and 453 folders.
[2017.05.08-22.47.47:269][  0]LogContentBrowser: Native class hierarchy updated for 'WidgetCarousel' in 0.0005 seconds. Added 0 classes and 0 folders.
[2017.05.08-22.47.47:308][  0]LogContentBrowser: Native class hierarchy updated for 'AddContentDialog' in 0.0005 seconds. Added 0 classes and 0 folders.
[2017.05.08-22.47.47:374][  0]LogContentBrowser: Native class hierarchy updated for 'SceneOutliner' in 0.0005 seconds. Added 1 classes and 2 folders.
[2017.05.08-22.47.47:476][  0]LogCrashTracker: Crashtracker disabled due to settings.
[2017.05.08-22.47.47:484][  0]LogUObjectGlobals:Warning: Failed to find object 'Class None.'
[2017.05.08-22.47.47:584][  0]LogContentBrowser: Native class hierarchy updated for 'HierarchicalLODOutliner' in 0.0009 seconds. Added 1 classes and 2 folders.
[2017.05.08-22.47.47:585][  0]LogLoad: (Engine Initialization) Total time: 20.95 seconds
[2017.05.08-22.47.47:585][  0]LogLoad: (Engine Initialization) Total Blueprint compile time: 0.19 seconds
[2017.05.08-22.47.47:585][  0]LogExternalProfiler: Found external profiler: VSPerf
[2017.05.08-22.47.47:585][  0]LogExternalProfiler: Using external profiler: VSPerf
[2017.05.08-22.47.47:924][  0]LogOcInput: OculusInput pre-init called
[2017.05.08-22.47.47:950][  0]LogContentStreaming: Texture pool size now 1000 MB
[2017.05.08-22.47.47:952][  0]LogSlate: Took 0.000416 seconds to synchronously load lazily loaded font '../../../Engine/Content/Slate/Fonts/Roboto-Regular.ttf' (155K)
[2017.05.08-22.47.47:957][  0]LogSlate: Took 0.000325 seconds to synchronously load lazily loaded font '../../../Engine/Content/Slate/Fonts/Roboto-Bold.ttf' (160K)
[2017.05.08-22.47.47:964][  0]LogSlate: Took 0.000288 seconds to synchronously load lazily loaded font '../../../Engine/Content/Editor/Slate/Fonts/FontAwesome.ttf' (139K)
[2017.05.08-22.47.48:088][  0]LogSlate: Took 0.000190 seconds to synchronously load lazily loaded font '../../../Engine/Content/Slate/Fonts/Roboto-Light.ttf' (159K)
[2017.05.08-22.47.48:180][  0]LogRenderer: Reallocating scene render targets to support 1208x576 NumSamples 1 (Frame:2).
[2017.05.08-22.47.48:952][  3]LogAssetRegistry: Asset discovery search completed in 14.1375 seconds
[2017.05.08-22.47.48:952][  3]LogCollectionManager: Rebuilt the object cache for 0 collections in 0.000007 seconds (found 0 objects)
[2017.05.08-22.47.48:952][  3]LogCollectionManager: Fixed up redirectors for 0 collections in 0.000040 seconds (updated 0 objects)
[2017.05.08-22.47.48:973][  3]LogSlate: Took 0.000545 seconds to synchronously load lazily loaded font '../../../Engine/Content/Slate/Fonts/Roboto-Light.ttf' (159K)
[2017.05.08-22.48.00:378][693]LogLinker:Warning: Can't find file '/Game/Blueprints/BasicInventory/BP_BasicInventoryCharacter'
[2017.05.08-22.48.00:378][693]LogLinker:Warning: Can't find file for asset '/Game/Blueprints/BasicInventory/BP_BasicInventoryCharacter' while loading ../../../../../Users/xavier.melton/Desktop/Doti_Year_1_Final_AIE/DOTI_AIE_Y1_FINAL/Content/XaviersShit/BP_PickupActor.uasset.
[2017.05.08-22.48.00:378][693]LoadErrors:Error: Error /Game/XaviersShit/BP_PickupActor : Can't find file for asset. /Game/Blueprints/BasicInventory/BP_BasicInventoryCharacter
[2017.05.08-22.48.00:378][693]LogLinker:Warning: Can't find file '/Game/Blueprints/BasicInventory/BP_InventoryActor'
[2017.05.08-22.48.00:378][693]LogLinker:Warning: Can't find file for asset '/Game/Blueprints/BasicInventory/BP_InventoryActor' while loading ../../../../../Users/xavier.melton/Desktop/Doti_Year_1_Final_AIE/DOTI_AIE_Y1_FINAL/Content/XaviersShit/BP_PickupActor.uasset.
[2017.05.08-22.48.00:378][693]LoadErrors:Error: Error /Game/XaviersShit/BP_PickupActor : Can't find file for asset. /Game/Blueprints/BasicInventory/BP_InventoryActor
[2017.05.08-22.48.00:378][693]LogLinker:Warning: Can't find file '/Game/Blueprints/BasicInventory/BP_UsableActor'
[2017.05.08-22.48.00:379][693]LogLinker:Warning: Can't find file for asset '/Game/Blueprints/BasicInventory/BP_UsableActor' while loading ../../../../../Users/xavier.melton/Desktop/Doti_Year_1_Final_AIE/DOTI_AIE_Y1_FINAL/Content/XaviersShit/BP_PickupActor.uasset.
[2017.05.08-22.48.00:379][693]LoadErrors:Error: Error /Game/XaviersShit/BP_PickupActor : Can't find file for asset. /Game/Blueprints/BasicInventory/BP_UsableActor
[2017.05.08-22.48.00:379][693]LogLinker:Warning: Can't find file '/Game/Blueprints/BasicInventory/BP_UsableActor'
[2017.05.08-22.48.00:379][693]LogLinker:Warning: Can't find file for asset '/Game/Blueprints/BasicInventory/BP_UsableActor' while loading ../../../../../Users/xavier.melton/Desktop/Doti_Year_1_Final_AIE/DOTI_AIE_Y1_FINAL/Content/XaviersShit/BP_PickupActor.uasset.
[2017.05.08-22.48.00:380][693]LogLinker:Warning: Can't find file '/Game/Blueprints/BasicInventory/BP_UsableActor'
[2017.05.08-22.48.00:380][693]LogLinker:Warning: Can't find file for asset '/Game/Blueprints/BasicInventory/BP_UsableActor' while loading ../../../../../Users/xavier.melton/Desktop/Doti_Year_1_Final_AIE/DOTI_AIE_Y1_FINAL/Content/XaviersShit/BP_PickupActor.uasset.
[2017.05.08-22.48.00:380][693]LogLinker:Warning: Can't find file '/Game/Blueprints/BasicInventory/BP_UsableActor'
[2017.05.08-22.48.00:381][693]LogLinker:Warning: Can't find file for asset '/Game/Blueprints/BasicInventory/BP_UsableActor' while loading ../../../../../Users/xavier.melton/Desktop/Doti_Year_1_Final_AIE/DOTI_AIE_Y1_FINAL/Content/XaviersShit/BP_PickupActor.uasset.
[2017.05.08-22.48.00:381][693]LogLinker:Warning: Can't find file '/Game/Blueprints/BasicInventory/BP_BasicInventoryCharacter'
[2017.05.08-22.48.00:381][693]LogLinker:Warning: Can't find file for asset '/Game/Blueprints/BasicInventory/BP_BasicInventoryCharacter' while loading ../../../../../Users/xavier.melton/Desktop/Doti_Year_1_Final_AIE/DOTI_AIE_Y1_FINAL/Content/XaviersShit/BP_PickupActor.uasset.
[2017.05.08-22.48.00:381][693]LogLinker:Warning: Can't find file '/Game/Blueprints/BasicInventory/BP_InventoryActor'
[2017.05.08-22.48.00:381][693]LogLinker:Warning: Can't find file for asset '/Game/Blueprints/BasicInventory/BP_InventoryActor' while loading ../../../../../Users/xavier.melton/Desktop/Doti_Year_1_Final_AIE/DOTI_AIE_Y1_FINAL/Content/XaviersShit/BP_PickupActor.uasset.
[2017.05.08-22.48.00:381][693]LogLinker:Warning: Can't find file '/Game/Blueprints/BasicInventory/BP_UsableActor'
[2017.05.08-22.48.00:382][693]LogLinker:Warning: Can't find file for asset '/Game/Blueprints/BasicInventory/BP_UsableActor' while loading ../../../../../Users/xavier.melton/Desktop/Doti_Year_1_Final_AIE/DOTI_AIE_Y1_FINAL/Content/XaviersShit/BP_PickupActor.uasset.
[2017.05.08-22.48.00:382][693]LogLinker:Warning: Can't find file '/Game/Blueprints/BasicInventory/BP_UsableActor'
[2017.05.08-22.48.00:382][693]LogLinker:Warning: Can't find file for asset '/Game/Blueprints/BasicInventory/BP_UsableActor' while loading ../../../../../Users/xavier.melton/Desktop/Doti_Year_1_Final_AIE/DOTI_AIE_Y1_FINAL/Content/XaviersShit/BP_PickupActor.uasset.
[2017.05.08-22.48.00:382][693]LogLinker:Warning: Can't find file '/Game/Blueprints/BasicInventory/BP_UsableActor'
[2017.05.08-22.48.00:383][693]LogLinker:Warning: Can't find file for asset '/Game/Blueprints/BasicInventory/BP_UsableActor' while loading NULL.
[2017.05.08-22.48.00:383][693]LogLinker:Warning: CreateExport: Failed to load Parent for BlueprintGeneratedClass /Game/XaviersShit/BP_PickupActor.BP_PickupActor_C
[2017.05.08-22.48.00:383][693]LogLinker:Warning: Can't find file '/Game/Blueprints/BasicInventory/BP_UsableActor'
[2017.05.08-22.48.00:383][693]LogLinker:Warning: Can't find file for asset '/Game/Blueprints/BasicInventory/BP_UsableActor' while loading NULL.
[2017.05.08-22.48.00:383][693]LogLinker:Warning: CreateExport: Failed to load Parent for BlueprintGeneratedClass /Game/XaviersShit/BP_PickupActor.BP_PickupActor_C
[2017.05.08-22.48.00:383][693]LogLinker:Warning: Can't find file '/Game/Blueprints/BasicInventory/BP_UsableActor'
[2017.05.08-22.48.00:383][693]LogLinker:Warning: Can't find file for asset '/Game/Blueprints/BasicInventory/BP_UsableActor' while loading NULL.
[2017.05.08-22.48.00:384][693]LogLinker:Warning: Can't find file '/Game/Blueprints/BasicInventory/BP_UsableActor'
[2017.05.08-22.48.00:384][693]LogLinker:Warning: Can't find file for asset '/Game/Blueprints/BasicInventory/BP_UsableActor' while loading NULL.
[2017.05.08-22.48.00:384][693]LogLinker:Warning: CreateExport: Failed to load Parent for BlueprintGeneratedClass /Game/XaviersShit/BP_PickupActor.BP_PickupActor_C
[2017.05.08-22.48.00:384][693]LogLinker:Warning: Can't find file '/Game/Blueprints/BasicInventory/BP_UsableActor'
[2017.05.08-22.48.00:384][693]LogLinker:Warning: Can't find file for asset '/Game/Blueprints/BasicInventory/BP_UsableActor' while loading NULL.
[2017.05.08-22.48.00:384][693]LogLinker:Warning: CreateExport: Failed to load Parent for BlueprintGeneratedClass /Game/XaviersShit/BP_PickupActor.BP_PickupActor_C
[2017.05.08-22.48.00:384][693]LogLinker:Warning: Can't find file '/Game/Blueprints/BasicInventory/BP_UsableActor'
[2017.05.08-22.48.00:384][693]LogLinker:Warning: Can't find file for asset '/Game/Blueprints/BasicInventory/BP_UsableActor' while loading NULL.
[2017.05.08-22.48.00:385][693]LogLinker:Warning: Can't find file '/Game/Blueprints/BasicInventory/BP_UsableActor'
[2017.05.08-22.48.00:385][693]LogLinker:Warning: Can't find file for asset '/Game/Blueprints/BasicInventory/BP_UsableActor' while loading NULL.
[2017.05.08-22.48.00:385][693]LogLinker:Warning: CreateExport: Failed to load Parent for BlueprintGeneratedClass /Game/XaviersShit/BP_PickupActor.BP_PickupActor_C
[2017.05.08-22.48.00:385][693]LogLinker:Warning: Can't find file '/Game/Blueprints/BasicInventory/BP_UsableActor'
[2017.05.08-22.48.00:385][693]LogLinker:Warning: Can't find file for asset '/Game/Blueprints/BasicInventory/BP_UsableActor' while loading NULL.
[2017.05.08-22.48.00:385][693]LogLinker:Warning: CreateExport: Failed to load Parent for BlueprintGeneratedClass /Game/XaviersShit/BP_PickupActor.BP_PickupActor_C
[2017.05.08-22.48.00:385][693]LogLinker:Warning: Can't find file '/Game/Blueprints/BasicInventory/BP_UsableActor'
[2017.05.08-22.48.00:386][693]LogLinker:Warning: Can't find file for asset '/Game/Blueprints/BasicInventory/BP_UsableActor' while loading NULL.
[2017.05.08-22.48.00:386][693]LogLinker:Warning: CreateExport: Failed to load Parent for BlueprintGeneratedClass /Game/XaviersShit/BP_PickupActor.BP_PickupActor_C
[2017.05.08-22.48.00:386][693]LogLinker:Warning: Can't find file '/Game/Blueprints/BasicInventory/BP_UsableActor'
[2017.05.08-22.48.00:386][693]LogLinker:Warning: Can't find file for asset '/Game/Blueprints/BasicInventory/BP_UsableActor' while loading NULL.
[2017.05.08-22.48.00:386][693]LogLinker:Warning: CreateExport: Failed to load Parent for BlueprintGeneratedClass /Game/XaviersShit/BP_PickupActor.BP_PickupActor_C
[2017.05.08-22.48.00:388][693]LogLinker:Warning: Can't find file '/Game/Blueprints/BasicInventory/BP_UsableActor'
[2017.05.08-22.48.00:388][693]LogLinker:Warning: Can't find file for asset '/Game/Blueprints/BasicInventory/BP_UsableActor' while loading NULL.
[2017.05.08-22.48.00:388][693]LogLinker:Warning: CreateExport: Failed to load Parent for BlueprintGeneratedClass /Game/XaviersShit/BP_PickupActor.BP_PickupActor_C
[2017.05.08-22.48.00:388][693]LogLinker:Warning: Can't find file '/Game/Blueprints/BasicInventory/BP_UsableActor'
[2017.05.08-22.48.00:388][693]LogLinker:Warning: Can't find file for asset '/Game/Blueprints/BasicInventory/BP_UsableActor' while loading NULL.
[2017.05.08-22.48.00:388][693]LogLinker:Warning: CreateExport: Failed to load Parent for BlueprintGeneratedClass /Game/XaviersShit/BP_PickupActor.BP_PickupActor_C
[2017.05.08-22.48.00:389][693]LogLinker:Warning: Can't find file '/Game/Blueprints/BasicInventory/BP_UsableActor'
[2017.05.08-22.48.00:389][693]LogLinker:Warning: Can't find file for asset '/Game/Blueprints/BasicInventory/BP_UsableActor' while loading NULL.
[2017.05.08-22.48.00:389][693]LogLinker:Warning: CreateExport: Failed to load Parent for BlueprintGeneratedClass /Game/XaviersShit/BP_PickupActor.BP_PickupActor_C
[2017.05.08-22.48.00:389][693]LogLinker:Warning: Can't find file '/Game/Blueprints/BasicInventory/BP_UsableActor'
[2017.05.08-22.48.00:389][693]LoadErrors: Info Failed to load /Game/Blueprints/BasicInventory/BP_UsableActor.BP_UsableActor_C Referenced by BP_PickupActor
[2017.05.08-22.48.00:389][693]LogLinker:Warning: Can't find file for asset '/Game/Blueprints/BasicInventory/BP_UsableActor' while loading NULL.
[2017.05.08-22.48.00:389][693]LogLinker:Warning: Can't find file '/Game/Blueprints/BasicInventory/BP_UsableActor'
[2017.05.08-22.48.00:390][693]LogLinker:Warning: Can't find file for asset '/Game/Blueprints/BasicInventory/BP_UsableActor' while loading NULL.
[2017.05.08-22.48.00:390][693]LogLinker:Warning: CreateExport: Failed to load Parent for BlueprintGeneratedClass /Game/XaviersShit/BP_PickupActor.BP_PickupActor_C
[2017.05.08-22.48.00:390][693]LogLinker:Warning: Can't find file '/Game/Blueprints/BasicInventory/BP_BasicInventoryCharacter'
[2017.05.08-22.48.00:390][693]LoadErrors: Info Failed to load /Game/Blueprints/BasicInventory/BP_BasicInventoryCharacter.BP_BasicInventoryCharacter_C Referenced by EdGraphPin_22275
[2017.05.08-22.48.00:390][693]LogLinker:Warning: Can't find file for asset '/Game/Blueprints/BasicInventory/BP_BasicInventoryCharacter' while loading NULL.
[2017.05.08-22.48.00:391][693]LogLinker:Warning: Can't find file '/Game/Blueprints/BasicInventory/BP_BasicInventoryCharacter'
[2017.05.08-22.48.00:391][693]LoadErrors: Info Failed to load /Game/Blueprints/BasicInventory/BP_BasicInventoryCharacter.BP_BasicInventoryCharacter_C Referenced by EdGraphPin_22262
[2017.05.08-22.48.00:391][693]LogLinker:Warning: Can't find file for asset '/Game/Blueprints/BasicInventory/BP_BasicInventoryCharacter' while loading NULL.
[2017.05.08-22.48.00:391][693]LogLinker:Warning: Can't find file '/Game/Blueprints/BasicInventory/BP_BasicInventoryCharacter'
[2017.05.08-22.48.00:391][693]LoadErrors: Info Failed to load /Game/Blueprints/BasicInventory/BP_BasicInventoryCharacter.BP_BasicInventoryCharacter_C Referenced by K2Node_CallFunction_220920
[2017.05.08-22.48.00:392][693]LogLinker:Warning: Can't find file for asset '/Game/Blueprints/BasicInventory/BP_BasicInventoryCharacter' while loading NULL.
[2017.05.08-22.48.00:392][693]LogLinker:Warning: Can't find file '/Game/Blueprints/BasicInventory/BP_UsableActor'
[2017.05.08-22.48.00:392][693]LoadErrors: Info Failed to load /Game/Blueprints/BasicInventory/BP_UsableActor.BP_UsableActor_C Referenced by K2Node_CallParentFunction_1
[2017.05.08-22.48.00:392][693]LogLinker:Warning: Can't find file for asset '/Game/Blueprints/BasicInventory/BP_UsableActor' while loading NULL.
[2017.05.08-22.48.00:392][693]LogLinker:Warning: Can't find file '/Game/Blueprints/BasicInventory/BP_BasicInventoryCharacter'
[2017.05.08-22.48.00:393][693]LoadErrors: Info Failed to load /Game/Blueprints/BasicInventory/BP_BasicInventoryCharacter.BP_BasicInventoryCharacter_C Referenced by K2Node_DynamicCast_45
[2017.05.08-22.48.00:393][693]LogLinker:Warning: Can't find file for asset '/Game/Blueprints/BasicInventory/BP_BasicInventoryCharacter' while loading NULL.
[2017.05.08-22.48.00:393][693]LogLinker:Warning: Can't find file '/Game/Blueprints/BasicInventory/BP_UsableActor'
[2017.05.08-22.48.00:393][693]LoadErrors: Info Failed to load /Game/Blueprints/BasicInventory/BP_UsableActor.BP_UsableActor_C Referenced by K2Node_FunctionEntry_655
[2017.05.08-22.48.00:393][693]LogLinker:Warning: Can't find file for asset '/Game/Blueprints/BasicInventory/BP_UsableActor' while loading NULL.
[2017.05.08-22.48.00:393][693]LogLinker:Warning: Can't find file '/Game/Blueprints/BasicInventory/BP_UsableActor'
[2017.05.08-22.48.00:394][693]LoadErrors: Info Failed to load /Game/Blueprints/BasicInventory/BP_UsableActor.BP_UsableActor_C Referenced by K2Node_FunctionResult_1
[2017.05.08-22.48.00:394][693]LogLinker:Warning: Can't find file for asset '/Game/Blueprints/BasicInventory/BP_UsableActor' while loading NULL.
[2017.05.08-22.48.00:394][693]LogLinker:Warning: Can't find file '/Game/Blueprints/BasicInventory/BP_UsableActor'
[2017.05.08-22.48.00:394][693]LoadErrors: Info Failed to load /Game/Blueprints/BasicInventory/BP_UsableActor.BP_UsableActor_C Referenced by PackageMetaData
[2017.05.08-22.48.00:394][693]LogLinker:Warning: Can't find file for asset '/Game/Blueprints/BasicInventory/BP_UsableActor' while loading NULL.
[2017.05.08-22.48.00:394][693]LogLinker:Warning: CreateExport: Failed to load Parent for BlueprintGeneratedClass /Game/XaviersShit/BP_PickupActor.BP_PickupActor_C
[2017.05.08-22.48.00:395][693]LogBlueprint:Warning: Node '/Game/XaviersShit/BP_PickupActor.BP_PickupActor:OnUsed.K2Node_CallFunction_220920' missing NodeGuid because of upgrade from old package version, this can cause deterministic cooking issues please resave package.
[2017.05.08-22.48.00:395][693]LogBlueprint:Warning: Node '/Game/XaviersShit/BP_PickupActor.BP_PickupActor:OnUsed.K2Node_CallFunction_233553' missing NodeGuid because of upgrade from old package version, this can cause deterministic cooking issues please resave package.
[2017.05.08-22.48.00:395][693]LogBlueprint:Warning: Node '/Game/XaviersShit/BP_PickupActor.BP_PickupActor:UserConstructionScript.K2Node_CallParentFunction_1' missing NodeGuid because of upgrade from old package version, this can cause deterministic cooking issues please resave package.
[2017.05.08-22.48.00:395][693]LogBlueprint:Warning: Node '/Game/XaviersShit/BP_PickupActor.BP_PickupActor:OnUsed.K2Node_DynamicCast_45' missing NodeGuid because of upgrade from old package version, this can cause deterministic cooking issues please resave package.
[2017.05.08-22.48.00:395][693]LogBlueprint:Warning: Node '/Game/XaviersShit/BP_PickupActor.BP_PickupActor:OnUsed.K2Node_FunctionEntry_655' missing NodeGuid because of upgrade from old package version, this can cause deterministic cooking issues please resave package.
[2017.05.08-22.48.00:395][693]LogBlueprint:Warning: Node '/Game/XaviersShit/BP_PickupActor.BP_PickupActor:UserConstructionScript.K2Node_FunctionEntry_14' missing NodeGuid because of upgrade from old package version, this can cause deterministic cooking issues please resave package.
[2017.05.08-22.48.00:395][693]LogBlueprint:Warning: Node '/Game/XaviersShit/BP_PickupActor.BP_PickupActor:OnUsed.K2Node_FunctionResult_1' missing NodeGuid because of upgrade from old package version, this can cause deterministic cooking issues please resave package.
[2017.05.08-22.48.00:395][693]LogBlueprint:Warning: Node '/Game/XaviersShit/BP_PickupActor.BP_PickupActor:OnUsed.K2Node_VariableGet_970' missing NodeGuid because of upgrade from old package version, this can cause deterministic cooking issues please resave package.
[2017.05.08-22.48.00:410][693]LogSlate: Took 0.000337 seconds to synchronously load lazily loaded font '../../../Engine/Content/Slate/Fonts/Roboto-Light.ttf' (159K)
[2017.05.08-22.48.01:931][693]LogSlate: Took 0.000379 seconds to synchronously load lazily loaded font '../../../Engine/Content/Slate/Fonts/Roboto-Regular.ttf' (155K)
[2017.05.08-22.48.02:111][693]LogBlueprint:Warning: FMemberReference::ResolveMember (K2_DestroyActor) bSelfContext == true, but no scope supplied!
[2017.05.08-22.48.02:547][693]LogContentBrowser: Native class hierarchy updated for 'BlueprintGraph' in 0.0022 seconds. Added 112 classes and 0 folders.
[2017.05.08-22.48.03:150][693]LogStats: FPlatformStackWalk::StackWalkAndDump -  0.111 s
[2017.05.08-22.48.03:150][693]LogOutputDevice:Error: === Handled ensure: ===
[2017.05.08-22.48.03:150][693]LogOutputDevice:Error: 
[2017.05.08-22.48.03:150][693]LogOutputDevice:Error: Ensure condition failed: BpClass != nullptr [File:D:\Build\++UE4+Release-4.15+Compile\Sync\Engine\Source\Editor\BlueprintGraph\Private\BlueprintActionFilter.cpp] [Line: 611]
[2017.05.08-22.48.03:150][693]LogOutputDevice:Error: Unable to resolve IsEventUnimplementable() - Blueprint (BP_PickupActor) missing an authoratative class (skel: [NULL], generated: [NULL], parent: [NULL])
[2017.05.08-22.48.03:150][693]LogOutputDevice:Error: Stack: 
[2017.05.08-22.48.03:151][693]LogOutputDevice:Error: UE4Editor-Core.dll!0x00000000EAB395E6
[2017.05.08-22.48.03:151][693]LogOutputDevice:Error: UE4Editor-Core.dll!0x00000000EA8E9B82
[2017.05.08-22.48.03:151][693]LogOutputDevice:Error: UE4Editor-Core.dll!0x00000000EA8FB666
[2017.05.08-22.48.03:151][693]LogOutputDevice:Error: UE4Editor-BlueprintGraph.dll!0x00000000E198FC14
[2017.05.08-22.48.03:151][693]LogOutputDevice:Error: UE4Editor-BlueprintGraph.dll!0x00000000E1990A4F
[2017.05.08-22.48.03:151][693]LogOutputDevice:Error: UE4Editor-BlueprintGraph.dll!0x00000000E1990729
[2017.05.08-22.48.03:151][693]LogOutputDevice:Error: UE4Editor-Kismet.dll!0x00000000DF6310F7
[2017.05.08-22.48.03:151][693]LogOutputDevice:Error: UE4Editor-Kismet.dll!0x00000000DF67371D
[2017.05.08-22.48.03:151][693]LogOutputDevice:Error: UE4Editor-Kismet.dll!0x00000000DF631A63
[2017.05.08-22.48.03:151][693]LogOutputDevice:Error: UE4Editor-Kismet.dll!0x00000000DF831804
[2017.05.08-22.48.03:151][693]LogOutputDevice:Error: UE4Editor-Kismet.dll!0x00000000DF96D41C
[2017.05.08-22.48.03:151][693]LogOutputDevice:Error: UE4Editor-Kismet.dll!0x00000000DF9717DC
[2017.05.08-22.48.03:151][693]LogOutputDevice:Error: UE4Editor-GraphEditor.dll!0x00000000E1EF6F26
[2017.05.08-22.48.03:151][693]LogOutputDevice:Error: UE4Editor-GraphEditor.dll!0x00000000E1E08ACF
[2017.05.08-22.48.03:151][693]LogOutputDevice:Error: UE4Editor-Kismet.dll!0x00000000DF81ECAF
[2017.05.08-22.48.03:151][693]LogOutputDevice:Error: UE4Editor-Kismet.dll!0x00000000DF94B76A
[2017.05.08-22.48.03:151][693]LogOutputDevice:Error: UE4Editor-Kismet.dll!0x00000000DF8402EF
[2017.05.08-22.48.03:151][693]LogOutputDevice:Error: UE4Editor-Kismet.dll!0x00000000DF81E383
[2017.05.08-22.48.03:151][693]LogOutputDevice:Error: UE4Editor-Kismet.dll!0x00000000DF8408EF
[2017.05.08-22.48.03:151][693]LogOutputDevice:Error: UE4Editor-Kismet.dll!0x00000000DF57A3A3
[2017.05.08-22.48.03:151][693]LogOutputDevice:Error: UE4Editor-Kismet.dll!0x00000000DF5B4919
[2017.05.08-22.48.03:151][693]LogOutputDevice:Error: UE4Editor-Kismet.dll!0x00000000DF5A4034
[2017.05.08-22.48.03:151][693]LogOutputDevice:Error: UE4Editor-Kismet.dll!0x00000000DF61D379
[2017.05.08-22.48.03:151][693]LogOutputDevice:Error: UE4Editor-Kismet.dll!0x00000000DF72E6AE
[2017.05.08-22.48.03:151][693]LogOutputDevice:Error: UE4Editor-AssetTools.dll!0x00000000D14DB08C
[2017.05.08-22.48.03:151][693]LogOutputDevice:Error: UE4Editor-UnrealEd.dll!0x00000000E41CEB73
[2017.05.08-22.48.03:151][693]LogOutputDevice:Error: UE4Editor-AssetTools.dll!0x00000000D147E08A
[2017.05.08-22.48.03:151][693]LogOutputDevice:Error: UE4Editor-ContentBrowser.dll!0x00000000D08B7548
[2017.05.08-22.48.03:151][693]LogOutputDevice:Error: UE4Editor-ContentBrowser.dll!0x00000000D086AA27
[2017.05.08-22.48.03:151][693]LogOutputDevice:Error: UE4Editor-ContentBrowser.dll!0x00000000D0870947
[2017.05.08-22.48.03:151][693]LogOutputDevice:Error: UE4Editor-ContentBrowser.dll!0x00000000D086D201
[2017.05.08-22.48.03:151][693]LogOutputDevice:Error: UE4Editor-ContentBrowser.dll!0x00000000D08C1189
[2017.05.08-22.48.03:151][693]LogOutputDevice:Error: UE4Editor-ContentBrowser.dll!0x00000000D0869031
[2017.05.08-22.48.03:151][693]LogOutputDevice:Error: UE4Editor-ContentBrowser.dll!0x00000000D086F7DF
[2017.05.08-22.48.03:151][693]LogOutputDevice:Error: UE4Editor-ContentBrowser.dll!0x00000000D086D34A
[2017.05.08-22.48.03:151][693]LogOutputDevice:Error: UE4Editor-ContentBrowser.dll!0x00000000D08D0880
[2017.05.08-22.48.03:151][693]LogOutputDevice:Error: UE4Editor-ContentBrowser.dll!0x00000000D08C13EA
[2017.05.08-22.48.03:151][693]LogOutputDevice:Error: UE4Editor-Slate.dll!0x00000000E5DF4A7E
[2017.05.08-22.48.03:151][693]LogOutputDevice:Error: UE4Editor-Slate.dll!0x00000000E5DC444E
[2017.05.08-22.48.03:151][693]LogOutputDevice:Error: UE4Editor-Slate.dll!0x00000000E5E658E4
[2017.05.08-22.48.03:151][693]LogOutputDevice:Error: UE4Editor-Slate.dll!0x00000000E5E50435
[2017.05.08-22.48.03:151][693]LogOutputDevice:Error: UE4Editor-Slate.dll!0x00000000E5E3F7B9
[2017.05.08-22.48.03:151][693]LogOutputDevice:Error: UE4Editor-Core.dll!0x00000000EAB2CDA7
[2017.05.08-22.48.03:151][693]LogOutputDevice:Error: UE4Editor-Core.dll!0x00000000EAB167C1
[2017.05.08-22.48.03:151][693]LogOutputDevice:Error: UE4Editor-Core.dll!0x00000000EAB2EA1C
[2017.05.08-22.48.03:151][693]LogOutputDevice:Error: UE4Editor-Core.dll!0x00000000EAB126E9
[2017.05.08-22.48.03:151][693]LogOutputDevice:Error: USER32.dll!0x00000000775A9BBD
[2017.05.08-22.48.03:151][693]LogOutputDevice:Error: USER32.dll!0x00000000775A98C2
[2017.05.08-22.48.03:151][693]LogOutputDevice:Error: UE4Editor-Core.dll!0x00000000EAB2F326
[2017.05.08-22.48.03:151][693]LogOutputDevice:Error: UE4Editor.exe!0x000000003F3ED790
[2017.05.08-22.48.03:151][693]LogOutputDevice:Error: UE4Editor.exe!0x000000003F3DEB40
[2017.05.08-22.48.03:151][693]LogOutputDevice:Error: UE4Editor.exe!0x000000003F3DEBBA
[2017.05.08-22.48.03:151][693]LogOutputDevice:Error: UE4Editor.exe!0x000000003F3F0A29
[2017.05.08-22.48.03:151][693]LogOutputDevice:Error: UE4Editor.exe!0x000000003F3F22B6
[2017.05.08-22.48.03:151][693]LogOutputDevice:Error: kernel32.dll!0x00000000776A59CD
[2017.05.08-22.48.03:151][693]LogOutputDevice:Error: ntdll.dll!0x00000000777DA561
[2017.05.08-22.48.03:151][693]LogOutputDevice:Error: 
[2017.05.08-22.48.03:155][693]LogStats:                SubmitErrorReport -  0.000 s
