Log file open, 05/03/17 11:17:59
LogInit:Display: Running engine for game: DOTI_AIE_Y1_FINAL
LogPlatformFile: Not using cached read wrapper
LogInit:Display: RandInit(-1762366538) SRandInit(-1762366538).
LogTaskGraph: Started task graph with 5 named threads and 10 total threads with 1 sets of task threads.
LogStats: Stats thread started at 0.103150
LogInit: Using libcurl 7.47.1
LogInit:  - built for x86_64-pc-win32
LogInit:  - supports SSL with OpenSSL/1.0.2g
LogInit:  - supports HTTP deflate (compression) using libz 1.2.8
LogInit:  - other features:
LogInit:      CURL_VERSION_SSL
LogInit:      CURL_VERSION_LIBZ
LogInit:      CURL_VERSION_IPV6
LogInit:      CURL_VERSION_ASYNCHDNS
LogInit:      CURL_VERSION_LARGEFILE
LogInit:      CURL_VERSION_IDN
LogInit:  CurlRequestOptions (configurable via config and command line):
LogInit:  - bVerifyPeer = false  - Libcurl will NOT verify peer certificate
LogInit:  - bUseHttpProxy = false  - Libcurl will NOT use HTTP proxy
LogInit:  - bDontReuseConnections = false  - Libcurl will reuse connections
LogInit:  - CertBundlePath = nullptr  - Libcurl will use whatever was configured at build time.
LogInit: Build: ++UE4+Release-4.15-CL-3416026
LogInit: Engine Version: 4.15.2-3416026+++UE4+Release-4.15
LogInit: Compatible Engine Version: 4.15.0-3299760+++UE4+Release-4.15
LogInit: Net CL: 3299760
LogDevObjectVersion: Number of dev versions registered: 14
LogDevObjectVersion:   Dev-Blueprints (B0D832E4-1F89-4F0D-ACCF-7EB736FD4AA2): 8
LogDevObjectVersion:   Dev-Build (E1C64328-A22C-4D53-A36C-8E866417BD8C): 0
LogDevObjectVersion:   Dev-Core (375EC13C-06E4-48FB-B500-84F0262A717E): 2
LogDevObjectVersion:   Dev-Editor (E4B068ED-F494-42E9-A231-DA0B2E46BB41): 14
LogDevObjectVersion:   Dev-Framework (CFFC743F-43B0-4480-9391-14DF171D2073): 22
LogDevObjectVersion:   Dev-Mobile (B02B49B5-BB20-44E9-A304-32B752E40360): 0
LogDevObjectVersion:   Dev-Networking (A4E4105C-59A1-49B5-A7C5-40C4547EDFEE): 0
LogDevObjectVersion:   Dev-Online (39C831C9-5AE6-47DC-9A44-9C173E1C8E7C): 0
LogDevObjectVersion:   Dev-Physics (78F01B33-EBEA-4F98-B9B4-84EACCB95AA2): 0
LogDevObjectVersion:   Dev-Platform (6631380F-2D4D-43E0-8009-CF276956A95A): 0
LogDevObjectVersion:   Dev-Rendering (12F88B9F-8875-4AFC-A67C-D90C383ABD29): 12
LogDevObjectVersion:   Dev-Sequencer (7B5AE74C-D270-4C10-A958-57980B212A5A): 3
LogDevObjectVersion:   Dev-VR (D7296918-1DD6-4BDD-9DE2-64A83CC13884): 0
LogDevObjectVersion:   Dev-LoadTimes (C2A15278-BFE7-4AFE-6C17-90FF531DF755): 1
LogInit: Compiled (64-bit): May  1 2017 13:11:28
LogInit: Compiled with Visual C++: 19.00.23026.00
LogInit: Build Configuration: Development
LogInit: Branch Name: ++UE4+Release-4.15
LogInit: Command line: -EpicPortal 
LogInit: Base directory: C:/Epic Games/UE_4.15/Engine/Binaries/Win64/
LogInit: Installed Engine Build: 1
LogInit: Presizing for max 8388607 objects, including 0 objects not considered by GC, pre-allocating 0 bytes for permanent pool.
LogInit: Object subsystem initialized
[2017.05.03-18.18.00:935][  0]LogInit: Selected Device Profile: [Windows]
[2017.05.03-18.18.00:935][  0]LogInit: Applying CVar settings loaded from the selected device profile: [Windows]
[2017.05.03-18.18.00:954][  0]LogInit: Computer: SEA-7E868A
[2017.05.03-18.18.00:954][  0]LogInit: User: xaviermelton
[2017.05.03-18.18.00:954][  0]LogInit: CPU Page size=65536, Cores=6
[2017.05.03-18.18.00:954][  0]LogInit: High frequency timer resolution =3.222900 MHz
[2017.05.03-18.18.00:954][  0]LogMemory: Memory total: Physical=31.8GB (32GB approx)
[2017.05.03-18.18.00:954][  0]LogMemory: Platform Memory Stats for Windows
[2017.05.03-18.18.00:954][  0]LogMemory: Process Physical Memory: 268.12 MB used, 268.12 MB peak
[2017.05.03-18.18.00:954][  0]LogMemory: Process Virtual Memory: 270.91 MB used, 270.91 MB peak
[2017.05.03-18.18.00:954][  0]LogMemory: Physical Memory: 10110.38 MB used,  22483.47 MB free, 32593.85 MB total
[2017.05.03-18.18.00:954][  0]LogMemory: Virtual Memory: 640.47 MB used,  22483.47 MB free, 8388608.00 MB total
[2017.05.03-18.18.01:079][  0]LogTextLocalizationManager: No specific translations for ('en-US') exist, so ('en') translations will be used.
[2017.05.03-18.18.01:903][  0]LogD3D11RHI: D3D11 adapters:
[2017.05.03-18.18.01:942][  0]LogD3D11RHI:    0. 'NVIDIA GeForce GTX 960' (Feature Level 11_0)
[2017.05.03-18.18.01:942][  0]LogD3D11RHI:       1969/0/2048 MB DedicatedVideo/DedicatedSystem/SharedSystem, Outputs:2, VendorId:0x10de
[2017.05.03-18.18.01:942][  0]LogD3D11RHI: Chosen D3D11 Adapter: 0
[2017.05.03-18.18.01:949][  0]LogD3D11RHI: Creating new Direct3DDevice
[2017.05.03-18.18.01:949][  0]LogD3D11RHI:     GPU DeviceId: 0x1401 (for the marketing name, search the web for "GPU Device Id")
[2017.05.03-18.18.01:949][  0]LogWindows: EnumDisplayDevices:
[2017.05.03-18.18.01:949][  0]LogWindows:    0. 'NVIDIA GeForce GTX 960' (P:1 D:1)
[2017.05.03-18.18.01:950][  0]LogWindows:    1. 'NVIDIA GeForce GTX 960' (P:0 D:1)
[2017.05.03-18.18.01:950][  0]LogWindows:    2. 'NVIDIA GeForce GTX 960' (P:0 D:0)
[2017.05.03-18.18.01:950][  0]LogWindows:    3. 'NVIDIA GeForce GTX 960' (P:0 D:0)
[2017.05.03-18.18.01:950][  0]LogWindows:    4. 'RDPDD Chained DD' (P:0 D:0)
[2017.05.03-18.18.01:950][  0]LogWindows:    5. 'RDP Encoder Mirror Driver' (P:0 D:0)
[2017.05.03-18.18.01:950][  0]LogWindows:    6. 'RDP Reflector Display Driver' (P:0 D:0)
[2017.05.03-18.18.01:951][  0]LogWindows: DebugString: GetVideoDriverDetailsInvalid PrimaryIsNotTheChoosenAdapter GetVideoDriverDetailsInvalid PrimaryIsNotTheChoosenAdapter GetVideoDriverDetailsInvalid PrimaryIsNotTheChoosenAdapter FoundDriverCount:4 
[2017.05.03-18.18.01:951][  0]LogD3D11RHI:     Adapter Name: NVIDIA GeForce GTX 960
[2017.05.03-18.18.01:951][  0]LogD3D11RHI:   Driver Version: 353.62 (internal:10.18.13.5362, unified:353.62)
[2017.05.03-18.18.01:951][  0]LogD3D11RHI:      Driver Date: 7-22-2015
[2017.05.03-18.18.01:951][  0]LogRHI: Texture pool is 1361 MB (70% of 1945 MB)
[2017.05.03-18.18.01:969][  0]LogD3D11RHI: NvAPI_D3D_GetCurrentSLIState failed: 0xfffffff7
[2017.05.03-18.18.01:969][  0]LogD3D11RHI: [Aftermath] Aftermath enabled but failed to initialize due to reason: DriverVersionNotSupported
[2017.05.03-18.18.01:969][  0]LogD3D11RHI: Async texture creation enabled
[2017.05.03-18.18.01:987][  0]LogD3D11RHI: GPU Timing Frequency: 1000.000000 (Debug: 2 2)
[2017.05.03-18.18.01:991][  0]LogShaderCompilers: Guid format shader working directory is -28 characters bigger than the processId version (../../../../../Users/xavier.melton/Desktop/Doti_Year_1_Final_AIE/DOTI_AIE_Y1_FINAL/Intermediate/Shaders/WorkingDirectory/5912/).
[2017.05.03-18.18.01:991][  0]LogShaderCompilers: Cleaned the shader compiler working directory 'C:/Users/xavier.melton/AppData/Local/Temp/UnrealShaderWorkingDir/7C587D5E468350D831C89D9E618E11EE/'.
[2017.05.03-18.18.01:991][  0]LogShaderCompilers:Display: Using Local Shader Compiler.
[2017.05.03-18.18.03:417][  0]LogTemp:Display: Loaded TP AllDesktopTargetPlatform
[2017.05.03-18.18.03:491][  0]LogTemp:Display: Loaded TP MacClientTargetPlatform
[2017.05.03-18.18.03:564][  0]LogTemp:Display: Loaded TP MacNoEditorTargetPlatform
[2017.05.03-18.18.03:633][  0]LogTemp:Display: Loaded TP MacServerTargetPlatform
[2017.05.03-18.18.03:712][  0]LogTemp:Display: Loaded TP MacTargetPlatform
[2017.05.03-18.18.03:793][  0]LogTemp:Display: Loaded TP WindowsClientTargetPlatform
[2017.05.03-18.18.03:910][  0]LogTemp:Display: Loaded TP WindowsNoEditorTargetPlatform
[2017.05.03-18.18.03:989][  0]LogTemp:Display: Loaded TP WindowsServerTargetPlatform
[2017.05.03-18.18.04:053][  0]LogTemp:Display: Loaded TP WindowsTargetPlatform
[2017.05.03-18.18.04:139][  0]LogTemp:Display: Loaded TP AndroidTargetPlatform
[2017.05.03-18.18.04:197][  0]LogTemp:Display: Loaded TP Android_ASTCTargetPlatform
[2017.05.03-18.18.04:264][  0]LogTemp:Display: Loaded TP Android_ATCTargetPlatform
[2017.05.03-18.18.04:323][  0]LogTemp:Display: Loaded TP Android_DXTTargetPlatform
[2017.05.03-18.18.04:386][  0]LogTemp:Display: Loaded TP Android_ETC1TargetPlatform
[2017.05.03-18.18.04:443][  0]LogTemp:Display: Loaded TP Android_ETC2TargetPlatform
[2017.05.03-18.18.04:558][  0]LogTemp:Display: Loaded TP Android_MultiTargetPlatform
[2017.05.03-18.18.04:558][  0]LogTemp:Display: Loaded TP Android_PVRTCTargetPlatform
[2017.05.03-18.18.04:606][  0]LogTemp:Display: Loaded TP HTML5TargetPlatform
[2017.05.03-18.18.04:707][  0]LogTemp:Display: Loaded TP IOSTargetPlatform
[2017.05.03-18.18.04:789][  0]LogTemp:Display: Loaded TP TVOSTargetPlatform
[2017.05.03-18.18.04:858][  0]LogTemp:Display: Loaded TP LinuxClientTargetPlatform
[2017.05.03-18.18.04:916][  0]LogTemp:Display: Loaded TP LinuxNoEditorTargetPlatform
[2017.05.03-18.18.04:983][  0]LogTemp:Display: Loaded TP LinuxServerTargetPlatform
[2017.05.03-18.18.05:041][  0]LogTemp:Display: Loaded TP LinuxTargetPlatform
[2017.05.03-18.18.05:041][  0]LogTargetPlatformManager:Display: Building Assets For Windows
[2017.05.03-18.18.05:568][  0]LogDerivedDataCache:Display: Max Cache Size: 512 MB
[2017.05.03-18.18.05:634][  0]LogDerivedDataCache: Loaded boot cache 0.07s 50MB C:/Users/xavier.melton/AppData/Local/UnrealEngine/4.15/DerivedDataCache/Boot.ddc.
[2017.05.03-18.18.05:634][  0]LogDerivedDataCache:Display: Loaded Boot cache: C:/Users/xavier.melton/AppData/Local/UnrealEngine/4.15/DerivedDataCache/Boot.ddc
[2017.05.03-18.18.05:634][  0]LogDerivedDataCache: FDerivedDataBackendGraph:  Pak pak cache file ../../../../../Users/xavier.melton/Desktop/Doti_Year_1_Final_AIE/DOTI_AIE_Y1_FINAL/DerivedDataCache/DDC.ddp not found, will not use a pak cache.
[2017.05.03-18.18.05:634][  0]LogDerivedDataCache: Unable to find inner node Pak for hierarchical cache Hierarchy.
[2017.05.03-18.18.05:634][  0]LogDerivedDataCache: FDerivedDataBackendGraph:  CompressedPak pak cache file ../../../../../Users/xavier.melton/Desktop/Doti_Year_1_Final_AIE/DOTI_AIE_Y1_FINAL/DerivedDataCache/Compressed.ddp not found, will not use a pak cache.
[2017.05.03-18.18.05:634][  0]LogDerivedDataCache: Unable to find inner node CompressedPak for hierarchical cache Hierarchy.
[2017.05.03-18.18.05:657][  0]LogDerivedDataCache:Display: Pak cache opened for reading ../../../Engine/DerivedDataCache/Compressed.ddp.
[2017.05.03-18.18.05:670][  0]LogDerivedDataCache: Using Local data cache path C:/Users/xavier.melton/AppData/Local/UnrealEngine/Common/DerivedDataCache: Writable
[2017.05.03-18.18.05:681][  0]LogSlate: Using Freetype 2.6.0
[2017.05.03-18.18.05:682][  0]LogSlate: SlateFontCache - WITH_FREETYPE: 1, WITH_HARFBUZZ: 1
[2017.05.03-18.18.05:682][  0]LogSlate: SlateFontCache - WITH_FREETYPE: 1, WITH_HARFBUZZ: 1
[2017.05.03-18.18.05:976][  0]LogInit: Selected Device Profile: [Windows]
[2017.05.03-18.18.05:979][  0]LogContentStreaming: Texture pool size is 0.00 MB
[2017.05.03-18.18.06:209][  0]LogMeshUtilities: Using QuadricMeshReduction for automatic static mesh reduction
[2017.05.03-18.18.06:257][  0]LogSimplygon: Simplygon DLL not present - disabling.
[2017.05.03-18.18.06:316][  0]LogMeshUtilities: Using SimplygonSwarm for distributed automatic mesh merging
[2017.05.03-18.18.06:316][  0]LogMeshUtilities: No automatic skeletal mesh reduction module available
[2017.05.03-18.18.06:316][  0]LogMeshUtilities: No automatic mesh merging module available
[2017.05.03-18.18.07:143][  0]LogNetVersion: GetLocalNetworkVersion: CL: 3299760, ProjectName: doti_aie_y1_final, ProjectVersion: , EngineNetworkVersion: 2, GameNetworkVersion: 0, NetworkChecksum: 2399041292
[2017.05.03-18.18.07:197][  0]LogAssetRegistry: FAssetRegistry took 0.0205 seconds to start up
[2017.05.03-18.18.07:262][  0]LogPackageLocalizationCache: Processed 3 localized package path(s) for 2 prioritized culture(s) in 0.040728 seconds
[2017.05.03-18.18.07:269][  0]LogUObjectArray: 32493 objects as part of root set at end of initial load.
[2017.05.03-18.18.07:269][  0]LogUObjectAllocator: 7077032 out of 0 bytes used by permanent object pool.
[2017.05.03-18.18.07:269][  0]LogUObjectArray: CloseDisregardForGC: 0/0 objects in disregard for GC pool
[2017.05.03-18.18.07:342][  0]LogInit: WinSock: version 1.1 (2.2), MaxSocks=32767, MaxUdp=65467
[2017.05.03-18.18.09:532][  0]LogTcpMessaging: Initializing TcpMessaging bridge
[2017.05.03-18.18.09:597][  0]LogUdpMessaging: Initializing bridge on interface 0.0.0.0:0 to multicast group 230.0.0.1:6666.
[2017.05.03-18.18.10:215][  0]LogMaterial: Uniform references updated for custom material expression Custom.
[2017.05.03-18.18.10:659][  0]SourceControl: Info Source control is disabled
[2017.05.03-18.18.10:727][  0]SourceControl: Info Source control is disabled
[2017.05.03-18.18.10:781][  0]SourceControl: Info Source control is disabled
[2017.05.03-18.18.10:824][  0]SourceControl: Info Source control is disabled
[2017.05.03-18.18.12:124][  0]LogEngine: Initializing Engine...
[2017.05.03-18.18.12:124][  0]LogHMD: Failed to initialize OpenVR with code 110
[2017.05.03-18.18.12:266][  0]LogStats: UGameplayTagsManager::ConstructGameplayTagTree: Construct from data asset -  0.000 s
[2017.05.03-18.18.12:266][  0]LogStats: UGameplayTagsManager::ConstructGameplayTagTree: GameplayTagTreeChangedEvent.Broadcast -  0.000 s
[2017.05.03-18.18.12:392][  0]LogAIModule: Creating AISystem for world Untitled
[2017.05.03-18.18.12:430][  0]LogInit: XAudio2 using 'ASUS PB238-4 (NVIDIA High Definition Audio)' : 2 channels at 48 kHz using 16 bits per sample (channel mask 0x3)
[2017.05.03-18.18.12:477][  0]LogInit: FAudioDevice initialized.
[2017.05.03-18.18.12:526][  0]LogDerivedDataCache: Saved boot cache 0.05s 50MB C:/Users/xavier.melton/AppData/Local/UnrealEngine/4.15/DerivedDataCache/Boot.ddc.
[2017.05.03-18.18.12:539][  0]LogInit: Texture streaming: Enabled
[2017.05.03-18.18.12:685][  0]LogEngineSessionManager: EngineSessionManager initialized
[2017.05.03-18.18.12:781][  0]LogInit: Transaction tracking system initialized
[2017.05.03-18.18.13:161][  0]BlueprintLog: New page: Editor Load
[2017.05.03-18.18.14:474][  0]LocalizationService: Info Localization service is disabled
[2017.05.03-18.18.15:611][  0]LogConsoleResponse:Display: 
[2017.05.03-18.18.15:836][  0]LogFileCache: Scanning file cache for directory 'C:/Users/xavier.melton/Desktop/Doti_Year_1_Final_AIE/DOTI_AIE_Y1_FINAL/Content/' took 0.01s
[2017.05.03-18.18.15:836][  0]LogCook:Display: Max memory allowance for cook 16384mb min free memory 0mb
[2017.05.03-18.18.15:836][  0]LogCook:Display: Mobile HDR setting 1
[2017.05.03-18.18.17:274][  0]SourceControl: Info Source control is disabled
[2017.05.03-18.18.17:274][  0]Cmd: MAP LOAD FILE="../../../Engine/Content/Maps/Templates/Template_Default.umap" TEMPLATE=1 SHOWPROGRESS=1 FEATURELEVEL=3
[2017.05.03-18.18.17:274][  0]LightingResults: New page: Lighting Build
[2017.05.03-18.18.17:343][  0]MapCheck: New page: Map Check
[2017.05.03-18.18.17:343][  0]LightingResults: New page: Lighting Build
[2017.05.03-18.18.17:580][  0]LogAIModule: Creating AISystem for world Untitled_1
[2017.05.03-18.18.17:597][  0]LogActorComponent: RegisterComponentWithWorld: (/Temp/Untitled_1.Untitled_1:PersistentLevel.WorldSettings_1.StaticMeshComponent0) Trying to register component with IsPendingKill() == true. Aborting.
[2017.05.03-18.18.17:606][  0]LogEditorServer: Finished looking for orphan Actors (0.000 secs)
[2017.05.03-18.18.17:613][  0]Cmd: MAP CHECKDEP NOCLEARLOG
[2017.05.03-18.18.17:660][  0]MapCheck: Info Map check complete: 0 Error(s), 0 Warning(s), took 47.408ms to complete.
[2017.05.03-18.18.17:660][  0]LogFileHelpers: Loading map 'Template_Default' took 0.386
[2017.05.03-18.18.17:903][  0]LogCollectionManager: Loaded 0 collections in 0.001125 seconds
[2017.05.03-18.18.18:057][  0]LogFileCache: Scanning file cache for directory 'C:/Users/xavier.melton/Desktop/Doti_Year_1_Final_AIE/DOTI_AIE_Y1_FINAL/Saved/Collections/' took 0.01s
[2017.05.03-18.18.18:057][  0]LogFileCache: Scanning file cache for directory 'C:/Users/xavier.melton/Desktop/Doti_Year_1_Final_AIE/DOTI_AIE_Y1_FINAL/Content/Developers/xaviermelton/Collections/' took 0.01s
[2017.05.03-18.18.18:057][  0]LogFileCache: Scanning file cache for directory 'C:/Users/xavier.melton/Desktop/Doti_Year_1_Final_AIE/DOTI_AIE_Y1_FINAL/Content/Collections/' took 0.01s
[2017.05.03-18.18.18:057][  0]LogCollectionManager: Rebuilt the GUID cache for 0 collections in 0.000003 seconds
[2017.05.03-18.18.18:078][  0]LogContentBrowser: Native class hierarchy populated in 0.0208 seconds. Added 2245 classes and 453 folders.
[2017.05.03-18.18.18:227][  0]LogContentBrowser: Native class hierarchy updated for 'WidgetCarousel' in 0.0012 seconds. Added 0 classes and 0 folders.
[2017.05.03-18.18.18:304][  0]LogContentBrowser: Native class hierarchy updated for 'AddContentDialog' in 0.0008 seconds. Added 0 classes and 0 folders.
[2017.05.03-18.18.18:375][  0]LogContentBrowser: Native class hierarchy updated for 'SceneOutliner' in 0.0005 seconds. Added 1 classes and 2 folders.
[2017.05.03-18.18.18:440][  0]LogCrashTracker: Crashtracker disabled due to settings.
[2017.05.03-18.18.18:447][  0]LogUObjectGlobals:Warning: Failed to find object 'Class None.'
[2017.05.03-18.18.18:525][  0]LogContentBrowser: Native class hierarchy updated for 'HierarchicalLODOutliner' in 0.0008 seconds. Added 1 classes and 2 folders.
[2017.05.03-18.18.18:525][  0]LogLoad: (Engine Initialization) Total time: 20.22 seconds
[2017.05.03-18.18.18:525][  0]LogLoad: (Engine Initialization) Total Blueprint compile time: 0.13 seconds
[2017.05.03-18.18.18:525][  0]LogExternalProfiler: Found external profiler: VSPerf
[2017.05.03-18.18.18:525][  0]LogExternalProfiler: Using external profiler: VSPerf
[2017.05.03-18.18.18:865][  0]LogOcInput: OculusInput pre-init called
[2017.05.03-18.18.18:901][  0]LogContentStreaming: Texture pool size now 1000 MB
[2017.05.03-18.18.18:903][  0]LogSlate: Took 0.000585 seconds to synchronously load lazily loaded font '../../../Engine/Content/Slate/Fonts/Roboto-Regular.ttf' (155K)
[2017.05.03-18.18.18:912][  0]LogSlate: Took 0.000596 seconds to synchronously load lazily loaded font '../../../Engine/Content/Slate/Fonts/Roboto-Bold.ttf' (160K)
[2017.05.03-18.18.18:921][  0]LogSlate: Took 0.000311 seconds to synchronously load lazily loaded font '../../../Engine/Content/Editor/Slate/Fonts/FontAwesome.ttf' (139K)
[2017.05.03-18.18.19:110][  0]LogRenderer: Reallocating scene render targets to support 1208x576 NumSamples 1 (Frame:2).
[2017.05.03-18.18.19:882][  3]LogAssetRegistry: Asset discovery search completed in 12.7050 seconds
[2017.05.03-18.18.19:882][  3]LogCollectionManager: Rebuilt the object cache for 0 collections in 0.000007 seconds (found 0 objects)
[2017.05.03-18.18.19:882][  3]LogCollectionManager: Fixed up redirectors for 0 collections in 0.000039 seconds (updated 0 objects)
[2017.05.03-18.18.25:453][271]LogSlate: Took 0.000391 seconds to synchronously load lazily loaded font '../../../Engine/Content/Slate/Fonts/Roboto-Light.ttf' (159K)
[2017.05.03-18.18.25:626][271]Cmd: OBJ SAVEPACKAGE PACKAGE="/Game/NewMap" FILE="../../../../../Users/xavier.melton/Desktop/Doti_Year_1_Final_AIE/DOTI_AIE_Y1_FINAL/Content/NewMap.umap" SILENT=true AUTOSAVING=false KEEPDIRTY=false
[2017.05.03-18.18.25:682][271]LogSavePackage: Save=36.23ms
[2017.05.03-18.18.25:682][271]LogSavePackage: Moving '../../../../../Users/xavier.melton/Desktop/Doti_Year_1_Final_AIE/DOTI_AIE_Y1_FINAL/Saved/NewMapF820D7EC4BA0B5176ACFFC9BF241E632.tmp' to '../../../../../Users/xavier.melton/Desktop/Doti_Year_1_Final_AIE/DOTI_AIE_Y1_FINAL/Content/NewMap.umap'
[2017.05.03-18.18.25:684][271]LogSavePackage:Display: Finished SavePackage ../../../../../Users/xavier.melton/Desktop/Doti_Year_1_Final_AIE/DOTI_AIE_Y1_FINAL/Content/NewMap.umap
[2017.05.03-18.18.25:704][271]LogFileHelpers: Saving map 'NewMap' took 0.406
[2017.05.03-18.18.27:077][432]LogSlate: Took 0.000229 seconds to synchronously load lazily loaded font '../../../Engine/Content/Slate/Fonts/Roboto-Light.ttf' (159K)
[2017.05.03-18.18.29:757][715]Cmd: QUIT_EDITOR
[2017.05.03-18.18.29:890][715]LogExit: Preparing to exit.
[2017.05.03-18.18.30:805][715]LogDirectoryWatcher: A directory notification for 'C:/Users/xavier.melton/Desktop/Doti_Year_1_Final_AIE/DOTI_AIE_Y1_FINAL/Content/' was aborted.
[2017.05.03-18.18.30:837][715]LogExit: Editor shut down
[2017.05.03-18.18.30:838][715]LogExit: Transaction tracking system shut down
[2017.05.03-18.18.30:975][715]LogObj: Freed 0b from 0 cluster array pools.
[2017.05.03-18.18.30:975][715]LogExit: Object subsystem successfully closed.
[2017.05.03-18.18.30:999][715]LogD3D11RHI: Shutdown
[2017.05.03-18.18.30:999][715]LogD3D11RHI: CleanupD3DDevice
[2017.05.03-18.18.31:056][715]LogD3D11RHI: ~FD3D11DynamicRHI
[2017.05.03-18.18.31:093][715]LogModuleManager: Shutting down and abandoning module HierarchicalLODOutliner (498)
[2017.05.03-18.18.31:093][715]LogModuleManager: Shutting down and abandoning module CrashTracker (496)
[2017.05.03-18.18.31:093][715]LogModuleManager: Shutting down and abandoning module SceneOutliner (494)
[2017.05.03-18.18.31:093][715]LogModuleManager: Shutting down and abandoning module AddContentDialog (492)
[2017.05.03-18.18.31:093][715]LogDirectoryWatcher: A directory notification for 'C:/Epic Games/UE_4.15/FeaturePacks/' was aborted.
[2017.05.03-18.18.31:094][715]LogModuleManager: Shutting down and abandoning module WidgetCarousel (491)
[2017.05.03-18.18.31:094][715]LogModuleManager: Shutting down and abandoning module EditorWidgets (488)
[2017.05.03-18.18.31:094][715]LogModuleManager: Shutting down and abandoning module CollectionManager (486)
[2017.05.03-18.18.31:094][715]LogDirectoryWatcher: A directory notification for 'C:/Users/xavier.melton/Desktop/Doti_Year_1_Final_AIE/DOTI_AIE_Y1_FINAL/Content/Collections/' was aborted.
[2017.05.03-18.18.31:094][715]LogDirectoryWatcher: A directory notification for 'C:/Users/xavier.melton/Desktop/Doti_Year_1_Final_AIE/DOTI_AIE_Y1_FINAL/Content/Developers/xaviermelton/Collections/' was aborted.
[2017.05.03-18.18.31:095][715]LogDirectoryWatcher: A directory notification for 'C:/Users/xavier.melton/Desktop/Doti_Year_1_Final_AIE/DOTI_AIE_Y1_FINAL/Saved/Collections/' was aborted.
[2017.05.03-18.18.31:095][715]LogModuleManager: Shutting down and abandoning module StatsViewer (484)
[2017.05.03-18.18.31:095][715]LogModuleManager: Shutting down and abandoning module FoliageEdit (482)
[2017.05.03-18.18.31:095][715]LogModuleManager: Shutting down and abandoning module LandscapeEditor (480)
[2017.05.03-18.18.31:095][715]LogModuleManager: Shutting down and abandoning module SceneDepthPickerMode (478)
[2017.05.03-18.18.31:095][715]LogModuleManager: Shutting down and abandoning module ActorPickerMode (476)
[2017.05.03-18.18.31:095][715]LogModuleManager: Shutting down and abandoning module GeometryMode (474)
[2017.05.03-18.18.31:095][715]LogModuleManager: Shutting down and abandoning module TextureAlignMode (472)
[2017.05.03-18.18.31:095][715]LogModuleManager: Shutting down and abandoning module BspMode (470)
[2017.05.03-18.18.31:095][715]LogModuleManager: Shutting down and abandoning module HardwareSurvey (468)
[2017.05.03-18.18.31:095][715]LogModuleManager: Shutting down and abandoning module SequenceRecorderSections (466)
[2017.05.03-18.18.31:095][715]LogModuleManager: Shutting down and abandoning module AutomationWorker (464)
[2017.05.03-18.18.31:095][715]LogModuleManager: Shutting down and abandoning module MatineeToLevelSequence (462)
[2017.05.03-18.18.31:095][715]LogModuleManager: Shutting down and abandoning module LevelSequenceEditor (460)
[2017.05.03-18.18.31:095][715]LogModuleManager: Shutting down and abandoning module PlacementMode (459)
[2017.05.03-18.18.31:095][715]LogModuleManager: Shutting down and abandoning module WmfMediaFactory (456)
[2017.05.03-18.18.31:095][715]LogModuleManager: Shutting down and abandoning module WmfMediaEditor (454)
[2017.05.03-18.18.31:095][715]LogModuleManager: Shutting down and abandoning module MfMediaFactory (452)
[2017.05.03-18.18.31:095][715]LogModuleManager: Shutting down and abandoning module MfMediaEditor (450)
[2017.05.03-18.18.31:095][715]LogModuleManager: Shutting down and abandoning module AvfMediaFactory (448)
[2017.05.03-18.18.31:095][715]LogModuleManager: Shutting down and abandoning module AvfMediaEditor (446)
[2017.05.03-18.18.31:095][715]LogModuleManager: Shutting down and abandoning module AndroidMediaFactory (444)
[2017.05.03-18.18.31:095][715]LogModuleManager: Shutting down and abandoning module Media (443)
[2017.05.03-18.18.31:095][715]LogModuleManager: Shutting down and abandoning module AndroidMediaEditor (440)
[2017.05.03-18.18.31:095][715]LogModuleManager: Shutting down and abandoning module CharacterAI (438)
[2017.05.03-18.18.31:095][715]LogModuleManager: Shutting down and abandoning module AudioCapture (436)
[2017.05.03-18.18.31:095][715]LogModuleManager: Shutting down and abandoning module SequenceRecorder (435)
[2017.05.03-18.18.31:095][715]LogModuleManager: Shutting down and abandoning module SmartSnapping (432)
[2017.05.03-18.18.31:095][715]LogModuleManager: Shutting down and abandoning module SessionServices (430)
[2017.05.03-18.18.31:096][715]LogModuleManager: Shutting down and abandoning module ViewportSnapping (428)
[2017.05.03-18.18.31:096][715]LogModuleManager: Shutting down and abandoning module ViewportInteraction (426)
[2017.05.03-18.18.31:096][715]LogModuleManager: Shutting down and abandoning module LogVisualizer (424)
[2017.05.03-18.18.31:096][715]LogModuleManager: Shutting down and abandoning module IntroTutorials (422)
[2017.05.03-18.18.31:096][715]LogModuleManager: Shutting down and abandoning module GameProjectGeneration (421)
[2017.05.03-18.18.31:096][715]LogModuleManager: Shutting down and abandoning module EditorLiveStreaming (418)
[2017.05.03-18.18.31:096][715]LogModuleManager: Shutting down and abandoning module IOSPlatformEditor (416)
[2017.05.03-18.18.31:096][715]LogModuleManager: Shutting down and abandoning module HTML5PlatformEditor (414)
[2017.05.03-18.18.31:096][715]LogModuleManager: Shutting down and abandoning module AndroidPlatformEditor (412)
[2017.05.03-18.18.31:096][715]LogModuleManager: Shutting down and abandoning module AndroidDeviceDetection (411)
[2017.05.03-18.18.31:098][715]LogModuleManager: Shutting down and abandoning module IOSRuntimeSettings (408)
[2017.05.03-18.18.31:098][715]LogModuleManager: Shutting down and abandoning module AndroidRuntimeSettings (406)
[2017.05.03-18.18.31:098][715]LogModuleManager: Shutting down and abandoning module InputBindingEditor (404)
[2017.05.03-18.18.31:098][715]LogModuleManager: Shutting down and abandoning module NiagaraEditor (402)
[2017.05.03-18.18.31:098][715]LogModuleManager: Shutting down and abandoning module MergeActors (400)
[2017.05.03-18.18.31:099][715]LogModuleManager: Shutting down and abandoning module SizeMap (398)
[2017.05.03-18.18.31:099][715]LogModuleManager: Shutting down and abandoning module TreeMap (396)
[2017.05.03-18.18.31:099][715]LogModuleManager: Shutting down and abandoning module ReferenceViewer (394)
[2017.05.03-18.18.31:099][715]LogModuleManager: Shutting down and abandoning module LocalizationDashboard (392)
[2017.05.03-18.18.31:099][715]LogModuleManager: Shutting down and abandoning module LocalizationService (391)
[2017.05.03-18.18.31:099][715]LogModuleManager: Shutting down and abandoning module HardwareTargeting (388)
[2017.05.03-18.18.31:099][715]LogModuleManager: Shutting down and abandoning module DeviceProfileEditor (386)
[2017.05.03-18.18.31:099][715]LogModuleManager: Shutting down and abandoning module UndoHistory (384)
[2017.05.03-18.18.31:099][715]LogModuleManager: Shutting down and abandoning module UserFeedback (382)
[2017.05.03-18.18.31:099][715]LogModuleManager: Shutting down and abandoning module XmlParser (380)
[2017.05.03-18.18.31:099][715]LogModuleManager: Shutting down and abandoning module Blutility (378)
[2017.05.03-18.18.31:099][715]LogModuleManager: Shutting down and abandoning module ProjectSettingsViewer (376)
[2017.05.03-18.18.31:099][715]LogModuleManager: Shutting down and abandoning module ProjectTargetPlatformEditor (375)
[2017.05.03-18.18.31:099][715]LogModuleManager: Shutting down and abandoning module EditorSettingsViewer (372)
[2017.05.03-18.18.31:099][715]LogModuleManager: Shutting down and abandoning module SettingsEditor (370)
[2017.05.03-18.18.31:099][715]LogModuleManager: Shutting down and abandoning module ProjectLauncher (368)
[2017.05.03-18.18.31:099][715]LogModuleManager: Shutting down and abandoning module SessionFrontend (366)
[2017.05.03-18.18.31:099][715]LogModuleManager: Shutting down and abandoning module ProfilerClient (364)
[2017.05.03-18.18.31:099][715]LogModuleManager: Shutting down and abandoning module DeviceManager (362)
[2017.05.03-18.18.31:099][715]LogModuleManager: Shutting down and abandoning module TargetDeviceServices (361)
[2017.05.03-18.18.31:139][715]LogModuleManager: Shutting down and abandoning module AutomationController (358)
[2017.05.03-18.18.31:139][715]LogModuleManager: Shutting down and abandoning module AutomationWindow (356)
[2017.05.03-18.18.31:139][715]LogModuleManager: Shutting down and abandoning module Layers (354)
[2017.05.03-18.18.31:139][715]LogModuleManager: Shutting down and abandoning module ComponentVisualizers (352)
[2017.05.03-18.18.31:139][715]LogModuleManager: Shutting down and abandoning module DetailCustomizations (350)
[2017.05.03-18.18.31:139][715]LogModuleManager: Shutting down and abandoning module PackagesDialog (348)
[2017.05.03-18.18.31:139][715]LogModuleManager: Shutting down and abandoning module Persona (346)
[2017.05.03-18.18.31:139][715]LogModuleManager: Shutting down and abandoning module AnimGraph (345)
[2017.05.03-18.18.31:139][715]LogModuleManager: Shutting down and abandoning module Kismet (342)
[2017.05.03-18.18.31:140][715]LogModuleManager: Shutting down and abandoning module GraphEditor (340)
[2017.05.03-18.18.31:140][715]LogModuleManager: Shutting down and abandoning module ClassViewer (338)
[2017.05.03-18.18.31:140][715]LogModuleManager: Shutting down and abandoning module Toolbox (336)
[2017.05.03-18.18.31:140][715]LogModuleManager: Shutting down and abandoning module ModuleUI (334)
[2017.05.03-18.18.31:140][715]LogModuleManager: Shutting down and abandoning module MovieSceneTools (332)
[2017.05.03-18.18.31:140][715]LogModuleManager: Shutting down and abandoning module OutputLog (330)
[2017.05.03-18.18.31:140][715]LogModuleManager: Shutting down and abandoning module GammaUI (328)
[2017.05.03-18.18.31:140][715]LogModuleManager: Shutting down and abandoning module Documentation (326)
[2017.05.03-18.18.31:140][715]LogModuleManager: Shutting down and abandoning module Niagara (324)
[2017.05.03-18.18.31:140][715]LogModuleManager: Shutting down and abandoning module StreamingPauseRendering (322)
[2017.05.03-18.18.31:140][715]LogModuleManager: Shutting down and abandoning module AnalyticsET (320)
[2017.05.03-18.18.31:140][715]LogModuleManager: Shutting down and abandoning module PortalServices (318)
[2017.05.03-18.18.31:140][715]LogModuleManager: Shutting down and abandoning module PortalRpc (316)
[2017.05.03-18.18.31:140][715]LogModuleManager: Shutting down and abandoning module MessagingRpc (314)
[2017.05.03-18.18.31:140][715]LogModuleManager: Shutting down and abandoning module AIModule (312)
[2017.05.03-18.18.31:140][715]LogModuleManager: Shutting down and abandoning module GameplayDebugger (311)
[2017.05.03-18.18.31:140][715]LogModuleManager: Shutting down and abandoning module AITestSuite (309)
[2017.05.03-18.18.31:140][715]LogModuleManager: Shutting down and abandoning module ProfilerService (306)
[2017.05.03-18.18.31:316][715]LogModuleManager: Shutting down and abandoning module TaskGraph (304)
[2017.05.03-18.18.31:316][715]LogModuleManager: Shutting down and abandoning module SteamVRController (302)
[2017.05.03-18.18.31:316][715]LogModuleManager: Shutting down and abandoning module SteamVR (300)
[2017.05.03-18.18.31:317][715]LogModuleManager: Shutting down and abandoning module ProceduralMeshComponentEditor (298)
[2017.05.03-18.18.31:317][715]LogModuleManager: Shutting down and abandoning module ProceduralMeshComponent (296)
[2017.05.03-18.18.31:317][715]LogModuleManager: Shutting down and abandoning module OculusLibrary (294)
[2017.05.03-18.18.31:317][715]LogModuleManager: Shutting down and abandoning module OculusInput (292)
[2017.05.03-18.18.31:317][715]LogModuleManager: Shutting down and abandoning module MobilePatchingUtils (290)
[2017.05.03-18.18.31:317][715]LogModuleManager: Shutting down and abandoning module CustomMeshComponent (288)
[2017.05.03-18.18.31:317][715]LogModuleManager: Shutting down and abandoning module CableComponent (286)
[2017.05.03-18.18.31:317][715]LogModuleManager: Shutting down and abandoning module ArchVisCharacter (284)
[2017.05.03-18.18.31:317][715]LogModuleManager: Shutting down and abandoning module MediaPlayerEditor (280)
[2017.05.03-18.18.31:317][715]LogModuleManager: Shutting down and abandoning module HTML5Networking (278)
[2017.05.03-18.18.31:317][715]LogModuleManager: Shutting down and abandoning module AlembicImporter (276)
[2017.05.03-18.18.31:317][715]LogModuleManager: Shutting down and abandoning module AlembicLibrary (275)
[2017.05.03-18.18.31:317][715]LogModuleManager: Shutting down and abandoning module GeometryCache (274)
[2017.05.03-18.18.31:317][715]LogModuleManager: Shutting down and abandoning module GeometryCacheEd (273)
[2017.05.03-18.18.31:317][715]LogModuleManager: Shutting down and abandoning module SuperSearchEditor (268)
[2017.05.03-18.18.31:317][715]LogModuleManager: Shutting down and abandoning module SuperSearch (267)
[2017.05.03-18.18.31:317][715]LogModuleManager: Shutting down and abandoning module SpeedTreeImporter (264)
[2017.05.03-18.18.31:317][715]LogModuleManager: Shutting down and abandoning module PluginBrowser (262)
[2017.05.03-18.18.31:317][715]LogModuleManager: Shutting down and abandoning module MobileLauncherProfileWizard (260)
[2017.05.03-18.18.31:317][715]LogModuleManager: Shutting down and abandoning module EpicSurvey (258)
[2017.05.03-18.18.31:317][715]LogModuleManager: Shutting down and abandoning module VisualStudioSourceCodeAccess (256)
[2017.05.03-18.18.31:317][715]LogModuleManager: Shutting down and abandoning module DesktopPlatform (255)
[2017.05.03-18.18.31:317][715]LogModuleManager: Shutting down and abandoning module UObjectPlugin (252)
[2017.05.03-18.18.31:317][715]LogModuleManager: Shutting down and abandoning module SubversionSourceControl (250)
[2017.05.03-18.18.31:317][715]LogModuleManager: Shutting down and abandoning module PerforceSourceControl (248)
[2017.05.03-18.18.31:317][715]LogModuleManager: Shutting down and abandoning module GitSourceControl (246)
[2017.05.03-18.18.31:317][715]LogModuleManager: Shutting down and abandoning module SourceControl (245)
[2017.05.03-18.18.31:317][715]LogModuleManager: Shutting down and abandoning module LightPropagationVolumeEditor (242)
[2017.05.03-18.18.31:317][715]LogModuleManager: Shutting down and abandoning module PaperTiledImporter (240)
[2017.05.03-18.18.31:317][715]LogModuleManager: Shutting down and abandoning module PaperSpriteSheetImporter (238)
[2017.05.03-18.18.31:317][715]LogModuleManager: Shutting down and abandoning module Paper2DEditor (236)
[2017.05.03-18.18.31:318][715]LogModuleManager: Shutting down and abandoning module MeshPaint (235)
[2017.05.03-18.18.31:318][715]LogModuleManager: Shutting down and abandoning module LevelEditor (233)
[2017.05.03-18.18.31:319][715]LogModuleManager: Shutting down and abandoning module PixelInspectorModule (232)
[2017.05.03-18.18.31:319][715]LogModuleManager: Shutting down and abandoning module MainFrame (230)
[2017.05.03-18.18.31:319][715]LogModuleManager: Shutting down and abandoning module HotReload (229)
[2017.05.03-18.18.31:320][715]LogModuleManager: Shutting down and abandoning module ContentBrowser (225)
[2017.05.03-18.18.31:321][715]LogModuleManager: Shutting down and abandoning module PhysXVehiclesEditor (222)
[2017.05.03-18.18.31:322][715]LogModuleManager: Shutting down and abandoning module PhysXVehicles (220)
[2017.05.03-18.18.31:322][715]LogModuleManager: Shutting down and abandoning module LocationServicesBPLibrary (218)
[2017.05.03-18.18.31:322][715]LogModuleManager: Shutting down and abandoning module UdpMessaging (216)
[2017.05.03-18.18.31:422][715]LogModuleManager: Shutting down and abandoning module TcpMessaging (214)
[2017.05.03-18.18.31:532][715]LogModuleManager: Shutting down and abandoning module GameplayTagsEditor (212)
[2017.05.03-18.18.31:532][715]LogModuleManager: Shutting down and abandoning module FacialAnimationEditor (210)
[2017.05.03-18.18.31:532][715]LogModuleManager: Shutting down and abandoning module FacialAnimation (208)
[2017.05.03-18.18.31:532][715]LogModuleManager: Shutting down and abandoning module LightPropagationVolumeRuntime (206)
[2017.05.03-18.18.31:532][715]LogModuleManager: Shutting down and abandoning module Paper2D (204)
[2017.05.03-18.18.31:533][715]LogModuleManager: Shutting down and abandoning module WindowsMoviePlayer (202)
[2017.05.03-18.18.31:533][715]LogModuleManager: Shutting down and abandoning module WmfMedia (200)
[2017.05.03-18.18.31:533][715]LogModuleManager: Shutting down and abandoning module MfMedia (198)
[2017.05.03-18.18.31:533][715]LogModuleManager: Shutting down and abandoning module MediaAssets (196)
[2017.05.03-18.18.31:533][715]LogModuleManager: Shutting down and abandoning module GameLiveStreaming (194)
[2017.05.03-18.18.31:533][715]LogModuleManager: Shutting down and abandoning module VREditor (192)
[2017.05.03-18.18.31:533][715]LogModuleManager: Shutting down and abandoning module GameplayTasksEditor (190)
[2017.05.03-18.18.31:533][715]LogModuleManager: Shutting down and abandoning module BehaviorTreeEditor (188)
[2017.05.03-18.18.31:533][715]LogModuleManager: Shutting down and abandoning module FunctionalTesting (186)
[2017.05.03-18.18.31:533][715]LogModuleManager: Shutting down and abandoning module CollisionAnalyzer (184)
[2017.05.03-18.18.31:533][715]LogModuleManager: Shutting down and abandoning module UMG (182)
[2017.05.03-18.18.31:533][715]LogModuleManager: Shutting down and abandoning module UMGEditor (181)
[2017.05.03-18.18.31:533][715]LogModuleManager: Shutting down and abandoning module Sequencer (180)
[2017.05.03-18.18.31:533][715]LogModuleManager: Shutting down and abandoning module AssetTools (178)
[2017.05.03-18.18.31:533][715]LogModuleManager: Shutting down and abandoning module MessageLog (177)
[2017.05.03-18.18.31:533][715]LogModuleManager: Shutting down and abandoning module WorkspaceMenuStructure (176)
[2017.05.03-18.18.31:533][715]LogModuleManager: Shutting down and abandoning module SlateReflector (170)
[2017.05.03-18.18.31:534][715]LogModuleManager: Shutting down and abandoning module Slate (168)
[2017.05.03-18.18.31:534][715]LogModuleManager: Shutting down and abandoning module EditorStyle (166)
[2017.05.03-18.18.31:539][715]LogModuleManager: Shutting down and abandoning module SourceCodeAccess (164)
[2017.05.03-18.18.31:539][715]LogModuleManager: Shutting down and abandoning module HeadMountedDisplay (162)
[2017.05.03-18.18.31:539][715]LogModuleManager: Shutting down and abandoning module XAudio2 (160)
[2017.05.03-18.18.31:539][715]LogModuleManager: Shutting down and abandoning module Networking (158)
[2017.05.03-18.18.31:539][715]LogModuleManager: Shutting down and abandoning module Core (154)
[2017.05.03-18.18.31:539][715]LogModuleManager: Shutting down and abandoning module AssetRegistry (152)
[2017.05.03-18.18.31:625][715]LogDirectoryWatcher: A directory notification for '../../../Engine/Content/' was aborted.
[2017.05.03-18.18.31:625][715]LogDirectoryWatcher: A directory notification for '../../../../../Users/xavier.melton/Desktop/Doti_Year_1_Final_AIE/DOTI_AIE_Y1_FINAL/Content/' was aborted.
[2017.05.03-18.18.31:625][715]LogDirectoryWatcher: A directory notification for '../../../Engine/Plugins/2D/Paper2D/Content/' was aborted.
[2017.05.03-18.18.31:625][715]LogModuleManager: Shutting down and abandoning module DirectoryWatcher (151)
[2017.05.03-18.18.31:626][715]LogModuleManager: Shutting down and abandoning module KismetCompiler (148)
[2017.05.03-18.18.31:626][715]LogModuleManager: Shutting down and abandoning module PhysXFormats (146)
[2017.05.03-18.18.31:626][715]LogModuleManager: Shutting down and abandoning module MeshUtilities (144)
[2017.05.03-18.18.31:626][715]LogModuleManager: Shutting down and abandoning module SimplygonSwarm (143)
[2017.05.03-18.18.31:626][715]LogModuleManager: Shutting down and abandoning module SimplygonMeshReduction (141)
[2017.05.03-18.18.31:626][715]LogModuleManager: Shutting down and abandoning module QuadricMeshReduction (139)
[2017.05.03-18.18.31:626][715]LogModuleManager: Shutting down and abandoning module PropertyEditor (137)
[2017.05.03-18.18.31:626][715]LogModuleManager: Shutting down and abandoning module DerivedDataCache (134)
[2017.05.03-18.18.31:664][715]LogDerivedDataCache: Shutdown
[2017.05.03-18.18.31:664][715]LogModuleManager: Shutting down and abandoning module TargetPlatform (132)
[2017.05.03-18.18.31:664][715]LogModuleManager: Shutting down and abandoning module VulkanShaderFormat (131)
[2017.05.03-18.18.31:664][715]LogModuleManager: Shutting down and abandoning module ShaderFormatOpenGL (129)
[2017.05.03-18.18.31:664][715]LogModuleManager: Shutting down and abandoning module ShaderFormatD3D (127)
[2017.05.03-18.18.31:664][715]LogModuleManager: Shutting down and abandoning module MetalShaderFormat (125)
[2017.05.03-18.18.31:664][715]LogModuleManager: Shutting down and abandoning module TextureFormatUncompressed (123)
[2017.05.03-18.18.31:664][715]LogModuleManager: Shutting down and abandoning module TextureFormatPVR (121)
[2017.05.03-18.18.31:664][715]LogModuleManager: Shutting down and abandoning module TextureFormatDXT (119)
[2017.05.03-18.18.31:664][715]LogModuleManager: Shutting down and abandoning module TextureFormatIntelISPCTexComp (117)
[2017.05.03-18.18.31:664][715]LogModuleManager: Shutting down and abandoning module TextureFormatASTC (115)
[2017.05.03-18.18.31:664][715]LogModuleManager: Shutting down and abandoning module ImageWrapper (114)
[2017.05.03-18.18.31:664][715]LogModuleManager: Shutting down and abandoning module TextureFormatAndroid (111)
[2017.05.03-18.18.31:664][715]LogModuleManager: Shutting down and abandoning module AudioFormatOpus (109)
[2017.05.03-18.18.31:664][715]LogModuleManager: Shutting down and abandoning module AudioFormatOgg (107)
[2017.05.03-18.18.31:664][715]LogModuleManager: Shutting down and abandoning module AudioFormatADPCM (105)
[2017.05.03-18.18.31:664][715]LogModuleManager: Shutting down and abandoning module LinuxTargetPlatform (103)
[2017.05.03-18.18.31:664][715]LogModuleManager: Shutting down and abandoning module LinuxServerTargetPlatform (101)
[2017.05.03-18.18.31:664][715]LogModuleManager: Shutting down and abandoning module LinuxNoEditorTargetPlatform (99)
[2017.05.03-18.18.31:664][715]LogModuleManager: Shutting down and abandoning module LinuxClientTargetPlatform (97)
[2017.05.03-18.18.31:664][715]LogModuleManager: Shutting down and abandoning module TVOSTargetPlatform (95)
[2017.05.03-18.18.31:664][715]LogModuleManager: Shutting down and abandoning module Messaging (93)
[2017.05.03-18.18.31:664][715]LogModuleManager: Shutting down and abandoning module IOSTargetPlatform (91)
[2017.05.03-18.18.31:664][715]LogModuleManager: Shutting down and abandoning module HTML5TargetPlatform (89)
[2017.05.03-18.18.31:664][715]LogModuleManager: Shutting down and abandoning module Android_PVRTCTargetPlatform (87)
[2017.05.03-18.18.31:664][715]LogModuleManager: Shutting down and abandoning module Android_MultiTargetPlatform (85)
[2017.05.03-18.18.31:664][715]LogModuleManager: Shutting down and abandoning module Android_ETC2TargetPlatform (83)
[2017.05.03-18.18.31:664][715]LogModuleManager: Shutting down and abandoning module Android_ETC1TargetPlatform (81)
[2017.05.03-18.18.31:664][715]LogModuleManager: Shutting down and abandoning module Android_DXTTargetPlatform (79)
[2017.05.03-18.18.31:664][715]LogModuleManager: Shutting down and abandoning module Android_ATCTargetPlatform (77)
[2017.05.03-18.18.31:664][715]LogModuleManager: Shutting down and abandoning module Android_ASTCTargetPlatform (75)
[2017.05.03-18.18.31:664][715]LogModuleManager: Shutting down and abandoning module AndroidTargetPlatform (73)
[2017.05.03-18.18.31:664][715]LogModuleManager: Shutting down and abandoning module WindowsTargetPlatform (71)
[2017.05.03-18.18.31:664][715]LogModuleManager: Shutting down and abandoning module WindowsServerTargetPlatform (69)
[2017.05.03-18.18.31:664][715]LogModuleManager: Shutting down and abandoning module WindowsNoEditorTargetPlatform (67)
[2017.05.03-18.18.31:664][715]LogModuleManager: Shutting down and abandoning module WindowsClientTargetPlatform (65)
[2017.05.03-18.18.31:664][715]LogModuleManager: Shutting down and abandoning module MacTargetPlatform (63)
[2017.05.03-18.18.31:664][715]LogModuleManager: Shutting down and abandoning module MacServerTargetPlatform (61)
[2017.05.03-18.18.31:664][715]LogModuleManager: Shutting down and abandoning module MacNoEditorTargetPlatform (59)
[2017.05.03-18.18.31:664][715]LogModuleManager: Shutting down and abandoning module MacClientTargetPlatform (57)
[2017.05.03-18.18.31:664][715]LogModuleManager: Shutting down and abandoning module AllDesktopTargetPlatform (55)
[2017.05.03-18.18.31:664][715]LogModuleManager: Shutting down and abandoning module InputCore (52)
[2017.05.03-18.18.31:664][715]LogModuleManager: Shutting down and abandoning module Settings (50)
[2017.05.03-18.18.31:664][715]LogModuleManager: Shutting down and abandoning module OculusRift (48)
[2017.05.03-18.18.31:664][715]LogModuleManager: Shutting down and abandoning module GearVR (46)
[2017.05.03-18.18.31:664][715]LogModuleManager: Shutting down and abandoning module ExampleDeviceProfileSelector (44)
[2017.05.03-18.18.31:664][715]LogModuleManager: Shutting down and abandoning module OnlineBlueprintSupport (42)
[2017.05.03-18.18.31:665][715]LogModuleManager: Shutting down and abandoning module OnlineSubsystem (38)
[2017.05.03-18.18.31:665][715]LogOnline:Display: Unloading online subsystem: NULL
[2017.05.03-18.18.31:665][715]LogModuleManager: Shutting down and abandoning module XMPP (37)
[2017.05.03-18.18.31:665][715]LogModuleManager: Shutting down and abandoning module HTTP (35)
[2017.05.03-18.18.31:665][715]LogHttp:Display: Http module shutting down, but needs to wait on 1 outstanding Http requests:
[2017.05.03-18.18.31:665][715]LogHttp:Display: 	verb=[POST] url=[https://datarouter.ol.epicgames.com/datarouter/api/v1/public/data?SessionID=%7B230C4A49-470D-5EE9-B049-CCA7390E3B69%7D&AppID=UEEditor.Rocket.Release&AppVersion=4.15.2-3416026%2B%2B%2BUE4%2BRelease-4.15&UserID=d03b38134ca560f39944b29d009e0ab1%7Cf0997147a89f469294dfa6a271acf381%7C6c356ba8-5a75-4ad6-a380-ea4b96c74519&AppEnvironment=datacollector-binary&UploadType=eteventstream] status=Processing
[2017.05.03-18.18.31:687][715]LogModuleManager: Shutting down and abandoning module SSL (34)
[2017.05.03-18.18.31:689][715]LogModuleManager: Shutting down and abandoning module AudioEditor (30)
[2017.05.03-18.18.31:689][715]LogModuleManager: Shutting down and abandoning module TextureCompressor (28)
[2017.05.03-18.18.31:689][715]LogModuleManager: Shutting down and abandoning module ShaderCore (26)
[2017.05.03-18.18.31:689][715]LogModuleManager: Shutting down and abandoning module Landscape (24)
[2017.05.03-18.18.31:689][715]LogModuleManager: Shutting down and abandoning module SlateRHIRenderer (22)
[2017.05.03-18.18.31:691][715]LogModuleManager: Shutting down and abandoning module OpenGLDrv (20)
[2017.05.03-18.18.31:691][715]LogModuleManager: Shutting down and abandoning module D3D11RHI (18)
[2017.05.03-18.18.31:691][715]LogModuleManager: Shutting down and abandoning module AnimGraphRuntime (16)
[2017.05.03-18.18.31:691][715]LogModuleManager: Shutting down and abandoning module Renderer (14)
[2017.05.03-18.18.31:691][715]LogModuleManager: Shutting down and abandoning module Engine (12)
[2017.05.03-18.18.31:691][715]LogModuleManager: Shutting down and abandoning module CoreUObject (10)
[2017.05.03-18.18.31:691][715]LogModuleManager: Shutting down and abandoning module NetworkFile (8)
[2017.05.03-18.18.31:691][715]LogModuleManager: Shutting down and abandoning module StreamingFile (6)
[2017.05.03-18.18.31:691][715]LogModuleManager: Shutting down and abandoning module SandboxFile (4)
[2017.05.03-18.18.31:691][715]LogModuleManager: Shutting down and abandoning module PakFile (2)
[2017.05.03-18.18.31:695][715]LogExit: Exiting.
[2017.05.03-18.18.31:713][715]Log file closed, 05/03/17 11:18:31
