Log file open, 05/08/17 15:26:08
LogInit:Display: Running engine for game: FinalProject
LogPlatformFile: Not using cached read wrapper
LogInit:Display: RandInit(-386003896) SRandInit(-386003896).
LogTaskGraph: Started task graph with 5 named threads and 10 total threads with 1 sets of task threads.
LogStats: Stats thread started at 0.095006
LogInit: Using libcurl 7.47.1
LogInit:  - built for x86_64-pc-win32
LogInit:  - supports SSL with OpenSSL/1.0.2g
LogInit:  - supports HTTP deflate (compression) using libz 1.2.8
LogInit:  - other features:
LogInit:      CURL_VERSION_SSL
LogInit:      CURL_VERSION_LIBZ
LogInit:      CURL_VERSION_IPV6
LogInit:      CURL_VERSION_ASYNCHDNS
LogInit:      CURL_VERSION_LARGEFILE
LogInit:      CURL_VERSION_IDN
LogInit:  CurlRequestOptions (configurable via config and command line):
LogInit:  - bVerifyPeer = false  - Libcurl will NOT verify peer certificate
LogInit:  - bUseHttpProxy = false  - Libcurl will NOT use HTTP proxy
LogInit:  - bDontReuseConnections = false  - Libcurl will reuse connections
LogInit:  - CertBundlePath = nullptr  - Libcurl will use whatever was configured at build time.
LogInit: Build: ++UE4+Release-4.15-CL-3416026
LogInit: Engine Version: 4.15.2-3416026+++UE4+Release-4.15
LogInit: Compatible Engine Version: 4.15.0-3299760+++UE4+Release-4.15
LogInit: Net CL: 3299760
LogDevObjectVersion: Number of dev versions registered: 14
LogDevObjectVersion:   Dev-Blueprints (B0D832E4-1F89-4F0D-ACCF-7EB736FD4AA2): 8
LogDevObjectVersion:   Dev-Build (E1C64328-A22C-4D53-A36C-8E866417BD8C): 0
LogDevObjectVersion:   Dev-Core (375EC13C-06E4-48FB-B500-84F0262A717E): 2
LogDevObjectVersion:   Dev-Editor (E4B068ED-F494-42E9-A231-DA0B2E46BB41): 14
LogDevObjectVersion:   Dev-Framework (CFFC743F-43B0-4480-9391-14DF171D2073): 22
LogDevObjectVersion:   Dev-Mobile (B02B49B5-BB20-44E9-A304-32B752E40360): 0
LogDevObjectVersion:   Dev-Networking (A4E4105C-59A1-49B5-A7C5-40C4547EDFEE): 0
LogDevObjectVersion:   Dev-Online (39C831C9-5AE6-47DC-9A44-9C173E1C8E7C): 0
LogDevObjectVersion:   Dev-Physics (78F01B33-EBEA-4F98-B9B4-84EACCB95AA2): 0
LogDevObjectVersion:   Dev-Platform (6631380F-2D4D-43E0-8009-CF276956A95A): 0
LogDevObjectVersion:   Dev-Rendering (12F88B9F-8875-4AFC-A67C-D90C383ABD29): 12
LogDevObjectVersion:   Dev-Sequencer (7B5AE74C-D270-4C10-A958-57980B212A5A): 3
LogDevObjectVersion:   Dev-VR (D7296918-1DD6-4BDD-9DE2-64A83CC13884): 0
LogDevObjectVersion:   Dev-LoadTimes (C2A15278-BFE7-4AFE-6C17-90FF531DF755): 1
LogInit: Compiled (64-bit): May  1 2017 13:11:28
LogInit: Compiled with Visual C++: 19.00.23026.00
LogInit: Build Configuration: Development
LogInit: Branch Name: ++UE4+Release-4.15
LogInit: Command line:  
LogInit: Base directory: C:/Epic Games/UE_4.15/Engine/Binaries/Win64/
LogInit: Installed Engine Build: 1
LogInit: Presizing for max 8388607 objects, including 0 objects not considered by GC, pre-allocating 0 bytes for permanent pool.
LogInit: Object subsystem initialized
[2017.05.08-22.26.09:656][  0]LogInit: Selected Device Profile: [Windows]
[2017.05.08-22.26.09:656][  0]LogInit: Applying CVar settings loaded from the selected device profile: [Windows]
[2017.05.08-22.26.09:669][  0]LogInit: Computer: SEA-7E868A
[2017.05.08-22.26.09:669][  0]LogInit: User: xaviermelton
[2017.05.08-22.26.09:669][  0]LogInit: CPU Page size=65536, Cores=6
[2017.05.08-22.26.09:669][  0]LogInit: High frequency timer resolution =3.222900 MHz
[2017.05.08-22.26.09:670][  0]LogMemory: Memory total: Physical=31.8GB (32GB approx)
[2017.05.08-22.26.09:670][  0]LogMemory: Platform Memory Stats for Windows
[2017.05.08-22.26.09:670][  0]LogMemory: Process Physical Memory: 267.11 MB used, 267.11 MB peak
[2017.05.08-22.26.09:670][  0]LogMemory: Process Virtual Memory: 265.18 MB used, 265.18 MB peak
[2017.05.08-22.26.09:670][  0]LogMemory: Physical Memory: 9480.21 MB used,  23113.64 MB free, 32593.85 MB total
[2017.05.08-22.26.09:670][  0]LogMemory: Virtual Memory: 631.66 MB used,  23113.64 MB free, 8388608.00 MB total
[2017.05.08-22.26.09:753][  0]LogTextLocalizationManager: No specific translations for ('en-US') exist, so ('en') translations will be used.
[2017.05.08-22.26.10:424][  0]LogD3D11RHI: D3D11 adapters:
[2017.05.08-22.26.10:463][  0]LogD3D11RHI:    0. 'NVIDIA GeForce GTX 960' (Feature Level 11_0)
[2017.05.08-22.26.10:463][  0]LogD3D11RHI:       1969/0/2048 MB DedicatedVideo/DedicatedSystem/SharedSystem, Outputs:2, VendorId:0x10de
[2017.05.08-22.26.10:463][  0]LogD3D11RHI: Chosen D3D11 Adapter: 0
[2017.05.08-22.26.10:470][  0]LogD3D11RHI: Creating new Direct3DDevice
[2017.05.08-22.26.10:470][  0]LogD3D11RHI:     GPU DeviceId: 0x1401 (for the marketing name, search the web for "GPU Device Id")
[2017.05.08-22.26.10:470][  0]LogWindows: EnumDisplayDevices:
[2017.05.08-22.26.10:470][  0]LogWindows:    0. 'NVIDIA GeForce GTX 960' (P:1 D:1)
[2017.05.08-22.26.10:471][  0]LogWindows:    1. 'NVIDIA GeForce GTX 960' (P:0 D:1)
[2017.05.08-22.26.10:471][  0]LogWindows:    2. 'NVIDIA GeForce GTX 960' (P:0 D:0)
[2017.05.08-22.26.10:471][  0]LogWindows:    3. 'NVIDIA GeForce GTX 960' (P:0 D:0)
[2017.05.08-22.26.10:471][  0]LogWindows:    4. 'RDPDD Chained DD' (P:0 D:0)
[2017.05.08-22.26.10:472][  0]LogWindows:    5. 'RDP Encoder Mirror Driver' (P:0 D:0)
[2017.05.08-22.26.10:472][  0]LogWindows:    6. 'RDP Reflector Display Driver' (P:0 D:0)
[2017.05.08-22.26.10:472][  0]LogWindows: DebugString: GetVideoDriverDetailsInvalid PrimaryIsNotTheChoosenAdapter GetVideoDriverDetailsInvalid PrimaryIsNotTheChoosenAdapter GetVideoDriverDetailsInvalid PrimaryIsNotTheChoosenAdapter FoundDriverCount:4 
[2017.05.08-22.26.10:472][  0]LogD3D11RHI:     Adapter Name: NVIDIA GeForce GTX 960
[2017.05.08-22.26.10:472][  0]LogD3D11RHI:   Driver Version: 353.62 (internal:10.18.13.5362, unified:353.62)
[2017.05.08-22.26.10:472][  0]LogD3D11RHI:      Driver Date: 7-22-2015
[2017.05.08-22.26.10:472][  0]LogRHI: Texture pool is 1361 MB (70% of 1945 MB)
[2017.05.08-22.26.10:487][  0]LogD3D11RHI: NvAPI_D3D_GetCurrentSLIState failed: 0xfffffff7
[2017.05.08-22.26.10:487][  0]LogD3D11RHI: [Aftermath] Aftermath enabled but failed to initialize due to reason: DriverVersionNotSupported
[2017.05.08-22.26.10:487][  0]LogD3D11RHI: Async texture creation enabled
[2017.05.08-22.26.10:503][  0]LogD3D11RHI: GPU Timing Frequency: 1000.000000 (Debug: 2 2)
[2017.05.08-22.26.10:505][  0]LogShaderCompilers: Guid format shader working directory is -28 characters bigger than the processId version (../../../../../Users/xavier.melton/Desktop/Doti_Year_1_Final_AIE/DOTI_AIE_Y1_FINAL/Intermediate/Shaders/WorkingDirectory/7076/).
[2017.05.08-22.26.10:505][  0]LogShaderCompilers: Cleaned the shader compiler working directory 'C:/Users/xavier.melton/AppData/Local/Temp/UnrealShaderWorkingDir/39ED902442FA334276C2C0B945A52237/'.
[2017.05.08-22.26.10:505][  0]LogShaderCompilers:Display: Using Local Shader Compiler.
[2017.05.08-22.26.11:852][  0]LogTemp:Display: Loaded TP AllDesktopTargetPlatform
[2017.05.08-22.26.11:911][  0]LogTemp:Display: Loaded TP MacClientTargetPlatform
[2017.05.08-22.26.11:970][  0]LogTemp:Display: Loaded TP MacNoEditorTargetPlatform
[2017.05.08-22.26.12:029][  0]LogTemp:Display: Loaded TP MacServerTargetPlatform
[2017.05.08-22.26.12:088][  0]LogTemp:Display: Loaded TP MacTargetPlatform
[2017.05.08-22.26.12:171][  0]LogTemp:Display: Loaded TP WindowsClientTargetPlatform
[2017.05.08-22.26.12:230][  0]LogTemp:Display: Loaded TP WindowsNoEditorTargetPlatform
[2017.05.08-22.26.12:293][  0]LogTemp:Display: Loaded TP WindowsServerTargetPlatform
[2017.05.08-22.26.12:341][  0]LogTemp:Display: Loaded TP WindowsTargetPlatform
[2017.05.08-22.26.12:399][  0]LogTemp:Display: Loaded TP AndroidTargetPlatform
[2017.05.08-22.26.12:456][  0]LogTemp:Display: Loaded TP Android_ASTCTargetPlatform
[2017.05.08-22.26.12:540][  0]LogTemp:Display: Loaded TP Android_ATCTargetPlatform
[2017.05.08-22.26.12:600][  0]LogTemp:Display: Loaded TP Android_DXTTargetPlatform
[2017.05.08-22.26.12:675][  0]LogTemp:Display: Loaded TP Android_ETC1TargetPlatform
[2017.05.08-22.26.12:758][  0]LogTemp:Display: Loaded TP Android_ETC2TargetPlatform
[2017.05.08-22.26.12:970][  0]LogTemp:Display: Loaded TP Android_MultiTargetPlatform
[2017.05.08-22.26.12:970][  0]LogTemp:Display: Loaded TP Android_PVRTCTargetPlatform
[2017.05.08-22.26.13:038][  0]LogTemp:Display: Loaded TP HTML5TargetPlatform
[2017.05.08-22.26.13:146][  0]LogTemp:Display: Loaded TP IOSTargetPlatform
[2017.05.08-22.26.13:212][  0]LogTemp:Display: Loaded TP TVOSTargetPlatform
[2017.05.08-22.26.13:271][  0]LogTemp:Display: Loaded TP LinuxClientTargetPlatform
[2017.05.08-22.26.13:328][  0]LogTemp:Display: Loaded TP LinuxNoEditorTargetPlatform
[2017.05.08-22.26.13:408][  0]LogTemp:Display: Loaded TP LinuxServerTargetPlatform
[2017.05.08-22.26.13:476][  0]LogTemp:Display: Loaded TP LinuxTargetPlatform
[2017.05.08-22.26.13:476][  0]LogTargetPlatformManager:Display: Building Assets For Windows
[2017.05.08-22.26.13:928][  0]LogDerivedDataCache:Display: Max Cache Size: 512 MB
[2017.05.08-22.26.13:983][  0]LogDerivedDataCache: Loaded boot cache 0.05s 50MB C:/Users/xavier.melton/AppData/Local/UnrealEngine/4.15/DerivedDataCache/Boot.ddc.
[2017.05.08-22.26.13:983][  0]LogDerivedDataCache:Display: Loaded Boot cache: C:/Users/xavier.melton/AppData/Local/UnrealEngine/4.15/DerivedDataCache/Boot.ddc
[2017.05.08-22.26.13:983][  0]LogDerivedDataCache: FDerivedDataBackendGraph:  Pak pak cache file ../../../../../Users/xavier.melton/Desktop/Doti_Year_1_Final_AIE/DOTI_AIE_Y1_FINAL/DerivedDataCache/DDC.ddp not found, will not use a pak cache.
[2017.05.08-22.26.13:983][  0]LogDerivedDataCache: Unable to find inner node Pak for hierarchical cache Hierarchy.
[2017.05.08-22.26.13:983][  0]LogDerivedDataCache: FDerivedDataBackendGraph:  CompressedPak pak cache file ../../../../../Users/xavier.melton/Desktop/Doti_Year_1_Final_AIE/DOTI_AIE_Y1_FINAL/DerivedDataCache/Compressed.ddp not found, will not use a pak cache.
[2017.05.08-22.26.13:983][  0]LogDerivedDataCache: Unable to find inner node CompressedPak for hierarchical cache Hierarchy.
[2017.05.08-22.26.14:013][  0]LogDerivedDataCache:Display: Pak cache opened for reading ../../../Engine/DerivedDataCache/Compressed.ddp.
[2017.05.08-22.26.14:026][  0]LogDerivedDataCache: Using Local data cache path C:/Users/xavier.melton/AppData/Local/UnrealEngine/Common/DerivedDataCache: Writable
[2017.05.08-22.26.14:039][  0]LogSlate: Using Freetype 2.6.0
[2017.05.08-22.26.14:040][  0]LogSlate: SlateFontCache - WITH_FREETYPE: 1, WITH_HARFBUZZ: 1
[2017.05.08-22.26.14:040][  0]LogSlate: SlateFontCache - WITH_FREETYPE: 1, WITH_HARFBUZZ: 1
[2017.05.08-22.26.14:438][  0]LogInit: Selected Device Profile: [Windows]
[2017.05.08-22.26.14:441][  0]LogContentStreaming: Texture pool size is 0.00 MB
[2017.05.08-22.26.14:710][  0]LogMeshUtilities: Using QuadricMeshReduction for automatic static mesh reduction
[2017.05.08-22.26.14:769][  0]LogSimplygon: Simplygon DLL not present - disabling.
[2017.05.08-22.26.14:830][  0]LogMeshUtilities: Using SimplygonSwarm for distributed automatic mesh merging
[2017.05.08-22.26.14:830][  0]LogMeshUtilities: No automatic skeletal mesh reduction module available
[2017.05.08-22.26.14:830][  0]LogMeshUtilities: No automatic mesh merging module available
[2017.05.08-22.26.15:415][  0]LogNetVersion: GetLocalNetworkVersion: CL: 3299760, ProjectName: finalproject, ProjectVersion: , EngineNetworkVersion: 2, GameNetworkVersion: 0, NetworkChecksum: 3356675869
[2017.05.08-22.26.15:459][  0]LogAssetRegistry: FAssetRegistry took 0.0199 seconds to start up
[2017.05.08-22.26.15:531][  0]LogPackageLocalizationCache: Processed 3 localized package path(s) for 2 prioritized culture(s) in 0.034696 seconds
[2017.05.08-22.26.15:537][  0]LogUObjectArray: 32493 objects as part of root set at end of initial load.
[2017.05.08-22.26.15:537][  0]LogUObjectAllocator: 7077024 out of 0 bytes used by permanent object pool.
[2017.05.08-22.26.15:537][  0]LogUObjectArray: CloseDisregardForGC: 0/0 objects in disregard for GC pool
[2017.05.08-22.26.15:607][  0]LogInit: WinSock: version 1.1 (2.2), MaxSocks=32767, MaxUdp=65467
[2017.05.08-22.26.17:923][  0]LogTcpMessaging: Initializing TcpMessaging bridge
[2017.05.08-22.26.17:968][  0]LogUdpMessaging: Initializing bridge on interface 0.0.0.0:0 to multicast group 230.0.0.1:6666.
[2017.05.08-22.26.18:531][  0]LogMaterial: Uniform references updated for custom material expression Custom.
[2017.05.08-22.26.19:034][  0]SourceControl: Info Source control is disabled
[2017.05.08-22.26.19:094][  0]SourceControl: Info Source control is disabled
[2017.05.08-22.26.19:150][  0]SourceControl: Info Source control is disabled
[2017.05.08-22.26.19:204][  0]SourceControl: Info Source control is disabled
[2017.05.08-22.26.21:074][  0]LogEngine: Initializing Engine...
[2017.05.08-22.26.21:075][  0]LogHMD: Failed to initialize OpenVR with code 110
[2017.05.08-22.26.21:202][  0]LogStats: UGameplayTagsManager::ConstructGameplayTagTree: Construct from data asset -  0.000 s
[2017.05.08-22.26.21:202][  0]LogStats: UGameplayTagsManager::ConstructGameplayTagTree: GameplayTagTreeChangedEvent.Broadcast -  0.000 s
[2017.05.08-22.26.21:351][  0]LogAIModule: Creating AISystem for world Untitled
[2017.05.08-22.26.21:379][  0]LogInit: XAudio2 using 'Headphones (High Definition Audio Device)' : 2 channels at 44.1 kHz using 16 bits per sample (channel mask 0x3)
[2017.05.08-22.26.21:396][  0]LogInit: FAudioDevice initialized.
[2017.05.08-22.26.21:424][  0]LogDerivedDataCache: Saved boot cache 0.03s 50MB C:/Users/xavier.melton/AppData/Local/UnrealEngine/4.15/DerivedDataCache/Boot.ddc.
[2017.05.08-22.26.21:429][  0]LogInit: Texture streaming: Enabled
[2017.05.08-22.26.21:547][  0]LogEngineSessionManager: EngineSessionManager initialized
[2017.05.08-22.26.21:547][  0]LogEngineSessionManager: EngineSessionManager sent abnormal shutdown report. Type=Crashed, SessionId={F1A9147C-421D-E1E0-66BD-76A8A0BE8FF0}
[2017.05.08-22.26.21:663][  0]LogInit: Transaction tracking system initialized
[2017.05.08-22.26.22:046][  0]BlueprintLog: New page: Editor Load
[2017.05.08-22.26.23:023][  0]LocalizationService: Info Localization service is disabled
[2017.05.08-22.26.23:853][  0]LogConsoleResponse:Display: 
[2017.05.08-22.26.24:000][  0]LogCook:Display: Max memory allowance for cook 16384mb min free memory 0mb
[2017.05.08-22.26.24:000][  0]LogCook:Display: Mobile HDR setting 1
[2017.05.08-22.26.24:411][  0]LogFileCache: Scanning file cache for directory 'C:/Users/xavier.melton/Desktop/Doti_Year_1_Final_AIE/DOTI_AIE_Y1_FINAL/Content/' took 0.01s
[2017.05.08-22.26.25:086][  0]SourceControl: Info Source control is disabled
[2017.05.08-22.26.25:086][  0]Cmd: MAP LOAD FILE="../../../../../Users/xavier.melton/Desktop/Doti_Year_1_Final_AIE/DOTI_AIE_Y1_FINAL/Content/StarterContent/Maps/Minimal_Default.umap" TEMPLATE=0 SHOWPROGRESS=1 FEATURELEVEL=3
[2017.05.08-22.26.25:087][  0]LightingResults: New page: Lighting Build
[2017.05.08-22.26.25:138][  0]MapCheck: New page: Map Check
[2017.05.08-22.26.25:138][  0]LightingResults: New page: Lighting Build
[2017.05.08-22.26.25:790][  0]LogAIModule: Creating AISystem for world Minimal_Default
[2017.05.08-22.26.25:814][  0]LogEditorServer: Finished looking for orphan Actors (0.000 secs)
[2017.05.08-22.26.25:815][  0]Cmd: MAP CHECKDEP NOCLEARLOG
[2017.05.08-22.26.25:895][  0]MapCheck: Info Map check complete: 0 Error(s), 0 Warning(s), took 79.279ms to complete.
[2017.05.08-22.26.25:895][  0]LogFileHelpers: Loading map 'Minimal_Default' took 0.809
[2017.05.08-22.26.26:135][  0]LogCollectionManager: Loaded 0 collections in 0.001326 seconds
[2017.05.08-22.26.26:275][  0]LogFileCache: Scanning file cache for directory 'C:/Users/xavier.melton/Desktop/Doti_Year_1_Final_AIE/DOTI_AIE_Y1_FINAL/Saved/Collections/' took 0.01s
[2017.05.08-22.26.26:275][  0]LogFileCache: Scanning file cache for directory 'C:/Users/xavier.melton/Desktop/Doti_Year_1_Final_AIE/DOTI_AIE_Y1_FINAL/Content/Developers/xaviermelton/Collections/' took 0.01s
[2017.05.08-22.26.26:275][  0]LogFileCache: Scanning file cache for directory 'C:/Users/xavier.melton/Desktop/Doti_Year_1_Final_AIE/DOTI_AIE_Y1_FINAL/Content/Collections/' took 0.01s
[2017.05.08-22.26.26:275][  0]LogCollectionManager: Rebuilt the GUID cache for 0 collections in 0.000002 seconds
[2017.05.08-22.26.26:293][  0]LogContentBrowser: Native class hierarchy populated in 0.0181 seconds. Added 2245 classes and 453 folders.
[2017.05.08-22.26.26:380][  0]LogContentBrowser: Native class hierarchy updated for 'WidgetCarousel' in 0.0005 seconds. Added 0 classes and 0 folders.
[2017.05.08-22.26.26:461][  0]LogContentBrowser: Native class hierarchy updated for 'AddContentDialog' in 0.0013 seconds. Added 0 classes and 0 folders.
[2017.05.08-22.26.26:566][  0]LogContentBrowser: Native class hierarchy updated for 'SceneOutliner' in 0.0012 seconds. Added 1 classes and 2 folders.
[2017.05.08-22.26.26:762][  0]LogCrashTracker: Crashtracker disabled due to settings.
[2017.05.08-22.26.26:770][  0]LogUObjectGlobals:Warning: Failed to find object 'Class None.'
[2017.05.08-22.26.26:897][  0]LogContentBrowser: Native class hierarchy updated for 'HierarchicalLODOutliner' in 0.0007 seconds. Added 1 classes and 2 folders.
[2017.05.08-22.26.26:897][  0]LogLoad: (Engine Initialization) Total time: 19.83 seconds
[2017.05.08-22.26.26:897][  0]LogLoad: (Engine Initialization) Total Blueprint compile time: 0.21 seconds
[2017.05.08-22.26.26:897][  0]LogExternalProfiler: Found external profiler: VSPerf
[2017.05.08-22.26.26:897][  0]LogExternalProfiler: Using external profiler: VSPerf
[2017.05.08-22.26.27:236][  0]LogOcInput: OculusInput pre-init called
[2017.05.08-22.26.27:266][  0]LogContentStreaming: Texture pool size now 1000 MB
[2017.05.08-22.26.27:269][  0]LogSlate: Took 0.000585 seconds to synchronously load lazily loaded font '../../../Engine/Content/Slate/Fonts/Roboto-Regular.ttf' (155K)
[2017.05.08-22.26.27:278][  0]LogSlate: Took 0.000566 seconds to synchronously load lazily loaded font '../../../Engine/Content/Slate/Fonts/Roboto-Bold.ttf' (160K)
[2017.05.08-22.26.27:291][  0]LogSlate: Took 0.000504 seconds to synchronously load lazily loaded font '../../../Engine/Content/Editor/Slate/Fonts/FontAwesome.ttf' (139K)
[2017.05.08-22.26.27:535][  0]LogSlate: Took 0.000409 seconds to synchronously load lazily loaded font '../../../Engine/Content/Slate/Fonts/Roboto-Light.ttf' (159K)
[2017.05.08-22.26.27:609][  0]LogRenderer: Reallocating scene render targets to support 1208x576 NumSamples 1 (Frame:2).
[2017.05.08-22.26.28:057][  2]LogAssetRegistry: Asset discovery search completed in 12.6169 seconds
[2017.05.08-22.26.28:057][  2]LogCollectionManager: Rebuilt the object cache for 0 collections in 0.000008 seconds (found 0 objects)
[2017.05.08-22.26.28:057][  2]LogCollectionManager: Fixed up redirectors for 0 collections in 0.000043 seconds (updated 0 objects)
[2017.05.08-22.26.28:359][  3]LogSlate: Took 0.000790 seconds to synchronously load lazily loaded font '../../../Engine/Content/Slate/Fonts/Roboto-Light.ttf' (159K)
[2017.05.08-22.26.31:852][128]LogSlate: Took 0.000301 seconds to synchronously load lazily loaded font '../../../Engine/Content/Slate/Fonts/Roboto-Light.ttf' (159K)
[2017.05.08-22.26.32:455][128]LogSlate: Took 0.000331 seconds to synchronously load lazily loaded font '../../../Engine/Content/Slate/Fonts/Roboto-Regular.ttf' (155K)
[2017.05.08-22.26.32:662][128]LogContentBrowser: Native class hierarchy updated for 'BlueprintGraph' in 0.0013 seconds. Added 112 classes and 0 folders.
[2017.05.08-22.26.34:001][128]LogSlate: Took 0.000483 seconds to synchronously load lazily loaded font '../../../Engine/Content/Editor/Slate/Fonts/Roboto-BoldCondensed.ttf' (158K)
[2017.05.08-22.26.34:437][129]LogSlate: Took 0.000287 seconds to synchronously load lazily loaded font '../../../Engine/Content/Editor/Slate/Fonts/Roboto-Italic.ttf' (157K)
[2017.05.08-22.27.18:449][435]LogSlate: Only BGRA pngs, bmps or icos are supported in by External Image Picker
[2017.05.08-22.27.18:509][435]LogTemp:Display: Executing iPhonePackager certificates Engine -bundlename com.YourCompany.FinalProject

[2017.05.08-22.27.18:509][435]LogTemp:Display: CWD: C:\Epic Games\UE_4.15\Engine\Binaries\DotNET\IOS

[2017.05.08-22.27.18:509][435]LogTemp:Display: Initial Dir: C:\Epic Games\UE_4.15

[2017.05.08-22.27.18:509][435]LogTemp:Display: Env CWD: C:\Epic Games\UE_4.15\Engine\Binaries\DotNET\IOS

[2017.05.08-22.27.18:509][435]LogTemp:Display: BranchPath = SEA-7E868A/C/Epic Games/UE_4.15/Engine/Binaries --- GameBranchPath = SEA-7E868A/C/Epic Games/UE_4.15/Engine/Binaries

[2017.05.08-22.27.18:509][435]LogTemp:Display: IPP ERROR: Application exception: System.IO.DirectoryNotFoundException: Could not find a part of the path 'C:\Users\xavier.melton\AppData\Local\Apple Computer\MobileDevice\Provisioning Profiles'.

[2017.05.08-22.27.18:509][435]LogTemp:Display:    at System.IO.__Error.WinIOError(Int32 errorCode, String maybeFullPath)

[2017.05.08-22.27.18:509][435]LogTemp:Display:    at System.IO.FileSystemEnumerableIterator`1.CommonInit()

[2017.05.08-22.27.18:509][435]LogTemp:Display:    at System.IO.FileSystemEnumerableIterator`1..ctor(String path, String originalUserPath, String searchPattern, SearchOption searchOption, SearchResultHandler`1 resultHandler, Boolean checkHost)

[2017.05.08-22.27.18:509][435]LogTemp:Display:    at System.IO.Directory.EnumerateFiles(String path, String searchPattern)

[2017.05.08-22.27.18:509][435]LogTemp:Display:    at iPhonePackager.CodeSignatureBuilder.FindProvisions(String CFBundleIdentifier)

[2017.05.08-22.27.18:509][435]LogTemp:Display:    at iPhonePackager.Program.Main(String[] args)

[2017.05.08-22.29.11:050][801]LogSlate: Took 0.000430 seconds to synchronously load lazily loaded font '../../../Engine/Content/Editor/Slate/Fonts/Roboto-BoldCondensedItalic.ttf' (160K)
[2017.05.08-22.29.28:099][ 90]BlueprintLog: New page: Compile PickupActor
[2017.05.08-22.29.28:603][ 90]BlueprintEditorCompileResults: Info The execution path doesn't end with a return node.  Cast Failed
[2017.05.08-22.29.29:974][190]Cmd: OBJ SAVEPACKAGE PACKAGE="/Game/XaviersShit/PickupActor" FILE="../../../../../Users/xavier.melton/Desktop/Doti_Year_1_Final_AIE/DOTI_AIE_Y1_FINAL/Content/XaviersShit/PickupActor.uasset" SILENT=true
[2017.05.08-22.29.30:034][190]LogSavePackage: Save=32.88ms
[2017.05.08-22.29.30:034][190]LogSavePackage: Moving '../../../../../Users/xavier.melton/Desktop/Doti_Year_1_Final_AIE/DOTI_AIE_Y1_FINAL/Saved/PickupActor123C2B364CD923BC89AAE89033EA15B1.tmp' to '../../../../../Users/xavier.melton/Desktop/Doti_Year_1_Final_AIE/DOTI_AIE_Y1_FINAL/Content/XaviersShit/PickupActor.uasset'
[2017.05.08-22.29.30:042][190]LogSavePackage:Display: Finished SavePackage ../../../../../Users/xavier.melton/Desktop/Doti_Year_1_Final_AIE/DOTI_AIE_Y1_FINAL/Content/XaviersShit/PickupActor.uasset
[2017.05.08-22.29.38:609][875]BlueprintLog: New page: Compile PickupActor
[2017.05.08-22.29.38:749][875]BlueprintEditorCompileResults: Info The execution path doesn't end with a return node.  Cast Failed
[2017.05.08-22.29.39:219][907]Cmd: OBJ SAVEPACKAGE PACKAGE="/Game/XaviersShit/PickupActor" FILE="../../../../../Users/xavier.melton/Desktop/Doti_Year_1_Final_AIE/DOTI_AIE_Y1_FINAL/Content/XaviersShit/PickupActor.uasset" SILENT=true
[2017.05.08-22.29.39:268][907]LogSavePackage: Save=29.38ms
[2017.05.08-22.29.39:268][907]LogSavePackage: Moving '../../../../../Users/xavier.melton/Desktop/Doti_Year_1_Final_AIE/DOTI_AIE_Y1_FINAL/Saved/PickupActor608B546B4C94DD892BE02C90C7EC5B24.tmp' to '../../../../../Users/xavier.melton/Desktop/Doti_Year_1_Final_AIE/DOTI_AIE_Y1_FINAL/Content/XaviersShit/PickupActor.uasset'
[2017.05.08-22.29.39:273][907]LogSavePackage:Display: Finished SavePackage ../../../../../Users/xavier.melton/Desktop/Doti_Year_1_Final_AIE/DOTI_AIE_Y1_FINAL/Content/XaviersShit/PickupActor.uasset
[2017.05.08-22.29.50:516][722]LogTemp: Repeting last play command: Selected Viewport
[2017.05.08-22.29.50:538][722]LogBlueprintUserMessages: Early PlayInEditor Detection: Level '/Game/StarterContent/Maps/Minimal_Default.Minimal_Default:PersistentLevel' has LevelScriptBlueprint '/Game/StarterContent/Maps/Minimal_Default.Minimal_Default:PersistentLevel.Minimal_Default' with GeneratedClass '/Game/StarterContent/Maps/Minimal_Default.Minimal_Default_C' with ClassGeneratedBy '/Game/StarterContent/Maps/Minimal_Default.Minimal_Default:PersistentLevel.Minimal_Default'
[2017.05.08-22.29.50:538][722]LogPlayLevel: PlayLevel: No blueprints needed recompiling
[2017.05.08-22.29.50:539][722]PIE: New page: PIE session: Minimal_Default (May 8, 2017, 8:29:50 AM)
[2017.05.08-22.29.50:539][722]LogPlayLevel: Creating play world package: /Game/StarterContent/Maps/UEDPIE_0_Minimal_Default
[2017.05.08-22.29.50:542][722]LogPlayLevel: PIE: StaticDuplicateObject took: (0.003368s)
[2017.05.08-22.29.50:544][722]LogAIModule: Creating AISystem for world Minimal_Default
[2017.05.08-22.29.50:544][722]LogPlayLevel: PIE: World Init took: (0.002298s)
[2017.05.08-22.29.50:545][722]LogPlayLevel: PIE: Created PIE world by copying editor world from /Game/StarterContent/Maps/Minimal_Default.Minimal_Default to /Game/StarterContent/Maps/UEDPIE_0_Minimal_Default.Minimal_Default (0.005918s)
[2017.05.08-22.29.50:589][722]LogInit: XAudio2 using 'Headphones (High Definition Audio Device)' : 2 channels at 44.1 kHz using 16 bits per sample (channel mask 0x3)
[2017.05.08-22.29.50:599][722]LogInit: FAudioDevice initialized.
[2017.05.08-22.29.50:642][722]LogLoad: Game class is 'MarketBluePrint_C'
[2017.05.08-22.29.50:646][722]LogWorld: Bringing World /Game/StarterContent/Maps/UEDPIE_0_Minimal_Default.Minimal_Default up for play (max tick rate 0) at 2017.05.08-15.29.50
[2017.05.08-22.29.50:647][722]LogWorld: Bringing up level for play took: 0.001932
[2017.05.08-22.29.50:729][722]LogContentBrowser: Native class hierarchy updated for 'MovieSceneCapture' in 0.0007 seconds. Added 11 classes and 0 folders.
[2017.05.08-22.29.50:730][722]PIE: Info Play in editor start time for /Game/StarterContent/Maps/UEDPIE_0_Minimal_Default 0.345
[2017.05.08-22.29.50:731][722]LogBlueprintUserMessages: Late PlayInEditor Detection: Level '/Game/StarterContent/Maps/Minimal_Default.Minimal_Default:PersistentLevel' has LevelScriptBlueprint '/Game/StarterContent/Maps/Minimal_Default.Minimal_Default:PersistentLevel.Minimal_Default' with GeneratedClass '/Game/StarterContent/Maps/Minimal_Default.Minimal_Default_C' with ClassGeneratedBy '/Game/StarterContent/Maps/Minimal_Default.Minimal_Default:PersistentLevel.Minimal_Default'
[2017.05.08-22.29.53:493][ 39]LogScript:Warning: UGameplayStatics::BeginSpawningActorFromClass: can not spawn an actor from a NULL class
[2017.05.08-22.29.56:365][383]LogBlueprintUserMessages: Early EndPlayMap Detection: Level '/Game/StarterContent/Maps/Minimal_Default.Minimal_Default:PersistentLevel' has LevelScriptBlueprint '/Game/StarterContent/Maps/Minimal_Default.Minimal_Default:PersistentLevel.Minimal_Default' with GeneratedClass '/Game/StarterContent/Maps/Minimal_Default.Minimal_Default_C' with ClassGeneratedBy '/Game/StarterContent/Maps/Minimal_Default.Minimal_Default:PersistentLevel.Minimal_Default'
[2017.05.08-22.29.56:399][383]LogBlueprintUserMessages: Late EndPlayMap Detection: Level '/Game/StarterContent/Maps/Minimal_Default.Minimal_Default:PersistentLevel' has LevelScriptBlueprint '/Game/StarterContent/Maps/Minimal_Default.Minimal_Default:PersistentLevel.Minimal_Default' with GeneratedClass '/Game/StarterContent/Maps/Minimal_Default.Minimal_Default_C' with ClassGeneratedBy '/Game/StarterContent/Maps/Minimal_Default.Minimal_Default:PersistentLevel.Minimal_Default'
[2017.05.08-22.30.51:676][487]BlueprintLog: New page: Compile PickupActor
[2017.05.08-22.30.52:565][544]Cmd: OBJ SAVEPACKAGE PACKAGE="/Game/XaviersShit/PickupActor" FILE="../../../../../Users/xavier.melton/Desktop/Doti_Year_1_Final_AIE/DOTI_AIE_Y1_FINAL/Content/XaviersShit/PickupActor.uasset" SILENT=true
[2017.05.08-22.30.52:623][544]LogSavePackage: Save=37.94ms
[2017.05.08-22.30.52:623][544]LogSavePackage: Moving '../../../../../Users/xavier.melton/Desktop/Doti_Year_1_Final_AIE/DOTI_AIE_Y1_FINAL/Saved/PickupActor836B24A44FEF16A4EB0859BB026B47A0.tmp' to '../../../../../Users/xavier.melton/Desktop/Doti_Year_1_Final_AIE/DOTI_AIE_Y1_FINAL/Content/XaviersShit/PickupActor.uasset'
[2017.05.08-22.30.52:629][544]LogSavePackage:Display: Finished SavePackage ../../../../../Users/xavier.melton/Desktop/Doti_Year_1_Final_AIE/DOTI_AIE_Y1_FINAL/Content/XaviersShit/PickupActor.uasset
[2017.05.08-22.31.27:688][945]BlueprintLog: New page: Compile Player
[2017.05.08-22.31.28:293][982]Cmd: OBJ SAVEPACKAGE PACKAGE="/Game/MattsStuff/Player" FILE="../../../../../Users/xavier.melton/Desktop/Doti_Year_1_Final_AIE/DOTI_AIE_Y1_FINAL/Content/MattsStuff/Player.uasset" SILENT=true
[2017.05.08-22.31.28:373][982]LogSavePackage: Save=69.43ms
[2017.05.08-22.31.28:373][982]LogSavePackage: Moving '../../../../../Users/xavier.melton/Desktop/Doti_Year_1_Final_AIE/DOTI_AIE_Y1_FINAL/Saved/Player13DD035D4D117BA6F1860EA4263015C4.tmp' to '../../../../../Users/xavier.melton/Desktop/Doti_Year_1_Final_AIE/DOTI_AIE_Y1_FINAL/Content/MattsStuff/Player.uasset'
[2017.05.08-22.31.28:379][982]LogSavePackage:Display: Finished SavePackage ../../../../../Users/xavier.melton/Desktop/Doti_Year_1_Final_AIE/DOTI_AIE_Y1_FINAL/Content/MattsStuff/Player.uasset
[2017.05.08-22.31.38:643][645]Cmd: OBJ SAVEPACKAGE PACKAGE="/Game/MattsStuff/Player" FILE="../../../../../Users/xavier.melton/Desktop/Doti_Year_1_Final_AIE/DOTI_AIE_Y1_FINAL/Content/MattsStuff/Player.uasset" SILENT=true
[2017.05.08-22.31.38:721][645]LogSavePackage: Save=69.58ms
[2017.05.08-22.31.38:721][645]LogSavePackage: Moving '../../../../../Users/xavier.melton/Desktop/Doti_Year_1_Final_AIE/DOTI_AIE_Y1_FINAL/Saved/PlayerABB8348944F95509926E9FBDE035208A.tmp' to '../../../../../Users/xavier.melton/Desktop/Doti_Year_1_Final_AIE/DOTI_AIE_Y1_FINAL/Content/MattsStuff/Player.uasset'
[2017.05.08-22.31.38:726][645]LogSavePackage:Display: Finished SavePackage ../../../../../Users/xavier.melton/Desktop/Doti_Year_1_Final_AIE/DOTI_AIE_Y1_FINAL/Content/MattsStuff/Player.uasset
[2017.05.08-22.32.16:034][ 49]BlueprintLog: New page: Compile PickupActor
[2017.05.08-22.32.16:680][106]Cmd: OBJ SAVEPACKAGE PACKAGE="/Game/XaviersShit/PickupActor" FILE="../../../../../Users/xavier.melton/Desktop/Doti_Year_1_Final_AIE/DOTI_AIE_Y1_FINAL/Content/XaviersShit/PickupActor.uasset" SILENT=true
[2017.05.08-22.32.16:724][106]LogSavePackage: Save=26.71ms
[2017.05.08-22.32.16:724][106]LogSavePackage: Moving '../../../../../Users/xavier.melton/Desktop/Doti_Year_1_Final_AIE/DOTI_AIE_Y1_FINAL/Saved/PickupActor0DC4A18144F74C4982B048B8F789D99C.tmp' to '../../../../../Users/xavier.melton/Desktop/Doti_Year_1_Final_AIE/DOTI_AIE_Y1_FINAL/Content/XaviersShit/PickupActor.uasset'
[2017.05.08-22.32.16:729][106]LogSavePackage:Display: Finished SavePackage ../../../../../Users/xavier.melton/Desktop/Doti_Year_1_Final_AIE/DOTI_AIE_Y1_FINAL/Content/XaviersShit/PickupActor.uasset
[2017.05.08-22.32.18:525][317]LogTemp: Repeting last play command: Selected Viewport
[2017.05.08-22.32.18:553][317]LogBlueprintUserMessages: Early PlayInEditor Detection: Level '/Game/StarterContent/Maps/Minimal_Default.Minimal_Default:PersistentLevel' has LevelScriptBlueprint '/Game/StarterContent/Maps/Minimal_Default.Minimal_Default:PersistentLevel.Minimal_Default' with GeneratedClass '/Game/StarterContent/Maps/Minimal_Default.Minimal_Default_C' with ClassGeneratedBy '/Game/StarterContent/Maps/Minimal_Default.Minimal_Default:PersistentLevel.Minimal_Default'
[2017.05.08-22.32.18:553][317]BlueprintLog: New page: Pre-Play auto-recompile
[2017.05.08-22.32.18:553][317]LogPlayLevel: [PlayLevel] Compiling Player before play...
[2017.05.08-22.32.18:723][317]LogPlayLevel: PlayLevel: Blueprint regeneration took 169 ms (1 blueprints)
[2017.05.08-22.32.18:723][317]PIE: New page: PIE session: Minimal_Default (May 8, 2017, 8:32:18 AM)
[2017.05.08-22.32.18:723][317]LogPlayLevel: Creating play world package: /Game/StarterContent/Maps/UEDPIE_0_Minimal_Default
[2017.05.08-22.32.18:725][317]LogPlayLevel: PIE: StaticDuplicateObject took: (0.002697s)
[2017.05.08-22.32.18:726][317]LogAIModule: Creating AISystem for world Minimal_Default
[2017.05.08-22.32.18:726][317]LogPlayLevel: PIE: World Init took: (0.000541s)
[2017.05.08-22.32.18:726][317]LogPlayLevel: PIE: Created PIE world by copying editor world from /Game/StarterContent/Maps/Minimal_Default.Minimal_Default to /Game/StarterContent/Maps/UEDPIE_0_Minimal_Default.Minimal_Default (0.003408s)
[2017.05.08-22.32.18:760][317]LogInit: XAudio2 using 'Headphones (High Definition Audio Device)' : 2 channels at 44.1 kHz using 16 bits per sample (channel mask 0x3)
[2017.05.08-22.32.18:773][317]LogInit: FAudioDevice initialized.
[2017.05.08-22.32.18:798][317]LogLoad: Game class is 'MarketBluePrint_C'
[2017.05.08-22.32.18:800][317]LogWorld: Bringing World /Game/StarterContent/Maps/UEDPIE_0_Minimal_Default.Minimal_Default up for play (max tick rate 0) at 2017.05.08-15.32.18
[2017.05.08-22.32.18:801][317]LogWorld: Bringing up level for play took: 0.001106
[2017.05.08-22.32.18:802][317]PIE: Info Play in editor start time for /Game/StarterContent/Maps/UEDPIE_0_Minimal_Default 0.398
[2017.05.08-22.32.18:802][317]LogBlueprintUserMessages: Late PlayInEditor Detection: Level '/Game/StarterContent/Maps/Minimal_Default.Minimal_Default:PersistentLevel' has LevelScriptBlueprint '/Game/StarterContent/Maps/Minimal_Default.Minimal_Default:PersistentLevel.Minimal_Default' with GeneratedClass '/Game/StarterContent/Maps/Minimal_Default.Minimal_Default_C' with ClassGeneratedBy '/Game/StarterContent/Maps/Minimal_Default.Minimal_Default:PersistentLevel.Minimal_Default'
[2017.05.08-22.32.24:205][962]LogBlueprintUserMessages: Early EndPlayMap Detection: Level '/Game/StarterContent/Maps/Minimal_Default.Minimal_Default:PersistentLevel' has LevelScriptBlueprint '/Game/StarterContent/Maps/Minimal_Default.Minimal_Default:PersistentLevel.Minimal_Default' with GeneratedClass '/Game/StarterContent/Maps/Minimal_Default.Minimal_Default_C' with ClassGeneratedBy '/Game/StarterContent/Maps/Minimal_Default.Minimal_Default:PersistentLevel.Minimal_Default'
[2017.05.08-22.32.24:238][962]LogBlueprintUserMessages: Late EndPlayMap Detection: Level '/Game/StarterContent/Maps/Minimal_Default.Minimal_Default:PersistentLevel' has LevelScriptBlueprint '/Game/StarterContent/Maps/Minimal_Default.Minimal_Default:PersistentLevel.Minimal_Default' with GeneratedClass '/Game/StarterContent/Maps/Minimal_Default.Minimal_Default_C' with ClassGeneratedBy '/Game/StarterContent/Maps/Minimal_Default.Minimal_Default:PersistentLevel.Minimal_Default'
[2017.05.08-22.32.38:021][601]BlueprintLog: New page: Compile PickupActor
[2017.05.08-22.32.38:164][601]BlueprintEditorCompileResults: Info The execution path doesn't end with a return node.  Cast Failed
[2017.05.08-22.32.39:891][806]LogTemp: Repeting last play command: Selected Viewport
[2017.05.08-22.32.39:907][806]LogBlueprintUserMessages: Early PlayInEditor Detection: Level '/Game/StarterContent/Maps/Minimal_Default.Minimal_Default:PersistentLevel' has LevelScriptBlueprint '/Game/StarterContent/Maps/Minimal_Default.Minimal_Default:PersistentLevel.Minimal_Default' with GeneratedClass '/Game/StarterContent/Maps/Minimal_Default.Minimal_Default_C' with ClassGeneratedBy '/Game/StarterContent/Maps/Minimal_Default.Minimal_Default:PersistentLevel.Minimal_Default'
[2017.05.08-22.32.39:907][806]LogPlayLevel: PlayLevel: No blueprints needed recompiling
[2017.05.08-22.32.39:907][806]PIE: New page: PIE session: Minimal_Default (May 8, 2017, 8:32:39 AM)
[2017.05.08-22.32.39:907][806]LogPlayLevel: Creating play world package: /Game/StarterContent/Maps/UEDPIE_0_Minimal_Default
[2017.05.08-22.32.39:913][806]LogPlayLevel: PIE: StaticDuplicateObject took: (0.005772s)
[2017.05.08-22.32.39:914][806]LogAIModule: Creating AISystem for world Minimal_Default
[2017.05.08-22.32.39:914][806]LogPlayLevel: PIE: World Init took: (0.001029s)
[2017.05.08-22.32.39:915][806]LogPlayLevel: PIE: Created PIE world by copying editor world from /Game/StarterContent/Maps/Minimal_Default.Minimal_Default to /Game/StarterContent/Maps/UEDPIE_0_Minimal_Default.Minimal_Default (0.007142s)
[2017.05.08-22.32.39:957][806]LogInit: XAudio2 using 'Headphones (High Definition Audio Device)' : 2 channels at 44.1 kHz using 16 bits per sample (channel mask 0x3)
[2017.05.08-22.32.39:967][806]LogInit: FAudioDevice initialized.
[2017.05.08-22.32.40:024][806]LogLoad: Game class is 'MarketBluePrint_C'
[2017.05.08-22.32.40:028][806]LogWorld: Bringing World /Game/StarterContent/Maps/UEDPIE_0_Minimal_Default.Minimal_Default up for play (max tick rate 0) at 2017.05.08-15.32.40
[2017.05.08-22.32.40:029][806]LogWorld: Bringing up level for play took: 0.002175
[2017.05.08-22.32.40:034][806]PIE: Info Play in editor start time for /Game/StarterContent/Maps/UEDPIE_0_Minimal_Default -0.372
[2017.05.08-22.32.40:035][806]LogBlueprintUserMessages: Late PlayInEditor Detection: Level '/Game/StarterContent/Maps/Minimal_Default.Minimal_Default:PersistentLevel' has LevelScriptBlueprint '/Game/StarterContent/Maps/Minimal_Default.Minimal_Default:PersistentLevel.Minimal_Default' with GeneratedClass '/Game/StarterContent/Maps/Minimal_Default.Minimal_Default_C' with ClassGeneratedBy '/Game/StarterContent/Maps/Minimal_Default.Minimal_Default:PersistentLevel.Minimal_Default'
[2017.05.08-22.32.40:059][806]LogRenderer: Reallocating scene render targets to support 1292x756 NumSamples 1 (Frame:7881).
[2017.05.08-22.32.48:098][763]LogBlueprintUserMessages: Early EndPlayMap Detection: Level '/Game/StarterContent/Maps/Minimal_Default.Minimal_Default:PersistentLevel' has LevelScriptBlueprint '/Game/StarterContent/Maps/Minimal_Default.Minimal_Default:PersistentLevel.Minimal_Default' with GeneratedClass '/Game/StarterContent/Maps/Minimal_Default.Minimal_Default_C' with ClassGeneratedBy '/Game/StarterContent/Maps/Minimal_Default.Minimal_Default:PersistentLevel.Minimal_Default'
[2017.05.08-22.32.48:145][763]LogBlueprintUserMessages: Late EndPlayMap Detection: Level '/Game/StarterContent/Maps/Minimal_Default.Minimal_Default:PersistentLevel' has LevelScriptBlueprint '/Game/StarterContent/Maps/Minimal_Default.Minimal_Default:PersistentLevel.Minimal_Default' with GeneratedClass '/Game/StarterContent/Maps/Minimal_Default.Minimal_Default_C' with ClassGeneratedBy '/Game/StarterContent/Maps/Minimal_Default.Minimal_Default:PersistentLevel.Minimal_Default'
[2017.05.08-22.33.32:138][923]LogTemp: Repeting last play command: Selected Viewport
[2017.05.08-22.33.32:158][923]LogBlueprintUserMessages: Early PlayInEditor Detection: Level '/Game/StarterContent/Maps/Minimal_Default.Minimal_Default:PersistentLevel' has LevelScriptBlueprint '/Game/StarterContent/Maps/Minimal_Default.Minimal_Default:PersistentLevel.Minimal_Default' with GeneratedClass '/Game/StarterContent/Maps/Minimal_Default.Minimal_Default_C' with ClassGeneratedBy '/Game/StarterContent/Maps/Minimal_Default.Minimal_Default:PersistentLevel.Minimal_Default'
[2017.05.08-22.33.32:158][923]BlueprintLog: New page: Pre-Play auto-recompile
[2017.05.08-22.33.32:158][923]LogPlayLevel: [PlayLevel] Compiling PickupActor before play...
[2017.05.08-22.33.32:259][923]LogPlayLevel: PlayLevel: Blueprint regeneration took 101 ms (1 blueprints)
[2017.05.08-22.33.32:259][923]PIE: New page: PIE session: Minimal_Default (May 8, 2017, 8:33:32 AM)
[2017.05.08-22.33.32:259][923]LogPlayLevel: Creating play world package: /Game/StarterContent/Maps/UEDPIE_0_Minimal_Default
[2017.05.08-22.33.32:262][923]LogPlayLevel: PIE: StaticDuplicateObject took: (0.002708s)
[2017.05.08-22.33.32:262][923]LogAIModule: Creating AISystem for world Minimal_Default
[2017.05.08-22.33.32:262][923]LogPlayLevel: PIE: World Init took: (0.000550s)
[2017.05.08-22.33.32:262][923]LogPlayLevel: PIE: Created PIE world by copying editor world from /Game/StarterContent/Maps/Minimal_Default.Minimal_Default to /Game/StarterContent/Maps/UEDPIE_0_Minimal_Default.Minimal_Default (0.003439s)
[2017.05.08-22.33.32:294][923]LogInit: XAudio2 using 'Headphones (High Definition Audio Device)' : 2 channels at 44.1 kHz using 16 bits per sample (channel mask 0x3)
[2017.05.08-22.33.32:302][923]LogInit: FAudioDevice initialized.
[2017.05.08-22.33.32:364][923]LogLoad: Game class is 'MarketBluePrint_C'
[2017.05.08-22.33.32:367][923]LogWorld: Bringing World /Game/StarterContent/Maps/UEDPIE_0_Minimal_Default.Minimal_Default up for play (max tick rate 0) at 2017.05.08-15.33.32
[2017.05.08-22.33.32:368][923]LogWorld: Bringing up level for play took: 0.001942
[2017.05.08-22.33.32:371][923]PIE: Info Play in editor start time for /Game/StarterContent/Maps/UEDPIE_0_Minimal_Default -0.042
[2017.05.08-22.33.32:372][923]LogBlueprintUserMessages: Late PlayInEditor Detection: Level '/Game/StarterContent/Maps/Minimal_Default.Minimal_Default:PersistentLevel' has LevelScriptBlueprint '/Game/StarterContent/Maps/Minimal_Default.Minimal_Default:PersistentLevel.Minimal_Default' with GeneratedClass '/Game/StarterContent/Maps/Minimal_Default.Minimal_Default_C' with ClassGeneratedBy '/Game/StarterContent/Maps/Minimal_Default.Minimal_Default:PersistentLevel.Minimal_Default'
[2017.05.08-22.33.37:332][508]LogBlueprintUserMessages: Early EndPlayMap Detection: Level '/Game/StarterContent/Maps/Minimal_Default.Minimal_Default:PersistentLevel' has LevelScriptBlueprint '/Game/StarterContent/Maps/Minimal_Default.Minimal_Default:PersistentLevel.Minimal_Default' with GeneratedClass '/Game/StarterContent/Maps/Minimal_Default.Minimal_Default_C' with ClassGeneratedBy '/Game/StarterContent/Maps/Minimal_Default.Minimal_Default:PersistentLevel.Minimal_Default'
[2017.05.08-22.33.37:379][508]LogBlueprintUserMessages: Late EndPlayMap Detection: Level '/Game/StarterContent/Maps/Minimal_Default.Minimal_Default:PersistentLevel' has LevelScriptBlueprint '/Game/StarterContent/Maps/Minimal_Default.Minimal_Default:PersistentLevel.Minimal_Default' with GeneratedClass '/Game/StarterContent/Maps/Minimal_Default.Minimal_Default_C' with ClassGeneratedBy '/Game/StarterContent/Maps/Minimal_Default.Minimal_Default:PersistentLevel.Minimal_Default'
[2017.05.08-22.35.52:095][569]BlueprintLog: New page: Compile PickupActor
[2017.05.08-22.35.52:975][649]Cmd: OBJ SAVEPACKAGE PACKAGE="/Game/XaviersShit/PickupActor" FILE="../../../../../Users/xavier.melton/Desktop/Doti_Year_1_Final_AIE/DOTI_AIE_Y1_FINAL/Content/XaviersShit/PickupActor.uasset" SILENT=true
[2017.05.08-22.35.53:022][649]LogSavePackage: Save=30.43ms
[2017.05.08-22.35.53:022][649]LogSavePackage: Moving '../../../../../Users/xavier.melton/Desktop/Doti_Year_1_Final_AIE/DOTI_AIE_Y1_FINAL/Saved/PickupActorB5F877B64FB8BDCE102E22AE995F077B.tmp' to '../../../../../Users/xavier.melton/Desktop/Doti_Year_1_Final_AIE/DOTI_AIE_Y1_FINAL/Content/XaviersShit/PickupActor.uasset'
[2017.05.08-22.35.53:030][649]LogSavePackage:Display: Finished SavePackage ../../../../../Users/xavier.melton/Desktop/Doti_Year_1_Final_AIE/DOTI_AIE_Y1_FINAL/Content/XaviersShit/PickupActor.uasset
[2017.05.08-22.35.53:552][710]LogTemp: Repeting last play command: Selected Viewport
[2017.05.08-22.35.53:572][710]LogBlueprintUserMessages: Early PlayInEditor Detection: Level '/Game/StarterContent/Maps/Minimal_Default.Minimal_Default:PersistentLevel' has LevelScriptBlueprint '/Game/StarterContent/Maps/Minimal_Default.Minimal_Default:PersistentLevel.Minimal_Default' with GeneratedClass '/Game/StarterContent/Maps/Minimal_Default.Minimal_Default_C' with ClassGeneratedBy '/Game/StarterContent/Maps/Minimal_Default.Minimal_Default:PersistentLevel.Minimal_Default'
[2017.05.08-22.35.53:572][710]LogPlayLevel: PlayLevel: No blueprints needed recompiling
[2017.05.08-22.35.53:572][710]PIE: New page: PIE session: Minimal_Default (May 8, 2017, 8:35:53 AM)
[2017.05.08-22.35.53:572][710]LogPlayLevel: Creating play world package: /Game/StarterContent/Maps/UEDPIE_0_Minimal_Default
[2017.05.08-22.35.53:575][710]LogPlayLevel: PIE: StaticDuplicateObject took: (0.002453s)
[2017.05.08-22.35.53:575][710]LogAIModule: Creating AISystem for world Minimal_Default
[2017.05.08-22.35.53:575][710]LogPlayLevel: PIE: World Init took: (0.000509s)
[2017.05.08-22.35.53:575][710]LogPlayLevel: PIE: Created PIE world by copying editor world from /Game/StarterContent/Maps/Minimal_Default.Minimal_Default to /Game/StarterContent/Maps/UEDPIE_0_Minimal_Default.Minimal_Default (0.003129s)
[2017.05.08-22.35.53:615][710]LogInit: XAudio2 using 'Headphones (High Definition Audio Device)' : 2 channels at 44.1 kHz using 16 bits per sample (channel mask 0x3)
[2017.05.08-22.35.53:629][710]LogInit: FAudioDevice initialized.
[2017.05.08-22.35.53:698][710]LogLoad: Game class is 'MarketBluePrint_C'
[2017.05.08-22.35.53:702][710]LogWorld: Bringing World /Game/StarterContent/Maps/UEDPIE_0_Minimal_Default.Minimal_Default up for play (max tick rate 0) at 2017.05.08-15.35.53
[2017.05.08-22.35.53:703][710]LogWorld: Bringing up level for play took: 0.002377
[2017.05.08-22.35.53:708][710]PIE: Info Play in editor start time for /Game/StarterContent/Maps/UEDPIE_0_Minimal_Default -0.721
[2017.05.08-22.35.53:709][710]LogBlueprintUserMessages: Late PlayInEditor Detection: Level '/Game/StarterContent/Maps/Minimal_Default.Minimal_Default:PersistentLevel' has LevelScriptBlueprint '/Game/StarterContent/Maps/Minimal_Default.Minimal_Default:PersistentLevel.Minimal_Default' with GeneratedClass '/Game/StarterContent/Maps/Minimal_Default.Minimal_Default_C' with ClassGeneratedBy '/Game/StarterContent/Maps/Minimal_Default.Minimal_Default:PersistentLevel.Minimal_Default'
[2017.05.08-22.35.58:513][270]LogBlueprintUserMessages: Early EndPlayMap Detection: Level '/Game/StarterContent/Maps/Minimal_Default.Minimal_Default:PersistentLevel' has LevelScriptBlueprint '/Game/StarterContent/Maps/Minimal_Default.Minimal_Default:PersistentLevel.Minimal_Default' with GeneratedClass '/Game/StarterContent/Maps/Minimal_Default.Minimal_Default_C' with ClassGeneratedBy '/Game/StarterContent/Maps/Minimal_Default.Minimal_Default:PersistentLevel.Minimal_Default'
[2017.05.08-22.35.58:558][270]LogBlueprintUserMessages: Late EndPlayMap Detection: Level '/Game/StarterContent/Maps/Minimal_Default.Minimal_Default:PersistentLevel' has LevelScriptBlueprint '/Game/StarterContent/Maps/Minimal_Default.Minimal_Default:PersistentLevel.Minimal_Default' with GeneratedClass '/Game/StarterContent/Maps/Minimal_Default.Minimal_Default_C' with ClassGeneratedBy '/Game/StarterContent/Maps/Minimal_Default.Minimal_Default:PersistentLevel.Minimal_Default'
[2017.05.08-22.36.05:812][130]LogEditorViewport: Clicking on Actor (LMB): BP_Sky_Sphere_C (BP_Sky_Sphere)
[2017.05.08-22.36.37:610][729]LogTemp: Repeting last play command: Selected Viewport
[2017.05.08-22.36.37:630][729]LogBlueprintUserMessages: Early PlayInEditor Detection: Level '/Game/StarterContent/Maps/Minimal_Default.Minimal_Default:PersistentLevel' has LevelScriptBlueprint '/Game/StarterContent/Maps/Minimal_Default.Minimal_Default:PersistentLevel.Minimal_Default' with GeneratedClass '/Game/StarterContent/Maps/Minimal_Default.Minimal_Default_C' with ClassGeneratedBy '/Game/StarterContent/Maps/Minimal_Default.Minimal_Default:PersistentLevel.Minimal_Default'
[2017.05.08-22.36.37:630][729]LogPlayLevel: PlayLevel: No blueprints needed recompiling
[2017.05.08-22.36.37:630][729]PIE: New page: PIE session: Minimal_Default (May 8, 2017, 8:36:37 AM)
[2017.05.08-22.36.37:631][729]LogPlayLevel: Creating play world package: /Game/StarterContent/Maps/UEDPIE_0_Minimal_Default
[2017.05.08-22.36.37:633][729]LogPlayLevel: PIE: StaticDuplicateObject took: (0.002416s)
[2017.05.08-22.36.37:633][729]LogAIModule: Creating AISystem for world Minimal_Default
[2017.05.08-22.36.37:634][729]LogPlayLevel: PIE: World Init took: (0.000518s)
[2017.05.08-22.36.37:634][729]LogPlayLevel: PIE: Created PIE world by copying editor world from /Game/StarterContent/Maps/Minimal_Default.Minimal_Default to /Game/StarterContent/Maps/UEDPIE_0_Minimal_Default.Minimal_Default (0.003106s)
[2017.05.08-22.36.37:669][729]LogInit: XAudio2 using 'Headphones (High Definition Audio Device)' : 2 channels at 44.1 kHz using 16 bits per sample (channel mask 0x3)
[2017.05.08-22.36.37:678][729]LogInit: FAudioDevice initialized.
[2017.05.08-22.36.37:741][729]LogLoad: Game class is 'MarketBluePrint_C'
[2017.05.08-22.36.37:745][729]LogWorld: Bringing World /Game/StarterContent/Maps/UEDPIE_0_Minimal_Default.Minimal_Default up for play (max tick rate 0) at 2017.05.08-15.36.37
[2017.05.08-22.36.37:745][729]LogWorld: Bringing up level for play took: 0.002165
[2017.05.08-22.36.37:749][729]PIE: Info Play in editor start time for /Game/StarterContent/Maps/UEDPIE_0_Minimal_Default -0.685
[2017.05.08-22.36.37:750][729]LogBlueprintUserMessages: Late PlayInEditor Detection: Level '/Game/StarterContent/Maps/Minimal_Default.Minimal_Default:PersistentLevel' has LevelScriptBlueprint '/Game/StarterContent/Maps/Minimal_Default.Minimal_Default:PersistentLevel.Minimal_Default' with GeneratedClass '/Game/StarterContent/Maps/Minimal_Default.Minimal_Default_C' with ClassGeneratedBy '/Game/StarterContent/Maps/Minimal_Default.Minimal_Default:PersistentLevel.Minimal_Default'
[2017.05.08-22.36.38:770][841]LogBlueprintUserMessages: Early EndPlayMap Detection: Level '/Game/StarterContent/Maps/Minimal_Default.Minimal_Default:PersistentLevel' has LevelScriptBlueprint '/Game/StarterContent/Maps/Minimal_Default.Minimal_Default:PersistentLevel.Minimal_Default' with GeneratedClass '/Game/StarterContent/Maps/Minimal_Default.Minimal_Default_C' with ClassGeneratedBy '/Game/StarterContent/Maps/Minimal_Default.Minimal_Default:PersistentLevel.Minimal_Default'
[2017.05.08-22.36.38:849][841]LogBlueprintUserMessages: Late EndPlayMap Detection: Level '/Game/StarterContent/Maps/Minimal_Default.Minimal_Default:PersistentLevel' has LevelScriptBlueprint '/Game/StarterContent/Maps/Minimal_Default.Minimal_Default:PersistentLevel.Minimal_Default' with GeneratedClass '/Game/StarterContent/Maps/Minimal_Default.Minimal_Default_C' with ClassGeneratedBy '/Game/StarterContent/Maps/Minimal_Default.Minimal_Default:PersistentLevel.Minimal_Default'
[2017.05.08-22.37.32:357][968]LogSlate:Warning: Prevented a slow task dialog from being summoned while a context menu was open
[2017.05.08-22.37.55:941][769]BlueprintLog: New page: Compile MarketBluePrint
[2017.05.08-22.37.56:617][817]LogSavePackage: Save=8.20ms
[2017.05.08-22.37.56:617][817]LogSavePackage: Moving '../../../../../Users/xavier.melton/Desktop/Doti_Year_1_Final_AIE/DOTI_AIE_Y1_FINAL/Saved/MarketBluePrint074D1FBD4C4C05039DBD58B244E0B4B1.tmp' to '../../../../../Users/xavier.melton/Desktop/Doti_Year_1_Final_AIE/DOTI_AIE_Y1_FINAL/Content/MattsStuff/MarketBluePrint.uasset'
[2017.05.08-22.37.56:622][817]LogSavePackage:Display: Finished SavePackage ../../../../../Users/xavier.melton/Desktop/Doti_Year_1_Final_AIE/DOTI_AIE_Y1_FINAL/Content/MattsStuff/MarketBluePrint.uasset
[2017.05.08-22.37.58:220][  0]LogTemp: Repeting last play command: Selected Viewport
[2017.05.08-22.37.58:241][  0]LogBlueprintUserMessages: Early PlayInEditor Detection: Level '/Game/StarterContent/Maps/Minimal_Default.Minimal_Default:PersistentLevel' has LevelScriptBlueprint '/Game/StarterContent/Maps/Minimal_Default.Minimal_Default:PersistentLevel.Minimal_Default' with GeneratedClass '/Game/StarterContent/Maps/Minimal_Default.Minimal_Default_C' with ClassGeneratedBy '/Game/StarterContent/Maps/Minimal_Default.Minimal_Default:PersistentLevel.Minimal_Default'
[2017.05.08-22.37.58:241][  0]LogPlayLevel: PlayLevel: No blueprints needed recompiling
[2017.05.08-22.37.58:241][  0]PIE: New page: PIE session: Minimal_Default (May 8, 2017, 8:37:58 AM)
[2017.05.08-22.37.58:242][  0]LogPlayLevel: Creating play world package: /Game/StarterContent/Maps/UEDPIE_0_Minimal_Default
[2017.05.08-22.37.58:247][  0]LogPlayLevel: PIE: StaticDuplicateObject took: (0.005697s)
[2017.05.08-22.37.58:248][  0]LogAIModule: Creating AISystem for world Minimal_Default
[2017.05.08-22.37.58:248][  0]LogPlayLevel: PIE: World Init took: (0.001055s)
[2017.05.08-22.37.58:249][  0]LogPlayLevel: PIE: Created PIE world by copying editor world from /Game/StarterContent/Maps/Minimal_Default.Minimal_Default to /Game/StarterContent/Maps/UEDPIE_0_Minimal_Default.Minimal_Default (0.007099s)
[2017.05.08-22.37.58:286][  0]LogInit: XAudio2 using 'Headphones (High Definition Audio Device)' : 2 channels at 44.1 kHz using 16 bits per sample (channel mask 0x3)
[2017.05.08-22.37.58:293][  0]LogInit: FAudioDevice initialized.
[2017.05.08-22.37.58:322][  0]LogLoad: Game class is 'MarketBluePrint_C'
[2017.05.08-22.37.58:324][  0]LogWorld: Bringing World /Game/StarterContent/Maps/UEDPIE_0_Minimal_Default.Minimal_Default up for play (max tick rate 0) at 2017.05.08-15.37.58
[2017.05.08-22.37.58:324][  0]LogWorld: Bringing up level for play took: 0.001130
[2017.05.08-22.37.58:326][  0]PIE: Info Play in editor start time for /Game/StarterContent/Maps/UEDPIE_0_Minimal_Default -0.118
[2017.05.08-22.37.58:326][  0]LogBlueprintUserMessages: Late PlayInEditor Detection: Level '/Game/StarterContent/Maps/Minimal_Default.Minimal_Default:PersistentLevel' has LevelScriptBlueprint '/Game/StarterContent/Maps/Minimal_Default.Minimal_Default:PersistentLevel.Minimal_Default' with GeneratedClass '/Game/StarterContent/Maps/Minimal_Default.Minimal_Default_C' with ClassGeneratedBy '/Game/StarterContent/Maps/Minimal_Default.Minimal_Default:PersistentLevel.Minimal_Default'
[2017.05.08-22.38.06:320][952]LogBlueprintUserMessages: Early EndPlayMap Detection: Level '/Game/StarterContent/Maps/Minimal_Default.Minimal_Default:PersistentLevel' has LevelScriptBlueprint '/Game/StarterContent/Maps/Minimal_Default.Minimal_Default:PersistentLevel.Minimal_Default' with GeneratedClass '/Game/StarterContent/Maps/Minimal_Default.Minimal_Default_C' with ClassGeneratedBy '/Game/StarterContent/Maps/Minimal_Default.Minimal_Default:PersistentLevel.Minimal_Default'
[2017.05.08-22.38.06:366][952]LogBlueprintUserMessages: Late EndPlayMap Detection: Level '/Game/StarterContent/Maps/Minimal_Default.Minimal_Default:PersistentLevel' has LevelScriptBlueprint '/Game/StarterContent/Maps/Minimal_Default.Minimal_Default:PersistentLevel.Minimal_Default' with GeneratedClass '/Game/StarterContent/Maps/Minimal_Default.Minimal_Default_C' with ClassGeneratedBy '/Game/StarterContent/Maps/Minimal_Default.Minimal_Default:PersistentLevel.Minimal_Default'
[2017.05.08-22.38.12:972][638]LogEditorViewport: Clicking on Actor (LMB): BP_Sky_Sphere_C (BP_Sky_Sphere)
[2017.05.08-22.38.28:244][216]LogEditorViewport: Clicking on Actor (LMB): BP_Sky_Sphere_C (BP_Sky_Sphere)
[2017.05.08-22.38.28:769][271]LogTemp: Repeting last play command: Selected Viewport
[2017.05.08-22.38.28:791][271]LogBlueprintUserMessages: Early PlayInEditor Detection: Level '/Game/StarterContent/Maps/Minimal_Default.Minimal_Default:PersistentLevel' has LevelScriptBlueprint '/Game/StarterContent/Maps/Minimal_Default.Minimal_Default:PersistentLevel.Minimal_Default' with GeneratedClass '/Game/StarterContent/Maps/Minimal_Default.Minimal_Default_C' with ClassGeneratedBy '/Game/StarterContent/Maps/Minimal_Default.Minimal_Default:PersistentLevel.Minimal_Default'
[2017.05.08-22.38.28:791][271]LogPlayLevel: PlayLevel: No blueprints needed recompiling
[2017.05.08-22.38.28:791][271]PIE: New page: PIE session: Minimal_Default (May 8, 2017, 8:38:28 AM)
[2017.05.08-22.38.28:791][271]LogPlayLevel: Creating play world package: /Game/StarterContent/Maps/UEDPIE_0_Minimal_Default
[2017.05.08-22.38.28:794][271]LogPlayLevel: PIE: StaticDuplicateObject took: (0.002461s)
[2017.05.08-22.38.28:794][271]LogAIModule: Creating AISystem for world Minimal_Default
[2017.05.08-22.38.28:794][271]LogPlayLevel: PIE: World Init took: (0.000527s)
[2017.05.08-22.38.28:794][271]LogPlayLevel: PIE: Created PIE world by copying editor world from /Game/StarterContent/Maps/Minimal_Default.Minimal_Default to /Game/StarterContent/Maps/UEDPIE_0_Minimal_Default.Minimal_Default (0.003154s)
[2017.05.08-22.38.28:842][271]LogInit: XAudio2 using 'Headphones (High Definition Audio Device)' : 2 channels at 44.1 kHz using 16 bits per sample (channel mask 0x3)
[2017.05.08-22.38.28:855][271]LogInit: FAudioDevice initialized.
[2017.05.08-22.38.28:888][271]LogLoad: Game class is 'MarketBluePrint_C'
[2017.05.08-22.38.28:892][271]LogWorld: Bringing World /Game/StarterContent/Maps/UEDPIE_0_Minimal_Default.Minimal_Default up for play (max tick rate 0) at 2017.05.08-15.38.28
[2017.05.08-22.38.28:893][271]LogWorld: Bringing up level for play took: 0.002279
[2017.05.08-22.38.28:895][271]PIE: Info Play in editor start time for /Game/StarterContent/Maps/UEDPIE_0_Minimal_Default 0.447
[2017.05.08-22.38.28:896][271]LogBlueprintUserMessages: Late PlayInEditor Detection: Level '/Game/StarterContent/Maps/Minimal_Default.Minimal_Default:PersistentLevel' has LevelScriptBlueprint '/Game/StarterContent/Maps/Minimal_Default.Minimal_Default:PersistentLevel.Minimal_Default' with GeneratedClass '/Game/StarterContent/Maps/Minimal_Default.Minimal_Default_C' with ClassGeneratedBy '/Game/StarterContent/Maps/Minimal_Default.Minimal_Default:PersistentLevel.Minimal_Default'
[2017.05.08-22.38.37:736][320]LogBlueprintUserMessages: Early EndPlayMap Detection: Level '/Game/StarterContent/Maps/Minimal_Default.Minimal_Default:PersistentLevel' has LevelScriptBlueprint '/Game/StarterContent/Maps/Minimal_Default.Minimal_Default:PersistentLevel.Minimal_Default' with GeneratedClass '/Game/StarterContent/Maps/Minimal_Default.Minimal_Default_C' with ClassGeneratedBy '/Game/StarterContent/Maps/Minimal_Default.Minimal_Default:PersistentLevel.Minimal_Default'
[2017.05.08-22.38.37:781][320]LogBlueprintUserMessages: Late EndPlayMap Detection: Level '/Game/StarterContent/Maps/Minimal_Default.Minimal_Default:PersistentLevel' has LevelScriptBlueprint '/Game/StarterContent/Maps/Minimal_Default.Minimal_Default:PersistentLevel.Minimal_Default' with GeneratedClass '/Game/StarterContent/Maps/Minimal_Default.Minimal_Default_C' with ClassGeneratedBy '/Game/StarterContent/Maps/Minimal_Default.Minimal_Default:PersistentLevel.Minimal_Default'
[2017.05.08-22.39.13:180][701]LogSavePackage: Save=110.12ms
[2017.05.08-22.39.13:180][701]LogSavePackage: Moving '../../../../../Users/xavier.melton/Desktop/Doti_Year_1_Final_AIE/DOTI_AIE_Y1_FINAL/Saved/Minimal_Default_Auto1D0B650C94F1AC307830031B9188CBCB2.tmp' to '../../../../../Users/xavier.melton/Desktop/Doti_Year_1_Final_AIE/DOTI_AIE_Y1_FINAL/Saved/Autosaves/Game/StarterContent/Maps/Minimal_Default_Auto1.umap'
[2017.05.08-22.39.13:183][701]LogSavePackage:Display: Finished SavePackage ../../../../../Users/xavier.melton/Desktop/Doti_Year_1_Final_AIE/DOTI_AIE_Y1_FINAL/Saved/Autosaves/Game/StarterContent/Maps/Minimal_Default_Auto1.umap
[2017.05.08-22.39.13:186][701]LogFileHelpers: Editor autosave (incl. sublevels) for '/Game/StarterContent/Maps/Minimal_Default' took 0.158
[2017.05.08-22.39.13:186][701]LogFileHelpers: Editor autosave (incl. sublevels) for all levels took 0.158
[2017.05.08-22.39.21:353][814]LogSavePackage: Save=125.45ms
[2017.05.08-22.39.21:353][814]LogSavePackage: Moving '../../../../../Users/xavier.melton/Desktop/Doti_Year_1_Final_AIE/DOTI_AIE_Y1_FINAL/Saved/Minimal_Default4591EF5E401383714C8F949069750CED.tmp' to '../../../../../Users/xavier.melton/Desktop/Doti_Year_1_Final_AIE/DOTI_AIE_Y1_FINAL/Content/StarterContent/Maps/Minimal_Default.umap'
[2017.05.08-22.39.21:363][814]LogSavePackage:Display: Finished SavePackage ../../../../../Users/xavier.melton/Desktop/Doti_Year_1_Final_AIE/DOTI_AIE_Y1_FINAL/Content/StarterContent/Maps/Minimal_Default.umap
[2017.05.08-22.39.21:412][814]LogFileHelpers: Saving map 'Minimal_Default' took 0.298
[2017.05.08-22.39.21:555][814]LogActorComponent: UnregisterComponent: (/Engine/Transient.EditorFloorComp) Not registered. Aborting.
[2017.05.08-22.39.21:605][814]LogActorComponent: UnregisterComponent: (/Engine/Transient.EditorFloorComp) Not registered. Aborting.
[2017.05.08-22.39.21:654][814]LogActorComponent: UnregisterComponent: (/Engine/Transient.EditorFloorComp) Not registered. Aborting.
[2017.05.08-22.39.21:895][815]Cmd: QUIT_EDITOR
[2017.05.08-22.39.22:008][815]LogExit: Preparing to exit.
[2017.05.08-22.39.23:186][815]LogDirectoryWatcher: A directory notification failed for 'C:/Users/xavier.melton/Desktop/Doti_Year_1_Final_AIE/DOTI_AIE_Y1_FINAL/Content/', and we were unable to create a new request.
[2017.05.08-22.39.23:240][815]LogExit: Editor shut down
[2017.05.08-22.39.23:240][815]LogExit: Transaction tracking system shut down
[2017.05.08-22.39.23:384][815]LogObj: Freed 0b from 0 cluster array pools.
[2017.05.08-22.39.23:384][815]LogExit: Object subsystem successfully closed.
[2017.05.08-22.39.23:404][815]LogD3D11RHI: Shutdown
[2017.05.08-22.39.23:404][815]LogD3D11RHI: CleanupD3DDevice
[2017.05.08-22.39.23:480][815]LogD3D11RHI: ~FD3D11DynamicRHI
[2017.05.08-22.39.23:494][815]LogModuleManager: Shutting down and abandoning module MovieSceneCapture (506)
[2017.05.08-22.39.23:494][815]LogModuleManager: Shutting down and abandoning module ExternalImagePicker (504)
[2017.05.08-22.39.23:494][815]LogModuleManager: Shutting down and abandoning module BlueprintGraph (502)
[2017.05.08-22.39.23:494][815]LogModuleManager: Shutting down and abandoning module BlueprintProfiler (500)
[2017.05.08-22.39.23:494][815]LogModuleManager: Shutting down and abandoning module HierarchicalLODOutliner (498)
[2017.05.08-22.39.23:494][815]LogModuleManager: Shutting down and abandoning module CrashTracker (496)
[2017.05.08-22.39.23:494][815]LogModuleManager: Shutting down and abandoning module SceneOutliner (494)
[2017.05.08-22.39.23:494][815]LogModuleManager: Shutting down and abandoning module AddContentDialog (492)
[2017.05.08-22.39.23:494][815]LogDirectoryWatcher: A directory notification for 'C:/Epic Games/UE_4.15/FeaturePacks/' was aborted.
[2017.05.08-22.39.23:495][815]LogModuleManager: Shutting down and abandoning module WidgetCarousel (491)
[2017.05.08-22.39.23:495][815]LogModuleManager: Shutting down and abandoning module EditorWidgets (488)
[2017.05.08-22.39.23:495][815]LogModuleManager: Shutting down and abandoning module CollectionManager (486)
[2017.05.08-22.39.23:495][815]LogDirectoryWatcher: A directory notification for 'C:/Users/xavier.melton/Desktop/Doti_Year_1_Final_AIE/DOTI_AIE_Y1_FINAL/Content/Collections/' was aborted.
[2017.05.08-22.39.23:495][815]LogDirectoryWatcher: A directory notification for 'C:/Users/xavier.melton/Desktop/Doti_Year_1_Final_AIE/DOTI_AIE_Y1_FINAL/Content/Developers/xaviermelton/Collections/' was aborted.
[2017.05.08-22.39.23:495][815]LogDirectoryWatcher: A directory notification for 'C:/Users/xavier.melton/Desktop/Doti_Year_1_Final_AIE/DOTI_AIE_Y1_FINAL/Saved/Collections/' was aborted.
[2017.05.08-22.39.23:495][815]LogModuleManager: Shutting down and abandoning module StatsViewer (484)
[2017.05.08-22.39.23:495][815]LogModuleManager: Shutting down and abandoning module FoliageEdit (482)
[2017.05.08-22.39.23:495][815]LogModuleManager: Shutting down and abandoning module LandscapeEditor (480)
[2017.05.08-22.39.23:495][815]LogModuleManager: Shutting down and abandoning module SceneDepthPickerMode (478)
[2017.05.08-22.39.23:495][815]LogModuleManager: Shutting down and abandoning module ActorPickerMode (476)
[2017.05.08-22.39.23:495][815]LogModuleManager: Shutting down and abandoning module GeometryMode (474)
[2017.05.08-22.39.23:495][815]LogModuleManager: Shutting down and abandoning module TextureAlignMode (472)
[2017.05.08-22.39.23:495][815]LogModuleManager: Shutting down and abandoning module BspMode (470)
[2017.05.08-22.39.23:495][815]LogModuleManager: Shutting down and abandoning module HardwareSurvey (468)
[2017.05.08-22.39.23:495][815]LogModuleManager: Shutting down and abandoning module SequenceRecorderSections (466)
[2017.05.08-22.39.23:495][815]LogModuleManager: Shutting down and abandoning module AutomationWorker (464)
[2017.05.08-22.39.23:495][815]LogModuleManager: Shutting down and abandoning module MatineeToLevelSequence (462)
[2017.05.08-22.39.23:495][815]LogModuleManager: Shutting down and abandoning module LevelSequenceEditor (460)
[2017.05.08-22.39.23:495][815]LogModuleManager: Shutting down and abandoning module PlacementMode (459)
[2017.05.08-22.39.23:495][815]LogModuleManager: Shutting down and abandoning module WmfMediaFactory (456)
[2017.05.08-22.39.23:495][815]LogModuleManager: Shutting down and abandoning module WmfMediaEditor (454)
[2017.05.08-22.39.23:495][815]LogModuleManager: Shutting down and abandoning module MfMediaFactory (452)
[2017.05.08-22.39.23:495][815]LogModuleManager: Shutting down and abandoning module MfMediaEditor (450)
[2017.05.08-22.39.23:495][815]LogModuleManager: Shutting down and abandoning module AvfMediaFactory (448)
[2017.05.08-22.39.23:495][815]LogModuleManager: Shutting down and abandoning module AvfMediaEditor (446)
[2017.05.08-22.39.23:495][815]LogModuleManager: Shutting down and abandoning module AndroidMediaFactory (444)
[2017.05.08-22.39.23:495][815]LogModuleManager: Shutting down and abandoning module Media (443)
[2017.05.08-22.39.23:495][815]LogModuleManager: Shutting down and abandoning module AndroidMediaEditor (440)
[2017.05.08-22.39.23:495][815]LogModuleManager: Shutting down and abandoning module CharacterAI (438)
[2017.05.08-22.39.23:495][815]LogModuleManager: Shutting down and abandoning module AudioCapture (436)
[2017.05.08-22.39.23:495][815]LogModuleManager: Shutting down and abandoning module SequenceRecorder (435)
[2017.05.08-22.39.23:495][815]LogModuleManager: Shutting down and abandoning module SmartSnapping (432)
[2017.05.08-22.39.23:495][815]LogModuleManager: Shutting down and abandoning module SessionServices (430)
[2017.05.08-22.39.23:495][815]LogModuleManager: Shutting down and abandoning module ViewportSnapping (428)
[2017.05.08-22.39.23:495][815]LogModuleManager: Shutting down and abandoning module ViewportInteraction (426)
[2017.05.08-22.39.23:495][815]LogModuleManager: Shutting down and abandoning module LogVisualizer (424)
[2017.05.08-22.39.23:496][815]LogModuleManager: Shutting down and abandoning module IntroTutorials (422)
[2017.05.08-22.39.23:496][815]LogModuleManager: Shutting down and abandoning module GameProjectGeneration (421)
[2017.05.08-22.39.23:496][815]LogModuleManager: Shutting down and abandoning module EditorLiveStreaming (418)
[2017.05.08-22.39.23:496][815]LogModuleManager: Shutting down and abandoning module IOSPlatformEditor (416)
[2017.05.08-22.39.23:496][815]LogModuleManager: Shutting down and abandoning module HTML5PlatformEditor (414)
[2017.05.08-22.39.23:496][815]LogModuleManager: Shutting down and abandoning module AndroidPlatformEditor (412)
[2017.05.08-22.39.23:496][815]LogModuleManager: Shutting down and abandoning module AndroidDeviceDetection (411)
[2017.05.08-22.39.23:577][815]LogModuleManager: Shutting down and abandoning module IOSRuntimeSettings (408)
[2017.05.08-22.39.23:577][815]LogModuleManager: Shutting down and abandoning module AndroidRuntimeSettings (406)
[2017.05.08-22.39.23:577][815]LogModuleManager: Shutting down and abandoning module InputBindingEditor (404)
[2017.05.08-22.39.23:577][815]LogModuleManager: Shutting down and abandoning module NiagaraEditor (402)
[2017.05.08-22.39.23:577][815]LogModuleManager: Shutting down and abandoning module MergeActors (400)
[2017.05.08-22.39.23:577][815]LogModuleManager: Shutting down and abandoning module SizeMap (398)
[2017.05.08-22.39.23:578][815]LogModuleManager: Shutting down and abandoning module TreeMap (396)
[2017.05.08-22.39.23:578][815]LogModuleManager: Shutting down and abandoning module ReferenceViewer (394)
[2017.05.08-22.39.23:578][815]LogModuleManager: Shutting down and abandoning module LocalizationDashboard (392)
[2017.05.08-22.39.23:578][815]LogModuleManager: Shutting down and abandoning module LocalizationService (391)
[2017.05.08-22.39.23:578][815]LogModuleManager: Shutting down and abandoning module HardwareTargeting (388)
[2017.05.08-22.39.23:578][815]LogModuleManager: Shutting down and abandoning module DeviceProfileEditor (386)
[2017.05.08-22.39.23:578][815]LogModuleManager: Shutting down and abandoning module UndoHistory (384)
[2017.05.08-22.39.23:578][815]LogModuleManager: Shutting down and abandoning module UserFeedback (382)
[2017.05.08-22.39.23:578][815]LogModuleManager: Shutting down and abandoning module XmlParser (380)
[2017.05.08-22.39.23:578][815]LogModuleManager: Shutting down and abandoning module Blutility (378)
[2017.05.08-22.39.23:578][815]LogModuleManager: Shutting down and abandoning module ProjectSettingsViewer (376)
[2017.05.08-22.39.23:578][815]LogModuleManager: Shutting down and abandoning module ProjectTargetPlatformEditor (375)
[2017.05.08-22.39.23:578][815]LogModuleManager: Shutting down and abandoning module EditorSettingsViewer (372)
[2017.05.08-22.39.23:578][815]LogModuleManager: Shutting down and abandoning module SettingsEditor (370)
[2017.05.08-22.39.23:578][815]LogModuleManager: Shutting down and abandoning module ProjectLauncher (368)
[2017.05.08-22.39.23:578][815]LogModuleManager: Shutting down and abandoning module SessionFrontend (366)
[2017.05.08-22.39.23:578][815]LogModuleManager: Shutting down and abandoning module ProfilerClient (364)
[2017.05.08-22.39.23:578][815]LogModuleManager: Shutting down and abandoning module DeviceManager (362)
[2017.05.08-22.39.23:578][815]LogModuleManager: Shutting down and abandoning module TargetDeviceServices (361)
[2017.05.08-22.39.23:619][815]LogModuleManager: Shutting down and abandoning module AutomationController (358)
[2017.05.08-22.39.23:619][815]LogModuleManager: Shutting down and abandoning module AutomationWindow (356)
[2017.05.08-22.39.23:619][815]LogModuleManager: Shutting down and abandoning module Layers (354)
[2017.05.08-22.39.23:619][815]LogModuleManager: Shutting down and abandoning module ComponentVisualizers (352)
[2017.05.08-22.39.23:619][815]LogModuleManager: Shutting down and abandoning module DetailCustomizations (350)
[2017.05.08-22.39.23:619][815]LogModuleManager: Shutting down and abandoning module PackagesDialog (348)
[2017.05.08-22.39.23:619][815]LogModuleManager: Shutting down and abandoning module Persona (346)
[2017.05.08-22.39.23:619][815]LogModuleManager: Shutting down and abandoning module AnimGraph (345)
[2017.05.08-22.39.23:619][815]LogModuleManager: Shutting down and abandoning module Kismet (342)
[2017.05.08-22.39.23:634][815]LogModuleManager: Shutting down and abandoning module GraphEditor (340)
[2017.05.08-22.39.23:634][815]LogModuleManager: Shutting down and abandoning module ClassViewer (338)
[2017.05.08-22.39.23:636][815]LogModuleManager: Shutting down and abandoning module Toolbox (336)
[2017.05.08-22.39.23:636][815]LogModuleManager: Shutting down and abandoning module ModuleUI (334)
[2017.05.08-22.39.23:636][815]LogModuleManager: Shutting down and abandoning module MovieSceneTools (332)
[2017.05.08-22.39.23:637][815]LogModuleManager: Shutting down and abandoning module OutputLog (330)
[2017.05.08-22.39.23:637][815]LogModuleManager: Shutting down and abandoning module GammaUI (328)
[2017.05.08-22.39.23:637][815]LogModuleManager: Shutting down and abandoning module Documentation (326)
[2017.05.08-22.39.23:637][815]LogModuleManager: Shutting down and abandoning module Niagara (324)
[2017.05.08-22.39.23:637][815]LogModuleManager: Shutting down and abandoning module StreamingPauseRendering (322)
[2017.05.08-22.39.23:637][815]LogModuleManager: Shutting down and abandoning module AnalyticsET (320)
[2017.05.08-22.39.23:637][815]LogModuleManager: Shutting down and abandoning module PortalServices (318)
[2017.05.08-22.39.23:637][815]LogModuleManager: Shutting down and abandoning module PortalRpc (316)
[2017.05.08-22.39.23:637][815]LogModuleManager: Shutting down and abandoning module MessagingRpc (314)
[2017.05.08-22.39.23:637][815]LogModuleManager: Shutting down and abandoning module AIModule (312)
[2017.05.08-22.39.23:637][815]LogModuleManager: Shutting down and abandoning module GameplayDebugger (311)
[2017.05.08-22.39.23:637][815]LogModuleManager: Shutting down and abandoning module AITestSuite (309)
[2017.05.08-22.39.23:637][815]LogModuleManager: Shutting down and abandoning module ProfilerService (306)
[2017.05.08-22.39.23:817][815]LogModuleManager: Shutting down and abandoning module TaskGraph (304)
[2017.05.08-22.39.23:818][815]LogModuleManager: Shutting down and abandoning module SteamVRController (302)
[2017.05.08-22.39.23:818][815]LogModuleManager: Shutting down and abandoning module SteamVR (300)
[2017.05.08-22.39.23:818][815]LogModuleManager: Shutting down and abandoning module ProceduralMeshComponentEditor (298)
[2017.05.08-22.39.23:818][815]LogModuleManager: Shutting down and abandoning module ProceduralMeshComponent (296)
[2017.05.08-22.39.23:818][815]LogModuleManager: Shutting down and abandoning module OculusLibrary (294)
[2017.05.08-22.39.23:818][815]LogModuleManager: Shutting down and abandoning module OculusInput (292)
[2017.05.08-22.39.23:818][815]LogModuleManager: Shutting down and abandoning module MobilePatchingUtils (290)
[2017.05.08-22.39.23:818][815]LogModuleManager: Shutting down and abandoning module CustomMeshComponent (288)
[2017.05.08-22.39.23:818][815]LogModuleManager: Shutting down and abandoning module CableComponent (286)
[2017.05.08-22.39.23:818][815]LogModuleManager: Shutting down and abandoning module ArchVisCharacter (284)
[2017.05.08-22.39.23:818][815]LogModuleManager: Shutting down and abandoning module MediaPlayerEditor (280)
[2017.05.08-22.39.23:818][815]LogModuleManager: Shutting down and abandoning module HTML5Networking (278)
[2017.05.08-22.39.23:818][815]LogModuleManager: Shutting down and abandoning module AlembicImporter (276)
[2017.05.08-22.39.23:818][815]LogModuleManager: Shutting down and abandoning module AlembicLibrary (275)
[2017.05.08-22.39.23:818][815]LogModuleManager: Shutting down and abandoning module GeometryCache (274)
[2017.05.08-22.39.23:818][815]LogModuleManager: Shutting down and abandoning module GeometryCacheEd (273)
[2017.05.08-22.39.23:818][815]LogModuleManager: Shutting down and abandoning module SuperSearchEditor (268)
[2017.05.08-22.39.23:818][815]LogModuleManager: Shutting down and abandoning module SuperSearch (267)
[2017.05.08-22.39.23:818][815]LogModuleManager: Shutting down and abandoning module SpeedTreeImporter (264)
[2017.05.08-22.39.23:818][815]LogModuleManager: Shutting down and abandoning module PluginBrowser (262)
[2017.05.08-22.39.23:818][815]LogModuleManager: Shutting down and abandoning module MobileLauncherProfileWizard (260)
[2017.05.08-22.39.23:818][815]LogModuleManager: Shutting down and abandoning module EpicSurvey (258)
[2017.05.08-22.39.23:818][815]LogModuleManager: Shutting down and abandoning module VisualStudioSourceCodeAccess (256)
[2017.05.08-22.39.23:818][815]LogModuleManager: Shutting down and abandoning module DesktopPlatform (255)
[2017.05.08-22.39.23:818][815]LogModuleManager: Shutting down and abandoning module UObjectPlugin (252)
[2017.05.08-22.39.23:818][815]LogModuleManager: Shutting down and abandoning module SubversionSourceControl (250)
[2017.05.08-22.39.23:818][815]LogModuleManager: Shutting down and abandoning module PerforceSourceControl (248)
[2017.05.08-22.39.23:818][815]LogModuleManager: Shutting down and abandoning module GitSourceControl (246)
[2017.05.08-22.39.23:818][815]LogModuleManager: Shutting down and abandoning module SourceControl (245)
[2017.05.08-22.39.23:818][815]LogModuleManager: Shutting down and abandoning module LightPropagationVolumeEditor (242)
[2017.05.08-22.39.23:818][815]LogModuleManager: Shutting down and abandoning module PaperTiledImporter (240)
[2017.05.08-22.39.23:819][815]LogModuleManager: Shutting down and abandoning module PaperSpriteSheetImporter (238)
[2017.05.08-22.39.23:819][815]LogModuleManager: Shutting down and abandoning module Paper2DEditor (236)
[2017.05.08-22.39.23:819][815]LogModuleManager: Shutting down and abandoning module MeshPaint (235)
[2017.05.08-22.39.23:819][815]LogModuleManager: Shutting down and abandoning module LevelEditor (233)
[2017.05.08-22.39.23:820][815]LogModuleManager: Shutting down and abandoning module PixelInspectorModule (232)
[2017.05.08-22.39.23:820][815]LogModuleManager: Shutting down and abandoning module MainFrame (230)
[2017.05.08-22.39.23:820][815]LogModuleManager: Shutting down and abandoning module HotReload (229)
[2017.05.08-22.39.23:821][815]LogModuleManager: Shutting down and abandoning module ContentBrowser (225)
[2017.05.08-22.39.23:823][815]LogModuleManager: Shutting down and abandoning module PhysXVehiclesEditor (222)
[2017.05.08-22.39.23:823][815]LogModuleManager: Shutting down and abandoning module PhysXVehicles (220)
[2017.05.08-22.39.23:823][815]LogModuleManager: Shutting down and abandoning module LocationServicesBPLibrary (218)
[2017.05.08-22.39.23:823][815]LogModuleManager: Shutting down and abandoning module UdpMessaging (216)
[2017.05.08-22.39.23:923][815]LogModuleManager: Shutting down and abandoning module TcpMessaging (214)
[2017.05.08-22.39.24:023][815]LogModuleManager: Shutting down and abandoning module GameplayTagsEditor (212)
[2017.05.08-22.39.24:023][815]LogModuleManager: Shutting down and abandoning module FacialAnimationEditor (210)
[2017.05.08-22.39.24:023][815]LogModuleManager: Shutting down and abandoning module FacialAnimation (208)
[2017.05.08-22.39.24:023][815]LogModuleManager: Shutting down and abandoning module LightPropagationVolumeRuntime (206)
[2017.05.08-22.39.24:023][815]LogModuleManager: Shutting down and abandoning module Paper2D (204)
[2017.05.08-22.39.24:023][815]LogModuleManager: Shutting down and abandoning module WindowsMoviePlayer (202)
[2017.05.08-22.39.24:023][815]LogModuleManager: Shutting down and abandoning module WmfMedia (200)
[2017.05.08-22.39.24:024][815]LogModuleManager: Shutting down and abandoning module MfMedia (198)
[2017.05.08-22.39.24:024][815]LogModuleManager: Shutting down and abandoning module MediaAssets (196)
[2017.05.08-22.39.24:024][815]LogModuleManager: Shutting down and abandoning module GameLiveStreaming (194)
[2017.05.08-22.39.24:024][815]LogModuleManager: Shutting down and abandoning module VREditor (192)
[2017.05.08-22.39.24:024][815]LogModuleManager: Shutting down and abandoning module GameplayTasksEditor (190)
[2017.05.08-22.39.24:024][815]LogModuleManager: Shutting down and abandoning module BehaviorTreeEditor (188)
[2017.05.08-22.39.24:024][815]LogModuleManager: Shutting down and abandoning module FunctionalTesting (186)
[2017.05.08-22.39.24:024][815]LogModuleManager: Shutting down and abandoning module CollisionAnalyzer (184)
[2017.05.08-22.39.24:024][815]LogModuleManager: Shutting down and abandoning module UMG (182)
[2017.05.08-22.39.24:024][815]LogModuleManager: Shutting down and abandoning module UMGEditor (181)
[2017.05.08-22.39.24:024][815]LogModuleManager: Shutting down and abandoning module Sequencer (180)
[2017.05.08-22.39.24:024][815]LogModuleManager: Shutting down and abandoning module AssetTools (178)
[2017.05.08-22.39.24:024][815]LogModuleManager: Shutting down and abandoning module MessageLog (177)
[2017.05.08-22.39.24:024][815]LogModuleManager: Shutting down and abandoning module WorkspaceMenuStructure (176)
[2017.05.08-22.39.24:024][815]LogModuleManager: Shutting down and abandoning module SlateReflector (170)
[2017.05.08-22.39.24:024][815]LogModuleManager: Shutting down and abandoning module Slate (168)
[2017.05.08-22.39.24:024][815]LogModuleManager: Shutting down and abandoning module EditorStyle (166)
[2017.05.08-22.39.24:030][815]LogModuleManager: Shutting down and abandoning module SourceCodeAccess (164)
[2017.05.08-22.39.24:030][815]LogModuleManager: Shutting down and abandoning module HeadMountedDisplay (162)
[2017.05.08-22.39.24:030][815]LogModuleManager: Shutting down and abandoning module XAudio2 (160)
[2017.05.08-22.39.24:030][815]LogModuleManager: Shutting down and abandoning module Networking (158)
[2017.05.08-22.39.24:030][815]LogModuleManager: Shutting down and abandoning module Core (154)
[2017.05.08-22.39.24:030][815]LogModuleManager: Shutting down and abandoning module AssetRegistry (152)
[2017.05.08-22.39.24:255][815]LogDirectoryWatcher: A directory notification for '../../../Engine/Content/' was aborted.
[2017.05.08-22.39.24:255][815]LogDirectoryWatcher: A directory notification for '../../../../../Users/xavier.melton/Desktop/Doti_Year_1_Final_AIE/DOTI_AIE_Y1_FINAL/Content/' was aborted.
[2017.05.08-22.39.24:255][815]LogDirectoryWatcher: A directory notification for '../../../Engine/Plugins/2D/Paper2D/Content/' was aborted.
[2017.05.08-22.39.24:255][815]LogModuleManager: Shutting down and abandoning module DirectoryWatcher (151)
[2017.05.08-22.39.24:256][815]LogModuleManager: Shutting down and abandoning module KismetCompiler (148)
[2017.05.08-22.39.24:256][815]LogModuleManager: Shutting down and abandoning module PhysXFormats (146)
[2017.05.08-22.39.24:256][815]LogModuleManager: Shutting down and abandoning module MeshUtilities (144)
[2017.05.08-22.39.24:256][815]LogModuleManager: Shutting down and abandoning module SimplygonSwarm (143)
[2017.05.08-22.39.24:256][815]LogModuleManager: Shutting down and abandoning module SimplygonMeshReduction (141)
[2017.05.08-22.39.24:256][815]LogModuleManager: Shutting down and abandoning module QuadricMeshReduction (139)
[2017.05.08-22.39.24:256][815]LogModuleManager: Shutting down and abandoning module PropertyEditor (137)
[2017.05.08-22.39.24:256][815]LogModuleManager: Shutting down and abandoning module DerivedDataCache (134)
[2017.05.08-22.39.24:311][815]LogDerivedDataCache: Shutdown
[2017.05.08-22.39.24:311][815]LogModuleManager: Shutting down and abandoning module TargetPlatform (132)
[2017.05.08-22.39.24:312][815]LogModuleManager: Shutting down and abandoning module VulkanShaderFormat (131)
[2017.05.08-22.39.24:312][815]LogModuleManager: Shutting down and abandoning module ShaderFormatOpenGL (129)
[2017.05.08-22.39.24:312][815]LogModuleManager: Shutting down and abandoning module ShaderFormatD3D (127)
[2017.05.08-22.39.24:312][815]LogModuleManager: Shutting down and abandoning module MetalShaderFormat (125)
[2017.05.08-22.39.24:312][815]LogModuleManager: Shutting down and abandoning module TextureFormatUncompressed (123)
[2017.05.08-22.39.24:312][815]LogModuleManager: Shutting down and abandoning module TextureFormatPVR (121)
[2017.05.08-22.39.24:312][815]LogModuleManager: Shutting down and abandoning module TextureFormatDXT (119)
[2017.05.08-22.39.24:312][815]LogModuleManager: Shutting down and abandoning module TextureFormatIntelISPCTexComp (117)
[2017.05.08-22.39.24:312][815]LogModuleManager: Shutting down and abandoning module TextureFormatASTC (115)
[2017.05.08-22.39.24:312][815]LogModuleManager: Shutting down and abandoning module ImageWrapper (114)
[2017.05.08-22.39.24:312][815]LogModuleManager: Shutting down and abandoning module TextureFormatAndroid (111)
[2017.05.08-22.39.24:312][815]LogModuleManager: Shutting down and abandoning module AudioFormatOpus (109)
[2017.05.08-22.39.24:312][815]LogModuleManager: Shutting down and abandoning module AudioFormatOgg (107)
[2017.05.08-22.39.24:312][815]LogModuleManager: Shutting down and abandoning module AudioFormatADPCM (105)
[2017.05.08-22.39.24:312][815]LogModuleManager: Shutting down and abandoning module LinuxTargetPlatform (103)
[2017.05.08-22.39.24:312][815]LogModuleManager: Shutting down and abandoning module LinuxServerTargetPlatform (101)
[2017.05.08-22.39.24:312][815]LogModuleManager: Shutting down and abandoning module LinuxNoEditorTargetPlatform (99)
[2017.05.08-22.39.24:312][815]LogModuleManager: Shutting down and abandoning module LinuxClientTargetPlatform (97)
[2017.05.08-22.39.24:312][815]LogModuleManager: Shutting down and abandoning module TVOSTargetPlatform (95)
[2017.05.08-22.39.24:312][815]LogModuleManager: Shutting down and abandoning module Messaging (93)
[2017.05.08-22.39.24:312][815]LogModuleManager: Shutting down and abandoning module IOSTargetPlatform (91)
[2017.05.08-22.39.24:312][815]LogModuleManager: Shutting down and abandoning module HTML5TargetPlatform (89)
[2017.05.08-22.39.24:312][815]LogModuleManager: Shutting down and abandoning module Android_PVRTCTargetPlatform (87)
[2017.05.08-22.39.24:312][815]LogModuleManager: Shutting down and abandoning module Android_MultiTargetPlatform (85)
[2017.05.08-22.39.24:312][815]LogModuleManager: Shutting down and abandoning module Android_ETC2TargetPlatform (83)
[2017.05.08-22.39.24:312][815]LogModuleManager: Shutting down and abandoning module Android_ETC1TargetPlatform (81)
[2017.05.08-22.39.24:312][815]LogModuleManager: Shutting down and abandoning module Android_DXTTargetPlatform (79)
[2017.05.08-22.39.24:312][815]LogModuleManager: Shutting down and abandoning module Android_ATCTargetPlatform (77)
[2017.05.08-22.39.24:312][815]LogModuleManager: Shutting down and abandoning module Android_ASTCTargetPlatform (75)
[2017.05.08-22.39.24:312][815]LogModuleManager: Shutting down and abandoning module AndroidTargetPlatform (73)
[2017.05.08-22.39.24:312][815]LogModuleManager: Shutting down and abandoning module WindowsTargetPlatform (71)
[2017.05.08-22.39.24:312][815]LogModuleManager: Shutting down and abandoning module WindowsServerTargetPlatform (69)
[2017.05.08-22.39.24:312][815]LogModuleManager: Shutting down and abandoning module WindowsNoEditorTargetPlatform (67)
[2017.05.08-22.39.24:312][815]LogModuleManager: Shutting down and abandoning module WindowsClientTargetPlatform (65)
[2017.05.08-22.39.24:312][815]LogModuleManager: Shutting down and abandoning module MacTargetPlatform (63)
[2017.05.08-22.39.24:312][815]LogModuleManager: Shutting down and abandoning module MacServerTargetPlatform (61)
[2017.05.08-22.39.24:312][815]LogModuleManager: Shutting down and abandoning module MacNoEditorTargetPlatform (59)
[2017.05.08-22.39.24:312][815]LogModuleManager: Shutting down and abandoning module MacClientTargetPlatform (57)
[2017.05.08-22.39.24:312][815]LogModuleManager: Shutting down and abandoning module AllDesktopTargetPlatform (55)
[2017.05.08-22.39.24:313][815]LogModuleManager: Shutting down and abandoning module InputCore (52)
[2017.05.08-22.39.24:313][815]LogModuleManager: Shutting down and abandoning module Settings (50)
[2017.05.08-22.39.24:313][815]LogModuleManager: Shutting down and abandoning module OculusRift (48)
[2017.05.08-22.39.24:313][815]LogModuleManager: Shutting down and abandoning module GearVR (46)
[2017.05.08-22.39.24:313][815]LogModuleManager: Shutting down and abandoning module ExampleDeviceProfileSelector (44)
[2017.05.08-22.39.24:313][815]LogModuleManager: Shutting down and abandoning module OnlineBlueprintSupport (42)
[2017.05.08-22.39.24:313][815]LogModuleManager: Shutting down and abandoning module OnlineSubsystem (38)
[2017.05.08-22.39.24:313][815]LogOnline:Display: Unloading online subsystem: NULL
[2017.05.08-22.39.24:313][815]LogModuleManager: Shutting down and abandoning module XMPP (37)
[2017.05.08-22.39.24:313][815]LogModuleManager: Shutting down and abandoning module HTTP (35)
[2017.05.08-22.39.24:313][815]LogHttp:Display: Http module shutting down, but needs to wait on 1 outstanding Http requests:
[2017.05.08-22.39.24:313][815]LogHttp:Display: 	verb=[POST] url=[https://datarouter.ol.epicgames.com/datarouter/api/v1/public/data?SessionID=%7BCAD2AFB3-4F44-049D-A9DB-118A723CCA16%7D&AppID=UEEditor.Rocket.Release&AppVersion=4.15.2-3416026%2B%2B%2BUE4%2BRelease-4.15&UserID=d03b38134ca560f39944b29d009e0ab1%7Cf0997147a89f469294dfa6a271acf381%7C6c356ba8-5a75-4ad6-a380-ea4b96c74519&AppEnvironment=datacollector-binary&UploadType=eteventstream] status=Processing
[2017.05.08-22.39.24:337][815]LogModuleManager: Shutting down and abandoning module SSL (34)
[2017.05.08-22.39.24:339][815]LogModuleManager: Shutting down and abandoning module AudioEditor (30)
[2017.05.08-22.39.24:339][815]LogModuleManager: Shutting down and abandoning module TextureCompressor (28)
[2017.05.08-22.39.24:339][815]LogModuleManager: Shutting down and abandoning module ShaderCore (26)
[2017.05.08-22.39.24:339][815]LogModuleManager: Shutting down and abandoning module Landscape (24)
[2017.05.08-22.39.24:339][815]LogModuleManager: Shutting down and abandoning module SlateRHIRenderer (22)
[2017.05.08-22.39.24:344][815]LogModuleManager: Shutting down and abandoning module OpenGLDrv (20)
[2017.05.08-22.39.24:344][815]LogModuleManager: Shutting down and abandoning module D3D11RHI (18)
[2017.05.08-22.39.24:344][815]LogModuleManager: Shutting down and abandoning module AnimGraphRuntime (16)
[2017.05.08-22.39.24:344][815]LogModuleManager: Shutting down and abandoning module Renderer (14)
[2017.05.08-22.39.24:344][815]LogModuleManager: Shutting down and abandoning module Engine (12)
[2017.05.08-22.39.24:344][815]LogModuleManager: Shutting down and abandoning module CoreUObject (10)
[2017.05.08-22.39.24:344][815]LogModuleManager: Shutting down and abandoning module NetworkFile (8)
[2017.05.08-22.39.24:344][815]LogModuleManager: Shutting down and abandoning module StreamingFile (6)
[2017.05.08-22.39.24:344][815]LogModuleManager: Shutting down and abandoning module SandboxFile (4)
[2017.05.08-22.39.24:344][815]LogModuleManager: Shutting down and abandoning module PakFile (2)
[2017.05.08-22.39.24:348][815]LogExit: Exiting.
[2017.05.08-22.39.24:351][815]Log file closed, 05/08/17 15:39:24
