Log file open, 05/04/17 11:35:03
LogInit:Display: Running engine for game: FinalProject
LogPlatformFile: Not using cached read wrapper
LogInit:Display: RandInit(779001161) SRandInit(779001161).
LogTaskGraph: Started task graph with 5 named threads and 8 total threads with 1 sets of task threads.
LogStats: Stats thread started at 0.068036
LogInit: Using libcurl 7.47.1
LogInit:  - built for x86_64-pc-win32
LogInit:  - supports SSL with OpenSSL/1.0.2g
LogInit:  - supports HTTP deflate (compression) using libz 1.2.8
LogInit:  - other features:
LogInit:      CURL_VERSION_SSL
LogInit:      CURL_VERSION_LIBZ
LogInit:      CURL_VERSION_IPV6
LogInit:      CURL_VERSION_ASYNCHDNS
LogInit:      CURL_VERSION_LARGEFILE
LogInit:      CURL_VERSION_IDN
LogInit:  CurlRequestOptions (configurable via config and command line):
LogInit:  - bVerifyPeer = false  - Libcurl will NOT verify peer certificate
LogInit:  - bUseHttpProxy = false  - Libcurl will NOT use HTTP proxy
LogInit:  - bDontReuseConnections = false  - Libcurl will reuse connections
LogInit:  - CertBundlePath = nullptr  - Libcurl will use whatever was configured at build time.
LogInit: Build: ++UE4+Release-4.15-CL-3348071
LogInit: Engine Version: 4.15.1-3348071+++UE4+Release-4.15
LogInit: Compatible Engine Version: 4.15.0-3299760+++UE4+Release-4.15
LogInit: Net CL: 3299760
LogDevObjectVersion: Number of dev versions registered: 14
LogDevObjectVersion:   Dev-Blueprints (B0D832E4-1F89-4F0D-ACCF-7EB736FD4AA2): 8
LogDevObjectVersion:   Dev-Build (E1C64328-A22C-4D53-A36C-8E866417BD8C): 0
LogDevObjectVersion:   Dev-Core (375EC13C-06E4-48FB-B500-84F0262A717E): 2
LogDevObjectVersion:   Dev-Editor (E4B068ED-F494-42E9-A231-DA0B2E46BB41): 14
LogDevObjectVersion:   Dev-Framework (CFFC743F-43B0-4480-9391-14DF171D2073): 22
LogDevObjectVersion:   Dev-Mobile (B02B49B5-BB20-44E9-A304-32B752E40360): 0
LogDevObjectVersion:   Dev-Networking (A4E4105C-59A1-49B5-A7C5-40C4547EDFEE): 0
LogDevObjectVersion:   Dev-Online (39C831C9-5AE6-47DC-9A44-9C173E1C8E7C): 0
LogDevObjectVersion:   Dev-Physics (78F01B33-EBEA-4F98-B9B4-84EACCB95AA2): 0
LogDevObjectVersion:   Dev-Platform (6631380F-2D4D-43E0-8009-CF276956A95A): 0
LogDevObjectVersion:   Dev-Rendering (12F88B9F-8875-4AFC-A67C-D90C383ABD29): 12
LogDevObjectVersion:   Dev-Sequencer (7B5AE74C-D270-4C10-A958-57980B212A5A): 3
LogDevObjectVersion:   Dev-VR (D7296918-1DD6-4BDD-9DE2-64A83CC13884): 0
LogDevObjectVersion:   Dev-LoadTimes (C2A15278-BFE7-4AFE-6C17-90FF531DF755): 1
LogInit: Compiled (64-bit): Mar 15 2017 16:52:47
LogInit: Compiled with Visual C++: 19.00.23026.00
LogInit: Build Configuration: Development
LogInit: Branch Name: ++UE4+Release-4.15
LogInit: Command line:  
LogInit: Base directory: C:/Program Files (x86)/Epic Games/4.15/Engine/Binaries/Win64/
LogInit: Installed Engine Build: 1
LogInit: Presizing for max 8388607 objects, including 0 objects not considered by GC, pre-allocating 0 bytes for permanent pool.
LogInit: Object subsystem initialized
[2017.05.04-18.35.05:248][  0]LogInit: Selected Device Profile: [Windows]
[2017.05.04-18.35.05:248][  0]LogInit: Applying CVar settings loaded from the selected device profile: [Windows]
[2017.05.04-18.35.05:256][  0]LogInit: Computer: SEA-E17155
[2017.05.04-18.35.05:256][  0]LogInit: User: xaviermelton
[2017.05.04-18.35.05:256][  0]LogInit: CPU Page size=65536, Cores=4
[2017.05.04-18.35.05:256][  0]LogInit: High frequency timer resolution =3.515751 MHz
[2017.05.04-18.35.05:256][  0]LogMemory: Memory total: Physical=31.9GB (32GB approx)
[2017.05.04-18.35.05:256][  0]LogMemory: Platform Memory Stats for Windows
[2017.05.04-18.35.05:256][  0]LogMemory: Process Physical Memory: 265.28 MB used, 265.28 MB peak
[2017.05.04-18.35.05:256][  0]LogMemory: Process Virtual Memory: 265.43 MB used, 265.43 MB peak
[2017.05.04-18.35.05:256][  0]LogMemory: Physical Memory: 5483.13 MB used,  27187.76 MB free, 32670.89 MB total
[2017.05.04-18.35.05:256][  0]LogMemory: Virtual Memory: 632.46 MB used,  27187.76 MB free, 8388608.00 MB total
[2017.05.04-18.35.05:330][  0]LogTextLocalizationManager: No specific translations for ('en-US') exist, so ('en') translations will be used.
[2017.05.04-18.35.05:906][  0]LogD3D11RHI: D3D11 adapters:
[2017.05.04-18.35.05:923][  0]LogD3D11RHI:    0. 'NVIDIA GeForce GTX 770' (Feature Level 11_0)
[2017.05.04-18.35.05:924][  0]LogD3D11RHI:       1990/0/2048 MB DedicatedVideo/DedicatedSystem/SharedSystem, Outputs:2, VendorId:0x10de
[2017.05.04-18.35.05:924][  0]LogD3D11RHI: Chosen D3D11 Adapter: 0
[2017.05.04-18.35.05:927][  0]LogD3D11RHI: Creating new Direct3DDevice
[2017.05.04-18.35.05:927][  0]LogD3D11RHI:     GPU DeviceId: 0x1184 (for the marketing name, search the web for "GPU Device Id")
[2017.05.04-18.35.05:927][  0]LogWindows: EnumDisplayDevices:
[2017.05.04-18.35.05:927][  0]LogWindows:    0. 'NVIDIA GeForce GTX 770' (P:1 D:1)
[2017.05.04-18.35.05:927][  0]LogWindows:    1. 'NVIDIA GeForce GTX 770' (P:0 D:1)
[2017.05.04-18.35.05:927][  0]LogWindows:    2. 'NVIDIA GeForce GTX 770' (P:0 D:0)
[2017.05.04-18.35.05:927][  0]LogWindows:    3. 'NVIDIA GeForce GTX 770' (P:0 D:0)
[2017.05.04-18.35.05:927][  0]LogWindows:    4. 'RDPDD Chained DD' (P:0 D:0)
[2017.05.04-18.35.05:927][  0]LogWindows:    5. 'RDP Encoder Mirror Driver' (P:0 D:0)
[2017.05.04-18.35.05:927][  0]LogWindows:    6. 'RDP Reflector Display Driver' (P:0 D:0)
[2017.05.04-18.35.05:927][  0]LogWindows: DebugString: GetVideoDriverDetailsInvalid PrimaryIsNotTheChoosenAdapter GetVideoDriverDetailsInvalid PrimaryIsNotTheChoosenAdapter GetVideoDriverDetailsInvalid PrimaryIsNotTheChoosenAdapter FoundDriverCount:4 
[2017.05.04-18.35.05:927][  0]LogD3D11RHI:     Adapter Name: NVIDIA GeForce GTX 770
[2017.05.04-18.35.05:927][  0]LogD3D11RHI:   Driver Version: 353.82 (internal:10.18.13.5382, unified:353.82)
[2017.05.04-18.35.05:927][  0]LogD3D11RHI:      Driver Date: 8-7-2015
[2017.05.04-18.35.05:927][  0]LogRHI: Texture pool is 1361 MB (70% of 1945 MB)
[2017.05.04-18.35.05:934][  0]LogD3D11RHI:Warning: Timestamp queries are currently disabled on this hardware due to instability. Realtime GPU stats will not be available. You can override this behaviour by setting r.NVIDIATimestampWorkaround to 0
[2017.05.04-18.35.05:935][  0]LogD3D11RHI: NvAPI_D3D_GetCurrentSLIState failed: 0xfffffff7
[2017.05.04-18.35.05:935][  0]LogD3D11RHI: Async texture creation enabled
[2017.05.04-18.35.05:950][  0]LogD3D11RHI: GPU Timing Frequency: 1000.000000 (Debug: 2 2)
[2017.05.04-18.35.05:952][  0]LogShaderCompilers: Guid format shader working directory is -45 characters bigger than the processId version (../../../../../../Users/xavier.melton/Desktop/DOTI_AIE_Y1_FINAL/DOTI_AIE_Y1_FINAL/DOTI_AIE_Y1_FINAL/Intermediate/Shaders/WorkingDirectory/4460/).
[2017.05.04-18.35.05:952][  0]LogShaderCompilers: Cleaned the shader compiler working directory 'C:/Users/xavier.melton/AppData/Local/Temp/UnrealShaderWorkingDir/F3BCAC7C4275F6EA9BB8A1A5319293B2/'.
[2017.05.04-18.35.05:952][  0]LogShaderCompilers:Display: Using Local Shader Compiler.
[2017.05.04-18.35.06:985][  0]LogTemp:Display: Loaded TP AllDesktopTargetPlatform
[2017.05.04-18.35.07:037][  0]LogTemp:Display: Loaded TP MacClientTargetPlatform
[2017.05.04-18.35.07:088][  0]LogTemp:Display: Loaded TP MacNoEditorTargetPlatform
[2017.05.04-18.35.07:139][  0]LogTemp:Display: Loaded TP MacServerTargetPlatform
[2017.05.04-18.35.07:190][  0]LogTemp:Display: Loaded TP MacTargetPlatform
[2017.05.04-18.35.07:242][  0]LogTemp:Display: Loaded TP WindowsClientTargetPlatform
[2017.05.04-18.35.07:293][  0]LogTemp:Display: Loaded TP WindowsNoEditorTargetPlatform
[2017.05.04-18.35.07:344][  0]LogTemp:Display: Loaded TP WindowsServerTargetPlatform
[2017.05.04-18.35.07:384][  0]LogTemp:Display: Loaded TP WindowsTargetPlatform
[2017.05.04-18.35.07:434][  0]LogTemp:Display: Loaded TP AndroidTargetPlatform
[2017.05.04-18.35.07:484][  0]LogTemp:Display: Loaded TP Android_ASTCTargetPlatform
[2017.05.04-18.35.07:534][  0]LogTemp:Display: Loaded TP Android_ATCTargetPlatform
[2017.05.04-18.35.07:585][  0]LogTemp:Display: Loaded TP Android_DXTTargetPlatform
[2017.05.04-18.35.07:636][  0]LogTemp:Display: Loaded TP Android_ETC1TargetPlatform
[2017.05.04-18.35.07:687][  0]LogTemp:Display: Loaded TP Android_ETC2TargetPlatform
[2017.05.04-18.35.07:787][  0]LogTemp:Display: Loaded TP Android_MultiTargetPlatform
[2017.05.04-18.35.07:787][  0]LogTemp:Display: Loaded TP Android_PVRTCTargetPlatform
[2017.05.04-18.35.07:820][  0]LogTemp:Display: Loaded TP HTML5TargetPlatform
[2017.05.04-18.35.07:907][  0]LogTemp:Display: Loaded TP IOSTargetPlatform
[2017.05.04-18.35.07:941][  0]LogTemp:Display: Loaded TP TVOSTargetPlatform
[2017.05.04-18.35.07:991][  0]LogTemp:Display: Loaded TP LinuxClientTargetPlatform
[2017.05.04-18.35.08:041][  0]LogTemp:Display: Loaded TP LinuxNoEditorTargetPlatform
[2017.05.04-18.35.08:091][  0]LogTemp:Display: Loaded TP LinuxServerTargetPlatform
[2017.05.04-18.35.08:142][  0]LogTemp:Display: Loaded TP LinuxTargetPlatform
[2017.05.04-18.35.08:142][  0]LogTargetPlatformManager:Display: Building Assets For Windows
[2017.05.04-18.35.08:501][  0]LogDerivedDataCache:Display: Max Cache Size: 512 MB
[2017.05.04-18.35.08:556][  0]LogDerivedDataCache: Loaded boot cache 0.05s 50MB C:/Users/xavier.melton/AppData/Local/UnrealEngine/4.15/DerivedDataCache/Boot.ddc.
[2017.05.04-18.35.08:556][  0]LogDerivedDataCache:Display: Loaded Boot cache: C:/Users/xavier.melton/AppData/Local/UnrealEngine/4.15/DerivedDataCache/Boot.ddc
[2017.05.04-18.35.08:556][  0]LogDerivedDataCache: FDerivedDataBackendGraph:  Pak pak cache file ../../../../../../Users/xavier.melton/Desktop/DOTI_AIE_Y1_FINAL/DOTI_AIE_Y1_FINAL/DOTI_AIE_Y1_FINAL/DerivedDataCache/DDC.ddp not found, will not use a pak cache.
[2017.05.04-18.35.08:556][  0]LogDerivedDataCache: Unable to find inner node Pak for hierarchical cache Hierarchy.
[2017.05.04-18.35.08:556][  0]LogDerivedDataCache: FDerivedDataBackendGraph:  CompressedPak pak cache file ../../../../../../Users/xavier.melton/Desktop/DOTI_AIE_Y1_FINAL/DOTI_AIE_Y1_FINAL/DOTI_AIE_Y1_FINAL/DerivedDataCache/Compressed.ddp not found, will not use a pak cache.
[2017.05.04-18.35.08:556][  0]LogDerivedDataCache: Unable to find inner node CompressedPak for hierarchical cache Hierarchy.
[2017.05.04-18.35.08:575][  0]LogDerivedDataCache:Display: Pak cache opened for reading ../../../Engine/DerivedDataCache/Compressed.ddp.
[2017.05.04-18.35.08:586][  0]LogDerivedDataCache: Using Local data cache path C:/Users/xavier.melton/AppData/Local/UnrealEngine/Common/DerivedDataCache: Writable
[2017.05.04-18.35.08:595][  0]LogSlate: Using Freetype 2.6.0
[2017.05.04-18.35.08:596][  0]LogSlate: SlateFontCache - WITH_FREETYPE: 1, WITH_HARFBUZZ: 1
[2017.05.04-18.35.08:596][  0]LogSlate: SlateFontCache - WITH_FREETYPE: 1, WITH_HARFBUZZ: 1
[2017.05.04-18.35.08:878][  0]LogInit: Selected Device Profile: [Windows]
[2017.05.04-18.35.08:881][  0]LogContentStreaming: Texture pool size is 0.00 MB
[2017.05.04-18.35.09:081][  0]LogMeshUtilities: Using QuadricMeshReduction for automatic static mesh reduction
[2017.05.04-18.35.09:117][  0]LogSimplygon: Simplygon DLL not present - disabling.
[2017.05.04-18.35.09:154][  0]LogMeshUtilities: Using SimplygonSwarm for distributed automatic mesh merging
[2017.05.04-18.35.09:154][  0]LogMeshUtilities: No automatic skeletal mesh reduction module available
[2017.05.04-18.35.09:154][  0]LogMeshUtilities: No automatic mesh merging module available
[2017.05.04-18.35.09:658][  0]LogNetVersion: GetLocalNetworkVersion: CL: 3299760, ProjectName: finalproject, ProjectVersion: , EngineNetworkVersion: 2, GameNetworkVersion: 0, NetworkChecksum: 3356675869
[2017.05.04-18.35.09:702][  0]LogAssetRegistry: FAssetRegistry took 0.0200 seconds to start up
[2017.05.04-18.35.09:743][  0]LogPackageLocalizationCache: Processed 3 localized package path(s) for 2 prioritized culture(s) in 0.020759 seconds
[2017.05.04-18.35.09:748][  0]LogUObjectArray: 32493 objects as part of root set at end of initial load.
[2017.05.04-18.35.09:748][  0]LogUObjectAllocator: 7077024 out of 0 bytes used by permanent object pool.
[2017.05.04-18.35.09:748][  0]LogUObjectArray: CloseDisregardForGC: 0/0 objects in disregard for GC pool
[2017.05.04-18.35.09:804][  0]LogInit: WinSock: version 1.1 (2.2), MaxSocks=32767, MaxUdp=65467
[2017.05.04-18.35.11:328][  0]LogTcpMessaging: Initializing TcpMessaging bridge
[2017.05.04-18.35.11:363][  0]LogUdpMessaging: Initializing bridge on interface 0.0.0.0:0 to multicast group 230.0.0.1:6666.
[2017.05.04-18.35.11:776][  0]LogMaterial: Uniform references updated for custom material expression Custom.
[2017.05.04-18.35.12:125][  0]SourceControl: Info Source control is disabled
[2017.05.04-18.35.12:147][  0]SourceControl: Info Source control is disabled
[2017.05.04-18.35.12:191][  0]SourceControl: Info Source control is disabled
[2017.05.04-18.35.12:232][  0]SourceControl: Info Source control is disabled
[2017.05.04-18.35.13:318][  0]LogEngine: Initializing Engine...
[2017.05.04-18.35.13:319][  0]LogHMD: Failed to initialize OpenVR with code 110
[2017.05.04-18.35.13:541][  0]LogAIModule: Creating AISystem for world Untitled
[2017.05.04-18.35.13:549][  0]LogInit: XAudio2 using 'Digital Audio (S/PDIF) (High Definition Audio Device)' : 2 channels at 44.1 kHz using 16 bits per sample (channel mask 0x3)
[2017.05.04-18.35.13:562][  0]LogInit: FAudioDevice initialized.
[2017.05.04-18.35.13:587][  0]LogDerivedDataCache: Saved boot cache 0.03s 50MB C:/Users/xavier.melton/AppData/Local/UnrealEngine/4.15/DerivedDataCache/Boot.ddc.
[2017.05.04-18.35.13:592][  0]LogInit: Texture streaming: Enabled
[2017.05.04-18.35.13:673][  0]LogEngineSessionManager: EngineSessionManager initialized
[2017.05.04-18.35.13:757][  0]LogInit: Transaction tracking system initialized
[2017.05.04-18.35.14:059][  0]BlueprintLog: New page: Editor Load
[2017.05.04-18.35.14:832][  0]LocalizationService: Info Localization service is disabled
[2017.05.04-18.35.15:483][  0]LogConsoleResponse:Display: 
[2017.05.04-18.35.15:634][  0]LogCook:Display: Max memory allowance for cook 16384mb min free memory 0mb
[2017.05.04-18.35.15:634][  0]LogCook:Display: Mobile HDR setting 1
[2017.05.04-18.35.15:839][  0]LogFileCache: Scanning file cache for directory 'C:/Users/xavier.melton/Desktop/DOTI_AIE_Y1_FINAL/DOTI_AIE_Y1_FINAL/DOTI_AIE_Y1_FINAL/Content/' took 0.01s
[2017.05.04-18.35.16:560][  0]SourceControl: Info Source control is disabled
[2017.05.04-18.35.16:561][  0]LightingResults: New page: Lighting Build
[2017.05.04-18.35.16:596][  0]MapCheck: New page: Map Check
[2017.05.04-18.35.16:596][  0]LightingResults: New page: Lighting Build
[2017.05.04-18.35.16:832][  0]LogTexture:Display: Building textures: HQ_Lightmap0_1 (AutoDXT, 256X256) - 48 MB total VRAM
[2017.05.04-18.35.16:839][  0]LogTexture:Display: Building textures: HQ_Lightmap0_2 (AutoDXT, 64X64) - 48 MB total VRAM
[2017.05.04-18.35.16:844][  0]LogTexture:Display: Building textures: LQ_Lightmap_0_1 (DXT1, 256X256) - 48 MB total VRAM
[2017.05.04-18.35.16:847][  0]LogTexture:Display: Building textures: LQ_Lightmap_0_2 (DXT1, 64X64) - 48 MB total VRAM
[2017.05.04-18.35.16:852][  0]LogTexture:Display: Building textures: SkyOcclusion0_1 (AutoDXT, 256X128) - 48 MB total VRAM
[2017.05.04-18.35.16:857][  0]LogTexture:Display: Building textures: SkyOcclusion0_2 (AutoDXT, 64X32) - 48 MB total VRAM
[2017.05.04-18.35.16:860][  0]LogTexture:Display: Building textures: ShadowMapTexture2D_0 (G8, 256X128) - 48 MB total VRAM
[2017.05.04-18.35.16:861][  0]LogTexture:Display: Building textures: ShadowMapTexture2D_1 (G8, 32X32) - 48 MB total VRAM
[2017.05.04-18.35.16:913][  0]LogAIModule: Creating AISystem for world Minimal_Default
[2017.05.04-18.35.16:936][  0]LogEditorServer: Finished looking for orphan Actors (0.000 secs)
[2017.05.04-18.35.16:937][  0]Cmd: MAP CHECKDEP NOCLEARLOG
[2017.05.04-18.35.16:970][  0]MapCheck: Info Map check complete: 0 Error(s), 0 Warning(s), took 33.217ms to complete.
[2017.05.04-18.35.16:970][  0]LogFileHelpers: Loading map 'Minimal_Default' took 0.410
[2017.05.04-18.35.17:141][  0]LogCollectionManager: Loaded 0 collections in 0.001041 seconds
[2017.05.04-18.35.17:215][  0]LogFileCache: Scanning file cache for directory 'C:/Users/xavier.melton/Desktop/DOTI_AIE_Y1_FINAL/DOTI_AIE_Y1_FINAL/DOTI_AIE_Y1_FINAL/Saved/Collections/' took 0.01s
[2017.05.04-18.35.17:215][  0]LogFileCache: Scanning file cache for directory 'C:/Users/xavier.melton/Desktop/DOTI_AIE_Y1_FINAL/DOTI_AIE_Y1_FINAL/DOTI_AIE_Y1_FINAL/Content/Developers/xaviermelton/Collections/' took 0.01s
[2017.05.04-18.35.17:215][  0]LogFileCache: Scanning file cache for directory 'C:/Users/xavier.melton/Desktop/DOTI_AIE_Y1_FINAL/DOTI_AIE_Y1_FINAL/DOTI_AIE_Y1_FINAL/Content/Collections/' took 0.01s
[2017.05.04-18.35.17:215][  0]LogCollectionManager: Rebuilt the GUID cache for 0 collections in 0.000002 seconds
[2017.05.04-18.35.17:225][  0]LogContentBrowser: Native class hierarchy populated in 0.0093 seconds. Added 2245 classes and 453 folders.
[2017.05.04-18.35.17:228][  0]LogStats: UGameplayTagsManager::ConstructGameplayTagTree: Construct from data asset -  0.000 s
[2017.05.04-18.35.17:228][  0]LogStats: UGameplayTagsManager::ConstructGameplayTagTree: GameplayTagTreeChangedEvent.Broadcast -  0.000 s
[2017.05.04-18.35.17:281][  0]LogContentBrowser: Native class hierarchy updated for 'WidgetCarousel' in 0.0005 seconds. Added 0 classes and 0 folders.
[2017.05.04-18.35.17:314][  0]LogContentBrowser: Native class hierarchy updated for 'AddContentDialog' in 0.0005 seconds. Added 0 classes and 0 folders.
[2017.05.04-18.35.17:351][  0]LogContentBrowser: Native class hierarchy updated for 'SceneOutliner' in 0.0005 seconds. Added 1 classes and 2 folders.
[2017.05.04-18.35.17:396][  0]LogCrashTracker: Crashtracker disabled due to settings.
[2017.05.04-18.35.17:401][  0]LogUObjectGlobals:Warning: Failed to find object 'Class None.'
[2017.05.04-18.35.17:466][  0]LogContentBrowser: Native class hierarchy updated for 'HierarchicalLODOutliner' in 0.0006 seconds. Added 1 classes and 2 folders.
[2017.05.04-18.35.17:466][  0]LogLoad: (Engine Initialization) Total time: 14.29 seconds
[2017.05.04-18.35.17:466][  0]LogLoad: (Engine Initialization) Total Blueprint compile time: 0.09 seconds
[2017.05.04-18.35.17:466][  0]LogExternalProfiler: Found external profiler: VSPerf
[2017.05.04-18.35.17:466][  0]LogExternalProfiler: Using external profiler: VSPerf
[2017.05.04-18.35.17:805][  0]LogOcInput: OculusInput pre-init called
[2017.05.04-18.35.17:823][  0]LogContentStreaming: Texture pool size now 1000 MB
[2017.05.04-18.35.17:824][  0]LogSlate: Took 0.000185 seconds to synchronously load lazily loaded font '../../../Engine/Content/Slate/Fonts/Roboto-Regular.ttf' (155K)
[2017.05.04-18.35.17:829][  0]LogSlate: Took 0.000221 seconds to synchronously load lazily loaded font '../../../Engine/Content/Slate/Fonts/Roboto-Bold.ttf' (160K)
[2017.05.04-18.35.17:835][  0]LogSlate: Took 0.000168 seconds to synchronously load lazily loaded font '../../../Engine/Content/Editor/Slate/Fonts/FontAwesome.ttf' (139K)
[2017.05.04-18.35.17:916][  0]LogSlate: Took 0.000133 seconds to synchronously load lazily loaded font '../../../Engine/Content/Slate/Fonts/Roboto-Light.ttf' (159K)
[2017.05.04-18.35.17:971][  0]LogRenderer: Reallocating scene render targets to support 1208x576 NumSamples 1 (Frame:2).
[2017.05.04-18.35.18:145][  1]LogAssetRegistry: Asset discovery search completed in 8.4632 seconds
[2017.05.04-18.35.18:145][  1]LogCollectionManager: Rebuilt the object cache for 0 collections in 0.000005 seconds (found 0 objects)
[2017.05.04-18.35.18:145][  1]LogCollectionManager: Fixed up redirectors for 0 collections in 0.000019 seconds (updated 0 objects)
[2017.05.04-18.36.29:643][339]MapCheck: New page: Map Check
[2017.05.04-18.36.29:683][339]LightingResults: New page: Lighting Build - May 4, 2017, 4:36:29 AM
[2017.05.04-18.36.29:723][339]LogSwarmInterface: [OpenConnection] Registering TCP channel ...
[2017.05.04-18.36.29:736][339]LogSwarmInterface: [OpenConnection] Connecting to agent ...
[2017.05.04-18.36.29:746][339]LogSwarmInterface: [TryOpenConnection] Testing the Agent
[2017.05.04-18.36.30:256][339]LogSwarmInterface: [TryOpenConnection] Opening Connection to Agent
[2017.05.04-18.36.30:256][339]LogSwarmInterface: [TryOpenConnection] Local Process ID is 4460
[2017.05.04-18.36.33:860][339]LogStaticLightingSystem:Warning: No importance volume found, so the scene bounding box was used.  You can optimize your scene's quality and lighting build times by adding importance volumes.
[2017.05.04-18.36.33:861][339]LogStaticLightingSystem: Running Lightmass w/ ImmediateImport mode ENABLED
[2017.05.04-18.36.33:861][339]LogStaticLightingSystem: Running Lightmass w/ ImmediateProcess mode ENABLED
[2017.05.04-18.36.33:861][339]LogStaticLightingSystem: Running Lightmass w/ Sorting mode ENABLED
[2017.05.04-18.36.33:861][339]LogStaticLightingSystem: Running Lightmass w/ Mapping paddings ENABLED
[2017.05.04-18.36.33:861][339]LogStaticLightingSystem: Running Lightmass w/ Mapping debug paddings DISABLED
[2017.05.04-18.36.33:992][339]LogEditorBuildUtils: Build time 0:04
[2017.05.04-18.36.34:015][339]LogMaterial: Missing cached shader map for material FLightmassMaterialRenderer M_Metal_Brushed_Nickel, compiling. 
[2017.05.04-18.36.34:016][339]LogTemp:Display: Added material ShaderMap 0x000000004576A400 with Material 0x0000000042F98700 to ShaderMapsBeingCompiled
[2017.05.04-18.36.34:021][339]LogTemp:Display: Kicking off shader compilation for FLightmassMaterialRenderer M_Metal_Brushed_Nickel, GameThreadShaderMap 0x000000004576A400
[2017.05.04-18.36.34:024][339]LogMaterial: Missing cached shader map for material FLightmassMaterialRenderer M_Metal_Brushed_Nickel, compiling. 
[2017.05.04-18.36.34:025][339]LogTemp:Display: Added material ShaderMap 0x0000000045768480 with Material 0x000000004584AB00 to ShaderMapsBeingCompiled
[2017.05.04-18.36.34:027][339]LogTemp:Display: Kicking off shader compilation for FLightmassMaterialRenderer M_Metal_Brushed_Nickel, GameThreadShaderMap 0x0000000045768480
[2017.05.04-18.36.34:038][340]LogMaterial: Missing cached shader map for material FLightmassMaterialRenderer M_Metal_Copper, compiling. 
[2017.05.04-18.36.34:039][340]LogTemp:Display: Added material ShaderMap 0x00000000456E6E80 with Material 0x000000004582E800 to ShaderMapsBeingCompiled
[2017.05.04-18.36.34:042][340]LogTemp:Display: Kicking off shader compilation for FLightmassMaterialRenderer M_Metal_Copper, GameThreadShaderMap 0x00000000456E6E80
[2017.05.04-18.36.34:044][340]LogMaterial: Missing cached shader map for material FLightmassMaterialRenderer M_Metal_Copper, compiling. 
[2017.05.04-18.36.34:045][340]LogTemp:Display: Added material ShaderMap 0x00000000456E5980 with Material 0x000000004582E500 to ShaderMapsBeingCompiled
[2017.05.04-18.36.34:048][340]LogTemp:Display: Kicking off shader compilation for FLightmassMaterialRenderer M_Metal_Copper, GameThreadShaderMap 0x00000000456E5980
[2017.05.04-18.36.34:808][341]LogTemp:Display: Finished compile of shader map 0x00000000456E6E80
[2017.05.04-18.36.34:808][341]LogTemp:Display: Shader map FLightmassMaterialRenderer M_Metal_Copper complete, GameThreadShaderMap 0x00000000456E6E80, marking material FLightmassMaterialRenderer M_Metal_Copper as finished
[2017.05.04-18.36.34:808][341]LogTemp:Display: Marking material as finished 0x000000004582E800
[2017.05.04-18.36.34:810][341]LogTemp:Display: Finished compile of shader map 0x00000000456E5980
[2017.05.04-18.36.34:810][341]LogTemp:Display: Shader map FLightmassMaterialRenderer M_Metal_Copper complete, GameThreadShaderMap 0x00000000456E5980, marking material FLightmassMaterialRenderer M_Metal_Copper as finished
[2017.05.04-18.36.34:810][341]LogTemp:Display: Marking material as finished 0x000000004582E500
[2017.05.04-18.36.34:812][341]LogTemp:Display: Finished compile of shader map 0x000000004576A400
[2017.05.04-18.36.34:812][341]LogTemp:Display: Shader map FLightmassMaterialRenderer M_Metal_Brushed_Nickel complete, GameThreadShaderMap 0x000000004576A400, marking material FLightmassMaterialRenderer M_Metal_Brushed_Nickel as finished
[2017.05.04-18.36.34:812][341]LogTemp:Display: Marking material as finished 0x0000000042F98700
[2017.05.04-18.36.34:813][341]LogTemp:Display: Finished compile of shader map 0x0000000045768480
[2017.05.04-18.36.34:813][341]LogTemp:Display: Shader map FLightmassMaterialRenderer M_Metal_Brushed_Nickel complete, GameThreadShaderMap 0x0000000045768480, marking material FLightmassMaterialRenderer M_Metal_Brushed_Nickel as finished
[2017.05.04-18.36.34:813][341]LogTemp:Display: Marking material as finished 0x000000004584AB00
[2017.05.04-18.36.36:211][425]Job is a success!
[2017.05.04-18.36.36:235][426]LogSlate: Took 0.000170 seconds to synchronously load lazily loaded font '../../../Engine/Content/Slate/Fonts/Roboto-Light.ttf' (159K)
[2017.05.04-18.36.36:477][426]LogTexture:Display: Building textures: SkyOcclusion1_1 (AutoDXT, 1024X512) - 84 MB total VRAM
[2017.05.04-18.36.36:477][426]LogTexture:Display: Building textures: HQ_Lightmap1_1 (AutoDXT, 1024X1024) - 84 MB total VRAM
[2017.05.04-18.36.36:477][426]LogTexture:Display: Building textures: LQ_Lightmap_1_1 (DXT1, 1024X1024) - 84 MB total VRAM
[2017.05.04-18.36.36:477][426]LogTexture:Display: Building textures: SkyOcclusion1_2 (AutoDXT, 64X32) - 84 MB total VRAM
[2017.05.04-18.36.36:477][426]LogTexture:Display: Building textures: LQ_Lightmap_1_2 (DXT1, 64X64) - 84 MB total VRAM
[2017.05.04-18.36.36:477][426]LogTexture:Display: Building textures: HQ_Lightmap1_2 (AutoDXT, 64X64) - 84 MB total VRAM
[2017.05.04-18.36.36:477][426]LogTexture:Display: Building textures: ShadowMapTexture2D_3 (G8, 32X32) - 84 MB total VRAM
[2017.05.04-18.36.36:541][426]LogTexture:Display: Building textures: ShadowMapTexture2D_2 (G8, 1024X256) - 84 MB total VRAM
[2017.05.04-18.36.36:563][426]Lightmass on SEA-E17155: 1.20 sec total, 71 ms importing, 2 ms setup, 262 ms photons, 859 ms processing, 0 ms extra exporting [14/14 mappings]. Threads: 5.86 sec total, 2.24 sec processing.
[2017.05.04-18.36.36:602][426]LogStaticLightingSystem: Illumination: 6.90 sec (183 ms encoding lightmaps, 72 ms encoding shadowmaps)
[2017.05.04-18.36.36:602][426]LogStaticLightingSystem: Lightmap texture memory:  2.7 MB (2.7 MB streaming, 0.0 MB non-streaming), 4 textures
[2017.05.04-18.36.36:602][426]LogStaticLightingSystem: Shadowmap texture memory: 0.3 MB (0.3 MB streaming, 0.0 MB non-streaming), 2 textures
[2017.05.04-18.36.36:860][426]DumpUnbuiltLightIteractions
[2017.05.04-18.36.36:860][426]Lights with unbuilt interactions: 0
[2017.05.04-18.36.36:860][426]
[2017.05.04-18.36.36:860][426]Primitives with unbuilt interactions: 0
[2017.05.04-18.36.36:920][427]Cmd: MAP CHECK NOTIFYRESULTS
[2017.05.04-18.36.36:920][427]MapCheck: New page: Minimal_Default - May 4, 2017, 4:36:36 AM
[2017.05.04-18.36.36:955][427]MapCheck: Info Map check complete: 0 Error(s), 0 Warning(s), took 34.643ms to complete.
[2017.05.04-18.36.40:282][787]LogTemp: Repeting last play command: Selected Viewport
[2017.05.04-18.36.40:292][787]LogBlueprintUserMessages: Early PlayInEditor Detection: Level '/Game/StarterContent/Maps/Minimal_Default.Minimal_Default:PersistentLevel' has LevelScriptBlueprint '/Game/StarterContent/Maps/Minimal_Default.Minimal_Default:PersistentLevel.Minimal_Default' with GeneratedClass '/Game/StarterContent/Maps/Minimal_Default.Minimal_Default_C' with ClassGeneratedBy '/Game/StarterContent/Maps/Minimal_Default.Minimal_Default:PersistentLevel.Minimal_Default'
[2017.05.04-18.36.40:292][787]LogPlayLevel: PlayLevel: No blueprints needed recompiling
[2017.05.04-18.36.40:292][787]PIE: New page: PIE session: Minimal_Default (May 4, 2017, 4:36:40 AM)
[2017.05.04-18.36.40:292][787]LogPlayLevel: Creating play world package: /Game/StarterContent/Maps/UEDPIE_0_Minimal_Default
[2017.05.04-18.36.40:296][787]LogPlayLevel: PIE: StaticDuplicateObject took: (0.003528s)
[2017.05.04-18.36.40:296][787]LogAIModule: Creating AISystem for world Minimal_Default
[2017.05.04-18.36.40:296][787]LogPlayLevel: PIE: World Init took: (0.000664s)
[2017.05.04-18.36.40:297][787]LogPlayLevel: PIE: Created PIE world by copying editor world from /Game/StarterContent/Maps/Minimal_Default.Minimal_Default to /Game/StarterContent/Maps/UEDPIE_0_Minimal_Default.Minimal_Default (0.004394s)
[2017.05.04-18.36.40:308][787]LogInit: XAudio2 using 'Digital Audio (S/PDIF) (High Definition Audio Device)' : 2 channels at 44.1 kHz using 16 bits per sample (channel mask 0x3)
[2017.05.04-18.36.40:313][787]LogInit: FAudioDevice initialized.
[2017.05.04-18.36.40:388][787]LogLoad: Game class is 'MarketBluePrint_C'
[2017.05.04-18.36.40:390][787]LogWorld: Bringing World /Game/StarterContent/Maps/UEDPIE_0_Minimal_Default.Minimal_Default up for play (max tick rate 0) at 2017.05.04-11.36.40
[2017.05.04-18.36.40:390][787]LogWorld: Bringing up level for play took: 0.001361
[2017.05.04-18.36.40:426][787]LogContentBrowser: Native class hierarchy updated for 'MovieSceneCapture' in 0.0006 seconds. Added 11 classes and 0 folders.
[2017.05.04-18.36.40:428][787]PIE: Info Play in editor start time for /Game/StarterContent/Maps/UEDPIE_0_Minimal_Default -0.175
[2017.05.04-18.36.40:428][787]LogBlueprintUserMessages: Late PlayInEditor Detection: Level '/Game/StarterContent/Maps/Minimal_Default.Minimal_Default:PersistentLevel' has LevelScriptBlueprint '/Game/StarterContent/Maps/Minimal_Default.Minimal_Default:PersistentLevel.Minimal_Default' with GeneratedClass '/Game/StarterContent/Maps/Minimal_Default.Minimal_Default_C' with ClassGeneratedBy '/Game/StarterContent/Maps/Minimal_Default.Minimal_Default:PersistentLevel.Minimal_Default'
[2017.05.04-18.36.58:060][897]LogBlueprintUserMessages: Early EndPlayMap Detection: Level '/Game/StarterContent/Maps/Minimal_Default.Minimal_Default:PersistentLevel' has LevelScriptBlueprint '/Game/StarterContent/Maps/Minimal_Default.Minimal_Default:PersistentLevel.Minimal_Default' with GeneratedClass '/Game/StarterContent/Maps/Minimal_Default.Minimal_Default_C' with ClassGeneratedBy '/Game/StarterContent/Maps/Minimal_Default.Minimal_Default:PersistentLevel.Minimal_Default'
[2017.05.04-18.36.58:096][897]LogBlueprintUserMessages: Late EndPlayMap Detection: Level '/Game/StarterContent/Maps/Minimal_Default.Minimal_Default:PersistentLevel' has LevelScriptBlueprint '/Game/StarterContent/Maps/Minimal_Default.Minimal_Default:PersistentLevel.Minimal_Default' with GeneratedClass '/Game/StarterContent/Maps/Minimal_Default.Minimal_Default_C' with ClassGeneratedBy '/Game/StarterContent/Maps/Minimal_Default.Minimal_Default:PersistentLevel.Minimal_Default'
[2017.05.04-18.45.27:341][556]LogSlate: Took 0.000197 seconds to synchronously load lazily loaded font '../../../Engine/Content/Slate/Fonts/Roboto-Light.ttf' (159K)
[2017.05.04-18.45.36:462][583]LogSavePackage: Save=76.74ms
[2017.05.04-18.45.36:462][583]LogSavePackage: Moving '../../../../../../Users/xavier.melton/Desktop/DOTI_AIE_Y1_FINAL/DOTI_AIE_Y1_FINAL/DOTI_AIE_Y1_FINAL/Saved/Minimal_Default_Auto1FA5935544DF7B9A52B095FAD98E034FD.tmp' to '../../../../../../Users/xavier.melton/Desktop/DOTI_AIE_Y1_FINAL/DOTI_AIE_Y1_FINAL/DOTI_AIE_Y1_FINAL/Saved/Autosaves/Game/StarterContent/Maps/Minimal_Default_Auto1.umap'
[2017.05.04-18.45.36:463][583]LogSavePackage:Display: Finished SavePackage ../../../../../../Users/xavier.melton/Desktop/DOTI_AIE_Y1_FINAL/DOTI_AIE_Y1_FINAL/DOTI_AIE_Y1_FINAL/Saved/Autosaves/Game/StarterContent/Maps/Minimal_Default_Auto1.umap
[2017.05.04-18.45.36:464][583]LogFileHelpers: Editor autosave (incl. sublevels) for '/Game/StarterContent/Maps/Minimal_Default' took 0.098
[2017.05.04-18.45.36:464][583]LogFileHelpers: Editor autosave (incl. sublevels) for all levels took 0.098
[2017.05.04-18.45.36:466][583]OBJ SavePackage: Generating thumbnails for [0] asset(s) in package [/Game/StarterContent/Maps/Minimal_Default_BuiltData] ([1] browsable assets)...
[2017.05.04-18.45.36:466][583]OBJ SavePackage: Finished generating thumbnails for package [/Game/StarterContent/Maps/Minimal_Default_BuiltData]
[2017.05.04-18.45.36:479][583]LogSavePackage: Save=10.21ms
[2017.05.04-18.45.36:479][583]LogSavePackage: Moving '../../../../../../Users/xavier.melton/Desktop/DOTI_AIE_Y1_FINAL/DOTI_AIE_Y1_FINAL/DOTI_AIE_Y1_FINAL/Saved/Minimal_Default_BuiltData_Auto1263BD5AD46420F6D22E4DE9A5B6156D3.tmp' to '../../../../../../Users/xavier.melton/Desktop/DOTI_AIE_Y1_FINAL/DOTI_AIE_Y1_FINAL/DOTI_AIE_Y1_FINAL/Saved/Autosaves/Game/StarterContent/Maps/Minimal_Default_BuiltData_Auto1.uasset'
[2017.05.04-18.45.36:479][583]LogSavePackage:Display: Finished SavePackage ../../../../../../Users/xavier.melton/Desktop/DOTI_AIE_Y1_FINAL/DOTI_AIE_Y1_FINAL/DOTI_AIE_Y1_FINAL/Saved/Autosaves/Game/StarterContent/Maps/Minimal_Default_BuiltData_Auto1.uasset
[2017.05.04-18.45.36:480][583]LogFileHelpers: Auto-saving content packages took 0.014
[2017.05.04-19.21.14:840][463]LogContentBrowser: Native class hierarchy updated for 'BlueprintGraph' in 0.0010 seconds. Added 112 classes and 0 folders.
[2017.05.04-19.21.15:582][463]LogSlate: Took 0.000131 seconds to synchronously load lazily loaded font '../../../Engine/Content/Slate/Fonts/Roboto-Regular.ttf' (155K)
[2017.05.04-19.21.15:663][463]LogSlate: Took 0.000197 seconds to synchronously load lazily loaded font '../../../Engine/Content/Editor/Slate/Fonts/Roboto-BoldCondensed.ttf' (158K)
[2017.05.04-19.21.15:790][464]LogSlate: Took 0.000233 seconds to synchronously load lazily loaded font '../../../Engine/Content/Editor/Slate/Fonts/Roboto-Italic.ttf' (157K)
[2017.05.04-19.24.10:104][738]BlueprintLog: New page: Compile PlayerController
[2017.05.04-19.24.10:713][772]LogSavePackage: Save=31.36ms
[2017.05.04-19.24.10:713][772]LogSavePackage: Moving '../../../../../../Users/xavier.melton/Desktop/DOTI_AIE_Y1_FINAL/DOTI_AIE_Y1_FINAL/DOTI_AIE_Y1_FINAL/Saved/PlayerControllerF1C59E4E44D94DBC250DE9A1E5A1D9A6.tmp' to '../../../../../../Users/xavier.melton/Desktop/DOTI_AIE_Y1_FINAL/DOTI_AIE_Y1_FINAL/DOTI_AIE_Y1_FINAL/Content/MattsStuff/PlayerController.uasset'
[2017.05.04-19.24.10:715][772]LogSavePackage:Display: Finished SavePackage ../../../../../../Users/xavier.melton/Desktop/DOTI_AIE_Y1_FINAL/DOTI_AIE_Y1_FINAL/DOTI_AIE_Y1_FINAL/Content/MattsStuff/PlayerController.uasset
[2017.05.04-19.24.12:924][822]LogRenderer: Reallocating scene render targets to support 1208x712 NumSamples 1 (Frame:16218).
[2017.05.04-19.25.19:332][331]BlueprintLog: New page: Compile PlayerController
[2017.05.04-19.25.19:918][353]LogSavePackage: Save=32.04ms
[2017.05.04-19.25.19:918][353]LogSavePackage: Moving '../../../../../../Users/xavier.melton/Desktop/DOTI_AIE_Y1_FINAL/DOTI_AIE_Y1_FINAL/DOTI_AIE_Y1_FINAL/Saved/PlayerControllerD1CB955F427B713AC24CBA89FD31839F.tmp' to '../../../../../../Users/xavier.melton/Desktop/DOTI_AIE_Y1_FINAL/DOTI_AIE_Y1_FINAL/DOTI_AIE_Y1_FINAL/Content/MattsStuff/PlayerController.uasset'
[2017.05.04-19.25.19:919][353]LogSavePackage:Display: Finished SavePackage ../../../../../../Users/xavier.melton/Desktop/DOTI_AIE_Y1_FINAL/DOTI_AIE_Y1_FINAL/DOTI_AIE_Y1_FINAL/Content/MattsStuff/PlayerController.uasset
[2017.05.04-19.29.12:128][622]LogEditorTransaction: Undo Create Pin Link
[2017.05.04-19.29.12:550][653]LogEditorTransaction: Undo Create Reroute Node
[2017.05.04-19.29.12:831][668]LogEditorTransaction: Undo Create Pin Link
[2017.05.04-19.29.13:207][706]LogEditorTransaction: Undo Create Pin Link
[2017.05.04-19.29.13:893][776]LogEditorTransaction: Undo Create Pin Link
[2017.05.04-19.29.14:384][826]LogEditorTransaction: Undo Move Node
[2017.05.04-19.29.14:819][858]LogEditorTransaction: Undo Move Node
[2017.05.04-19.29.15:464][912]LogEditorTransaction: Undo Move Node
[2017.05.04-19.29.16:108][966]LogEditorTransaction: Undo Move Node
[2017.05.04-19.29.16:630][  7]LogEditorTransaction: Undo Move Node
[2017.05.04-19.29.17:134][ 46]LogEditorTransaction: Undo Create Pin Link
[2017.05.04-19.31.33:994][346]LogFileHelpers: Editor autosave (incl. sublevels) for '/Game/StarterContent/Maps/Minimal_Default' took 0.018
[2017.05.04-19.31.33:995][346]OBJ SavePackage: Generating thumbnails for [0] asset(s) in package [/Game/MattsStuff/PlayerController] ([1] browsable assets)...
[2017.05.04-19.31.33:996][346]OBJ SavePackage: Finished generating thumbnails for package [/Game/MattsStuff/PlayerController]
[2017.05.04-19.31.34:037][346]LogSavePackage: Save=39.60ms
[2017.05.04-19.31.34:038][346]LogSavePackage: Moving '../../../../../../Users/xavier.melton/Desktop/DOTI_AIE_Y1_FINAL/DOTI_AIE_Y1_FINAL/DOTI_AIE_Y1_FINAL/Saved/PlayerController_Auto22DF68C8E4E297F2F31AF949101A4E88B.tmp' to '../../../../../../Users/xavier.melton/Desktop/DOTI_AIE_Y1_FINAL/DOTI_AIE_Y1_FINAL/DOTI_AIE_Y1_FINAL/Saved/Autosaves/Game/MattsStuff/PlayerController_Auto2.uasset'
[2017.05.04-19.31.34:038][346]LogSavePackage:Display: Finished SavePackage ../../../../../../Users/xavier.melton/Desktop/DOTI_AIE_Y1_FINAL/DOTI_AIE_Y1_FINAL/DOTI_AIE_Y1_FINAL/Saved/Autosaves/Game/MattsStuff/PlayerController_Auto2.uasset
[2017.05.04-19.31.34:038][346]LogFileHelpers: Auto-saving content packages took 0.044
[2017.05.04-19.33.42:911][888]LogSavePackage: Save=37.73ms
[2017.05.04-19.33.42:911][888]LogSavePackage: Moving '../../../../../../Users/xavier.melton/Desktop/DOTI_AIE_Y1_FINAL/DOTI_AIE_Y1_FINAL/DOTI_AIE_Y1_FINAL/Saved/PlayerControllerA5D70C3E411C26AA5468A2B84C1F629A.tmp' to '../../../../../../Users/xavier.melton/Desktop/DOTI_AIE_Y1_FINAL/DOTI_AIE_Y1_FINAL/DOTI_AIE_Y1_FINAL/Content/MattsStuff/PlayerController.uasset'
[2017.05.04-19.33.42:912][888]LogSavePackage:Display: Finished SavePackage ../../../../../../Users/xavier.melton/Desktop/DOTI_AIE_Y1_FINAL/DOTI_AIE_Y1_FINAL/DOTI_AIE_Y1_FINAL/Content/MattsStuff/PlayerController.uasset
[2017.05.04-19.33.43:743][977]BlueprintLog: New page: Compile PlayerController
[2017.05.04-19.33.44:510][ 33]LogSavePackage: Save=37.23ms
[2017.05.04-19.33.44:510][ 33]LogSavePackage: Moving '../../../../../../Users/xavier.melton/Desktop/DOTI_AIE_Y1_FINAL/DOTI_AIE_Y1_FINAL/DOTI_AIE_Y1_FINAL/Saved/PlayerController38216E454D9A80AC5BCF8C95C08594D6.tmp' to '../../../../../../Users/xavier.melton/Desktop/DOTI_AIE_Y1_FINAL/DOTI_AIE_Y1_FINAL/DOTI_AIE_Y1_FINAL/Content/MattsStuff/PlayerController.uasset'
[2017.05.04-19.33.44:510][ 33]LogSavePackage:Display: Finished SavePackage ../../../../../../Users/xavier.melton/Desktop/DOTI_AIE_Y1_FINAL/DOTI_AIE_Y1_FINAL/DOTI_AIE_Y1_FINAL/Content/MattsStuff/PlayerController.uasset
[2017.05.04-19.33.49:476][429]LogSavePackage: Save=105.69ms
[2017.05.04-19.33.49:476][429]LogSavePackage: Moving '../../../../../../Users/xavier.melton/Desktop/DOTI_AIE_Y1_FINAL/DOTI_AIE_Y1_FINAL/DOTI_AIE_Y1_FINAL/Saved/Minimal_Default683138E14C3FBF9067DE52BF1A1BAB3C.tmp' to '../../../../../../Users/xavier.melton/Desktop/DOTI_AIE_Y1_FINAL/DOTI_AIE_Y1_FINAL/DOTI_AIE_Y1_FINAL/Content/StarterContent/Maps/Minimal_Default.umap'
[2017.05.04-19.33.49:477][429]LogSavePackage:Display: Finished SavePackage ../../../../../../Users/xavier.melton/Desktop/DOTI_AIE_Y1_FINAL/DOTI_AIE_Y1_FINAL/DOTI_AIE_Y1_FINAL/Content/StarterContent/Maps/Minimal_Default.umap
[2017.05.04-19.33.49:552][429]LogSavePackage: Save=52.24ms
[2017.05.04-19.33.49:552][429]LogSavePackage: Moving '../../../../../../Users/xavier.melton/Desktop/DOTI_AIE_Y1_FINAL/DOTI_AIE_Y1_FINAL/DOTI_AIE_Y1_FINAL/Saved/Minimal_Default_BuiltData557DB02C467007D971E368A0F5B37AF1.tmp' to '../../../../../../Users/xavier.melton/Desktop/DOTI_AIE_Y1_FINAL/DOTI_AIE_Y1_FINAL/DOTI_AIE_Y1_FINAL/Content/StarterContent/Maps/Minimal_Default_BuiltData.uasset'
[2017.05.04-19.33.49:553][429]LogSavePackage:Display: Finished SavePackage ../../../../../../Users/xavier.melton/Desktop/DOTI_AIE_Y1_FINAL/DOTI_AIE_Y1_FINAL/DOTI_AIE_Y1_FINAL/Content/StarterContent/Maps/Minimal_Default_BuiltData.uasset
[2017.05.04-19.33.53:183][836]Cmd: QUIT_EDITOR
[2017.05.04-19.33.53:234][836]LogExit: Preparing to exit.
[2017.05.04-19.33.53:603][836]LogDirectoryWatcher: A directory notification for 'C:/Users/xavier.melton/Desktop/DOTI_AIE_Y1_FINAL/DOTI_AIE_Y1_FINAL/DOTI_AIE_Y1_FINAL/Content/' was aborted.
[2017.05.04-19.33.53:630][836]LogExit: Editor shut down
[2017.05.04-19.33.53:630][836]LogExit: Transaction tracking system shut down
[2017.05.04-19.33.53:711][836]LogObj: Freed 0b from 0 cluster array pools.
[2017.05.04-19.33.53:711][836]LogExit: Object subsystem successfully closed.
[2017.05.04-19.33.53:723][836]LogD3D11RHI: Shutdown
[2017.05.04-19.33.53:723][836]LogD3D11RHI: CleanupD3DDevice
[2017.05.04-19.33.53:762][836]LogD3D11RHI: ~FD3D11DynamicRHI
[2017.05.04-19.33.53:773][836]LogModuleManager: Shutting down and abandoning module BlueprintGraph (504)
[2017.05.04-19.33.53:773][836]LogModuleManager: Shutting down and abandoning module BlueprintProfiler (502)
[2017.05.04-19.33.53:773][836]LogModuleManager: Shutting down and abandoning module MovieSceneCapture (500)
[2017.05.04-19.33.53:773][836]LogModuleManager: Shutting down and abandoning module HierarchicalLODOutliner (498)
[2017.05.04-19.33.53:773][836]LogModuleManager: Shutting down and abandoning module CrashTracker (496)
[2017.05.04-19.33.53:773][836]LogModuleManager: Shutting down and abandoning module SceneOutliner (494)
[2017.05.04-19.33.53:773][836]LogModuleManager: Shutting down and abandoning module AddContentDialog (492)
[2017.05.04-19.33.53:773][836]LogDirectoryWatcher: A directory notification for 'C:/Program Files (x86)/Epic Games/4.15/FeaturePacks/' was aborted.
[2017.05.04-19.33.53:774][836]LogModuleManager: Shutting down and abandoning module WidgetCarousel (491)
[2017.05.04-19.33.53:774][836]LogModuleManager: Shutting down and abandoning module EditorWidgets (488)
[2017.05.04-19.33.53:774][836]LogModuleManager: Shutting down and abandoning module CollectionManager (486)
[2017.05.04-19.33.53:774][836]LogDirectoryWatcher: A directory notification for 'C:/Users/xavier.melton/Desktop/DOTI_AIE_Y1_FINAL/DOTI_AIE_Y1_FINAL/DOTI_AIE_Y1_FINAL/Content/Collections/' was aborted.
[2017.05.04-19.33.53:774][836]LogDirectoryWatcher: A directory notification for 'C:/Users/xavier.melton/Desktop/DOTI_AIE_Y1_FINAL/DOTI_AIE_Y1_FINAL/DOTI_AIE_Y1_FINAL/Content/Developers/xaviermelton/Collections/' was aborted.
[2017.05.04-19.33.53:774][836]LogDirectoryWatcher: A directory notification for 'C:/Users/xavier.melton/Desktop/DOTI_AIE_Y1_FINAL/DOTI_AIE_Y1_FINAL/DOTI_AIE_Y1_FINAL/Saved/Collections/' was aborted.
[2017.05.04-19.33.53:774][836]LogModuleManager: Shutting down and abandoning module StatsViewer (484)
[2017.05.04-19.33.53:774][836]LogModuleManager: Shutting down and abandoning module FoliageEdit (482)
[2017.05.04-19.33.53:774][836]LogModuleManager: Shutting down and abandoning module LandscapeEditor (480)
[2017.05.04-19.33.53:774][836]LogModuleManager: Shutting down and abandoning module SceneDepthPickerMode (478)
[2017.05.04-19.33.53:774][836]LogModuleManager: Shutting down and abandoning module ActorPickerMode (476)
[2017.05.04-19.33.53:774][836]LogModuleManager: Shutting down and abandoning module GeometryMode (474)
[2017.05.04-19.33.53:774][836]LogModuleManager: Shutting down and abandoning module TextureAlignMode (472)
[2017.05.04-19.33.53:774][836]LogModuleManager: Shutting down and abandoning module BspMode (470)
[2017.05.04-19.33.53:774][836]LogModuleManager: Shutting down and abandoning module HardwareSurvey (468)
[2017.05.04-19.33.53:774][836]LogModuleManager: Shutting down and abandoning module SequenceRecorderSections (466)
[2017.05.04-19.33.53:774][836]LogModuleManager: Shutting down and abandoning module AutomationWorker (464)
[2017.05.04-19.33.53:774][836]LogModuleManager: Shutting down and abandoning module MatineeToLevelSequence (462)
[2017.05.04-19.33.53:774][836]LogModuleManager: Shutting down and abandoning module LevelSequenceEditor (460)
[2017.05.04-19.33.53:774][836]LogModuleManager: Shutting down and abandoning module PlacementMode (459)
[2017.05.04-19.33.53:774][836]LogModuleManager: Shutting down and abandoning module WmfMediaFactory (456)
[2017.05.04-19.33.53:774][836]LogModuleManager: Shutting down and abandoning module WmfMediaEditor (454)
[2017.05.04-19.33.53:774][836]LogModuleManager: Shutting down and abandoning module MfMediaFactory (452)
[2017.05.04-19.33.53:774][836]LogModuleManager: Shutting down and abandoning module MfMediaEditor (450)
[2017.05.04-19.33.53:774][836]LogModuleManager: Shutting down and abandoning module AvfMediaFactory (448)
[2017.05.04-19.33.53:774][836]LogModuleManager: Shutting down and abandoning module AvfMediaEditor (446)
[2017.05.04-19.33.53:774][836]LogModuleManager: Shutting down and abandoning module AndroidMediaFactory (444)
[2017.05.04-19.33.53:774][836]LogModuleManager: Shutting down and abandoning module Media (443)
[2017.05.04-19.33.53:774][836]LogModuleManager: Shutting down and abandoning module AndroidMediaEditor (440)
[2017.05.04-19.33.53:774][836]LogModuleManager: Shutting down and abandoning module CharacterAI (438)
[2017.05.04-19.33.53:774][836]LogModuleManager: Shutting down and abandoning module AudioCapture (436)
[2017.05.04-19.33.53:774][836]LogModuleManager: Shutting down and abandoning module SequenceRecorder (435)
[2017.05.04-19.33.53:774][836]LogModuleManager: Shutting down and abandoning module SmartSnapping (432)
[2017.05.04-19.33.53:774][836]LogModuleManager: Shutting down and abandoning module SessionServices (430)
[2017.05.04-19.33.53:774][836]LogModuleManager: Shutting down and abandoning module ViewportSnapping (428)
[2017.05.04-19.33.53:774][836]LogModuleManager: Shutting down and abandoning module ViewportInteraction (426)
[2017.05.04-19.33.53:774][836]LogModuleManager: Shutting down and abandoning module LogVisualizer (424)
[2017.05.04-19.33.53:774][836]LogModuleManager: Shutting down and abandoning module IntroTutorials (422)
[2017.05.04-19.33.53:775][836]LogModuleManager: Shutting down and abandoning module GameProjectGeneration (421)
[2017.05.04-19.33.53:775][836]LogModuleManager: Shutting down and abandoning module EditorLiveStreaming (418)
[2017.05.04-19.33.53:775][836]LogModuleManager: Shutting down and abandoning module IOSPlatformEditor (416)
[2017.05.04-19.33.53:775][836]LogModuleManager: Shutting down and abandoning module HTML5PlatformEditor (414)
[2017.05.04-19.33.53:775][836]LogModuleManager: Shutting down and abandoning module AndroidPlatformEditor (412)
[2017.05.04-19.33.53:775][836]LogModuleManager: Shutting down and abandoning module AndroidDeviceDetection (411)
[2017.05.04-19.33.54:300][836]LogModuleManager: Shutting down and abandoning module IOSRuntimeSettings (408)
[2017.05.04-19.33.54:300][836]LogModuleManager: Shutting down and abandoning module AndroidRuntimeSettings (406)
[2017.05.04-19.33.54:300][836]LogModuleManager: Shutting down and abandoning module InputBindingEditor (404)
[2017.05.04-19.33.54:300][836]LogModuleManager: Shutting down and abandoning module NiagaraEditor (402)
[2017.05.04-19.33.54:300][836]LogModuleManager: Shutting down and abandoning module MergeActors (400)
[2017.05.04-19.33.54:300][836]LogModuleManager: Shutting down and abandoning module SizeMap (398)
[2017.05.04-19.33.54:300][836]LogModuleManager: Shutting down and abandoning module TreeMap (396)
[2017.05.04-19.33.54:300][836]LogModuleManager: Shutting down and abandoning module ReferenceViewer (394)
[2017.05.04-19.33.54:300][836]LogModuleManager: Shutting down and abandoning module LocalizationDashboard (392)
[2017.05.04-19.33.54:300][836]LogModuleManager: Shutting down and abandoning module LocalizationService (391)
[2017.05.04-19.33.54:300][836]LogModuleManager: Shutting down and abandoning module HardwareTargeting (388)
[2017.05.04-19.33.54:300][836]LogModuleManager: Shutting down and abandoning module DeviceProfileEditor (386)
[2017.05.04-19.33.54:300][836]LogModuleManager: Shutting down and abandoning module UndoHistory (384)
[2017.05.04-19.33.54:300][836]LogModuleManager: Shutting down and abandoning module UserFeedback (382)
[2017.05.04-19.33.54:300][836]LogModuleManager: Shutting down and abandoning module XmlParser (380)
[2017.05.04-19.33.54:300][836]LogModuleManager: Shutting down and abandoning module Blutility (378)
[2017.05.04-19.33.54:300][836]LogModuleManager: Shutting down and abandoning module ProjectSettingsViewer (376)
[2017.05.04-19.33.54:300][836]LogModuleManager: Shutting down and abandoning module ProjectTargetPlatformEditor (375)
[2017.05.04-19.33.54:301][836]LogModuleManager: Shutting down and abandoning module EditorSettingsViewer (372)
[2017.05.04-19.33.54:301][836]LogModuleManager: Shutting down and abandoning module SettingsEditor (370)
[2017.05.04-19.33.54:301][836]LogModuleManager: Shutting down and abandoning module ProjectLauncher (368)
[2017.05.04-19.33.54:301][836]LogModuleManager: Shutting down and abandoning module SessionFrontend (366)
[2017.05.04-19.33.54:301][836]LogModuleManager: Shutting down and abandoning module ProfilerClient (364)
[2017.05.04-19.33.54:301][836]LogModuleManager: Shutting down and abandoning module DeviceManager (362)
[2017.05.04-19.33.54:301][836]LogModuleManager: Shutting down and abandoning module TargetDeviceServices (361)
[2017.05.04-19.33.54:341][836]LogModuleManager: Shutting down and abandoning module AutomationController (358)
[2017.05.04-19.33.54:341][836]LogModuleManager: Shutting down and abandoning module AutomationWindow (356)
[2017.05.04-19.33.54:341][836]LogModuleManager: Shutting down and abandoning module Layers (354)
[2017.05.04-19.33.54:341][836]LogModuleManager: Shutting down and abandoning module ComponentVisualizers (352)
[2017.05.04-19.33.54:341][836]LogModuleManager: Shutting down and abandoning module DetailCustomizations (350)
[2017.05.04-19.33.54:341][836]LogModuleManager: Shutting down and abandoning module PackagesDialog (348)
[2017.05.04-19.33.54:341][836]LogModuleManager: Shutting down and abandoning module Persona (346)
[2017.05.04-19.33.54:341][836]LogModuleManager: Shutting down and abandoning module AnimGraph (345)
[2017.05.04-19.33.54:341][836]LogModuleManager: Shutting down and abandoning module Kismet (342)
[2017.05.04-19.33.54:348][836]LogModuleManager: Shutting down and abandoning module GraphEditor (340)
[2017.05.04-19.33.54:348][836]LogModuleManager: Shutting down and abandoning module ClassViewer (338)
[2017.05.04-19.33.54:348][836]LogModuleManager: Shutting down and abandoning module Toolbox (336)
[2017.05.04-19.33.54:348][836]LogModuleManager: Shutting down and abandoning module ModuleUI (334)
[2017.05.04-19.33.54:348][836]LogModuleManager: Shutting down and abandoning module MovieSceneTools (332)
[2017.05.04-19.33.54:348][836]LogModuleManager: Shutting down and abandoning module OutputLog (330)
[2017.05.04-19.33.54:348][836]LogModuleManager: Shutting down and abandoning module GammaUI (328)
[2017.05.04-19.33.54:348][836]LogModuleManager: Shutting down and abandoning module Documentation (326)
[2017.05.04-19.33.54:348][836]LogModuleManager: Shutting down and abandoning module Niagara (324)
[2017.05.04-19.33.54:348][836]LogModuleManager: Shutting down and abandoning module StreamingPauseRendering (322)
[2017.05.04-19.33.54:348][836]LogModuleManager: Shutting down and abandoning module AnalyticsET (320)
[2017.05.04-19.33.54:348][836]LogModuleManager: Shutting down and abandoning module PortalServices (318)
[2017.05.04-19.33.54:348][836]LogModuleManager: Shutting down and abandoning module PortalRpc (316)
[2017.05.04-19.33.54:348][836]LogModuleManager: Shutting down and abandoning module MessagingRpc (314)
[2017.05.04-19.33.54:348][836]LogModuleManager: Shutting down and abandoning module AIModule (312)
[2017.05.04-19.33.54:348][836]LogModuleManager: Shutting down and abandoning module GameplayDebugger (311)
[2017.05.04-19.33.54:348][836]LogModuleManager: Shutting down and abandoning module AITestSuite (309)
[2017.05.04-19.33.54:348][836]LogModuleManager: Shutting down and abandoning module ProfilerService (306)
[2017.05.04-19.33.54:427][836]LogModuleManager: Shutting down and abandoning module TaskGraph (304)
[2017.05.04-19.33.54:427][836]LogModuleManager: Shutting down and abandoning module SteamVRController (302)
[2017.05.04-19.33.54:427][836]LogModuleManager: Shutting down and abandoning module SteamVR (300)
[2017.05.04-19.33.54:427][836]LogModuleManager: Shutting down and abandoning module ProceduralMeshComponentEditor (298)
[2017.05.04-19.33.54:427][836]LogModuleManager: Shutting down and abandoning module ProceduralMeshComponent (296)
[2017.05.04-19.33.54:427][836]LogModuleManager: Shutting down and abandoning module OculusLibrary (294)
[2017.05.04-19.33.54:427][836]LogModuleManager: Shutting down and abandoning module OculusInput (292)
[2017.05.04-19.33.54:427][836]LogModuleManager: Shutting down and abandoning module MobilePatchingUtils (290)
[2017.05.04-19.33.54:427][836]LogModuleManager: Shutting down and abandoning module CustomMeshComponent (288)
[2017.05.04-19.33.54:427][836]LogModuleManager: Shutting down and abandoning module CableComponent (286)
[2017.05.04-19.33.54:427][836]LogModuleManager: Shutting down and abandoning module ArchVisCharacter (284)
[2017.05.04-19.33.54:427][836]LogModuleManager: Shutting down and abandoning module MediaPlayerEditor (280)
[2017.05.04-19.33.54:427][836]LogModuleManager: Shutting down and abandoning module HTML5Networking (278)
[2017.05.04-19.33.54:427][836]LogModuleManager: Shutting down and abandoning module AlembicImporter (276)
[2017.05.04-19.33.54:427][836]LogModuleManager: Shutting down and abandoning module AlembicLibrary (275)
[2017.05.04-19.33.54:427][836]LogModuleManager: Shutting down and abandoning module GeometryCache (274)
[2017.05.04-19.33.54:427][836]LogModuleManager: Shutting down and abandoning module GeometryCacheEd (273)
[2017.05.04-19.33.54:427][836]LogModuleManager: Shutting down and abandoning module SuperSearchEditor (268)
[2017.05.04-19.33.54:427][836]LogModuleManager: Shutting down and abandoning module SuperSearch (267)
[2017.05.04-19.33.54:427][836]LogModuleManager: Shutting down and abandoning module SpeedTreeImporter (264)
[2017.05.04-19.33.54:427][836]LogModuleManager: Shutting down and abandoning module PluginBrowser (262)
[2017.05.04-19.33.54:427][836]LogModuleManager: Shutting down and abandoning module MobileLauncherProfileWizard (260)
[2017.05.04-19.33.54:427][836]LogModuleManager: Shutting down and abandoning module EpicSurvey (258)
[2017.05.04-19.33.54:427][836]LogModuleManager: Shutting down and abandoning module VisualStudioSourceCodeAccess (256)
[2017.05.04-19.33.54:428][836]LogModuleManager: Shutting down and abandoning module DesktopPlatform (255)
[2017.05.04-19.33.54:428][836]LogModuleManager: Shutting down and abandoning module UObjectPlugin (252)
[2017.05.04-19.33.54:428][836]LogModuleManager: Shutting down and abandoning module SubversionSourceControl (250)
[2017.05.04-19.33.54:428][836]LogModuleManager: Shutting down and abandoning module PerforceSourceControl (248)
[2017.05.04-19.33.54:428][836]LogModuleManager: Shutting down and abandoning module GitSourceControl (246)
[2017.05.04-19.33.54:428][836]LogModuleManager: Shutting down and abandoning module SourceControl (245)
[2017.05.04-19.33.54:428][836]LogModuleManager: Shutting down and abandoning module LightPropagationVolumeEditor (242)
[2017.05.04-19.33.54:428][836]LogModuleManager: Shutting down and abandoning module PaperTiledImporter (240)
[2017.05.04-19.33.54:428][836]LogModuleManager: Shutting down and abandoning module PaperSpriteSheetImporter (238)
[2017.05.04-19.33.54:428][836]LogModuleManager: Shutting down and abandoning module Paper2DEditor (236)
[2017.05.04-19.33.54:428][836]LogModuleManager: Shutting down and abandoning module MeshPaint (235)
[2017.05.04-19.33.54:428][836]LogModuleManager: Shutting down and abandoning module LevelEditor (233)
[2017.05.04-19.33.54:428][836]LogModuleManager: Shutting down and abandoning module PixelInspectorModule (232)
[2017.05.04-19.33.54:428][836]LogModuleManager: Shutting down and abandoning module MainFrame (230)
[2017.05.04-19.33.54:428][836]LogModuleManager: Shutting down and abandoning module HotReload (229)
[2017.05.04-19.33.54:429][836]LogModuleManager: Shutting down and abandoning module ContentBrowser (225)
[2017.05.04-19.33.54:429][836]LogModuleManager: Shutting down and abandoning module PhysXVehiclesEditor (222)
[2017.05.04-19.33.54:430][836]LogModuleManager: Shutting down and abandoning module PhysXVehicles (220)
[2017.05.04-19.33.54:430][836]LogModuleManager: Shutting down and abandoning module LocationServicesBPLibrary (218)
[2017.05.04-19.33.54:430][836]LogModuleManager: Shutting down and abandoning module UdpMessaging (216)
[2017.05.04-19.33.54:530][836]LogModuleManager: Shutting down and abandoning module TcpMessaging (214)
[2017.05.04-19.33.54:630][836]LogModuleManager: Shutting down and abandoning module GameplayTagsEditor (212)
[2017.05.04-19.33.54:630][836]LogModuleManager: Shutting down and abandoning module FacialAnimationEditor (210)
[2017.05.04-19.33.54:630][836]LogModuleManager: Shutting down and abandoning module FacialAnimation (208)
[2017.05.04-19.33.54:630][836]LogModuleManager: Shutting down and abandoning module LightPropagationVolumeRuntime (206)
[2017.05.04-19.33.54:630][836]LogModuleManager: Shutting down and abandoning module Paper2D (204)
[2017.05.04-19.33.54:630][836]LogModuleManager: Shutting down and abandoning module WindowsMoviePlayer (202)
[2017.05.04-19.33.54:630][836]LogModuleManager: Shutting down and abandoning module WmfMedia (200)
[2017.05.04-19.33.54:630][836]LogModuleManager: Shutting down and abandoning module MfMedia (198)
[2017.05.04-19.33.54:630][836]LogModuleManager: Shutting down and abandoning module MediaAssets (196)
[2017.05.04-19.33.54:630][836]LogModuleManager: Shutting down and abandoning module GameLiveStreaming (194)
[2017.05.04-19.33.54:630][836]LogModuleManager: Shutting down and abandoning module VREditor (192)
[2017.05.04-19.33.54:630][836]LogModuleManager: Shutting down and abandoning module GameplayTasksEditor (190)
[2017.05.04-19.33.54:630][836]LogModuleManager: Shutting down and abandoning module BehaviorTreeEditor (188)
[2017.05.04-19.33.54:630][836]LogModuleManager: Shutting down and abandoning module FunctionalTesting (186)
[2017.05.04-19.33.54:630][836]LogModuleManager: Shutting down and abandoning module CollisionAnalyzer (184)
[2017.05.04-19.33.54:630][836]LogModuleManager: Shutting down and abandoning module UMG (182)
[2017.05.04-19.33.54:630][836]LogModuleManager: Shutting down and abandoning module UMGEditor (181)
[2017.05.04-19.33.54:630][836]LogModuleManager: Shutting down and abandoning module Sequencer (180)
[2017.05.04-19.33.54:630][836]LogModuleManager: Shutting down and abandoning module AssetTools (178)
[2017.05.04-19.33.54:630][836]LogModuleManager: Shutting down and abandoning module MessageLog (177)
[2017.05.04-19.33.54:630][836]LogModuleManager: Shutting down and abandoning module WorkspaceMenuStructure (176)
[2017.05.04-19.33.54:630][836]LogModuleManager: Shutting down and abandoning module SlateReflector (170)
[2017.05.04-19.33.54:630][836]LogModuleManager: Shutting down and abandoning module Slate (168)
[2017.05.04-19.33.54:630][836]LogModuleManager: Shutting down and abandoning module EditorStyle (166)
[2017.05.04-19.33.54:633][836]LogModuleManager: Shutting down and abandoning module SourceCodeAccess (164)
[2017.05.04-19.33.54:633][836]LogModuleManager: Shutting down and abandoning module HeadMountedDisplay (162)
[2017.05.04-19.33.54:633][836]LogModuleManager: Shutting down and abandoning module XAudio2 (160)
[2017.05.04-19.33.54:633][836]LogModuleManager: Shutting down and abandoning module Networking (158)
[2017.05.04-19.33.54:633][836]LogModuleManager: Shutting down and abandoning module Core (154)
[2017.05.04-19.33.54:633][836]LogModuleManager: Shutting down and abandoning module AssetRegistry (152)
[2017.05.04-19.33.54:778][836]LogDirectoryWatcher: A directory notification for '../../../Engine/Content/' was aborted.
[2017.05.04-19.33.54:778][836]LogDirectoryWatcher: A directory notification for '../../../../../../Users/xavier.melton/Desktop/DOTI_AIE_Y1_FINAL/DOTI_AIE_Y1_FINAL/DOTI_AIE_Y1_FINAL/Content/' was aborted.
[2017.05.04-19.33.54:778][836]LogDirectoryWatcher: A directory notification for '../../../Engine/Plugins/2D/Paper2D/Content/' was aborted.
[2017.05.04-19.33.54:778][836]LogModuleManager: Shutting down and abandoning module DirectoryWatcher (151)
[2017.05.04-19.33.54:779][836]LogModuleManager: Shutting down and abandoning module KismetCompiler (148)
[2017.05.04-19.33.54:779][836]LogModuleManager: Shutting down and abandoning module PhysXFormats (146)
[2017.05.04-19.33.54:779][836]LogModuleManager: Shutting down and abandoning module MeshUtilities (144)
[2017.05.04-19.33.54:779][836]LogModuleManager: Shutting down and abandoning module SimplygonSwarm (143)
[2017.05.04-19.33.54:779][836]LogModuleManager: Shutting down and abandoning module SimplygonMeshReduction (141)
[2017.05.04-19.33.54:779][836]LogModuleManager: Shutting down and abandoning module QuadricMeshReduction (139)
[2017.05.04-19.33.54:779][836]LogModuleManager: Shutting down and abandoning module PropertyEditor (137)
[2017.05.04-19.33.54:779][836]LogModuleManager: Shutting down and abandoning module DerivedDataCache (134)
[2017.05.04-19.33.54:844][836]LogDerivedDataCache: Shutdown
[2017.05.04-19.33.54:844][836]LogModuleManager: Shutting down and abandoning module TargetPlatform (132)
[2017.05.04-19.33.54:844][836]LogModuleManager: Shutting down and abandoning module VulkanShaderFormat (131)
[2017.05.04-19.33.54:844][836]LogModuleManager: Shutting down and abandoning module ShaderFormatOpenGL (129)
[2017.05.04-19.33.54:844][836]LogModuleManager: Shutting down and abandoning module ShaderFormatD3D (127)
[2017.05.04-19.33.54:844][836]LogModuleManager: Shutting down and abandoning module MetalShaderFormat (125)
[2017.05.04-19.33.54:844][836]LogModuleManager: Shutting down and abandoning module TextureFormatUncompressed (123)
[2017.05.04-19.33.54:844][836]LogModuleManager: Shutting down and abandoning module TextureFormatPVR (121)
[2017.05.04-19.33.54:844][836]LogModuleManager: Shutting down and abandoning module TextureFormatDXT (119)
[2017.05.04-19.33.54:844][836]LogModuleManager: Shutting down and abandoning module TextureFormatIntelISPCTexComp (117)
[2017.05.04-19.33.54:844][836]LogModuleManager: Shutting down and abandoning module TextureFormatASTC (115)
[2017.05.04-19.33.54:844][836]LogModuleManager: Shutting down and abandoning module ImageWrapper (114)
[2017.05.04-19.33.54:844][836]LogModuleManager: Shutting down and abandoning module TextureFormatAndroid (111)
[2017.05.04-19.33.54:844][836]LogModuleManager: Shutting down and abandoning module AudioFormatOpus (109)
[2017.05.04-19.33.54:844][836]LogModuleManager: Shutting down and abandoning module AudioFormatOgg (107)
[2017.05.04-19.33.54:844][836]LogModuleManager: Shutting down and abandoning module AudioFormatADPCM (105)
[2017.05.04-19.33.54:844][836]LogModuleManager: Shutting down and abandoning module LinuxTargetPlatform (103)
[2017.05.04-19.33.54:844][836]LogModuleManager: Shutting down and abandoning module LinuxServerTargetPlatform (101)
[2017.05.04-19.33.54:844][836]LogModuleManager: Shutting down and abandoning module LinuxNoEditorTargetPlatform (99)
[2017.05.04-19.33.54:844][836]LogModuleManager: Shutting down and abandoning module LinuxClientTargetPlatform (97)
[2017.05.04-19.33.54:844][836]LogModuleManager: Shutting down and abandoning module TVOSTargetPlatform (95)
[2017.05.04-19.33.54:844][836]LogModuleManager: Shutting down and abandoning module Messaging (93)
[2017.05.04-19.33.54:844][836]LogModuleManager: Shutting down and abandoning module IOSTargetPlatform (91)
[2017.05.04-19.33.54:844][836]LogModuleManager: Shutting down and abandoning module HTML5TargetPlatform (89)
[2017.05.04-19.33.54:844][836]LogModuleManager: Shutting down and abandoning module Android_PVRTCTargetPlatform (87)
[2017.05.04-19.33.54:844][836]LogModuleManager: Shutting down and abandoning module Android_MultiTargetPlatform (85)
[2017.05.04-19.33.54:844][836]LogModuleManager: Shutting down and abandoning module Android_ETC2TargetPlatform (83)
[2017.05.04-19.33.54:844][836]LogModuleManager: Shutting down and abandoning module Android_ETC1TargetPlatform (81)
[2017.05.04-19.33.54:845][836]LogModuleManager: Shutting down and abandoning module Android_DXTTargetPlatform (79)
[2017.05.04-19.33.54:845][836]LogModuleManager: Shutting down and abandoning module Android_ATCTargetPlatform (77)
[2017.05.04-19.33.54:845][836]LogModuleManager: Shutting down and abandoning module Android_ASTCTargetPlatform (75)
[2017.05.04-19.33.54:845][836]LogModuleManager: Shutting down and abandoning module AndroidTargetPlatform (73)
[2017.05.04-19.33.54:845][836]LogModuleManager: Shutting down and abandoning module WindowsTargetPlatform (71)
[2017.05.04-19.33.54:845][836]LogModuleManager: Shutting down and abandoning module WindowsServerTargetPlatform (69)
[2017.05.04-19.33.54:845][836]LogModuleManager: Shutting down and abandoning module WindowsNoEditorTargetPlatform (67)
[2017.05.04-19.33.54:845][836]LogModuleManager: Shutting down and abandoning module WindowsClientTargetPlatform (65)
[2017.05.04-19.33.54:845][836]LogModuleManager: Shutting down and abandoning module MacTargetPlatform (63)
[2017.05.04-19.33.54:845][836]LogModuleManager: Shutting down and abandoning module MacServerTargetPlatform (61)
[2017.05.04-19.33.54:845][836]LogModuleManager: Shutting down and abandoning module MacNoEditorTargetPlatform (59)
[2017.05.04-19.33.54:845][836]LogModuleManager: Shutting down and abandoning module MacClientTargetPlatform (57)
[2017.05.04-19.33.54:845][836]LogModuleManager: Shutting down and abandoning module AllDesktopTargetPlatform (55)
[2017.05.04-19.33.54:845][836]LogModuleManager: Shutting down and abandoning module InputCore (52)
[2017.05.04-19.33.54:845][836]LogModuleManager: Shutting down and abandoning module Settings (50)
[2017.05.04-19.33.54:845][836]LogModuleManager: Shutting down and abandoning module OculusRift (48)
[2017.05.04-19.33.54:845][836]LogModuleManager: Shutting down and abandoning module GearVR (46)
[2017.05.04-19.33.54:845][836]LogModuleManager: Shutting down and abandoning module ExampleDeviceProfileSelector (44)
[2017.05.04-19.33.54:845][836]LogModuleManager: Shutting down and abandoning module OnlineBlueprintSupport (42)
[2017.05.04-19.33.54:845][836]LogModuleManager: Shutting down and abandoning module OnlineSubsystem (38)
[2017.05.04-19.33.54:845][836]LogOnline:Display: Unloading online subsystem: NULL
[2017.05.04-19.33.54:845][836]LogModuleManager: Shutting down and abandoning module XMPP (37)
[2017.05.04-19.33.54:845][836]LogModuleManager: Shutting down and abandoning module HTTP (35)
[2017.05.04-19.33.54:845][836]LogHttp:Display: Http module shutting down, but needs to wait on 1 outstanding Http requests:
[2017.05.04-19.33.54:845][836]LogHttp:Display: 	verb=[POST] url=[https://datarouter.ol.epicgames.com/datarouter/api/v1/public/data?SessionID=%7BFD24205D-459C-97E7-03C9-889949E88144%7D&AppID=UEEditor.Rocket.Release&AppVersion=4.15.1-3348071%2B%2B%2BUE4%2BRelease-4.15&UserID=c86140004d8307b6926201b37a5ca06c%7Cf0997147a89f469294dfa6a271acf381%7Ccdcecd8d-e686-4b82-9a10-df89cd548cee&AppEnvironment=datacollector-binary&UploadType=eteventstream] status=Processing
[2017.05.04-19.33.54:871][836]LogModuleManager: Shutting down and abandoning module SSL (34)
[2017.05.04-19.33.54:872][836]LogModuleManager: Shutting down and abandoning module AudioEditor (30)
[2017.05.04-19.33.54:872][836]LogModuleManager: Shutting down and abandoning module TextureCompressor (28)
[2017.05.04-19.33.54:872][836]LogModuleManager: Shutting down and abandoning module ShaderCore (26)
[2017.05.04-19.33.54:872][836]LogModuleManager: Shutting down and abandoning module Landscape (24)
[2017.05.04-19.33.54:872][836]LogModuleManager: Shutting down and abandoning module SlateRHIRenderer (22)
[2017.05.04-19.33.54:875][836]LogModuleManager: Shutting down and abandoning module OpenGLDrv (20)
[2017.05.04-19.33.54:875][836]LogModuleManager: Shutting down and abandoning module D3D11RHI (18)
[2017.05.04-19.33.54:875][836]LogModuleManager: Shutting down and abandoning module AnimGraphRuntime (16)
[2017.05.04-19.33.54:875][836]LogModuleManager: Shutting down and abandoning module Renderer (14)
[2017.05.04-19.33.54:875][836]LogModuleManager: Shutting down and abandoning module Engine (12)
[2017.05.04-19.33.54:875][836]LogModuleManager: Shutting down and abandoning module CoreUObject (10)
[2017.05.04-19.33.54:875][836]LogModuleManager: Shutting down and abandoning module NetworkFile (8)
[2017.05.04-19.33.54:875][836]LogModuleManager: Shutting down and abandoning module StreamingFile (6)
[2017.05.04-19.33.54:875][836]LogModuleManager: Shutting down and abandoning module SandboxFile (4)
[2017.05.04-19.33.54:875][836]LogModuleManager: Shutting down and abandoning module PakFile (2)
[2017.05.04-19.33.54:876][836]LogExit: Exiting.
[2017.05.04-19.33.54:885][836]Log file closed, 05/04/17 12:33:54
