Log file open, 05/08/17 14:00:20
LogInit:Display: Running engine for game: FinalProject
LogPlatformFile: Not using cached read wrapper
LogInit:Display: RandInit(205548108) SRandInit(205548108).
LogTaskGraph: Started task graph with 5 named threads and 10 total threads with 1 sets of task threads.
LogStats: Stats thread started at 0.096223
LogInit: Using libcurl 7.47.1
LogInit:  - built for x86_64-pc-win32
LogInit:  - supports SSL with OpenSSL/1.0.2g
LogInit:  - supports HTTP deflate (compression) using libz 1.2.8
LogInit:  - other features:
LogInit:      CURL_VERSION_SSL
LogInit:      CURL_VERSION_LIBZ
LogInit:      CURL_VERSION_IPV6
LogInit:      CURL_VERSION_ASYNCHDNS
LogInit:      CURL_VERSION_LARGEFILE
LogInit:      CURL_VERSION_IDN
LogInit:  CurlRequestOptions (configurable via config and command line):
LogInit:  - bVerifyPeer = false  - Libcurl will NOT verify peer certificate
LogInit:  - bUseHttpProxy = false  - Libcurl will NOT use HTTP proxy
LogInit:  - bDontReuseConnections = false  - Libcurl will reuse connections
LogInit:  - CertBundlePath = nullptr  - Libcurl will use whatever was configured at build time.
LogInit: Build: ++UE4+Release-4.15-CL-3416026
LogInit: Engine Version: 4.15.2-3416026+++UE4+Release-4.15
LogInit: Compatible Engine Version: 4.15.0-3299760+++UE4+Release-4.15
LogInit: Net CL: 3299760
LogDevObjectVersion: Number of dev versions registered: 14
LogDevObjectVersion:   Dev-Blueprints (B0D832E4-1F89-4F0D-ACCF-7EB736FD4AA2): 8
LogDevObjectVersion:   Dev-Build (E1C64328-A22C-4D53-A36C-8E866417BD8C): 0
LogDevObjectVersion:   Dev-Core (375EC13C-06E4-48FB-B500-84F0262A717E): 2
LogDevObjectVersion:   Dev-Editor (E4B068ED-F494-42E9-A231-DA0B2E46BB41): 14
LogDevObjectVersion:   Dev-Framework (CFFC743F-43B0-4480-9391-14DF171D2073): 22
LogDevObjectVersion:   Dev-Mobile (B02B49B5-BB20-44E9-A304-32B752E40360): 0
LogDevObjectVersion:   Dev-Networking (A4E4105C-59A1-49B5-A7C5-40C4547EDFEE): 0
LogDevObjectVersion:   Dev-Online (39C831C9-5AE6-47DC-9A44-9C173E1C8E7C): 0
LogDevObjectVersion:   Dev-Physics (78F01B33-EBEA-4F98-B9B4-84EACCB95AA2): 0
LogDevObjectVersion:   Dev-Platform (6631380F-2D4D-43E0-8009-CF276956A95A): 0
LogDevObjectVersion:   Dev-Rendering (12F88B9F-8875-4AFC-A67C-D90C383ABD29): 12
LogDevObjectVersion:   Dev-Sequencer (7B5AE74C-D270-4C10-A958-57980B212A5A): 3
LogDevObjectVersion:   Dev-VR (D7296918-1DD6-4BDD-9DE2-64A83CC13884): 0
LogDevObjectVersion:   Dev-LoadTimes (C2A15278-BFE7-4AFE-6C17-90FF531DF755): 1
LogInit: Compiled (64-bit): May  1 2017 13:11:28
LogInit: Compiled with Visual C++: 19.00.23026.00
LogInit: Build Configuration: Development
LogInit: Branch Name: ++UE4+Release-4.15
LogInit: Command line:  
LogInit: Base directory: C:/Epic Games/UE_4.15/Engine/Binaries/Win64/
LogInit: Installed Engine Build: 1
LogInit: Presizing for max 8388607 objects, including 0 objects not considered by GC, pre-allocating 0 bytes for permanent pool.
LogInit: Object subsystem initialized
[2017.05.08-21.00.21:746][  0]LogInit: Selected Device Profile: [Windows]
[2017.05.08-21.00.21:746][  0]LogInit: Applying CVar settings loaded from the selected device profile: [Windows]
[2017.05.08-21.00.21:760][  0]LogInit: Computer: SEA-7E868A
[2017.05.08-21.00.21:760][  0]LogInit: User: xaviermelton
[2017.05.08-21.00.21:760][  0]LogInit: CPU Page size=65536, Cores=6
[2017.05.08-21.00.21:760][  0]LogInit: High frequency timer resolution =3.222900 MHz
[2017.05.08-21.00.21:760][  0]LogMemory: Memory total: Physical=31.8GB (32GB approx)
[2017.05.08-21.00.21:760][  0]LogMemory: Platform Memory Stats for Windows
[2017.05.08-21.00.21:760][  0]LogMemory: Process Physical Memory: 266.89 MB used, 266.89 MB peak
[2017.05.08-21.00.21:760][  0]LogMemory: Process Virtual Memory: 265.15 MB used, 265.15 MB peak
[2017.05.08-21.00.21:760][  0]LogMemory: Physical Memory: 9118.05 MB used,  23475.80 MB free, 32593.85 MB total
[2017.05.08-21.00.21:760][  0]LogMemory: Virtual Memory: 631.66 MB used,  23475.80 MB free, 8388608.00 MB total
[2017.05.08-21.00.21:883][  0]LogTextLocalizationManager: No specific translations for ('en-US') exist, so ('en') translations will be used.
[2017.05.08-21.00.22:671][  0]LogD3D11RHI: D3D11 adapters:
[2017.05.08-21.00.22:690][  0]LogD3D11RHI:    0. 'NVIDIA GeForce GTX 960' (Feature Level 11_0)
[2017.05.08-21.00.22:690][  0]LogD3D11RHI:       1969/0/2048 MB DedicatedVideo/DedicatedSystem/SharedSystem, Outputs:2, VendorId:0x10de
[2017.05.08-21.00.22:690][  0]LogD3D11RHI: Chosen D3D11 Adapter: 0
[2017.05.08-21.00.22:696][  0]LogD3D11RHI: Creating new Direct3DDevice
[2017.05.08-21.00.22:696][  0]LogD3D11RHI:     GPU DeviceId: 0x1401 (for the marketing name, search the web for "GPU Device Id")
[2017.05.08-21.00.22:696][  0]LogWindows: EnumDisplayDevices:
[2017.05.08-21.00.22:696][  0]LogWindows:    0. 'NVIDIA GeForce GTX 960' (P:1 D:1)
[2017.05.08-21.00.22:697][  0]LogWindows:    1. 'NVIDIA GeForce GTX 960' (P:0 D:1)
[2017.05.08-21.00.22:697][  0]LogWindows:    2. 'NVIDIA GeForce GTX 960' (P:0 D:0)
[2017.05.08-21.00.22:697][  0]LogWindows:    3. 'NVIDIA GeForce GTX 960' (P:0 D:0)
[2017.05.08-21.00.22:697][  0]LogWindows:    4. 'RDPDD Chained DD' (P:0 D:0)
[2017.05.08-21.00.22:697][  0]LogWindows:    5. 'RDP Encoder Mirror Driver' (P:0 D:0)
[2017.05.08-21.00.22:697][  0]LogWindows:    6. 'RDP Reflector Display Driver' (P:0 D:0)
[2017.05.08-21.00.22:697][  0]LogWindows: DebugString: GetVideoDriverDetailsInvalid PrimaryIsNotTheChoosenAdapter GetVideoDriverDetailsInvalid PrimaryIsNotTheChoosenAdapter GetVideoDriverDetailsInvalid PrimaryIsNotTheChoosenAdapter FoundDriverCount:4 
[2017.05.08-21.00.22:697][  0]LogD3D11RHI:     Adapter Name: NVIDIA GeForce GTX 960
[2017.05.08-21.00.22:697][  0]LogD3D11RHI:   Driver Version: 353.62 (internal:10.18.13.5362, unified:353.62)
[2017.05.08-21.00.22:697][  0]LogD3D11RHI:      Driver Date: 7-22-2015
[2017.05.08-21.00.22:697][  0]LogRHI: Texture pool is 1361 MB (70% of 1945 MB)
[2017.05.08-21.00.22:718][  0]LogD3D11RHI: NvAPI_D3D_GetCurrentSLIState failed: 0xfffffff7
[2017.05.08-21.00.22:718][  0]LogD3D11RHI: [Aftermath] Aftermath enabled but failed to initialize due to reason: DriverVersionNotSupported
[2017.05.08-21.00.22:718][  0]LogD3D11RHI: Async texture creation enabled
[2017.05.08-21.00.22:739][  0]LogD3D11RHI: GPU Timing Frequency: 1000.000000 (Debug: 2 2)
[2017.05.08-21.00.22:741][  0]LogShaderCompilers: Guid format shader working directory is -28 characters bigger than the processId version (../../../../../Users/xavier.melton/Desktop/Doti_Year_1_Final_AIE/DOTI_AIE_Y1_FINAL/Intermediate/Shaders/WorkingDirectory/4680/).
[2017.05.08-21.00.22:741][  0]LogShaderCompilers: Cleaned the shader compiler working directory 'C:/Users/xavier.melton/AppData/Local/Temp/UnrealShaderWorkingDir/6E760DED46C5069D61BD9D91BFCE5A84/'.
[2017.05.08-21.00.22:741][  0]LogShaderCompilers:Display: Using Local Shader Compiler.
[2017.05.08-21.00.23:991][  0]LogTemp:Display: Loaded TP AllDesktopTargetPlatform
[2017.05.08-21.00.24:048][  0]LogTemp:Display: Loaded TP MacClientTargetPlatform
[2017.05.08-21.00.24:104][  0]LogTemp:Display: Loaded TP MacNoEditorTargetPlatform
[2017.05.08-21.00.24:161][  0]LogTemp:Display: Loaded TP MacServerTargetPlatform
[2017.05.08-21.00.24:217][  0]LogTemp:Display: Loaded TP MacTargetPlatform
[2017.05.08-21.00.24:273][  0]LogTemp:Display: Loaded TP WindowsClientTargetPlatform
[2017.05.08-21.00.24:330][  0]LogTemp:Display: Loaded TP WindowsNoEditorTargetPlatform
[2017.05.08-21.00.24:385][  0]LogTemp:Display: Loaded TP WindowsServerTargetPlatform
[2017.05.08-21.00.24:432][  0]LogTemp:Display: Loaded TP WindowsTargetPlatform
[2017.05.08-21.00.24:487][  0]LogTemp:Display: Loaded TP AndroidTargetPlatform
[2017.05.08-21.00.24:542][  0]LogTemp:Display: Loaded TP Android_ASTCTargetPlatform
[2017.05.08-21.00.24:598][  0]LogTemp:Display: Loaded TP Android_ATCTargetPlatform
[2017.05.08-21.00.24:654][  0]LogTemp:Display: Loaded TP Android_DXTTargetPlatform
[2017.05.08-21.00.24:710][  0]LogTemp:Display: Loaded TP Android_ETC1TargetPlatform
[2017.05.08-21.00.24:766][  0]LogTemp:Display: Loaded TP Android_ETC2TargetPlatform
[2017.05.08-21.00.24:937][  0]LogTemp:Display: Loaded TP Android_MultiTargetPlatform
[2017.05.08-21.00.24:937][  0]LogTemp:Display: Loaded TP Android_PVRTCTargetPlatform
[2017.05.08-21.00.25:009][  0]LogTemp:Display: Loaded TP HTML5TargetPlatform
[2017.05.08-21.00.25:109][  0]LogTemp:Display: Loaded TP IOSTargetPlatform
[2017.05.08-21.00.25:177][  0]LogTemp:Display: Loaded TP TVOSTargetPlatform
[2017.05.08-21.00.25:238][  0]LogTemp:Display: Loaded TP LinuxClientTargetPlatform
[2017.05.08-21.00.25:294][  0]LogTemp:Display: Loaded TP LinuxNoEditorTargetPlatform
[2017.05.08-21.00.25:349][  0]LogTemp:Display: Loaded TP LinuxServerTargetPlatform
[2017.05.08-21.00.25:405][  0]LogTemp:Display: Loaded TP LinuxTargetPlatform
[2017.05.08-21.00.25:405][  0]LogTargetPlatformManager:Display: Building Assets For Windows
[2017.05.08-21.00.25:814][  0]LogDerivedDataCache:Display: Max Cache Size: 512 MB
[2017.05.08-21.00.25:884][  0]LogDerivedDataCache: Loaded boot cache 0.07s 50MB C:/Users/xavier.melton/AppData/Local/UnrealEngine/4.15/DerivedDataCache/Boot.ddc.
[2017.05.08-21.00.25:884][  0]LogDerivedDataCache:Display: Loaded Boot cache: C:/Users/xavier.melton/AppData/Local/UnrealEngine/4.15/DerivedDataCache/Boot.ddc
[2017.05.08-21.00.25:884][  0]LogDerivedDataCache: FDerivedDataBackendGraph:  Pak pak cache file ../../../../../Users/xavier.melton/Desktop/Doti_Year_1_Final_AIE/DOTI_AIE_Y1_FINAL/DerivedDataCache/DDC.ddp not found, will not use a pak cache.
[2017.05.08-21.00.25:884][  0]LogDerivedDataCache: Unable to find inner node Pak for hierarchical cache Hierarchy.
[2017.05.08-21.00.25:884][  0]LogDerivedDataCache: FDerivedDataBackendGraph:  CompressedPak pak cache file ../../../../../Users/xavier.melton/Desktop/Doti_Year_1_Final_AIE/DOTI_AIE_Y1_FINAL/DerivedDataCache/Compressed.ddp not found, will not use a pak cache.
[2017.05.08-21.00.25:884][  0]LogDerivedDataCache: Unable to find inner node CompressedPak for hierarchical cache Hierarchy.
[2017.05.08-21.00.25:913][  0]LogDerivedDataCache:Display: Pak cache opened for reading ../../../Engine/DerivedDataCache/Compressed.ddp.
[2017.05.08-21.00.25:927][  0]LogDerivedDataCache: Using Local data cache path C:/Users/xavier.melton/AppData/Local/UnrealEngine/Common/DerivedDataCache: Writable
[2017.05.08-21.00.25:950][  0]LogSlate: Using Freetype 2.6.0
[2017.05.08-21.00.25:952][  0]LogSlate: SlateFontCache - WITH_FREETYPE: 1, WITH_HARFBUZZ: 1
[2017.05.08-21.00.25:952][  0]LogSlate: SlateFontCache - WITH_FREETYPE: 1, WITH_HARFBUZZ: 1
[2017.05.08-21.00.26:252][  0]LogInit: Selected Device Profile: [Windows]
[2017.05.08-21.00.26:255][  0]LogContentStreaming: Texture pool size is 0.00 MB
[2017.05.08-21.00.26:470][  0]LogMeshUtilities: Using QuadricMeshReduction for automatic static mesh reduction
[2017.05.08-21.00.26:512][  0]LogSimplygon: Simplygon DLL not present - disabling.
[2017.05.08-21.00.26:556][  0]LogMeshUtilities: Using SimplygonSwarm for distributed automatic mesh merging
[2017.05.08-21.00.26:556][  0]LogMeshUtilities: No automatic skeletal mesh reduction module available
[2017.05.08-21.00.26:556][  0]LogMeshUtilities: No automatic mesh merging module available
[2017.05.08-21.00.27:243][  0]LogNetVersion: GetLocalNetworkVersion: CL: 3299760, ProjectName: finalproject, ProjectVersion: , EngineNetworkVersion: 2, GameNetworkVersion: 0, NetworkChecksum: 3356675869
[2017.05.08-21.00.27:285][  0]LogAssetRegistry: FAssetRegistry took 0.0205 seconds to start up
[2017.05.08-21.00.27:373][  0]LogPackageLocalizationCache: Processed 3 localized package path(s) for 2 prioritized culture(s) in 0.035159 seconds
[2017.05.08-21.00.27:378][  0]LogUObjectArray: 32493 objects as part of root set at end of initial load.
[2017.05.08-21.00.27:378][  0]LogUObjectAllocator: 7077032 out of 0 bytes used by permanent object pool.
[2017.05.08-21.00.27:378][  0]LogUObjectArray: CloseDisregardForGC: 0/0 objects in disregard for GC pool
[2017.05.08-21.00.27:437][  0]LogInit: WinSock: version 1.1 (2.2), MaxSocks=32767, MaxUdp=65467
[2017.05.08-21.00.29:242][  0]LogTcpMessaging: Initializing TcpMessaging bridge
[2017.05.08-21.00.29:278][  0]LogUdpMessaging: Initializing bridge on interface 0.0.0.0:0 to multicast group 230.0.0.1:6666.
[2017.05.08-21.00.29:879][  0]LogMaterial: Uniform references updated for custom material expression Custom.
[2017.05.08-21.00.30:297][  0]SourceControl: Info Source control is disabled
[2017.05.08-21.00.30:354][  0]SourceControl: Info Source control is disabled
[2017.05.08-21.00.30:403][  0]SourceControl: Info Source control is disabled
[2017.05.08-21.00.30:451][  0]SourceControl: Info Source control is disabled
[2017.05.08-21.00.31:655][  0]LogEngine: Initializing Engine...
[2017.05.08-21.00.31:656][  0]LogHMD: Failed to initialize OpenVR with code 110
[2017.05.08-21.00.31:773][  0]LogStats: UGameplayTagsManager::ConstructGameplayTagTree: Construct from data asset -  0.000 s
[2017.05.08-21.00.31:773][  0]LogStats: UGameplayTagsManager::ConstructGameplayTagTree: GameplayTagTreeChangedEvent.Broadcast -  0.000 s
[2017.05.08-21.00.31:898][  0]LogAIModule: Creating AISystem for world Untitled
[2017.05.08-21.00.31:939][  0]LogInit: XAudio2 using 'Headphones (High Definition Audio Device)' : 2 channels at 44.1 kHz using 16 bits per sample (channel mask 0x3)
[2017.05.08-21.00.31:954][  0]LogInit: FAudioDevice initialized.
[2017.05.08-21.00.32:002][  0]LogDerivedDataCache: Saved boot cache 0.05s 50MB C:/Users/xavier.melton/AppData/Local/UnrealEngine/4.15/DerivedDataCache/Boot.ddc.
[2017.05.08-21.00.32:009][  0]LogInit: Texture streaming: Enabled
[2017.05.08-21.00.32:133][  0]LogEngineSessionManager: EngineSessionManager initialized
[2017.05.08-21.00.32:249][  0]LogInit: Transaction tracking system initialized
[2017.05.08-21.00.32:618][  0]BlueprintLog: New page: Editor Load
[2017.05.08-21.00.33:557][  0]LocalizationService: Info Localization service is disabled
[2017.05.08-21.00.34:214][  0]LogConsoleResponse:Display: 
[2017.05.08-21.00.34:371][  0]LogCook:Display: Max memory allowance for cook 16384mb min free memory 0mb
[2017.05.08-21.00.34:371][  0]LogCook:Display: Mobile HDR setting 1
[2017.05.08-21.00.35:329][  0]LogFileCache: Scanning file cache for directory 'C:/Users/xavier.melton/Desktop/Doti_Year_1_Final_AIE/DOTI_AIE_Y1_FINAL/Content/' took 0.01s
[2017.05.08-21.00.35:372][  0]SourceControl: Info Source control is disabled
[2017.05.08-21.00.35:372][  0]Cmd: MAP LOAD FILE="../../../../../Users/xavier.melton/Desktop/Doti_Year_1_Final_AIE/DOTI_AIE_Y1_FINAL/Content/StarterContent/Maps/Minimal_Default.umap" TEMPLATE=0 SHOWPROGRESS=1 FEATURELEVEL=3
[2017.05.08-21.00.35:373][  0]LightingResults: New page: Lighting Build
[2017.05.08-21.00.35:420][  0]MapCheck: New page: Map Check
[2017.05.08-21.00.35:420][  0]LightingResults: New page: Lighting Build
[2017.05.08-21.00.35:547][  0]LogBlueprint:Warning: [Compiler PickupActor] Warning 'Player Controller' does not inherit from 'Character' ( Cast To PlayerController  would always fail).
[2017.05.08-21.00.35:548][  0]LogBlueprint:Warning: [Compiler PickupActor] Warning [0016.49] Compile of PickupActor successful, but with 1 Warning(s) [in 1 ms] (/Game/XaviersShit/PickupActor.PickupActor)
[2017.05.08-21.00.35:548][  0]LogBlueprint:Warning: [Compiler PickupActor] Warning [0016.49] Compile of PickupActor successful, but with 2 Warning(s) [in 0 ms] (/Game/XaviersShit/PickupActor.PickupActor)
[2017.05.08-21.00.35:548][  0]LogBlueprint:Warning: [Compiler PickupActor] Warning [0016.49] Compile of PickupActor successful, but with 3 Warning(s) [in 0 ms] (/Game/XaviersShit/PickupActor.PickupActor)
[2017.05.08-21.00.35:549][  0]LogBlueprint:Warning: [Compiler PickupActor] Warning 'Player Controller' does not inherit from 'Character' ( Cast To PlayerController  would always fail).
[2017.05.08-21.00.35:550][  0]LogBlueprint:Warning: [Compiler PickupActor] Warning [0016.49] Compile of PickupActor successful, but with 1 Warning(s) [in 1 ms] (/Game/XaviersShit/PickupActor.PickupActor)
[2017.05.08-21.00.35:550][  0]LogBlueprint:Warning: [Compiler PickupActor] Warning [0016.49] Compile of PickupActor successful, but with 2 Warning(s) [in 0 ms] (/Game/XaviersShit/PickupActor.PickupActor)
[2017.05.08-21.00.35:550][  0]LogBlueprint:Warning: [Compiler PickupActor] Warning [0016.49] Compile of PickupActor successful, but with 3 Warning(s) [in 0 ms] (/Game/XaviersShit/PickupActor.PickupActor)
[2017.05.08-21.00.35:698][  0]LogAIModule: Creating AISystem for world Minimal_Default
[2017.05.08-21.00.35:723][  0]LogEditorServer: Finished looking for orphan Actors (0.000 secs)
[2017.05.08-21.00.35:724][  0]Cmd: MAP CHECKDEP NOCLEARLOG
[2017.05.08-21.00.35:790][  0]MapCheck: Info Map check complete: 0 Error(s), 0 Warning(s), took 65.703ms to complete.
[2017.05.08-21.00.35:790][  0]LogFileHelpers: Loading map 'Minimal_Default' took 0.418
[2017.05.08-21.00.36:092][  0]LogCollectionManager: Loaded 0 collections in 0.001532 seconds
[2017.05.08-21.00.36:197][  0]LogFileCache: Scanning file cache for directory 'C:/Users/xavier.melton/Desktop/Doti_Year_1_Final_AIE/DOTI_AIE_Y1_FINAL/Saved/Collections/' took 0.01s
[2017.05.08-21.00.36:197][  0]LogFileCache: Scanning file cache for directory 'C:/Users/xavier.melton/Desktop/Doti_Year_1_Final_AIE/DOTI_AIE_Y1_FINAL/Content/Developers/xaviermelton/Collections/' took 0.01s
[2017.05.08-21.00.36:197][  0]LogFileCache: Scanning file cache for directory 'C:/Users/xavier.melton/Desktop/Doti_Year_1_Final_AIE/DOTI_AIE_Y1_FINAL/Content/Collections/' took 0.01s
[2017.05.08-21.00.36:197][  0]LogCollectionManager: Rebuilt the GUID cache for 0 collections in 0.000002 seconds
[2017.05.08-21.00.36:207][  0]LogContentBrowser: Native class hierarchy populated in 0.0099 seconds. Added 2245 classes and 453 folders.
[2017.05.08-21.00.36:275][  0]LogContentBrowser: Native class hierarchy updated for 'WidgetCarousel' in 0.0005 seconds. Added 0 classes and 0 folders.
[2017.05.08-21.00.36:318][  0]LogContentBrowser: Native class hierarchy updated for 'AddContentDialog' in 0.0005 seconds. Added 0 classes and 0 folders.
[2017.05.08-21.00.36:363][  0]LogContentBrowser: Native class hierarchy updated for 'SceneOutliner' in 0.0005 seconds. Added 1 classes and 2 folders.
[2017.05.08-21.00.36:413][  0]LogCrashTracker: Crashtracker disabled due to settings.
[2017.05.08-21.00.36:420][  0]LogUObjectGlobals:Warning: Failed to find object 'Class None.'
[2017.05.08-21.00.36:513][  0]LogContentBrowser: Native class hierarchy updated for 'HierarchicalLODOutliner' in 0.0006 seconds. Added 1 classes and 2 folders.
[2017.05.08-21.00.36:514][  0]LogLoad: (Engine Initialization) Total time: 17.45 seconds
[2017.05.08-21.00.36:514][  0]LogLoad: (Engine Initialization) Total Blueprint compile time: 0.09 seconds
[2017.05.08-21.00.36:514][  0]LogExternalProfiler: Found external profiler: VSPerf
[2017.05.08-21.00.36:514][  0]LogExternalProfiler: Using external profiler: VSPerf
[2017.05.08-21.00.36:853][  0]LogOcInput: OculusInput pre-init called
[2017.05.08-21.00.36:881][  0]LogContentStreaming: Texture pool size now 1000 MB
[2017.05.08-21.00.36:884][  0]LogSlate: Took 0.000654 seconds to synchronously load lazily loaded font '../../../Engine/Content/Slate/Fonts/Roboto-Regular.ttf' (155K)
[2017.05.08-21.00.36:894][  0]LogSlate: Took 0.000627 seconds to synchronously load lazily loaded font '../../../Engine/Content/Slate/Fonts/Roboto-Bold.ttf' (160K)
[2017.05.08-21.00.36:908][  0]LogSlate: Took 0.000574 seconds to synchronously load lazily loaded font '../../../Engine/Content/Editor/Slate/Fonts/FontAwesome.ttf' (139K)
[2017.05.08-21.00.37:069][  0]LogSlate: Took 0.000212 seconds to synchronously load lazily loaded font '../../../Engine/Content/Slate/Fonts/Roboto-Light.ttf' (159K)
[2017.05.08-21.00.37:119][  0]LogRenderer: Reallocating scene render targets to support 1208x576 NumSamples 1 (Frame:2).
[2017.05.08-21.00.37:548][  2]LogAssetRegistry: Asset discovery search completed in 10.2837 seconds
[2017.05.08-21.00.37:548][  2]LogCollectionManager: Rebuilt the object cache for 0 collections in 0.000007 seconds (found 0 objects)
[2017.05.08-21.00.37:548][  2]LogCollectionManager: Fixed up redirectors for 0 collections in 0.000039 seconds (updated 0 objects)
[2017.05.08-21.00.37:876][  3]LogSlate: Took 0.000682 seconds to synchronously load lazily loaded font '../../../Engine/Content/Slate/Fonts/Roboto-Light.ttf' (159K)
[2017.05.08-21.00.43:350][169]LogLinker:Warning: Can't find file '/Game/Blueprints/BasicInventory/BP_BasicInventoryCharacter'
[2017.05.08-21.00.43:351][169]LogLinker:Warning: Can't find file for asset '/Game/Blueprints/BasicInventory/BP_BasicInventoryCharacter' while loading ../../../../../Users/xavier.melton/Desktop/Doti_Year_1_Final_AIE/DOTI_AIE_Y1_FINAL/Content/XaviersShit/BP_BasicInventoryHUD.uasset.
[2017.05.08-21.00.43:351][169]LoadErrors:Error: Error /Game/XaviersShit/BP_BasicInventoryHUD : Can't find file for asset. /Game/Blueprints/BasicInventory/BP_BasicInventoryCharacter
[2017.05.08-21.00.43:351][169]LogLinker:Warning: Can't find file '/Game/Blueprints/BasicInventory/BP_BasicInventoryCharacter'
[2017.05.08-21.00.43:351][169]LogLinker:Warning: Can't find file for asset '/Game/Blueprints/BasicInventory/BP_BasicInventoryCharacter' while loading ../../../../../Users/xavier.melton/Desktop/Doti_Year_1_Final_AIE/DOTI_AIE_Y1_FINAL/Content/XaviersShit/BP_BasicInventoryHUD.uasset.
[2017.05.08-21.00.43:352][169]LogLinker:Warning: Can't find file '/Game/Blueprints/BasicInventory/BP_InventoryActor'
[2017.05.08-21.00.43:352][169]LogLinker:Warning: Can't find file for asset '/Game/Blueprints/BasicInventory/BP_InventoryActor' while loading ../../../../../Users/xavier.melton/Desktop/Doti_Year_1_Final_AIE/DOTI_AIE_Y1_FINAL/Content/XaviersShit/BP_BasicInventoryHUD.uasset.
[2017.05.08-21.00.43:352][169]LoadErrors:Error: Error /Game/XaviersShit/BP_BasicInventoryHUD : Can't find file for asset. /Game/Blueprints/BasicInventory/BP_InventoryActor
[2017.05.08-21.00.43:355][169]LogLinker:Warning: Can't find file '/Game/Blueprints/BasicInventory/BP_BasicInventoryCharacter'
[2017.05.08-21.00.43:355][169]LogLinker:Warning: Can't find file for asset '/Game/Blueprints/BasicInventory/BP_BasicInventoryCharacter' while loading ../../../../../Users/xavier.melton/Desktop/Doti_Year_1_Final_AIE/DOTI_AIE_Y1_FINAL/Content/XaviersShit/BP_BasicInventoryHUD.uasset.
[2017.05.08-21.00.43:356][169]LogLinker:Warning: Can't find file '/Game/Base/F_SegoeUI'
[2017.05.08-21.00.43:356][169]LogLinker:Warning: Can't find file for asset '/Game/Base/F_SegoeUI' while loading ../../../../../Users/xavier.melton/Desktop/Doti_Year_1_Final_AIE/DOTI_AIE_Y1_FINAL/Content/XaviersShit/BP_BasicInventoryHUD.uasset.
[2017.05.08-21.00.43:356][169]LoadErrors:Error: Error /Game/XaviersShit/BP_BasicInventoryHUD : Can't find file for asset. /Game/Base/F_SegoeUI
[2017.05.08-21.00.43:358][169]LogLinker:Warning: Can't find file '/Game/Blueprints/BasicInventory/BP_BasicInventoryCharacter'
[2017.05.08-21.00.43:358][169]LogLinker:Warning: Can't find file for asset '/Game/Blueprints/BasicInventory/BP_BasicInventoryCharacter' while loading ../../../../../Users/xavier.melton/Desktop/Doti_Year_1_Final_AIE/DOTI_AIE_Y1_FINAL/Content/XaviersShit/BP_BasicInventoryHUD.uasset.
[2017.05.08-21.00.43:358][169]LogLinker:Warning: Can't find file '/Game/Base/F_SegoeUI'
[2017.05.08-21.00.43:359][169]LogLinker:Warning: Can't find file for asset '/Game/Base/F_SegoeUI' while loading ../../../../../Users/xavier.melton/Desktop/Doti_Year_1_Final_AIE/DOTI_AIE_Y1_FINAL/Content/XaviersShit/BP_BasicInventoryHUD.uasset.
[2017.05.08-21.00.43:359][169]LogLinker:Warning: Can't find file '/Game/Blueprints/BasicInventory/BP_BasicInventoryCharacter'
[2017.05.08-21.00.43:359][169]LogLinker:Warning: Can't find file for asset '/Game/Blueprints/BasicInventory/BP_BasicInventoryCharacter' while loading ../../../../../Users/xavier.melton/Desktop/Doti_Year_1_Final_AIE/DOTI_AIE_Y1_FINAL/Content/XaviersShit/BP_BasicInventoryHUD.uasset.
[2017.05.08-21.00.43:359][169]LogLinker:Warning: Can't find file '/Game/Blueprints/BasicInventory/BP_InventoryActor'
[2017.05.08-21.00.43:359][169]LogLinker:Warning: Can't find file for asset '/Game/Blueprints/BasicInventory/BP_InventoryActor' while loading ../../../../../Users/xavier.melton/Desktop/Doti_Year_1_Final_AIE/DOTI_AIE_Y1_FINAL/Content/XaviersShit/BP_BasicInventoryHUD.uasset.
[2017.05.08-21.00.43:360][169]LogLinker:Warning: Can't find file '/Game/Textures/T_Crosshair_D'
[2017.05.08-21.00.43:360][169]LogLinker:Warning: Can't find file for asset '/Game/Textures/T_Crosshair_D' while loading ../../../../../Users/xavier.melton/Desktop/Doti_Year_1_Final_AIE/DOTI_AIE_Y1_FINAL/Content/XaviersShit/BP_BasicInventoryHUD.uasset.
[2017.05.08-21.00.43:360][169]LoadErrors:Error: Error /Game/XaviersShit/BP_BasicInventoryHUD : Can't find file for asset. /Game/Textures/T_Crosshair_D
[2017.05.08-21.00.43:360][169]LogLinker:Warning: Can't find file '/Game/Blueprints/BasicInventory/BP_InventoryActor'
[2017.05.08-21.00.43:360][169]LogLinker:Warning: Can't find file for asset '/Game/Blueprints/BasicInventory/BP_InventoryActor' while loading ../../../../../Users/xavier.melton/Desktop/Doti_Year_1_Final_AIE/DOTI_AIE_Y1_FINAL/Content/XaviersShit/BP_BasicInventoryHUD.uasset.
[2017.05.08-21.00.43:360][169]LogLinker:Warning: Can't find file '/Game/Textures/T_Crosshair_D'
[2017.05.08-21.00.43:361][169]LogLinker:Warning: Can't find file for asset '/Game/Textures/T_Crosshair_D' while loading ../../../../../Users/xavier.melton/Desktop/Doti_Year_1_Final_AIE/DOTI_AIE_Y1_FINAL/Content/XaviersShit/BP_BasicInventoryHUD.uasset.
[2017.05.08-21.00.43:361][169]LogLinker:Warning: Can't find file '/Game/Blueprints/BasicInventory/BP_BasicInventoryCharacter'
[2017.05.08-21.00.43:362][169]LogLinker:Warning: Can't find file for asset '/Game/Blueprints/BasicInventory/BP_BasicInventoryCharacter' while loading NULL.
[2017.05.08-21.00.43:362][169]LogLinker:Warning: Can't find file '/Game/Blueprints/BasicInventory/BP_InventoryActor'
[2017.05.08-21.00.43:362][169]LogLinker:Warning: Can't find file for asset '/Game/Blueprints/BasicInventory/BP_InventoryActor' while loading NULL.
[2017.05.08-21.00.43:362][169]LogLinker:Warning: Can't find file '/Game/Blueprints/BasicInventory/BP_BasicInventoryCharacter'
[2017.05.08-21.00.43:362][169]LogLinker:Warning: Can't find file for asset '/Game/Blueprints/BasicInventory/BP_BasicInventoryCharacter' while loading NULL.
[2017.05.08-21.00.43:362][169]LogLinker:Warning: Can't find file '/Game/Blueprints/BasicInventory/BP_BasicInventoryCharacter'
[2017.05.08-21.00.43:362][169]LogLinker:Warning: Can't find file for asset '/Game/Blueprints/BasicInventory/BP_BasicInventoryCharacter' while loading NULL.
[2017.05.08-21.00.43:363][169]LogLinker:Warning: Can't find file '/Game/Blueprints/BasicInventory/BP_InventoryActor'
[2017.05.08-21.00.43:363][169]LogLinker:Warning: Can't find file for asset '/Game/Blueprints/BasicInventory/BP_InventoryActor' while loading NULL.
[2017.05.08-21.00.43:363][169]LogLinker:Warning: Can't find file '/Game/Blueprints/BasicInventory/BP_BasicInventoryCharacter'
[2017.05.08-21.00.43:363][169]LogLinker:Warning: Can't find file for asset '/Game/Blueprints/BasicInventory/BP_BasicInventoryCharacter' while loading NULL.
[2017.05.08-21.00.43:363][169]LogLinker:Warning: Can't find file '/Game/Base/F_SegoeUI'
[2017.05.08-21.00.43:363][169]LogLinker:Warning: Can't find file for asset '/Game/Base/F_SegoeUI' while loading NULL.
[2017.05.08-21.00.43:363][169]LogLinker:Warning: Can't find file '/Game/Blueprints/BasicInventory/BP_BasicInventoryCharacter'
[2017.05.08-21.00.43:363][169]LogLinker:Warning: Can't find file for asset '/Game/Blueprints/BasicInventory/BP_BasicInventoryCharacter' while loading NULL.
[2017.05.08-21.00.43:364][169]LogLinker:Warning: Can't find file '/Game/Base/F_SegoeUI'
[2017.05.08-21.00.43:364][169]LogLinker:Warning: Can't find file for asset '/Game/Base/F_SegoeUI' while loading NULL.
[2017.05.08-21.00.43:364][169]LogLinker:Warning: Can't find file '/Game/Blueprints/BasicInventory/BP_BasicInventoryCharacter'
[2017.05.08-21.00.43:364][169]LogLinker:Warning: Can't find file for asset '/Game/Blueprints/BasicInventory/BP_BasicInventoryCharacter' while loading NULL.
[2017.05.08-21.00.43:364][169]LogLinker:Warning: Can't find file '/Game/Blueprints/BasicInventory/BP_InventoryActor'
[2017.05.08-21.00.43:364][169]LogLinker:Warning: Can't find file for asset '/Game/Blueprints/BasicInventory/BP_InventoryActor' while loading NULL.
[2017.05.08-21.00.43:364][169]LogLinker:Warning: Can't find file '/Game/Textures/T_Crosshair_D'
[2017.05.08-21.00.43:364][169]LogLinker:Warning: Can't find file for asset '/Game/Textures/T_Crosshair_D' while loading NULL.
[2017.05.08-21.00.43:365][169]LogLinker:Warning: Can't find file '/Game/Blueprints/BasicInventory/BP_InventoryActor'
[2017.05.08-21.00.43:365][169]LogLinker:Warning: Can't find file for asset '/Game/Blueprints/BasicInventory/BP_InventoryActor' while loading NULL.
[2017.05.08-21.00.43:365][169]LogLinker:Warning: Can't find file '/Game/Textures/T_Crosshair_D'
[2017.05.08-21.00.43:365][169]LogLinker:Warning: Can't find file for asset '/Game/Textures/T_Crosshair_D' while loading NULL.
[2017.05.08-21.00.43:369][169]LogLinker:Warning: Can't find file '/Game/Textures/T_Crosshair_D'
[2017.05.08-21.00.43:369][169]LoadErrors: Info Failed to load /Game/Textures/T_Crosshair_D.T_Crosshair_D Referenced by EdGraphPin_5245
[2017.05.08-21.00.43:369][169]LogLinker:Warning: Can't find file for asset '/Game/Textures/T_Crosshair_D' while loading NULL.
[2017.05.08-21.00.43:371][169]LogLinker:Warning: Can't find file '/Game/Blueprints/BasicInventory/BP_BasicInventoryCharacter'
[2017.05.08-21.00.43:371][169]LoadErrors: Info Failed to load /Game/Blueprints/BasicInventory/BP_BasicInventoryCharacter.BP_BasicInventoryCharacter_C Referenced by K2Node_DynamicCast_21
[2017.05.08-21.00.43:371][169]LogLinker:Warning: Can't find file for asset '/Game/Blueprints/BasicInventory/BP_BasicInventoryCharacter' while loading NULL.
[2017.05.08-21.00.43:372][169]LogLinker:Warning: Can't find file '/Game/Blueprints/BasicInventory/BP_BasicInventoryCharacter'
[2017.05.08-21.00.43:372][169]LoadErrors: Info Failed to load /Game/Blueprints/BasicInventory/BP_BasicInventoryCharacter.BP_BasicInventoryCharacter_C Referenced by EdGraphPin_5659
[2017.05.08-21.00.43:372][169]LogLinker:Warning: Can't find file for asset '/Game/Blueprints/BasicInventory/BP_BasicInventoryCharacter' while loading NULL.
[2017.05.08-21.00.43:372][169]LogLinker:Warning: Can't find file '/Game/Blueprints/BasicInventory/BP_BasicInventoryCharacter'
[2017.05.08-21.00.43:372][169]LoadErrors: Info Failed to load /Game/Blueprints/BasicInventory/BP_BasicInventoryCharacter.BP_BasicInventoryCharacter_C Referenced by K2Node_VariableGet_763
[2017.05.08-21.00.43:372][169]LogLinker:Warning: Can't find file for asset '/Game/Blueprints/BasicInventory/BP_BasicInventoryCharacter' while loading NULL.
[2017.05.08-21.00.43:373][169]LogLinker:Warning: Can't find file '/Game/Blueprints/BasicInventory/BP_InventoryActor'
[2017.05.08-21.00.43:373][169]LoadErrors: Info Failed to load /Game/Blueprints/BasicInventory/BP_InventoryActor.BP_InventoryActor_C Referenced by EdGraphPin_5670
[2017.05.08-21.00.43:373][169]LogLinker:Warning: Can't find file for asset '/Game/Blueprints/BasicInventory/BP_InventoryActor' while loading NULL.
[2017.05.08-21.00.43:373][169]LogLinker:Warning: Can't find file '/Game/Blueprints/BasicInventory/BP_BasicInventoryCharacter'
[2017.05.08-21.00.43:373][169]LoadErrors: Info Failed to load /Game/Blueprints/BasicInventory/BP_BasicInventoryCharacter.BP_BasicInventoryCharacter_C Referenced by EdGraphPin_5671
[2017.05.08-21.00.43:373][169]LogLinker:Warning: Can't find file for asset '/Game/Blueprints/BasicInventory/BP_BasicInventoryCharacter' while loading NULL.
[2017.05.08-21.00.43:374][169]LogLinker:Warning: Can't find file '/Game/Blueprints/BasicInventory/BP_InventoryActor'
[2017.05.08-21.00.43:374][169]LoadErrors: Info Failed to load /Game/Blueprints/BasicInventory/BP_InventoryActor.BP_InventoryActor_C Referenced by K2Node_MacroInstance_1686
[2017.05.08-21.00.43:374][169]LogLinker:Warning: Can't find file for asset '/Game/Blueprints/BasicInventory/BP_InventoryActor' while loading NULL.
[2017.05.08-21.00.43:374][169]LogLinker:Warning: Can't find file '/Game/Blueprints/BasicInventory/BP_InventoryActor'
[2017.05.08-21.00.43:374][169]LoadErrors: Info Failed to load /Game/Blueprints/BasicInventory/BP_InventoryActor.BP_InventoryActor_C Referenced by EdGraphPin_5677
[2017.05.08-21.00.43:375][169]LogLinker:Warning: Can't find file for asset '/Game/Blueprints/BasicInventory/BP_InventoryActor' while loading NULL.
[2017.05.08-21.00.43:375][169]LogLinker:Warning: Can't find file '/Game/Blueprints/BasicInventory/BP_InventoryActor'
[2017.05.08-21.00.43:375][169]LoadErrors: Info Failed to load /Game/Blueprints/BasicInventory/BP_InventoryActor.BP_InventoryActor_C Referenced by EdGraphPin_5679
[2017.05.08-21.00.43:375][169]LogLinker:Warning: Can't find file for asset '/Game/Blueprints/BasicInventory/BP_InventoryActor' while loading NULL.
[2017.05.08-21.00.43:376][169]LogLinker:Warning: Can't find file '/Game/Base/F_SegoeUI'
[2017.05.08-21.00.43:376][169]LoadErrors: Info Failed to load /Game/Base/F_SegoeUI.F_SegoeUI Referenced by EdGraphPin_5351
[2017.05.08-21.00.43:376][169]LogLinker:Warning: Can't find file for asset '/Game/Base/F_SegoeUI' while loading NULL.
[2017.05.08-21.00.43:377][169]LogLinker:Warning: Can't find file '/Game/Blueprints/BasicInventory/BP_InventoryActor'
[2017.05.08-21.00.43:377][169]LoadErrors: Info Failed to load /Game/Blueprints/BasicInventory/BP_InventoryActor.BP_InventoryActor_C Referenced by K2Node_VariableGet_786
[2017.05.08-21.00.43:377][169]LogLinker:Warning: Can't find file for asset '/Game/Blueprints/BasicInventory/BP_InventoryActor' while loading NULL.
[2017.05.08-21.00.43:377][169]LogLinker:Warning: Can't find file '/Game/Blueprints/BasicInventory/BP_InventoryActor'
[2017.05.08-21.00.43:377][169]LoadErrors: Info Failed to load /Game/Blueprints/BasicInventory/BP_InventoryActor.BP_InventoryActor_C Referenced by EdGraphPin_5695
[2017.05.08-21.00.43:378][169]LogLinker:Warning: Can't find file for asset '/Game/Blueprints/BasicInventory/BP_InventoryActor' while loading NULL.
[2017.05.08-21.00.43:379][169]LogLinker:Warning: Can't find file '/Game/Blueprints/BasicInventory/BP_BasicInventoryCharacter'
[2017.05.08-21.00.43:379][169]LoadErrors: Info Failed to load /Game/Blueprints/BasicInventory/BP_BasicInventoryCharacter.BP_BasicInventoryCharacter_C Referenced by K2Node_VariableGet_966
[2017.05.08-21.00.43:379][169]LogLinker:Warning: Can't find file for asset '/Game/Blueprints/BasicInventory/BP_BasicInventoryCharacter' while loading NULL.
[2017.05.08-21.00.43:379][169]LogLinker:Warning: Can't find file '/Game/Blueprints/BasicInventory/BP_BasicInventoryCharacter'
[2017.05.08-21.00.43:380][169]LoadErrors: Info Failed to load /Game/Blueprints/BasicInventory/BP_BasicInventoryCharacter.BP_BasicInventoryCharacter_C Referenced by EdGraphPin_5701
[2017.05.08-21.00.43:380][169]LogLinker:Warning: Can't find file for asset '/Game/Blueprints/BasicInventory/BP_BasicInventoryCharacter' while loading NULL.
[2017.05.08-21.00.43:380][169]LogLinker:Warning: Can't find file '/Game/Base/F_SegoeUI'
[2017.05.08-21.00.43:381][169]LoadErrors: Info Failed to load /Game/Base/F_SegoeUI.F_SegoeUI Referenced by EdGraphPin_5432
[2017.05.08-21.00.43:381][169]LogLinker:Warning: Can't find file for asset '/Game/Base/F_SegoeUI' while loading NULL.
[2017.05.08-21.00.43:383][169]LogLinker:Warning: Can't find file '/Game/Base/F_SegoeUI'
[2017.05.08-21.00.43:384][169]LoadErrors: Info Failed to load /Game/Base/F_SegoeUI.F_SegoeUI Referenced by EdGraphPin_5504
[2017.05.08-21.00.43:384][169]LogLinker:Warning: Can't find file for asset '/Game/Base/F_SegoeUI' while loading NULL.
[2017.05.08-21.00.43:385][169]LogLinker:Warning: Can't find file '/Game/Blueprints/BasicInventory/BP_BasicInventoryCharacter'
[2017.05.08-21.00.43:385][169]LoadErrors: Info Failed to load /Game/Blueprints/BasicInventory/BP_BasicInventoryCharacter.BP_BasicInventoryCharacter_C Referenced by K2Node_DynamicCast_659
[2017.05.08-21.00.43:385][169]LogLinker:Warning: Can't find file for asset '/Game/Blueprints/BasicInventory/BP_BasicInventoryCharacter' while loading NULL.
[2017.05.08-21.00.43:386][169]LogLinker:Warning: Can't find file '/Game/Blueprints/BasicInventory/BP_BasicInventoryCharacter'
[2017.05.08-21.00.43:386][169]LoadErrors: Info Failed to load /Game/Blueprints/BasicInventory/BP_BasicInventoryCharacter.BP_BasicInventoryCharacter_C Referenced by EdGraphPin_5710
[2017.05.08-21.00.43:386][169]LogLinker:Warning: Can't find file for asset '/Game/Blueprints/BasicInventory/BP_BasicInventoryCharacter' while loading NULL.
[2017.05.08-21.00.43:387][169]LogLinker:Warning: Can't find file '/Game/Blueprints/BasicInventory/BP_BasicInventoryCharacter'
[2017.05.08-21.00.43:387][169]LoadErrors: Info Failed to load /Game/Blueprints/BasicInventory/BP_BasicInventoryCharacter.BP_BasicInventoryCharacter_C Referenced by K2Node_VariableGet_781
[2017.05.08-21.00.43:387][169]LogLinker:Warning: Can't find file for asset '/Game/Blueprints/BasicInventory/BP_BasicInventoryCharacter' while loading NULL.
[2017.05.08-21.00.43:388][169]LogLinker:Warning: Can't find file '/Game/Blueprints/BasicInventory/BP_BasicInventoryCharacter'
[2017.05.08-21.00.43:388][169]LoadErrors: Info Failed to load /Game/Blueprints/BasicInventory/BP_BasicInventoryCharacter.BP_BasicInventoryCharacter_C Referenced by EdGraphPin_5722
[2017.05.08-21.00.43:389][169]LogLinker:Warning: Can't find file for asset '/Game/Blueprints/BasicInventory/BP_BasicInventoryCharacter' while loading NULL.
[2017.05.08-21.00.43:417][169]LogBlueprint:Warning: Node '/Game/XaviersShit/BP_BasicInventoryHUD.BP_BasicInventoryHUD:EdGraph_0.K2Node_FunctionEntry_134' missing NodeGuid because of upgrade from old package version, this can cause deterministic cooking issues please resave package.
[2017.05.08-21.00.43:418][169]LogBlueprint:Warning: [BP_BasicInventoryHUD] 'InventoryItems' variable not found. Base class was probably changed.
[2017.05.08-21.00.43:418][169]LogBlueprint:Warning: [BP_BasicInventoryHUD] 'DisplayName' variable not found. Base class was probably changed.
[2017.05.08-21.00.43:418][169]LogBlueprint:Warning: [BP_BasicInventoryHUD] 'SelectedItem' variable not found. Base class was probably changed.
[2017.05.08-21.00.43:419][169]LogBlueprint:Warning: [BP_BasicInventoryHUD] 'Hunger' variable not found. Base class was probably changed.
[2017.05.08-21.00.43:432][169]LogBlueprint:Warning: [Compiler BP_BasicInventoryHUD] Warning Could not find a variable named "Hunger" in 'BP_BasicInventoryHUD'.
Make sure 'BP_BasicInventoryHUD' has been compiled for  Get Hunger
[2017.05.08-21.00.43:432][169]LogBlueprint:Warning: [Compiler BP_BasicInventoryHUD] Warning Can't connect pins  Object  and  Return Value : This cast has an invalid target type (was the class deleted without a redirect?).
[2017.05.08-21.00.43:433][169]LogBlueprint:Warning: [Compiler BP_BasicInventoryHUD] Warning Can't connect pins  Return Value  and  Object : This cast has an invalid target type (was the class deleted without a redirect?).
[2017.05.08-21.00.43:433][169]LogBlueprint:Warning: [Compiler BP_BasicInventoryHUD] Warning Could not find a variable named "SelectedItem" in 'BP_BasicInventoryHUD'.
Make sure 'BP_BasicInventoryHUD' has been compiled for  Get SelectedItem
[2017.05.08-21.00.43:433][169]LogBlueprint:Warning: [Compiler BP_BasicInventoryHUD] Warning Could not find a variable named "DisplayName" in 'BP_BasicInventoryHUD'.
Make sure 'BP_BasicInventoryHUD' has been compiled for  Get DisplayName
[2017.05.08-21.00.43:433][169]LogBlueprint:Warning: [Compiler BP_BasicInventoryHUD] Warning Could not find a variable named "InventoryItems" in 'BP_BasicInventoryHUD'.
Make sure 'BP_BasicInventoryHUD' has been compiled for  Get InventoryItems
[2017.05.08-21.00.43:433][169]LogBlueprint:Warning: [Compiler BP_BasicInventoryHUD] Warning Can't connect pins  Object  and  Return Value : This cast has an invalid target type (was the class deleted without a redirect?).
[2017.05.08-21.00.43:433][169]LogBlueprint:Warning: [Compiler BP_BasicInventoryHUD] Warning Can't connect pins  Return Value  and  Object : This cast has an invalid target type (was the class deleted without a redirect?).
[2017.05.08-21.00.43:434][169]LogBlueprint:Warning: Node '/Game/XaviersShit/BP_BasicInventoryHUD.BP_BasicInventoryHUD:EdGraph_1.K2Node_FunctionEntry_134' missing NodeGuid because of upgrade from old package version, this can cause deterministic cooking issues please resave package.
[2017.05.08-21.00.43:434][169]LogBlueprint:Error: [Compiler BP_BasicInventoryHUD] Error This blueprint (self) is not compatible with ' Target ', therefore that pin must have a connection.
[2017.05.08-21.00.43:434][169]LogBlueprint:Error: [Compiler BP_BasicInventoryHUD] Error This blueprint (self) is not compatible with ' Target ', therefore that pin must have a connection.
[2017.05.08-21.00.43:434][169]LogBlueprint:Error: [Compiler BP_BasicInventoryHUD] Error This blueprint (self) is not compatible with ' Target ', therefore that pin must have a connection.
[2017.05.08-21.00.43:434][169]LogBlueprint:Error: [Compiler BP_BasicInventoryHUD] Error The property associated with  Inventory Items  could not be found
[2017.05.08-21.00.43:434][169]LogBlueprint:Error: [Compiler BP_BasicInventoryHUD] Error The property associated with  Display Name  could not be found
[2017.05.08-21.00.43:434][169]LogBlueprint:Error: [Compiler BP_BasicInventoryHUD] Error The property associated with  Selected Item  could not be found
[2017.05.08-21.00.43:434][169]LogBlueprint:Error: [Compiler BP_BasicInventoryHUD] Error The property associated with  Hunger  could not be found
[2017.05.08-21.00.43:448][169]LogBlueprint:Warning: Node '/Game/XaviersShit/BP_BasicInventoryHUD.BP_BasicInventoryHUD:EdGraph_2.K2Node_FunctionEntry_134' missing NodeGuid because of upgrade from old package version, this can cause deterministic cooking issues please resave package.
[2017.05.08-21.00.43:448][169]LogBlueprint:Warning: [Compiler BP_BasicInventoryHUD] Warning [0024.39] Compile of BP_BasicInventoryHUD failed. 7 Fatal Issue(s) 8 Warning(s) [in 28 ms] (/Game/XaviersShit/BP_BasicInventoryHUD.BP_BasicInventoryHUD)
[2017.05.08-21.00.43:448][169]LogBlueprint:Warning: [Compiler BP_BasicInventoryHUD] Warning [0024.39] Compile of BP_BasicInventoryHUD failed. 7 Fatal Issue(s) 9 Warning(s) [in 0 ms] (/Game/XaviersShit/BP_BasicInventoryHUD.BP_BasicInventoryHUD)
[2017.05.08-21.00.43:449][169]LogBlueprint:Warning: [Compiler BP_BasicInventoryHUD] Warning [0024.39] Compile of BP_BasicInventoryHUD failed. 7 Fatal Issue(s) 10 Warning(s) [in 0 ms] (/Game/XaviersShit/BP_BasicInventoryHUD.BP_BasicInventoryHUD)
[2017.05.08-21.00.43:461][169]LogBlueprint:Warning: Node '/Game/XaviersShit/BP_BasicInventoryHUD.BP_BasicInventoryHUD:EventGraph.EdGraphNode_Comment_423' missing NodeGuid because of upgrade from old package version, this can cause deterministic cooking issues please resave package.
[2017.05.08-21.00.43:461][169]LogBlueprint:Warning: Node '/Game/XaviersShit/BP_BasicInventoryHUD.BP_BasicInventoryHUD:EventGraph.EdGraphNode_Comment_60' missing NodeGuid because of upgrade from old package version, this can cause deterministic cooking issues please resave package.
[2017.05.08-21.00.43:461][169]LogBlueprint:Warning: Node '/Game/XaviersShit/BP_BasicInventoryHUD.BP_BasicInventoryHUD:EventGraph.EdGraphNode_Comment_68' missing NodeGuid because of upgrade from old package version, this can cause deterministic cooking issues please resave package.
[2017.05.08-21.00.43:461][169]LogBlueprint:Warning: Node '/Game/XaviersShit/BP_BasicInventoryHUD.BP_BasicInventoryHUD:EventGraph.K2Node_CallFunction_10611' missing NodeGuid because of upgrade from old package version, this can cause deterministic cooking issues please resave package.
[2017.05.08-21.00.43:461][169]LogBlueprint:Warning: Node '/Game/XaviersShit/BP_BasicInventoryHUD.BP_BasicInventoryHUD:EventGraph.K2Node_CallFunction_10615' missing NodeGuid because of upgrade from old package version, this can cause deterministic cooking issues please resave package.
[2017.05.08-21.00.43:461][169]LogBlueprint:Warning: Node '/Game/XaviersShit/BP_BasicInventoryHUD.BP_BasicInventoryHUD:EventGraph.K2Node_CallFunction_110588' missing NodeGuid because of upgrade from old package version, this can cause deterministic cooking issues please resave package.
[2017.05.08-21.00.43:462][169]LogBlueprint:Warning: Node '/Game/XaviersShit/BP_BasicInventoryHUD.BP_BasicInventoryHUD:EventGraph.K2Node_CallFunction_111388' missing NodeGuid because of upgrade from old package version, this can cause deterministic cooking issues please resave package.
[2017.05.08-21.00.43:462][169]LogBlueprint:Warning: Node '/Game/XaviersShit/BP_BasicInventoryHUD.BP_BasicInventoryHUD:EventGraph.K2Node_CallFunction_111464' missing NodeGuid because of upgrade from old package version, this can cause deterministic cooking issues please resave package.
[2017.05.08-21.00.43:462][169]LogBlueprint:Warning: Node '/Game/XaviersShit/BP_BasicInventoryHUD.BP_BasicInventoryHUD:EventGraph.K2Node_CallFunction_111614' missing NodeGuid because of upgrade from old package version, this can cause deterministic cooking issues please resave package.
[2017.05.08-21.00.43:462][169]LogBlueprint:Warning: Node '/Game/XaviersShit/BP_BasicInventoryHUD.BP_BasicInventoryHUD:EventGraph.K2Node_CallFunction_12988' missing NodeGuid because of upgrade from old package version, this can cause deterministic cooking issues please resave package.
[2017.05.08-21.00.43:462][169]LogBlueprint:Warning: Node '/Game/XaviersShit/BP_BasicInventoryHUD.BP_BasicInventoryHUD:EventGraph.K2Node_CallFunction_166908' missing NodeGuid because of upgrade from old package version, this can cause deterministic cooking issues please resave package.
[2017.05.08-21.00.43:462][169]LogBlueprint:Warning: Node '/Game/XaviersShit/BP_BasicInventoryHUD.BP_BasicInventoryHUD:EventGraph.K2Node_CallFunction_167919' missing NodeGuid because of upgrade from old package version, this can cause deterministic cooking issues please resave package.
[2017.05.08-21.00.43:462][169]LogBlueprint:Warning: Node '/Game/XaviersShit/BP_BasicInventoryHUD.BP_BasicInventoryHUD:EventGraph.K2Node_CallFunction_168536' missing NodeGuid because of upgrade from old package version, this can cause deterministic cooking issues please resave package.
[2017.05.08-21.00.43:462][169]LogBlueprint:Warning: Node '/Game/XaviersShit/BP_BasicInventoryHUD.BP_BasicInventoryHUD:EventGraph.K2Node_CallFunction_180547' missing NodeGuid because of upgrade from old package version, this can cause deterministic cooking issues please resave package.
[2017.05.08-21.00.43:462][169]LogBlueprint:Warning: Node '/Game/XaviersShit/BP_BasicInventoryHUD.BP_BasicInventoryHUD:EventGraph.K2Node_CallFunction_180549' missing NodeGuid because of upgrade from old package version, this can cause deterministic cooking issues please resave package.
[2017.05.08-21.00.43:462][169]LogBlueprint:Warning: Node '/Game/XaviersShit/BP_BasicInventoryHUD.BP_BasicInventoryHUD:EventGraph.K2Node_CallFunction_219368' missing NodeGuid because of upgrade from old package version, this can cause deterministic cooking issues please resave package.
[2017.05.08-21.00.43:462][169]LogBlueprint:Warning: Node '/Game/XaviersShit/BP_BasicInventoryHUD.BP_BasicInventoryHUD:EventGraph.K2Node_CallFunction_219415' missing NodeGuid because of upgrade from old package version, this can cause deterministic cooking issues please resave package.
[2017.05.08-21.00.43:462][169]LogBlueprint:Warning: Node '/Game/XaviersShit/BP_BasicInventoryHUD.BP_BasicInventoryHUD:EventGraph.K2Node_CallFunction_23484' missing NodeGuid because of upgrade from old package version, this can cause deterministic cooking issues please resave package.
[2017.05.08-21.00.43:462][169]LogBlueprint:Warning: Node '/Game/XaviersShit/BP_BasicInventoryHUD.BP_BasicInventoryHUD:EventGraph.K2Node_CallFunction_28130' missing NodeGuid because of upgrade from old package version, this can cause deterministic cooking issues please resave package.
[2017.05.08-21.00.43:462][169]LogBlueprint:Warning: Node '/Game/XaviersShit/BP_BasicInventoryHUD.BP_BasicInventoryHUD:EventGraph.K2Node_CallFunction_78992' missing NodeGuid because of upgrade from old package version, this can cause deterministic cooking issues please resave package.
[2017.05.08-21.00.43:462][169]LogBlueprint:Warning: Node '/Game/XaviersShit/BP_BasicInventoryHUD.BP_BasicInventoryHUD:EventGraph.K2Node_CallFunction_78994' missing NodeGuid because of upgrade from old package version, this can cause deterministic cooking issues please resave package.
[2017.05.08-21.00.43:462][169]LogBlueprint:Warning: Node '/Game/XaviersShit/BP_BasicInventoryHUD.BP_BasicInventoryHUD:EventGraph.K2Node_CallFunction_78996' missing NodeGuid because of upgrade from old package version, this can cause deterministic cooking issues please resave package.
[2017.05.08-21.00.43:462][169]LogBlueprint:Warning: Node '/Game/XaviersShit/BP_BasicInventoryHUD.BP_BasicInventoryHUD:EventGraph.K2Node_CallFunction_84975' missing NodeGuid because of upgrade from old package version, this can cause deterministic cooking issues please resave package.
[2017.05.08-21.00.43:462][169]LogBlueprint:Warning: Node '/Game/XaviersShit/BP_BasicInventoryHUD.BP_BasicInventoryHUD:EventGraph.K2Node_CommutativeAssociativeBinaryOperator_2568' missing NodeGuid because of upgrade from old package version, this can cause deterministic cooking issues please resave package.
[2017.05.08-21.00.43:463][169]LogBlueprint:Warning: Node '/Game/XaviersShit/BP_BasicInventoryHUD.BP_BasicInventoryHUD:EventGraph.K2Node_DynamicCast_21' missing NodeGuid because of upgrade from old package version, this can cause deterministic cooking issues please resave package.
[2017.05.08-21.00.43:463][169]LogBlueprint:Warning: Node '/Game/XaviersShit/BP_BasicInventoryHUD.BP_BasicInventoryHUD:EventGraph.K2Node_DynamicCast_659' missing NodeGuid because of upgrade from old package version, this can cause deterministic cooking issues please resave package.
[2017.05.08-21.00.43:463][169]LogBlueprint:Warning: Node '/Game/XaviersShit/BP_BasicInventoryHUD.BP_BasicInventoryHUD:EventGraph.K2Node_Event_265' missing NodeGuid because of upgrade from old package version, this can cause deterministic cooking issues please resave package.
[2017.05.08-21.00.43:463][169]LogBlueprint:Warning: Node '/Game/XaviersShit/BP_BasicInventoryHUD.BP_BasicInventoryHUD:EventGraph.K2Node_ExecutionSequence_181' missing NodeGuid because of upgrade from old package version, this can cause deterministic cooking issues please resave package.
[2017.05.08-21.00.43:463][169]LogBlueprint:Warning: Node '/Game/XaviersShit/BP_BasicInventoryHUD.BP_BasicInventoryHUD:UserConstructionScript.K2Node_FunctionEntry_134' missing NodeGuid because of upgrade from old package version, this can cause deterministic cooking issues please resave package.
[2017.05.08-21.00.43:463][169]LogBlueprint:Warning: Node '/Game/XaviersShit/BP_BasicInventoryHUD.BP_BasicInventoryHUD:EventGraph.K2Node_IfThenElse_231' missing NodeGuid because of upgrade from old package version, this can cause deterministic cooking issues please resave package.
[2017.05.08-21.00.43:463][169]LogBlueprint:Warning: Node '/Game/XaviersShit/BP_BasicInventoryHUD.BP_BasicInventoryHUD:EventGraph.K2Node_MacroInstance_1686' missing NodeGuid because of upgrade from old package version, this can cause deterministic cooking issues please resave package.
[2017.05.08-21.00.43:463][169]LogBlueprint:Warning: Node '/Game/XaviersShit/BP_BasicInventoryHUD.BP_BasicInventoryHUD:EventGraph.K2Node_MakeStruct_1' missing NodeGuid because of upgrade from old package version, this can cause deterministic cooking issues please resave package.
[2017.05.08-21.00.43:463][169]LogBlueprint:Warning: Node '/Game/XaviersShit/BP_BasicInventoryHUD.BP_BasicInventoryHUD:EventGraph.K2Node_VariableGet_178' missing NodeGuid because of upgrade from old package version, this can cause deterministic cooking issues please resave package.
[2017.05.08-21.00.43:463][169]LogBlueprint:Warning: Node '/Game/XaviersShit/BP_BasicInventoryHUD.BP_BasicInventoryHUD:EventGraph.K2Node_VariableGet_218' missing NodeGuid because of upgrade from old package version, this can cause deterministic cooking issues please resave package.
[2017.05.08-21.00.43:463][169]LogBlueprint:Warning: Node '/Game/XaviersShit/BP_BasicInventoryHUD.BP_BasicInventoryHUD:EventGraph.K2Node_VariableGet_694' missing NodeGuid because of upgrade from old package version, this can cause deterministic cooking issues please resave package.
[2017.05.08-21.00.43:463][169]LogBlueprint:Warning: Node '/Game/XaviersShit/BP_BasicInventoryHUD.BP_BasicInventoryHUD:EventGraph.K2Node_VariableGet_763' missing NodeGuid because of upgrade from old package version, this can cause deterministic cooking issues please resave package.
[2017.05.08-21.00.43:463][169]LogBlueprint:Warning: Node '/Game/XaviersShit/BP_BasicInventoryHUD.BP_BasicInventoryHUD:EventGraph.K2Node_VariableGet_781' missing NodeGuid because of upgrade from old package version, this can cause deterministic cooking issues please resave package.
[2017.05.08-21.00.43:463][169]LogBlueprint:Warning: Node '/Game/XaviersShit/BP_BasicInventoryHUD.BP_BasicInventoryHUD:EventGraph.K2Node_VariableGet_786' missing NodeGuid because of upgrade from old package version, this can cause deterministic cooking issues please resave package.
[2017.05.08-21.00.43:463][169]LogBlueprint:Warning: Node '/Game/XaviersShit/BP_BasicInventoryHUD.BP_BasicInventoryHUD:EventGraph.K2Node_VariableGet_794' missing NodeGuid because of upgrade from old package version, this can cause deterministic cooking issues please resave package.
[2017.05.08-21.00.43:463][169]LogBlueprint:Warning: Node '/Game/XaviersShit/BP_BasicInventoryHUD.BP_BasicInventoryHUD:EventGraph.K2Node_VariableGet_820' missing NodeGuid because of upgrade from old package version, this can cause deterministic cooking issues please resave package.
[2017.05.08-21.00.43:463][169]LogBlueprint:Warning: Node '/Game/XaviersShit/BP_BasicInventoryHUD.BP_BasicInventoryHUD:EventGraph.K2Node_VariableGet_966' missing NodeGuid because of upgrade from old package version, this can cause deterministic cooking issues please resave package.
[2017.05.08-21.00.43:474][169]LogSlate: Took 0.000254 seconds to synchronously load lazily loaded font '../../../Engine/Content/Slate/Fonts/Roboto-Light.ttf' (159K)
[2017.05.08-21.00.44:046][169]LogSlate: Took 0.000339 seconds to synchronously load lazily loaded font '../../../Engine/Content/Slate/Fonts/Roboto-Regular.ttf' (155K)
[2017.05.08-21.00.44:218][169]LogContentBrowser: Native class hierarchy updated for 'BlueprintGraph' in 0.0010 seconds. Added 112 classes and 0 folders.
[2017.05.08-21.00.44:981][169]LogSlate: Took 0.000281 seconds to synchronously load lazily loaded font '../../../Engine/Content/Editor/Slate/Fonts/Roboto-BoldCondensed.ttf' (158K)
[2017.05.08-21.00.48:026][375]LogSlate: Took 0.000253 seconds to synchronously load lazily loaded font '../../../Engine/Content/Editor/Slate/Fonts/Roboto-Italic.ttf' (157K)
[2017.05.08-21.02.52:834][800]LogSlate: Took 0.000236 seconds to synchronously load lazily loaded font '../../../Engine/Content/Editor/Slate/Fonts/Roboto-BoldCondensedItalic.ttf' (160K)
[2017.05.08-21.07.14:065][909]BlueprintLog: New page: Compile PickupActor
[2017.05.08-21.07.14:076][909]LogBlueprint:Warning: [Compiler PickupActor] Warning 'Player Controller' does not inherit from 'Character' ( Cast To PlayerController  would always fail).
[2017.05.08-21.07.14:264][909]BlueprintEditorCompileResults:Warning: Warning 'Player Controller' does not inherit from 'Character' ( Cast To PlayerController  would always fail).
[2017.05.08-21.07.14:264][909]LogBlueprint:Warning: [Compiler PickupActor] Warning [0415.20] Compile of PickupActor successful, but with 1 Warning(s) [in 198 ms] (/Game/XaviersShit/PickupActor.PickupActor)
[2017.05.08-21.07.39:366][687]BlueprintLog: New page: Compile PickupActor
[2017.05.08-21.07.39:376][687]LogBlueprint:Warning: [Compiler PickupActor] Warning 'Player Controller' does not inherit from 'Character' ( Cast To PlayerController  would always fail).
[2017.05.08-21.07.39:533][687]BlueprintEditorCompileResults:Warning: Warning 'Player Controller' does not inherit from 'Character' ( Cast To PlayerController  would always fail).
[2017.05.08-21.07.39:533][687]LogBlueprint:Warning: [Compiler PickupActor] Warning [0440.47] Compile of PickupActor successful, but with 1 Warning(s) [in 166 ms] (/Game/XaviersShit/PickupActor.PickupActor)
[2017.05.08-21.10.54:442][106]LogFileHelpers: Editor autosave (incl. sublevels) for '/Game/StarterContent/Maps/Minimal_Default' took 0.033
[2017.05.08-21.10.54:447][106]OBJ SavePackage: Generating thumbnails for [0] asset(s) in package [/Game/XaviersShit/PickupActor] ([1] browsable assets)...
[2017.05.08-21.10.54:447][106]OBJ SavePackage: Finished generating thumbnails for package [/Game/XaviersShit/PickupActor]
[2017.05.08-21.10.54:480][106]LogSavePackage: Save=16.07ms
[2017.05.08-21.10.54:480][106]LogSavePackage: Moving '../../../../../Users/xavier.melton/Desktop/Doti_Year_1_Final_AIE/DOTI_AIE_Y1_FINAL/Saved/PickupActor_Auto1F3EA321645EA8AA05D7A78BC9B4B3526.tmp' to '../../../../../Users/xavier.melton/Desktop/Doti_Year_1_Final_AIE/DOTI_AIE_Y1_FINAL/Saved/Autosaves/Game/XaviersShit/PickupActor_Auto1.uasset'
[2017.05.08-21.10.54:483][106]LogSavePackage:Display: Finished SavePackage ../../../../../Users/xavier.melton/Desktop/Doti_Year_1_Final_AIE/DOTI_AIE_Y1_FINAL/Saved/Autosaves/Game/XaviersShit/PickupActor_Auto1.uasset
[2017.05.08-21.10.54:485][106]OBJ SavePackage: Generating thumbnails for [0] asset(s) in package [/Game/XaviersShit/BP_BasicInventoryHUD] ([1] browsable assets)...
[2017.05.08-21.10.54:485][106]OBJ SavePackage: Finished generating thumbnails for package [/Game/XaviersShit/BP_BasicInventoryHUD]
[2017.05.08-21.10.54:533][106]LogSavePackage: Save=36.66ms
[2017.05.08-21.10.54:533][106]LogSavePackage: Moving '../../../../../Users/xavier.melton/Desktop/Doti_Year_1_Final_AIE/DOTI_AIE_Y1_FINAL/Saved/BP_BasicInventoryHUD_Auto1479BADA64CEDB7056613E99BA470B391.tmp' to '../../../../../Users/xavier.melton/Desktop/Doti_Year_1_Final_AIE/DOTI_AIE_Y1_FINAL/Saved/Autosaves/Game/XaviersShit/BP_BasicInventoryHUD_Auto1.uasset'
[2017.05.08-21.10.54:537][106]LogSavePackage:Display: Finished SavePackage ../../../../../Users/xavier.melton/Desktop/Doti_Year_1_Final_AIE/DOTI_AIE_Y1_FINAL/Saved/Autosaves/Game/XaviersShit/BP_BasicInventoryHUD_Auto1.uasset
[2017.05.08-21.10.54:538][106]OBJ SavePackage: Generating thumbnails for [0] asset(s) in package [/Game/XaviersShit/InventoryActor] ([1] browsable assets)...
[2017.05.08-21.10.54:538][106]OBJ SavePackage: Finished generating thumbnails for package [/Game/XaviersShit/InventoryActor]
[2017.05.08-21.10.54:561][106]LogSavePackage: Save=13.33ms
[2017.05.08-21.10.54:561][106]LogSavePackage: Moving '../../../../../Users/xavier.melton/Desktop/Doti_Year_1_Final_AIE/DOTI_AIE_Y1_FINAL/Saved/InventoryActor_Auto165E7379243D6029F0577A0B12D0D2FC7.tmp' to '../../../../../Users/xavier.melton/Desktop/Doti_Year_1_Final_AIE/DOTI_AIE_Y1_FINAL/Saved/Autosaves/Game/XaviersShit/InventoryActor_Auto1.uasset'
[2017.05.08-21.10.54:564][106]LogSavePackage:Display: Finished SavePackage ../../../../../Users/xavier.melton/Desktop/Doti_Year_1_Final_AIE/DOTI_AIE_Y1_FINAL/Saved/Autosaves/Game/XaviersShit/InventoryActor_Auto1.uasset
[2017.05.08-21.10.54:564][106]LogFileHelpers: Auto-saving content packages took 0.120
[2017.05.08-21.13.12:749][848]LogSavePackage: Save=115.84ms
[2017.05.08-21.13.12:749][848]LogSavePackage: Moving '../../../../../Users/xavier.melton/Desktop/Doti_Year_1_Final_AIE/DOTI_AIE_Y1_FINAL/Saved/Minimal_Default1186ED724B8EF9969D87849AE021194F.tmp' to '../../../../../Users/xavier.melton/Desktop/Doti_Year_1_Final_AIE/DOTI_AIE_Y1_FINAL/Content/StarterContent/Maps/Minimal_Default.umap'
[2017.05.08-21.13.12:751][848]LogSavePackage:Display: Finished SavePackage ../../../../../Users/xavier.melton/Desktop/Doti_Year_1_Final_AIE/DOTI_AIE_Y1_FINAL/Content/StarterContent/Maps/Minimal_Default.umap
[2017.05.08-21.13.12:879][848]LogSavePackage: Save=91.77ms
[2017.05.08-21.13.12:879][848]LogSavePackage: Moving '../../../../../Users/xavier.melton/Desktop/Doti_Year_1_Final_AIE/DOTI_AIE_Y1_FINAL/Saved/Minimal_Default_BuiltData89439AF64AF3EAC58BE08EB167200F59.tmp' to '../../../../../Users/xavier.melton/Desktop/Doti_Year_1_Final_AIE/DOTI_AIE_Y1_FINAL/Content/StarterContent/Maps/Minimal_Default_BuiltData.uasset'
[2017.05.08-21.13.12:881][848]LogSavePackage:Display: Finished SavePackage ../../../../../Users/xavier.melton/Desktop/Doti_Year_1_Final_AIE/DOTI_AIE_Y1_FINAL/Content/StarterContent/Maps/Minimal_Default_BuiltData.uasset
[2017.05.08-21.13.15:500][978]LogSavePackage: Save=17.11ms
[2017.05.08-21.13.15:500][978]LogSavePackage: Moving '../../../../../Users/xavier.melton/Desktop/Doti_Year_1_Final_AIE/DOTI_AIE_Y1_FINAL/Saved/BP_BasicInventoryHUD200AA5CF4524DAB92E9B5698FE66989C.tmp' to '../../../../../Users/xavier.melton/Desktop/Doti_Year_1_Final_AIE/DOTI_AIE_Y1_FINAL/Content/XaviersShit/BP_BasicInventoryHUD.uasset'
[2017.05.08-21.13.15:510][978]LogSavePackage:Display: Finished SavePackage ../../../../../Users/xavier.melton/Desktop/Doti_Year_1_Final_AIE/DOTI_AIE_Y1_FINAL/Content/XaviersShit/BP_BasicInventoryHUD.uasset
[2017.05.08-21.13.15:546][978]LogSavePackage: Save=8.90ms
[2017.05.08-21.13.15:546][978]LogSavePackage: Moving '../../../../../Users/xavier.melton/Desktop/Doti_Year_1_Final_AIE/DOTI_AIE_Y1_FINAL/Saved/InventoryActorD8FD3FB84A478B0BED2EE7A08AB39778.tmp' to '../../../../../Users/xavier.melton/Desktop/Doti_Year_1_Final_AIE/DOTI_AIE_Y1_FINAL/Content/XaviersShit/InventoryActor.uasset'
[2017.05.08-21.13.15:552][978]LogSavePackage:Display: Finished SavePackage ../../../../../Users/xavier.melton/Desktop/Doti_Year_1_Final_AIE/DOTI_AIE_Y1_FINAL/Content/XaviersShit/InventoryActor.uasset
[2017.05.08-21.13.15:558][978]Cmd: OBJ SAVEPACKAGE PACKAGE="/Game/XaviersShit/PickupActor" FILE="../../../../../Users/xavier.melton/Desktop/Doti_Year_1_Final_AIE/DOTI_AIE_Y1_FINAL/Content/XaviersShit/PickupActor.uasset" SILENT=true
[2017.05.08-21.13.15:578][978]LogSavePackage: Save=11.41ms
[2017.05.08-21.13.15:579][978]LogSavePackage: Moving '../../../../../Users/xavier.melton/Desktop/Doti_Year_1_Final_AIE/DOTI_AIE_Y1_FINAL/Saved/PickupActor7E357B3F4FF34328098EB7A5077D7B88.tmp' to '../../../../../Users/xavier.melton/Desktop/Doti_Year_1_Final_AIE/DOTI_AIE_Y1_FINAL/Content/XaviersShit/PickupActor.uasset'
[2017.05.08-21.13.15:587][978]LogSavePackage:Display: Finished SavePackage ../../../../../Users/xavier.melton/Desktop/Doti_Year_1_Final_AIE/DOTI_AIE_Y1_FINAL/Content/XaviersShit/PickupActor.uasset
[2017.05.08-21.13.15:770][978]LogActorComponent: UnregisterComponent: (/Engine/Transient.EditorFloorComp) Not registered. Aborting.
[2017.05.08-21.13.15:849][978]LogActorComponent: UnregisterComponent: (/Engine/Transient.EditorFloorComp) Not registered. Aborting.
[2017.05.08-21.13.15:947][978]LogActorComponent: UnregisterComponent: (/Engine/Transient.EditorFloorComp) Not registered. Aborting.
[2017.05.08-21.13.16:230][979]Cmd: QUIT_EDITOR
[2017.05.08-21.13.16:335][979]LogExit: Preparing to exit.
[2017.05.08-21.13.17:412][979]LogDirectoryWatcher: A directory notification failed for 'C:/Users/xavier.melton/Desktop/Doti_Year_1_Final_AIE/DOTI_AIE_Y1_FINAL/Content/', and we were unable to create a new request.
[2017.05.08-21.13.17:456][979]LogExit: Editor shut down
[2017.05.08-21.13.17:456][979]LogExit: Transaction tracking system shut down
[2017.05.08-21.13.17:575][979]LogObj: Freed 0b from 0 cluster array pools.
[2017.05.08-21.13.17:576][979]LogExit: Object subsystem successfully closed.
[2017.05.08-21.13.17:594][979]LogD3D11RHI: Shutdown
[2017.05.08-21.13.17:594][979]LogD3D11RHI: CleanupD3DDevice
[2017.05.08-21.13.17:655][979]LogD3D11RHI: ~FD3D11DynamicRHI
[2017.05.08-21.13.17:670][979]LogModuleManager: Shutting down and abandoning module BlueprintGraph (502)
[2017.05.08-21.13.17:670][979]LogModuleManager: Shutting down and abandoning module BlueprintProfiler (500)
[2017.05.08-21.13.17:670][979]LogModuleManager: Shutting down and abandoning module HierarchicalLODOutliner (498)
[2017.05.08-21.13.17:670][979]LogModuleManager: Shutting down and abandoning module CrashTracker (496)
[2017.05.08-21.13.17:670][979]LogModuleManager: Shutting down and abandoning module SceneOutliner (494)
[2017.05.08-21.13.17:670][979]LogModuleManager: Shutting down and abandoning module AddContentDialog (492)
[2017.05.08-21.13.17:670][979]LogDirectoryWatcher: A directory notification for 'C:/Epic Games/UE_4.15/FeaturePacks/' was aborted.
[2017.05.08-21.13.17:671][979]LogModuleManager: Shutting down and abandoning module WidgetCarousel (491)
[2017.05.08-21.13.17:671][979]LogModuleManager: Shutting down and abandoning module EditorWidgets (488)
[2017.05.08-21.13.17:671][979]LogModuleManager: Shutting down and abandoning module CollectionManager (486)
[2017.05.08-21.13.17:671][979]LogDirectoryWatcher: A directory notification for 'C:/Users/xavier.melton/Desktop/Doti_Year_1_Final_AIE/DOTI_AIE_Y1_FINAL/Content/Collections/' was aborted.
[2017.05.08-21.13.17:671][979]LogDirectoryWatcher: A directory notification for 'C:/Users/xavier.melton/Desktop/Doti_Year_1_Final_AIE/DOTI_AIE_Y1_FINAL/Content/Developers/xaviermelton/Collections/' was aborted.
[2017.05.08-21.13.17:671][979]LogDirectoryWatcher: A directory notification for 'C:/Users/xavier.melton/Desktop/Doti_Year_1_Final_AIE/DOTI_AIE_Y1_FINAL/Saved/Collections/' was aborted.
[2017.05.08-21.13.17:671][979]LogModuleManager: Shutting down and abandoning module StatsViewer (484)
[2017.05.08-21.13.17:671][979]LogModuleManager: Shutting down and abandoning module FoliageEdit (482)
[2017.05.08-21.13.17:671][979]LogModuleManager: Shutting down and abandoning module LandscapeEditor (480)
[2017.05.08-21.13.17:672][979]LogModuleManager: Shutting down and abandoning module SceneDepthPickerMode (478)
[2017.05.08-21.13.17:672][979]LogModuleManager: Shutting down and abandoning module ActorPickerMode (476)
[2017.05.08-21.13.17:672][979]LogModuleManager: Shutting down and abandoning module GeometryMode (474)
[2017.05.08-21.13.17:672][979]LogModuleManager: Shutting down and abandoning module TextureAlignMode (472)
[2017.05.08-21.13.17:672][979]LogModuleManager: Shutting down and abandoning module BspMode (470)
[2017.05.08-21.13.17:672][979]LogModuleManager: Shutting down and abandoning module HardwareSurvey (468)
[2017.05.08-21.13.17:672][979]LogModuleManager: Shutting down and abandoning module SequenceRecorderSections (466)
[2017.05.08-21.13.17:672][979]LogModuleManager: Shutting down and abandoning module AutomationWorker (464)
[2017.05.08-21.13.17:672][979]LogModuleManager: Shutting down and abandoning module MatineeToLevelSequence (462)
[2017.05.08-21.13.17:672][979]LogModuleManager: Shutting down and abandoning module LevelSequenceEditor (460)
[2017.05.08-21.13.17:672][979]LogModuleManager: Shutting down and abandoning module PlacementMode (459)
[2017.05.08-21.13.17:672][979]LogModuleManager: Shutting down and abandoning module WmfMediaFactory (456)
[2017.05.08-21.13.17:672][979]LogModuleManager: Shutting down and abandoning module WmfMediaEditor (454)
[2017.05.08-21.13.17:672][979]LogModuleManager: Shutting down and abandoning module MfMediaFactory (452)
[2017.05.08-21.13.17:672][979]LogModuleManager: Shutting down and abandoning module MfMediaEditor (450)
[2017.05.08-21.13.17:672][979]LogModuleManager: Shutting down and abandoning module AvfMediaFactory (448)
[2017.05.08-21.13.17:672][979]LogModuleManager: Shutting down and abandoning module AvfMediaEditor (446)
[2017.05.08-21.13.17:672][979]LogModuleManager: Shutting down and abandoning module AndroidMediaFactory (444)
[2017.05.08-21.13.17:672][979]LogModuleManager: Shutting down and abandoning module Media (443)
[2017.05.08-21.13.17:672][979]LogModuleManager: Shutting down and abandoning module AndroidMediaEditor (440)
[2017.05.08-21.13.17:672][979]LogModuleManager: Shutting down and abandoning module CharacterAI (438)
[2017.05.08-21.13.17:672][979]LogModuleManager: Shutting down and abandoning module AudioCapture (436)
[2017.05.08-21.13.17:672][979]LogModuleManager: Shutting down and abandoning module SequenceRecorder (435)
[2017.05.08-21.13.17:672][979]LogModuleManager: Shutting down and abandoning module SmartSnapping (432)
[2017.05.08-21.13.17:672][979]LogModuleManager: Shutting down and abandoning module SessionServices (430)
[2017.05.08-21.13.17:672][979]LogModuleManager: Shutting down and abandoning module ViewportSnapping (428)
[2017.05.08-21.13.17:672][979]LogModuleManager: Shutting down and abandoning module ViewportInteraction (426)
[2017.05.08-21.13.17:672][979]LogModuleManager: Shutting down and abandoning module LogVisualizer (424)
[2017.05.08-21.13.17:672][979]LogModuleManager: Shutting down and abandoning module IntroTutorials (422)
[2017.05.08-21.13.17:672][979]LogModuleManager: Shutting down and abandoning module GameProjectGeneration (421)
[2017.05.08-21.13.17:672][979]LogModuleManager: Shutting down and abandoning module EditorLiveStreaming (418)
[2017.05.08-21.13.17:672][979]LogModuleManager: Shutting down and abandoning module IOSPlatformEditor (416)
[2017.05.08-21.13.17:672][979]LogModuleManager: Shutting down and abandoning module HTML5PlatformEditor (414)
[2017.05.08-21.13.17:672][979]LogModuleManager: Shutting down and abandoning module AndroidPlatformEditor (412)
[2017.05.08-21.13.17:672][979]LogModuleManager: Shutting down and abandoning module AndroidDeviceDetection (411)
[2017.05.08-21.13.17:916][979]LogModuleManager: Shutting down and abandoning module IOSRuntimeSettings (408)
[2017.05.08-21.13.17:916][979]LogModuleManager: Shutting down and abandoning module AndroidRuntimeSettings (406)
[2017.05.08-21.13.17:916][979]LogModuleManager: Shutting down and abandoning module InputBindingEditor (404)
[2017.05.08-21.13.17:916][979]LogModuleManager: Shutting down and abandoning module NiagaraEditor (402)
[2017.05.08-21.13.17:917][979]LogModuleManager: Shutting down and abandoning module MergeActors (400)
[2017.05.08-21.13.17:917][979]LogModuleManager: Shutting down and abandoning module SizeMap (398)
[2017.05.08-21.13.17:917][979]LogModuleManager: Shutting down and abandoning module TreeMap (396)
[2017.05.08-21.13.17:917][979]LogModuleManager: Shutting down and abandoning module ReferenceViewer (394)
[2017.05.08-21.13.17:917][979]LogModuleManager: Shutting down and abandoning module LocalizationDashboard (392)
[2017.05.08-21.13.17:917][979]LogModuleManager: Shutting down and abandoning module LocalizationService (391)
[2017.05.08-21.13.17:917][979]LogModuleManager: Shutting down and abandoning module HardwareTargeting (388)
[2017.05.08-21.13.17:917][979]LogModuleManager: Shutting down and abandoning module DeviceProfileEditor (386)
[2017.05.08-21.13.17:917][979]LogModuleManager: Shutting down and abandoning module UndoHistory (384)
[2017.05.08-21.13.17:917][979]LogModuleManager: Shutting down and abandoning module UserFeedback (382)
[2017.05.08-21.13.17:917][979]LogModuleManager: Shutting down and abandoning module XmlParser (380)
[2017.05.08-21.13.17:917][979]LogModuleManager: Shutting down and abandoning module Blutility (378)
[2017.05.08-21.13.17:917][979]LogModuleManager: Shutting down and abandoning module ProjectSettingsViewer (376)
[2017.05.08-21.13.17:917][979]LogModuleManager: Shutting down and abandoning module ProjectTargetPlatformEditor (375)
[2017.05.08-21.13.17:917][979]LogModuleManager: Shutting down and abandoning module EditorSettingsViewer (372)
[2017.05.08-21.13.17:917][979]LogModuleManager: Shutting down and abandoning module SettingsEditor (370)
[2017.05.08-21.13.17:917][979]LogModuleManager: Shutting down and abandoning module ProjectLauncher (368)
[2017.05.08-21.13.17:917][979]LogModuleManager: Shutting down and abandoning module SessionFrontend (366)
[2017.05.08-21.13.17:917][979]LogModuleManager: Shutting down and abandoning module ProfilerClient (364)
[2017.05.08-21.13.17:917][979]LogModuleManager: Shutting down and abandoning module DeviceManager (362)
[2017.05.08-21.13.17:917][979]LogModuleManager: Shutting down and abandoning module TargetDeviceServices (361)
[2017.05.08-21.13.17:958][979]LogModuleManager: Shutting down and abandoning module AutomationController (358)
[2017.05.08-21.13.17:958][979]LogModuleManager: Shutting down and abandoning module AutomationWindow (356)
[2017.05.08-21.13.17:958][979]LogModuleManager: Shutting down and abandoning module Layers (354)
[2017.05.08-21.13.17:958][979]LogModuleManager: Shutting down and abandoning module ComponentVisualizers (352)
[2017.05.08-21.13.17:958][979]LogModuleManager: Shutting down and abandoning module DetailCustomizations (350)
[2017.05.08-21.13.17:958][979]LogModuleManager: Shutting down and abandoning module PackagesDialog (348)
[2017.05.08-21.13.17:958][979]LogModuleManager: Shutting down and abandoning module Persona (346)
[2017.05.08-21.13.17:958][979]LogModuleManager: Shutting down and abandoning module AnimGraph (345)
[2017.05.08-21.13.17:958][979]LogModuleManager: Shutting down and abandoning module Kismet (342)
[2017.05.08-21.13.17:972][979]LogModuleManager: Shutting down and abandoning module GraphEditor (340)
[2017.05.08-21.13.17:972][979]LogModuleManager: Shutting down and abandoning module ClassViewer (338)
[2017.05.08-21.13.17:972][979]LogModuleManager: Shutting down and abandoning module Toolbox (336)
[2017.05.08-21.13.17:972][979]LogModuleManager: Shutting down and abandoning module ModuleUI (334)
[2017.05.08-21.13.17:972][979]LogModuleManager: Shutting down and abandoning module MovieSceneTools (332)
[2017.05.08-21.13.17:972][979]LogModuleManager: Shutting down and abandoning module OutputLog (330)
[2017.05.08-21.13.17:972][979]LogModuleManager: Shutting down and abandoning module GammaUI (328)
[2017.05.08-21.13.17:972][979]LogModuleManager: Shutting down and abandoning module Documentation (326)
[2017.05.08-21.13.17:973][979]LogModuleManager: Shutting down and abandoning module Niagara (324)
[2017.05.08-21.13.17:973][979]LogModuleManager: Shutting down and abandoning module StreamingPauseRendering (322)
[2017.05.08-21.13.17:973][979]LogModuleManager: Shutting down and abandoning module AnalyticsET (320)
[2017.05.08-21.13.17:973][979]LogModuleManager: Shutting down and abandoning module PortalServices (318)
[2017.05.08-21.13.17:973][979]LogModuleManager: Shutting down and abandoning module PortalRpc (316)
[2017.05.08-21.13.17:973][979]LogModuleManager: Shutting down and abandoning module MessagingRpc (314)
[2017.05.08-21.13.17:973][979]LogModuleManager: Shutting down and abandoning module AIModule (312)
[2017.05.08-21.13.17:973][979]LogModuleManager: Shutting down and abandoning module GameplayDebugger (311)
[2017.05.08-21.13.17:973][979]LogModuleManager: Shutting down and abandoning module AITestSuite (309)
[2017.05.08-21.13.17:973][979]LogModuleManager: Shutting down and abandoning module ProfilerService (306)
[2017.05.08-21.13.18:116][979]LogModuleManager: Shutting down and abandoning module TaskGraph (304)
[2017.05.08-21.13.18:116][979]LogModuleManager: Shutting down and abandoning module SteamVRController (302)
[2017.05.08-21.13.18:116][979]LogModuleManager: Shutting down and abandoning module SteamVR (300)
[2017.05.08-21.13.18:117][979]LogModuleManager: Shutting down and abandoning module ProceduralMeshComponentEditor (298)
[2017.05.08-21.13.18:117][979]LogModuleManager: Shutting down and abandoning module ProceduralMeshComponent (296)
[2017.05.08-21.13.18:117][979]LogModuleManager: Shutting down and abandoning module OculusLibrary (294)
[2017.05.08-21.13.18:117][979]LogModuleManager: Shutting down and abandoning module OculusInput (292)
[2017.05.08-21.13.18:117][979]LogModuleManager: Shutting down and abandoning module MobilePatchingUtils (290)
[2017.05.08-21.13.18:117][979]LogModuleManager: Shutting down and abandoning module CustomMeshComponent (288)
[2017.05.08-21.13.18:117][979]LogModuleManager: Shutting down and abandoning module CableComponent (286)
[2017.05.08-21.13.18:117][979]LogModuleManager: Shutting down and abandoning module ArchVisCharacter (284)
[2017.05.08-21.13.18:117][979]LogModuleManager: Shutting down and abandoning module MediaPlayerEditor (280)
[2017.05.08-21.13.18:117][979]LogModuleManager: Shutting down and abandoning module HTML5Networking (278)
[2017.05.08-21.13.18:117][979]LogModuleManager: Shutting down and abandoning module AlembicImporter (276)
[2017.05.08-21.13.18:117][979]LogModuleManager: Shutting down and abandoning module AlembicLibrary (275)
[2017.05.08-21.13.18:117][979]LogModuleManager: Shutting down and abandoning module GeometryCache (274)
[2017.05.08-21.13.18:117][979]LogModuleManager: Shutting down and abandoning module GeometryCacheEd (273)
[2017.05.08-21.13.18:117][979]LogModuleManager: Shutting down and abandoning module SuperSearchEditor (268)
[2017.05.08-21.13.18:117][979]LogModuleManager: Shutting down and abandoning module SuperSearch (267)
[2017.05.08-21.13.18:117][979]LogModuleManager: Shutting down and abandoning module SpeedTreeImporter (264)
[2017.05.08-21.13.18:117][979]LogModuleManager: Shutting down and abandoning module PluginBrowser (262)
[2017.05.08-21.13.18:117][979]LogModuleManager: Shutting down and abandoning module MobileLauncherProfileWizard (260)
[2017.05.08-21.13.18:117][979]LogModuleManager: Shutting down and abandoning module EpicSurvey (258)
[2017.05.08-21.13.18:117][979]LogModuleManager: Shutting down and abandoning module VisualStudioSourceCodeAccess (256)
[2017.05.08-21.13.18:117][979]LogModuleManager: Shutting down and abandoning module DesktopPlatform (255)
[2017.05.08-21.13.18:117][979]LogModuleManager: Shutting down and abandoning module UObjectPlugin (252)
[2017.05.08-21.13.18:117][979]LogModuleManager: Shutting down and abandoning module SubversionSourceControl (250)
[2017.05.08-21.13.18:117][979]LogModuleManager: Shutting down and abandoning module PerforceSourceControl (248)
[2017.05.08-21.13.18:117][979]LogModuleManager: Shutting down and abandoning module GitSourceControl (246)
[2017.05.08-21.13.18:117][979]LogModuleManager: Shutting down and abandoning module SourceControl (245)
[2017.05.08-21.13.18:117][979]LogModuleManager: Shutting down and abandoning module LightPropagationVolumeEditor (242)
[2017.05.08-21.13.18:117][979]LogModuleManager: Shutting down and abandoning module PaperTiledImporter (240)
[2017.05.08-21.13.18:117][979]LogModuleManager: Shutting down and abandoning module PaperSpriteSheetImporter (238)
[2017.05.08-21.13.18:117][979]LogModuleManager: Shutting down and abandoning module Paper2DEditor (236)
[2017.05.08-21.13.18:117][979]LogModuleManager: Shutting down and abandoning module MeshPaint (235)
[2017.05.08-21.13.18:118][979]LogModuleManager: Shutting down and abandoning module LevelEditor (233)
[2017.05.08-21.13.18:119][979]LogModuleManager: Shutting down and abandoning module PixelInspectorModule (232)
[2017.05.08-21.13.18:119][979]LogModuleManager: Shutting down and abandoning module MainFrame (230)
[2017.05.08-21.13.18:119][979]LogModuleManager: Shutting down and abandoning module HotReload (229)
[2017.05.08-21.13.18:120][979]LogModuleManager: Shutting down and abandoning module ContentBrowser (225)
[2017.05.08-21.13.18:122][979]LogModuleManager: Shutting down and abandoning module PhysXVehiclesEditor (222)
[2017.05.08-21.13.18:122][979]LogModuleManager: Shutting down and abandoning module PhysXVehicles (220)
[2017.05.08-21.13.18:122][979]LogModuleManager: Shutting down and abandoning module LocationServicesBPLibrary (218)
[2017.05.08-21.13.18:122][979]LogModuleManager: Shutting down and abandoning module UdpMessaging (216)
[2017.05.08-21.13.18:222][979]LogModuleManager: Shutting down and abandoning module TcpMessaging (214)
[2017.05.08-21.13.18:322][979]LogModuleManager: Shutting down and abandoning module GameplayTagsEditor (212)
[2017.05.08-21.13.18:322][979]LogModuleManager: Shutting down and abandoning module FacialAnimationEditor (210)
[2017.05.08-21.13.18:322][979]LogModuleManager: Shutting down and abandoning module FacialAnimation (208)
[2017.05.08-21.13.18:322][979]LogModuleManager: Shutting down and abandoning module LightPropagationVolumeRuntime (206)
[2017.05.08-21.13.18:322][979]LogModuleManager: Shutting down and abandoning module Paper2D (204)
[2017.05.08-21.13.18:322][979]LogModuleManager: Shutting down and abandoning module WindowsMoviePlayer (202)
[2017.05.08-21.13.18:322][979]LogModuleManager: Shutting down and abandoning module WmfMedia (200)
[2017.05.08-21.13.18:323][979]LogModuleManager: Shutting down and abandoning module MfMedia (198)
[2017.05.08-21.13.18:323][979]LogModuleManager: Shutting down and abandoning module MediaAssets (196)
[2017.05.08-21.13.18:323][979]LogModuleManager: Shutting down and abandoning module GameLiveStreaming (194)
[2017.05.08-21.13.18:323][979]LogModuleManager: Shutting down and abandoning module VREditor (192)
[2017.05.08-21.13.18:323][979]LogModuleManager: Shutting down and abandoning module GameplayTasksEditor (190)
[2017.05.08-21.13.18:323][979]LogModuleManager: Shutting down and abandoning module BehaviorTreeEditor (188)
[2017.05.08-21.13.18:323][979]LogModuleManager: Shutting down and abandoning module FunctionalTesting (186)
[2017.05.08-21.13.18:323][979]LogModuleManager: Shutting down and abandoning module CollisionAnalyzer (184)
[2017.05.08-21.13.18:323][979]LogModuleManager: Shutting down and abandoning module UMG (182)
[2017.05.08-21.13.18:323][979]LogModuleManager: Shutting down and abandoning module UMGEditor (181)
[2017.05.08-21.13.18:323][979]LogModuleManager: Shutting down and abandoning module Sequencer (180)
[2017.05.08-21.13.18:323][979]LogModuleManager: Shutting down and abandoning module AssetTools (178)
[2017.05.08-21.13.18:323][979]LogModuleManager: Shutting down and abandoning module MessageLog (177)
[2017.05.08-21.13.18:323][979]LogModuleManager: Shutting down and abandoning module WorkspaceMenuStructure (176)
[2017.05.08-21.13.18:323][979]LogModuleManager: Shutting down and abandoning module SlateReflector (170)
[2017.05.08-21.13.18:323][979]LogModuleManager: Shutting down and abandoning module Slate (168)
[2017.05.08-21.13.18:324][979]LogModuleManager: Shutting down and abandoning module EditorStyle (166)
[2017.05.08-21.13.18:328][979]LogModuleManager: Shutting down and abandoning module SourceCodeAccess (164)
[2017.05.08-21.13.18:328][979]LogModuleManager: Shutting down and abandoning module HeadMountedDisplay (162)
[2017.05.08-21.13.18:328][979]LogModuleManager: Shutting down and abandoning module XAudio2 (160)
[2017.05.08-21.13.18:329][979]LogModuleManager: Shutting down and abandoning module Networking (158)
[2017.05.08-21.13.18:329][979]LogModuleManager: Shutting down and abandoning module Core (154)
[2017.05.08-21.13.18:329][979]LogModuleManager: Shutting down and abandoning module AssetRegistry (152)
[2017.05.08-21.13.18:529][979]LogDirectoryWatcher: A directory notification for '../../../Engine/Content/' was aborted.
[2017.05.08-21.13.18:529][979]LogDirectoryWatcher: A directory notification for '../../../../../Users/xavier.melton/Desktop/Doti_Year_1_Final_AIE/DOTI_AIE_Y1_FINAL/Content/' was aborted.
[2017.05.08-21.13.18:529][979]LogDirectoryWatcher: A directory notification for '../../../Engine/Plugins/2D/Paper2D/Content/' was aborted.
[2017.05.08-21.13.18:529][979]LogModuleManager: Shutting down and abandoning module DirectoryWatcher (151)
[2017.05.08-21.13.18:530][979]LogModuleManager: Shutting down and abandoning module KismetCompiler (148)
[2017.05.08-21.13.18:530][979]LogModuleManager: Shutting down and abandoning module PhysXFormats (146)
[2017.05.08-21.13.18:530][979]LogModuleManager: Shutting down and abandoning module MeshUtilities (144)
[2017.05.08-21.13.18:530][979]LogModuleManager: Shutting down and abandoning module SimplygonSwarm (143)
[2017.05.08-21.13.18:530][979]LogModuleManager: Shutting down and abandoning module SimplygonMeshReduction (141)
[2017.05.08-21.13.18:530][979]LogModuleManager: Shutting down and abandoning module QuadricMeshReduction (139)
[2017.05.08-21.13.18:530][979]LogModuleManager: Shutting down and abandoning module PropertyEditor (137)
[2017.05.08-21.13.18:530][979]LogModuleManager: Shutting down and abandoning module DerivedDataCache (134)
[2017.05.08-21.13.18:587][979]LogDerivedDataCache: Shutdown
[2017.05.08-21.13.18:588][979]LogModuleManager: Shutting down and abandoning module TargetPlatform (132)
[2017.05.08-21.13.18:588][979]LogModuleManager: Shutting down and abandoning module VulkanShaderFormat (131)
[2017.05.08-21.13.18:588][979]LogModuleManager: Shutting down and abandoning module ShaderFormatOpenGL (129)
[2017.05.08-21.13.18:588][979]LogModuleManager: Shutting down and abandoning module ShaderFormatD3D (127)
[2017.05.08-21.13.18:588][979]LogModuleManager: Shutting down and abandoning module MetalShaderFormat (125)
[2017.05.08-21.13.18:588][979]LogModuleManager: Shutting down and abandoning module TextureFormatUncompressed (123)
[2017.05.08-21.13.18:588][979]LogModuleManager: Shutting down and abandoning module TextureFormatPVR (121)
[2017.05.08-21.13.18:588][979]LogModuleManager: Shutting down and abandoning module TextureFormatDXT (119)
[2017.05.08-21.13.18:588][979]LogModuleManager: Shutting down and abandoning module TextureFormatIntelISPCTexComp (117)
[2017.05.08-21.13.18:588][979]LogModuleManager: Shutting down and abandoning module TextureFormatASTC (115)
[2017.05.08-21.13.18:588][979]LogModuleManager: Shutting down and abandoning module ImageWrapper (114)
[2017.05.08-21.13.18:588][979]LogModuleManager: Shutting down and abandoning module TextureFormatAndroid (111)
[2017.05.08-21.13.18:588][979]LogModuleManager: Shutting down and abandoning module AudioFormatOpus (109)
[2017.05.08-21.13.18:588][979]LogModuleManager: Shutting down and abandoning module AudioFormatOgg (107)
[2017.05.08-21.13.18:588][979]LogModuleManager: Shutting down and abandoning module AudioFormatADPCM (105)
[2017.05.08-21.13.18:588][979]LogModuleManager: Shutting down and abandoning module LinuxTargetPlatform (103)
[2017.05.08-21.13.18:588][979]LogModuleManager: Shutting down and abandoning module LinuxServerTargetPlatform (101)
[2017.05.08-21.13.18:588][979]LogModuleManager: Shutting down and abandoning module LinuxNoEditorTargetPlatform (99)
[2017.05.08-21.13.18:588][979]LogModuleManager: Shutting down and abandoning module LinuxClientTargetPlatform (97)
[2017.05.08-21.13.18:588][979]LogModuleManager: Shutting down and abandoning module TVOSTargetPlatform (95)
[2017.05.08-21.13.18:588][979]LogModuleManager: Shutting down and abandoning module Messaging (93)
[2017.05.08-21.13.18:588][979]LogModuleManager: Shutting down and abandoning module IOSTargetPlatform (91)
[2017.05.08-21.13.18:588][979]LogModuleManager: Shutting down and abandoning module HTML5TargetPlatform (89)
[2017.05.08-21.13.18:588][979]LogModuleManager: Shutting down and abandoning module Android_PVRTCTargetPlatform (87)
[2017.05.08-21.13.18:588][979]LogModuleManager: Shutting down and abandoning module Android_MultiTargetPlatform (85)
[2017.05.08-21.13.18:588][979]LogModuleManager: Shutting down and abandoning module Android_ETC2TargetPlatform (83)
[2017.05.08-21.13.18:588][979]LogModuleManager: Shutting down and abandoning module Android_ETC1TargetPlatform (81)
[2017.05.08-21.13.18:588][979]LogModuleManager: Shutting down and abandoning module Android_DXTTargetPlatform (79)
[2017.05.08-21.13.18:588][979]LogModuleManager: Shutting down and abandoning module Android_ATCTargetPlatform (77)
[2017.05.08-21.13.18:588][979]LogModuleManager: Shutting down and abandoning module Android_ASTCTargetPlatform (75)
[2017.05.08-21.13.18:588][979]LogModuleManager: Shutting down and abandoning module AndroidTargetPlatform (73)
[2017.05.08-21.13.18:588][979]LogModuleManager: Shutting down and abandoning module WindowsTargetPlatform (71)
[2017.05.08-21.13.18:588][979]LogModuleManager: Shutting down and abandoning module WindowsServerTargetPlatform (69)
[2017.05.08-21.13.18:588][979]LogModuleManager: Shutting down and abandoning module WindowsNoEditorTargetPlatform (67)
[2017.05.08-21.13.18:588][979]LogModuleManager: Shutting down and abandoning module WindowsClientTargetPlatform (65)
[2017.05.08-21.13.18:588][979]LogModuleManager: Shutting down and abandoning module MacTargetPlatform (63)
[2017.05.08-21.13.18:588][979]LogModuleManager: Shutting down and abandoning module MacServerTargetPlatform (61)
[2017.05.08-21.13.18:588][979]LogModuleManager: Shutting down and abandoning module MacNoEditorTargetPlatform (59)
[2017.05.08-21.13.18:588][979]LogModuleManager: Shutting down and abandoning module MacClientTargetPlatform (57)
[2017.05.08-21.13.18:589][979]LogModuleManager: Shutting down and abandoning module AllDesktopTargetPlatform (55)
[2017.05.08-21.13.18:589][979]LogModuleManager: Shutting down and abandoning module InputCore (52)
[2017.05.08-21.13.18:589][979]LogModuleManager: Shutting down and abandoning module Settings (50)
[2017.05.08-21.13.18:589][979]LogModuleManager: Shutting down and abandoning module OculusRift (48)
[2017.05.08-21.13.18:589][979]LogModuleManager: Shutting down and abandoning module GearVR (46)
[2017.05.08-21.13.18:589][979]LogModuleManager: Shutting down and abandoning module ExampleDeviceProfileSelector (44)
[2017.05.08-21.13.18:589][979]LogModuleManager: Shutting down and abandoning module OnlineBlueprintSupport (42)
[2017.05.08-21.13.18:589][979]LogModuleManager: Shutting down and abandoning module OnlineSubsystem (38)
[2017.05.08-21.13.18:589][979]LogOnline:Display: Unloading online subsystem: NULL
[2017.05.08-21.13.18:589][979]LogModuleManager: Shutting down and abandoning module XMPP (37)
[2017.05.08-21.13.18:589][979]LogModuleManager: Shutting down and abandoning module HTTP (35)
[2017.05.08-21.13.18:589][979]LogHttp:Display: Http module shutting down, but needs to wait on 1 outstanding Http requests:
[2017.05.08-21.13.18:589][979]LogHttp:Display: 	verb=[POST] url=[https://datarouter.ol.epicgames.com/datarouter/api/v1/public/data?SessionID=%7B231F253D-4430-666E-37BB-878CBC3C67C3%7D&AppID=UEEditor.Rocket.Release&AppVersion=4.15.2-3416026%2B%2B%2BUE4%2BRelease-4.15&UserID=d03b38134ca560f39944b29d009e0ab1%7Cf0997147a89f469294dfa6a271acf381%7C6c356ba8-5a75-4ad6-a380-ea4b96c74519&AppEnvironment=datacollector-binary&UploadType=eteventstream] status=Processing
[2017.05.08-21.13.18:617][979]LogModuleManager: Shutting down and abandoning module SSL (34)
[2017.05.08-21.13.18:620][979]LogModuleManager: Shutting down and abandoning module AudioEditor (30)
[2017.05.08-21.13.18:620][979]LogModuleManager: Shutting down and abandoning module TextureCompressor (28)
[2017.05.08-21.13.18:620][979]LogModuleManager: Shutting down and abandoning module ShaderCore (26)
[2017.05.08-21.13.18:620][979]LogModuleManager: Shutting down and abandoning module Landscape (24)
[2017.05.08-21.13.18:620][979]LogModuleManager: Shutting down and abandoning module SlateRHIRenderer (22)
[2017.05.08-21.13.18:625][979]LogModuleManager: Shutting down and abandoning module OpenGLDrv (20)
[2017.05.08-21.13.18:625][979]LogModuleManager: Shutting down and abandoning module D3D11RHI (18)
[2017.05.08-21.13.18:625][979]LogModuleManager: Shutting down and abandoning module AnimGraphRuntime (16)
[2017.05.08-21.13.18:625][979]LogModuleManager: Shutting down and abandoning module Renderer (14)
[2017.05.08-21.13.18:625][979]LogModuleManager: Shutting down and abandoning module Engine (12)
[2017.05.08-21.13.18:625][979]LogModuleManager: Shutting down and abandoning module CoreUObject (10)
[2017.05.08-21.13.18:625][979]LogModuleManager: Shutting down and abandoning module NetworkFile (8)
[2017.05.08-21.13.18:625][979]LogModuleManager: Shutting down and abandoning module StreamingFile (6)
[2017.05.08-21.13.18:625][979]LogModuleManager: Shutting down and abandoning module SandboxFile (4)
[2017.05.08-21.13.18:625][979]LogModuleManager: Shutting down and abandoning module PakFile (2)
[2017.05.08-21.13.18:629][979]LogExit: Exiting.
[2017.05.08-21.13.18:632][979]Log file closed, 05/08/17 14:13:18
