Log file open, 05/08/17 09:33:40
LogInit:Display: Running engine for game: FinalProject
LogPlatformFile: Not using cached read wrapper
LogInit:Display: RandInit(-2062439516) SRandInit(-2062439516).
LogTaskGraph: Started task graph with 5 named threads and 10 total threads with 1 sets of task threads.
LogStats: Stats thread started at 0.090529
LogInit: Using libcurl 7.47.1
LogInit:  - built for x86_64-pc-win32
LogInit:  - supports SSL with OpenSSL/1.0.2g
LogInit:  - supports HTTP deflate (compression) using libz 1.2.8
LogInit:  - other features:
LogInit:      CURL_VERSION_SSL
LogInit:      CURL_VERSION_LIBZ
LogInit:      CURL_VERSION_IPV6
LogInit:      CURL_VERSION_ASYNCHDNS
LogInit:      CURL_VERSION_LARGEFILE
LogInit:      CURL_VERSION_IDN
LogInit:  CurlRequestOptions (configurable via config and command line):
LogInit:  - bVerifyPeer = false  - Libcurl will NOT verify peer certificate
LogInit:  - bUseHttpProxy = false  - Libcurl will NOT use HTTP proxy
LogInit:  - bDontReuseConnections = false  - Libcurl will reuse connections
LogInit:  - CertBundlePath = nullptr  - Libcurl will use whatever was configured at build time.
LogInit: Build: ++UE4+Release-4.15-CL-3416026
LogInit: Engine Version: 4.15.2-3416026+++UE4+Release-4.15
LogInit: Compatible Engine Version: 4.15.0-3299760+++UE4+Release-4.15
LogInit: Net CL: 3299760
LogDevObjectVersion: Number of dev versions registered: 14
LogDevObjectVersion:   Dev-Blueprints (B0D832E4-1F89-4F0D-ACCF-7EB736FD4AA2): 8
LogDevObjectVersion:   Dev-Build (E1C64328-A22C-4D53-A36C-8E866417BD8C): 0
LogDevObjectVersion:   Dev-Core (375EC13C-06E4-48FB-B500-84F0262A717E): 2
LogDevObjectVersion:   Dev-Editor (E4B068ED-F494-42E9-A231-DA0B2E46BB41): 14
LogDevObjectVersion:   Dev-Framework (CFFC743F-43B0-4480-9391-14DF171D2073): 22
LogDevObjectVersion:   Dev-Mobile (B02B49B5-BB20-44E9-A304-32B752E40360): 0
LogDevObjectVersion:   Dev-Networking (A4E4105C-59A1-49B5-A7C5-40C4547EDFEE): 0
LogDevObjectVersion:   Dev-Online (39C831C9-5AE6-47DC-9A44-9C173E1C8E7C): 0
LogDevObjectVersion:   Dev-Physics (78F01B33-EBEA-4F98-B9B4-84EACCB95AA2): 0
LogDevObjectVersion:   Dev-Platform (6631380F-2D4D-43E0-8009-CF276956A95A): 0
LogDevObjectVersion:   Dev-Rendering (12F88B9F-8875-4AFC-A67C-D90C383ABD29): 12
LogDevObjectVersion:   Dev-Sequencer (7B5AE74C-D270-4C10-A958-57980B212A5A): 3
LogDevObjectVersion:   Dev-VR (D7296918-1DD6-4BDD-9DE2-64A83CC13884): 0
LogDevObjectVersion:   Dev-LoadTimes (C2A15278-BFE7-4AFE-6C17-90FF531DF755): 1
LogInit: Compiled (64-bit): May  1 2017 13:11:28
LogInit: Compiled with Visual C++: 19.00.23026.00
LogInit: Build Configuration: Development
LogInit: Branch Name: ++UE4+Release-4.15
LogInit: Command line:  
LogInit: Base directory: C:/UE_4.15/Engine/Binaries/Win64/
LogInit: Installed Engine Build: 1
LogInit: Presizing for max 8388607 objects, including 0 objects not considered by GC, pre-allocating 0 bytes for permanent pool.
LogInit: Object subsystem initialized
[2017.05.08-16.33.41:568][  0]LogInit: Selected Device Profile: [Windows]
[2017.05.08-16.33.41:568][  0]LogInit: Applying CVar settings loaded from the selected device profile: [Windows]
[2017.05.08-16.33.41:581][  0]LogInit: Computer: SEA-7D7443
[2017.05.08-16.33.41:581][  0]LogInit: User: matthewdowling
[2017.05.08-16.33.41:581][  0]LogInit: CPU Page size=65536, Cores=6
[2017.05.08-16.33.41:581][  0]LogInit: High frequency timer resolution =3.222890 MHz
[2017.05.08-16.33.41:581][  0]LogMemory: Memory total: Physical=31.8GB (32GB approx)
[2017.05.08-16.33.41:581][  0]LogMemory: Platform Memory Stats for Windows
[2017.05.08-16.33.41:581][  0]LogMemory: Process Physical Memory: 268.14 MB used, 268.14 MB peak
[2017.05.08-16.33.41:581][  0]LogMemory: Process Virtual Memory: 265.03 MB used, 265.03 MB peak
[2017.05.08-16.33.41:581][  0]LogMemory: Physical Memory: 4296.05 MB used,  28297.90 MB free, 32593.95 MB total
[2017.05.08-16.33.41:581][  0]LogMemory: Virtual Memory: 633.65 MB used,  28297.90 MB free, 8388608.00 MB total
[2017.05.08-16.33.41:660][  0]LogTextLocalizationManager: No specific translations for ('en-US') exist, so ('en') translations will be used.
[2017.05.08-16.33.42:229][  0]LogD3D11RHI: D3D11 adapters:
[2017.05.08-16.33.42:247][  0]LogD3D11RHI:    0. 'NVIDIA GeForce GTX 960' (Feature Level 11_0)
[2017.05.08-16.33.42:247][  0]LogD3D11RHI:       1969/0/2048 MB DedicatedVideo/DedicatedSystem/SharedSystem, Outputs:2, VendorId:0x10de
[2017.05.08-16.33.42:247][  0]LogD3D11RHI: Chosen D3D11 Adapter: 0
[2017.05.08-16.33.42:252][  0]LogD3D11RHI: Creating new Direct3DDevice
[2017.05.08-16.33.42:252][  0]LogD3D11RHI:     GPU DeviceId: 0x1401 (for the marketing name, search the web for "GPU Device Id")
[2017.05.08-16.33.42:252][  0]LogWindows: EnumDisplayDevices:
[2017.05.08-16.33.42:252][  0]LogWindows:    0. 'NVIDIA GeForce GTX 960' (P:1 D:1)
[2017.05.08-16.33.42:252][  0]LogWindows:    1. 'NVIDIA GeForce GTX 960' (P:0 D:1)
[2017.05.08-16.33.42:253][  0]LogWindows:    2. 'NVIDIA GeForce GTX 960' (P:0 D:0)
[2017.05.08-16.33.42:253][  0]LogWindows:    3. 'NVIDIA GeForce GTX 960' (P:0 D:0)
[2017.05.08-16.33.42:253][  0]LogWindows:    4. 'RDPDD Chained DD' (P:0 D:0)
[2017.05.08-16.33.42:253][  0]LogWindows:    5. 'RDP Encoder Mirror Driver' (P:0 D:0)
[2017.05.08-16.33.42:253][  0]LogWindows:    6. 'RDP Reflector Display Driver' (P:0 D:0)
[2017.05.08-16.33.42:253][  0]LogWindows: DebugString: GetVideoDriverDetailsInvalid PrimaryIsNotTheChoosenAdapter GetVideoDriverDetailsInvalid PrimaryIsNotTheChoosenAdapter GetVideoDriverDetailsInvalid PrimaryIsNotTheChoosenAdapter FoundDriverCount:4 
[2017.05.08-16.33.42:253][  0]LogD3D11RHI:     Adapter Name: NVIDIA GeForce GTX 960
[2017.05.08-16.33.42:253][  0]LogD3D11RHI:   Driver Version: 353.62 (internal:10.18.13.5362, unified:353.62)
[2017.05.08-16.33.42:253][  0]LogD3D11RHI:      Driver Date: 7-22-2015
[2017.05.08-16.33.42:253][  0]LogRHI: Texture pool is 1361 MB (70% of 1945 MB)
[2017.05.08-16.33.42:265][  0]LogD3D11RHI: NvAPI_D3D_GetCurrentSLIState failed: 0xfffffff7
[2017.05.08-16.33.42:265][  0]LogD3D11RHI: [Aftermath] Aftermath enabled but failed to initialize due to reason: DriverVersionNotSupported
[2017.05.08-16.33.42:265][  0]LogD3D11RHI: Async texture creation enabled
[2017.05.08-16.33.42:281][  0]LogD3D11RHI: GPU Timing Frequency: 1000.000000 (Debug: 2 2)
[2017.05.08-16.33.42:283][  0]LogShaderCompilers: Guid format shader working directory is -14 characters bigger than the processId version (../../../../Users/matthew.dowling/Desktop/FinalProjectAIE/FinalProject/Intermediate/Shaders/WorkingDirectory/6880/).
[2017.05.08-16.33.42:283][  0]LogShaderCompilers: Cleaned the shader compiler working directory 'C:/Users/matthew.dowling/AppData/Local/Temp/UnrealShaderWorkingDir/C5422EE24FE68E24943D12BAEA5A57D1/'.
[2017.05.08-16.33.42:283][  0]LogShaderCompilers:Display: Using Local Shader Compiler.
[2017.05.08-16.33.43:330][  0]LogTemp:Display: Loaded TP AllDesktopTargetPlatform
[2017.05.08-16.33.43:407][  0]LogTemp:Display: Loaded TP MacClientTargetPlatform
[2017.05.08-16.33.43:458][  0]LogTemp:Display: Loaded TP MacNoEditorTargetPlatform
[2017.05.08-16.33.43:509][  0]LogTemp:Display: Loaded TP MacServerTargetPlatform
[2017.05.08-16.33.43:584][  0]LogTemp:Display: Loaded TP MacTargetPlatform
[2017.05.08-16.33.43:639][  0]LogTemp:Display: Loaded TP WindowsClientTargetPlatform
[2017.05.08-16.33.43:692][  0]LogTemp:Display: Loaded TP WindowsNoEditorTargetPlatform
[2017.05.08-16.33.43:747][  0]LogTemp:Display: Loaded TP WindowsServerTargetPlatform
[2017.05.08-16.33.43:791][  0]LogTemp:Display: Loaded TP WindowsTargetPlatform
[2017.05.08-16.33.43:846][  0]LogTemp:Display: Loaded TP AndroidTargetPlatform
[2017.05.08-16.33.43:898][  0]LogTemp:Display: Loaded TP Android_ASTCTargetPlatform
[2017.05.08-16.33.43:949][  0]LogTemp:Display: Loaded TP Android_ATCTargetPlatform
[2017.05.08-16.33.44:001][  0]LogTemp:Display: Loaded TP Android_DXTTargetPlatform
[2017.05.08-16.33.44:053][  0]LogTemp:Display: Loaded TP Android_ETC1TargetPlatform
[2017.05.08-16.33.44:103][  0]LogTemp:Display: Loaded TP Android_ETC2TargetPlatform
[2017.05.08-16.33.44:203][  0]LogTemp:Display: Loaded TP Android_MultiTargetPlatform
[2017.05.08-16.33.44:203][  0]LogTemp:Display: Loaded TP Android_PVRTCTargetPlatform
[2017.05.08-16.33.44:238][  0]LogTemp:Display: Loaded TP HTML5TargetPlatform
[2017.05.08-16.33.44:326][  0]LogTemp:Display: Loaded TP IOSTargetPlatform
[2017.05.08-16.33.44:380][  0]LogTemp:Display: Loaded TP TVOSTargetPlatform
[2017.05.08-16.33.44:433][  0]LogTemp:Display: Loaded TP LinuxClientTargetPlatform
[2017.05.08-16.33.44:487][  0]LogTemp:Display: Loaded TP LinuxNoEditorTargetPlatform
[2017.05.08-16.33.44:541][  0]LogTemp:Display: Loaded TP LinuxServerTargetPlatform
[2017.05.08-16.33.44:596][  0]LogTemp:Display: Loaded TP LinuxTargetPlatform
[2017.05.08-16.33.44:596][  0]LogTargetPlatformManager:Display: Building Assets For Windows
[2017.05.08-16.33.44:980][  0]LogDerivedDataCache:Display: Max Cache Size: 512 MB
[2017.05.08-16.33.45:048][  0]LogDerivedDataCache: Loaded boot cache 0.07s 50MB C:/Users/matthew.dowling/AppData/Local/UnrealEngine/4.15/DerivedDataCache/Boot.ddc.
[2017.05.08-16.33.45:048][  0]LogDerivedDataCache:Display: Loaded Boot cache: C:/Users/matthew.dowling/AppData/Local/UnrealEngine/4.15/DerivedDataCache/Boot.ddc
[2017.05.08-16.33.45:048][  0]LogDerivedDataCache: FDerivedDataBackendGraph:  Pak pak cache file ../../../../Users/matthew.dowling/Desktop/FinalProjectAIE/FinalProject/DerivedDataCache/DDC.ddp not found, will not use a pak cache.
[2017.05.08-16.33.45:048][  0]LogDerivedDataCache: Unable to find inner node Pak for hierarchical cache Hierarchy.
[2017.05.08-16.33.45:048][  0]LogDerivedDataCache: FDerivedDataBackendGraph:  CompressedPak pak cache file ../../../../Users/matthew.dowling/Desktop/FinalProjectAIE/FinalProject/DerivedDataCache/Compressed.ddp not found, will not use a pak cache.
[2017.05.08-16.33.45:048][  0]LogDerivedDataCache: Unable to find inner node CompressedPak for hierarchical cache Hierarchy.
[2017.05.08-16.33.45:073][  0]LogDerivedDataCache:Display: Pak cache opened for reading ../../../Engine/DerivedDataCache/Compressed.ddp.
[2017.05.08-16.33.45:086][  0]LogDerivedDataCache: Using Local data cache path C:/Users/matthew.dowling/AppData/Local/UnrealEngine/Common/DerivedDataCache: Writable
[2017.05.08-16.33.45:109][  0]LogSlate: Using Freetype 2.6.0
[2017.05.08-16.33.45:110][  0]LogSlate: SlateFontCache - WITH_FREETYPE: 1, WITH_HARFBUZZ: 1
[2017.05.08-16.33.45:110][  0]LogSlate: SlateFontCache - WITH_FREETYPE: 1, WITH_HARFBUZZ: 1
[2017.05.08-16.33.45:413][  0]LogInit: Selected Device Profile: [Windows]
[2017.05.08-16.33.45:416][  0]LogContentStreaming: Texture pool size is 0.00 MB
[2017.05.08-16.33.45:727][  0]LogMeshUtilities: Using QuadricMeshReduction for automatic static mesh reduction
[2017.05.08-16.33.45:778][  0]LogSimplygon: Simplygon DLL not present - disabling.
[2017.05.08-16.33.45:830][  0]LogMeshUtilities: Using SimplygonSwarm for distributed automatic mesh merging
[2017.05.08-16.33.45:830][  0]LogMeshUtilities: No automatic skeletal mesh reduction module available
[2017.05.08-16.33.45:830][  0]LogMeshUtilities: No automatic mesh merging module available
[2017.05.08-16.33.46:573][  0]LogNetVersion: GetLocalNetworkVersion: CL: 3299760, ProjectName: finalproject, ProjectVersion: , EngineNetworkVersion: 2, GameNetworkVersion: 0, NetworkChecksum: 3356675869
[2017.05.08-16.33.46:616][  0]LogAssetRegistry: FAssetRegistry took 0.0206 seconds to start up
[2017.05.08-16.33.46:670][  0]LogPackageLocalizationCache: Processed 3 localized package path(s) for 2 prioritized culture(s) in 0.033537 seconds
[2017.05.08-16.33.46:674][  0]LogUObjectArray: 32493 objects as part of root set at end of initial load.
[2017.05.08-16.33.46:674][  0]LogUObjectAllocator: 7077032 out of 0 bytes used by permanent object pool.
[2017.05.08-16.33.46:674][  0]LogUObjectArray: CloseDisregardForGC: 0/0 objects in disregard for GC pool
[2017.05.08-16.33.46:743][  0]LogInit: WinSock: version 1.1 (2.2), MaxSocks=32767, MaxUdp=65467
[2017.05.08-16.33.48:804][  0]LogTcpMessaging: Initializing TcpMessaging bridge
[2017.05.08-16.33.48:869][  0]LogUdpMessaging: Initializing bridge on interface 0.0.0.0:0 to multicast group 230.0.0.1:6666.
[2017.05.08-16.33.49:554][  0]LogMaterial: Uniform references updated for custom material expression Custom.
[2017.05.08-16.33.50:181][  0]SourceControl: Info Source control is disabled
[2017.05.08-16.33.50:215][  0]SourceControl: Info Source control is disabled
[2017.05.08-16.33.50:285][  0]SourceControl: Info Source control is disabled
[2017.05.08-16.33.50:385][  0]SourceControl: Info Source control is disabled
[2017.05.08-16.33.51:781][  0]LogEngine: Initializing Engine...
[2017.05.08-16.33.51:781][  0]LogHMD: Failed to initialize OpenVR with code 110
[2017.05.08-16.33.51:948][  0]LogStats: UGameplayTagsManager::ConstructGameplayTagTree: Construct from data asset -  0.000 s
[2017.05.08-16.33.51:948][  0]LogStats: UGameplayTagsManager::ConstructGameplayTagTree: GameplayTagTreeChangedEvent.Broadcast -  0.000 s
[2017.05.08-16.33.52:111][  0]LogAIModule: Creating AISystem for world Untitled
[2017.05.08-16.33.52:136][  0]LogInit: XAudio2 using 'Digital Audio (S/PDIF) (High Definition Audio Device)' : 2 channels at 44.1 kHz using 16 bits per sample (channel mask 0x3)
[2017.05.08-16.33.52:178][  0]LogInit: FAudioDevice initialized.
[2017.05.08-16.33.52:223][  0]LogDerivedDataCache: Saved boot cache 0.05s 50MB C:/Users/matthew.dowling/AppData/Local/UnrealEngine/4.15/DerivedDataCache/Boot.ddc.
[2017.05.08-16.33.52:235][  0]LogInit: Texture streaming: Enabled
[2017.05.08-16.33.52:377][  0]LogEngineSessionManager: EngineSessionManager initialized
[2017.05.08-16.33.52:503][  0]LogInit: Transaction tracking system initialized
[2017.05.08-16.33.52:983][  0]BlueprintLog: New page: Editor Load
[2017.05.08-16.33.54:444][  0]LocalizationService: Info Localization service is disabled
[2017.05.08-16.33.55:372][  0]LogConsoleResponse:Display: 
[2017.05.08-16.33.55:515][  0]LogCook:Display: Max memory allowance for cook 16384mb min free memory 0mb
[2017.05.08-16.33.55:515][  0]LogCook:Display: Mobile HDR setting 1
[2017.05.08-16.33.56:242][  0]LogFileCache: Scanning file cache for directory 'C:/Users/matthew.dowling/Desktop/FinalProjectAIE/FinalProject/Content/' took 0.02s
[2017.05.08-16.33.57:017][  0]SourceControl: Info Source control is disabled
[2017.05.08-16.33.57:017][  0]Cmd: MAP LOAD FILE="../../../../Users/matthew.dowling/Desktop/FinalProjectAIE/FinalProject/Content/Maps/LetsCreateMap.umap" TEMPLATE=0 SHOWPROGRESS=1 FEATURELEVEL=3
[2017.05.08-16.33.57:018][  0]LightingResults: New page: Lighting Build
[2017.05.08-16.33.57:089][  0]MapCheck: New page: Map Check
[2017.05.08-16.33.57:089][  0]LightingResults: New page: Lighting Build
[2017.05.08-16.33.57:500][  0]LogAIModule: Creating AISystem for world LetsCreateMap
[2017.05.08-16.33.57:541][  0]LogEditorServer: Finished looking for orphan Actors (0.000 secs)
[2017.05.08-16.33.57:542][  0]Cmd: MAP CHECKDEP NOCLEARLOG
[2017.05.08-16.33.57:599][  0]MapCheck: Info Map check complete: 0 Error(s), 0 Warning(s), took 56.793ms to complete.
[2017.05.08-16.33.57:599][  0]LogFileHelpers: Loading map 'LetsCreateMap' took 0.582
[2017.05.08-16.33.57:818][  0]LogCollectionManager: Loaded 0 collections in 0.001071 seconds
[2017.05.08-16.33.57:953][  0]LogFileCache: Scanning file cache for directory 'C:/Users/matthew.dowling/Desktop/FinalProjectAIE/FinalProject/Saved/Collections/' took 0.01s
[2017.05.08-16.33.57:953][  0]LogFileCache: Scanning file cache for directory 'C:/Users/matthew.dowling/Desktop/FinalProjectAIE/FinalProject/Content/Developers/matthewdowling/Collections/' took 0.01s
[2017.05.08-16.33.57:954][  0]LogFileCache: Scanning file cache for directory 'C:/Users/matthew.dowling/Desktop/FinalProjectAIE/FinalProject/Content/Collections/' took 0.01s
[2017.05.08-16.33.57:954][  0]LogCollectionManager: Rebuilt the GUID cache for 0 collections in 0.000002 seconds
[2017.05.08-16.33.57:963][  0]LogContentBrowser: Native class hierarchy populated in 0.0094 seconds. Added 2245 classes and 453 folders.
[2017.05.08-16.33.58:050][  0]LogContentBrowser: Native class hierarchy updated for 'WidgetCarousel' in 0.0011 seconds. Added 0 classes and 0 folders.
[2017.05.08-16.33.58:106][  0]LogContentBrowser: Native class hierarchy updated for 'AddContentDialog' in 0.0005 seconds. Added 0 classes and 0 folders.
[2017.05.08-16.33.58:188][  0]LogContentBrowser: Native class hierarchy updated for 'SceneOutliner' in 0.0012 seconds. Added 1 classes and 2 folders.
[2017.05.08-16.33.58:283][  0]LogCrashTracker: Crashtracker disabled due to settings.
[2017.05.08-16.33.58:293][  0]LogUObjectGlobals:Warning: Failed to find object 'Class None.'
[2017.05.08-16.33.58:366][  0]LogContentBrowser: Native class hierarchy updated for 'HierarchicalLODOutliner' in 0.0005 seconds. Added 1 classes and 2 folders.
[2017.05.08-16.33.58:366][  0]LogLoad: (Engine Initialization) Total time: 19.29 seconds
[2017.05.08-16.33.58:366][  0]LogLoad: (Engine Initialization) Total Blueprint compile time: 0.09 seconds
[2017.05.08-16.33.58:366][  0]LogExternalProfiler: Found external profiler: VSPerf
[2017.05.08-16.33.58:366][  0]LogExternalProfiler: Using external profiler: VSPerf
[2017.05.08-16.33.58:705][  0]LogOcInput: OculusInput pre-init called
[2017.05.08-16.33.58:733][  0]LogContentStreaming: Texture pool size now 1000 MB
[2017.05.08-16.33.58:736][  0]LogSlate: Took 0.000463 seconds to synchronously load lazily loaded font '../../../Engine/Content/Slate/Fonts/Roboto-Regular.ttf' (155K)
[2017.05.08-16.33.58:744][  0]LogSlate: Took 0.000523 seconds to synchronously load lazily loaded font '../../../Engine/Content/Slate/Fonts/Roboto-Bold.ttf' (160K)
[2017.05.08-16.33.58:753][  0]LogSlate: Took 0.000271 seconds to synchronously load lazily loaded font '../../../Engine/Content/Editor/Slate/Fonts/FontAwesome.ttf' (139K)
[2017.05.08-16.33.58:951][  0]LogRenderer: Reallocating scene render targets to support 1208x576 NumSamples 1 (Frame:2).
[2017.05.08-16.33.59:377][  2]LogAssetRegistry: Asset discovery search completed in 12.7810 seconds
[2017.05.08-16.33.59:377][  2]LogCollectionManager: Rebuilt the object cache for 0 collections in 0.000007 seconds (found 0 objects)
[2017.05.08-16.33.59:377][  2]LogCollectionManager: Fixed up redirectors for 0 collections in 0.000039 seconds (updated 0 objects)
[2017.05.08-16.33.59:721][  3]LogSlate: Took 0.000619 seconds to synchronously load lazily loaded font '../../../Engine/Content/Slate/Fonts/Roboto-Light.ttf' (159K)
[2017.05.08-16.34.00:726][  6]LogSlate: Took 0.000513 seconds to synchronously load lazily loaded font '../../../Engine/Content/Slate/Fonts/Roboto-Light.ttf' (159K)
[2017.05.08-16.34.06:526][672]LogBlueprint:Warning: [Compiler PlayerController] Warning Input Axis Event references unknown Axis 'MouseLookVertical' for  InputAxis MouseLookVertical
[2017.05.08-16.34.06:526][672]LogBlueprint:Warning: [Compiler PlayerController] Warning Input Axis Event references unknown Axis 'MouseLookHorizontal' for  InputAxis MouseLookHorizontal
[2017.05.08-16.34.06:531][672]LogBlueprint:Warning: [Compiler PlayerController] Warning [0027.45] Compile of PlayerController successful, but with 2 Warning(s) [in 11 ms] (/Game/MattsStuff/PlayerController.PlayerController)
[2017.05.08-16.34.06:531][672]LogBlueprint:Warning: [Compiler PlayerController] Warning [0027.45] Compile of PlayerController successful, but with 3 Warning(s) [in 0 ms] (/Game/MattsStuff/PlayerController.PlayerController)
[2017.05.08-16.34.06:531][672]LogBlueprint:Warning: [Compiler PlayerController] Warning [0027.45] Compile of PlayerController successful, but with 4 Warning(s) [in 0 ms] (/Game/MattsStuff/PlayerController.PlayerController)
[2017.05.08-16.34.06:541][672]LogBlueprint:Warning: [Compiler PlayerController] Warning Input Axis Event references unknown Axis 'MouseLookVertical' for  InputAxis MouseLookVertical
[2017.05.08-16.34.06:541][672]LogBlueprint:Warning: [Compiler PlayerController] Warning Input Axis Event references unknown Axis 'MouseLookHorizontal' for  InputAxis MouseLookHorizontal
[2017.05.08-16.34.06:546][672]LogBlueprint:Warning: [Compiler PlayerController] Warning [0027.47] Compile of PlayerController successful, but with 2 Warning(s) [in 11 ms] (/Game/MattsStuff/PlayerController.PlayerController)
[2017.05.08-16.34.06:546][672]LogBlueprint:Warning: [Compiler PlayerController] Warning [0027.47] Compile of PlayerController successful, but with 3 Warning(s) [in 0 ms] (/Game/MattsStuff/PlayerController.PlayerController)
[2017.05.08-16.34.06:546][672]LogBlueprint:Warning: [Compiler PlayerController] Warning [0027.47] Compile of PlayerController successful, but with 4 Warning(s) [in 0 ms] (/Game/MattsStuff/PlayerController.PlayerController)
[2017.05.08-16.34.06:565][672]LogSlate: Took 0.000334 seconds to synchronously load lazily loaded font '../../../Engine/Content/Slate/Fonts/Roboto-Light.ttf' (159K)
[2017.05.08-16.34.07:068][672]LogSlate: Took 0.000187 seconds to synchronously load lazily loaded font '../../../Engine/Content/Slate/Fonts/Roboto-Regular.ttf' (155K)
[2017.05.08-16.34.07:199][672]LogContentBrowser: Native class hierarchy updated for 'BlueprintGraph' in 0.0009 seconds. Added 112 classes and 0 folders.
[2017.05.08-16.34.07:894][672]LogSlate: Took 0.000216 seconds to synchronously load lazily loaded font '../../../Engine/Content/Editor/Slate/Fonts/Roboto-BoldCondensed.ttf' (158K)
[2017.05.08-16.34.08:020][673]LogSlate: Took 0.000242 seconds to synchronously load lazily loaded font '../../../Engine/Content/Editor/Slate/Fonts/Roboto-Italic.ttf' (157K)
[2017.05.08-16.34.14:424][ 58]Cmd: QUIT_EDITOR
[2017.05.08-16.34.14:533][ 58]LogExit: Preparing to exit.
[2017.05.08-16.34.15:082][ 58]LogDirectoryWatcher: A directory notification for 'C:/Users/matthew.dowling/Desktop/FinalProjectAIE/FinalProject/Content/' was aborted.
[2017.05.08-16.34.15:141][ 58]LogExit: Editor shut down
[2017.05.08-16.34.15:142][ 58]LogExit: Transaction tracking system shut down
[2017.05.08-16.34.15:610][ 58]LogObj: Freed 0b from 0 cluster array pools.
[2017.05.08-16.34.15:610][ 58]LogExit: Object subsystem successfully closed.
[2017.05.08-16.34.15:670][ 58]LogD3D11RHI: Shutdown
[2017.05.08-16.34.15:670][ 58]LogD3D11RHI: CleanupD3DDevice
[2017.05.08-16.34.15:722][ 58]LogD3D11RHI: ~FD3D11DynamicRHI
[2017.05.08-16.34.15:736][ 58]LogModuleManager: Shutting down and abandoning module BlueprintGraph (502)
[2017.05.08-16.34.15:737][ 58]LogModuleManager: Shutting down and abandoning module BlueprintProfiler (500)
[2017.05.08-16.34.15:737][ 58]LogModuleManager: Shutting down and abandoning module HierarchicalLODOutliner (498)
[2017.05.08-16.34.15:737][ 58]LogModuleManager: Shutting down and abandoning module CrashTracker (496)
[2017.05.08-16.34.15:737][ 58]LogModuleManager: Shutting down and abandoning module SceneOutliner (494)
[2017.05.08-16.34.15:737][ 58]LogModuleManager: Shutting down and abandoning module AddContentDialog (492)
[2017.05.08-16.34.15:737][ 58]LogDirectoryWatcher: A directory notification for 'C:/UE_4.15/FeaturePacks/' was aborted.
[2017.05.08-16.34.15:737][ 58]LogModuleManager: Shutting down and abandoning module WidgetCarousel (491)
[2017.05.08-16.34.15:737][ 58]LogModuleManager: Shutting down and abandoning module EditorWidgets (488)
[2017.05.08-16.34.15:737][ 58]LogModuleManager: Shutting down and abandoning module CollectionManager (486)
[2017.05.08-16.34.15:738][ 58]LogDirectoryWatcher: A directory notification for 'C:/Users/matthew.dowling/Desktop/FinalProjectAIE/FinalProject/Content/Collections/' was aborted.
[2017.05.08-16.34.15:738][ 58]LogDirectoryWatcher: A directory notification for 'C:/Users/matthew.dowling/Desktop/FinalProjectAIE/FinalProject/Content/Developers/matthewdowling/Collections/' was aborted.
[2017.05.08-16.34.15:738][ 58]LogDirectoryWatcher: A directory notification for 'C:/Users/matthew.dowling/Desktop/FinalProjectAIE/FinalProject/Saved/Collections/' was aborted.
[2017.05.08-16.34.15:738][ 58]LogModuleManager: Shutting down and abandoning module StatsViewer (484)
[2017.05.08-16.34.15:738][ 58]LogModuleManager: Shutting down and abandoning module FoliageEdit (482)
[2017.05.08-16.34.15:738][ 58]LogModuleManager: Shutting down and abandoning module LandscapeEditor (480)
[2017.05.08-16.34.15:738][ 58]LogModuleManager: Shutting down and abandoning module SceneDepthPickerMode (478)
[2017.05.08-16.34.15:738][ 58]LogModuleManager: Shutting down and abandoning module ActorPickerMode (476)
[2017.05.08-16.34.15:738][ 58]LogModuleManager: Shutting down and abandoning module GeometryMode (474)
[2017.05.08-16.34.15:738][ 58]LogModuleManager: Shutting down and abandoning module TextureAlignMode (472)
[2017.05.08-16.34.15:738][ 58]LogModuleManager: Shutting down and abandoning module BspMode (470)
[2017.05.08-16.34.15:738][ 58]LogModuleManager: Shutting down and abandoning module HardwareSurvey (468)
[2017.05.08-16.34.15:738][ 58]LogModuleManager: Shutting down and abandoning module SequenceRecorderSections (466)
[2017.05.08-16.34.15:738][ 58]LogModuleManager: Shutting down and abandoning module AutomationWorker (464)
[2017.05.08-16.34.15:738][ 58]LogModuleManager: Shutting down and abandoning module MatineeToLevelSequence (462)
[2017.05.08-16.34.15:738][ 58]LogModuleManager: Shutting down and abandoning module LevelSequenceEditor (460)
[2017.05.08-16.34.15:738][ 58]LogModuleManager: Shutting down and abandoning module PlacementMode (459)
[2017.05.08-16.34.15:738][ 58]LogModuleManager: Shutting down and abandoning module WmfMediaFactory (456)
[2017.05.08-16.34.15:738][ 58]LogModuleManager: Shutting down and abandoning module WmfMediaEditor (454)
[2017.05.08-16.34.15:738][ 58]LogModuleManager: Shutting down and abandoning module MfMediaFactory (452)
[2017.05.08-16.34.15:738][ 58]LogModuleManager: Shutting down and abandoning module MfMediaEditor (450)
[2017.05.08-16.34.15:738][ 58]LogModuleManager: Shutting down and abandoning module AvfMediaFactory (448)
[2017.05.08-16.34.15:738][ 58]LogModuleManager: Shutting down and abandoning module AvfMediaEditor (446)
[2017.05.08-16.34.15:738][ 58]LogModuleManager: Shutting down and abandoning module AndroidMediaFactory (444)
[2017.05.08-16.34.15:738][ 58]LogModuleManager: Shutting down and abandoning module Media (443)
[2017.05.08-16.34.15:738][ 58]LogModuleManager: Shutting down and abandoning module AndroidMediaEditor (440)
[2017.05.08-16.34.15:738][ 58]LogModuleManager: Shutting down and abandoning module CharacterAI (438)
[2017.05.08-16.34.15:738][ 58]LogModuleManager: Shutting down and abandoning module AudioCapture (436)
[2017.05.08-16.34.15:738][ 58]LogModuleManager: Shutting down and abandoning module SequenceRecorder (435)
[2017.05.08-16.34.15:738][ 58]LogModuleManager: Shutting down and abandoning module SmartSnapping (432)
[2017.05.08-16.34.15:738][ 58]LogModuleManager: Shutting down and abandoning module SessionServices (430)
[2017.05.08-16.34.15:738][ 58]LogModuleManager: Shutting down and abandoning module ViewportSnapping (428)
[2017.05.08-16.34.15:738][ 58]LogModuleManager: Shutting down and abandoning module ViewportInteraction (426)
[2017.05.08-16.34.15:738][ 58]LogModuleManager: Shutting down and abandoning module LogVisualizer (424)
[2017.05.08-16.34.15:738][ 58]LogModuleManager: Shutting down and abandoning module IntroTutorials (422)
[2017.05.08-16.34.15:738][ 58]LogModuleManager: Shutting down and abandoning module GameProjectGeneration (421)
[2017.05.08-16.34.15:738][ 58]LogModuleManager: Shutting down and abandoning module EditorLiveStreaming (418)
[2017.05.08-16.34.15:738][ 58]LogModuleManager: Shutting down and abandoning module IOSPlatformEditor (416)
[2017.05.08-16.34.15:738][ 58]LogModuleManager: Shutting down and abandoning module HTML5PlatformEditor (414)
[2017.05.08-16.34.15:738][ 58]LogModuleManager: Shutting down and abandoning module AndroidPlatformEditor (412)
[2017.05.08-16.34.15:738][ 58]LogModuleManager: Shutting down and abandoning module AndroidDeviceDetection (411)
[2017.05.08-16.34.15:954][ 58]LogModuleManager: Shutting down and abandoning module IOSRuntimeSettings (408)
[2017.05.08-16.34.15:954][ 58]LogModuleManager: Shutting down and abandoning module AndroidRuntimeSettings (406)
[2017.05.08-16.34.15:954][ 58]LogModuleManager: Shutting down and abandoning module InputBindingEditor (404)
[2017.05.08-16.34.15:954][ 58]LogModuleManager: Shutting down and abandoning module NiagaraEditor (402)
[2017.05.08-16.34.15:954][ 58]LogModuleManager: Shutting down and abandoning module MergeActors (400)
[2017.05.08-16.34.15:954][ 58]LogModuleManager: Shutting down and abandoning module SizeMap (398)
[2017.05.08-16.34.15:954][ 58]LogModuleManager: Shutting down and abandoning module TreeMap (396)
[2017.05.08-16.34.15:954][ 58]LogModuleManager: Shutting down and abandoning module ReferenceViewer (394)
[2017.05.08-16.34.15:954][ 58]LogModuleManager: Shutting down and abandoning module LocalizationDashboard (392)
[2017.05.08-16.34.15:954][ 58]LogModuleManager: Shutting down and abandoning module LocalizationService (391)
[2017.05.08-16.34.15:954][ 58]LogModuleManager: Shutting down and abandoning module HardwareTargeting (388)
[2017.05.08-16.34.15:955][ 58]LogModuleManager: Shutting down and abandoning module DeviceProfileEditor (386)
[2017.05.08-16.34.15:955][ 58]LogModuleManager: Shutting down and abandoning module UndoHistory (384)
[2017.05.08-16.34.15:955][ 58]LogModuleManager: Shutting down and abandoning module UserFeedback (382)
[2017.05.08-16.34.15:955][ 58]LogModuleManager: Shutting down and abandoning module XmlParser (380)
[2017.05.08-16.34.15:955][ 58]LogModuleManager: Shutting down and abandoning module Blutility (378)
[2017.05.08-16.34.15:955][ 58]LogModuleManager: Shutting down and abandoning module ProjectSettingsViewer (376)
[2017.05.08-16.34.15:955][ 58]LogModuleManager: Shutting down and abandoning module ProjectTargetPlatformEditor (375)
[2017.05.08-16.34.15:955][ 58]LogModuleManager: Shutting down and abandoning module EditorSettingsViewer (372)
[2017.05.08-16.34.15:955][ 58]LogModuleManager: Shutting down and abandoning module SettingsEditor (370)
[2017.05.08-16.34.15:955][ 58]LogModuleManager: Shutting down and abandoning module ProjectLauncher (368)
[2017.05.08-16.34.15:955][ 58]LogModuleManager: Shutting down and abandoning module SessionFrontend (366)
[2017.05.08-16.34.15:955][ 58]LogModuleManager: Shutting down and abandoning module ProfilerClient (364)
[2017.05.08-16.34.15:955][ 58]LogModuleManager: Shutting down and abandoning module DeviceManager (362)
[2017.05.08-16.34.15:955][ 58]LogModuleManager: Shutting down and abandoning module TargetDeviceServices (361)
[2017.05.08-16.34.16:005][ 58]LogModuleManager: Shutting down and abandoning module AutomationController (358)
[2017.05.08-16.34.16:005][ 58]LogModuleManager: Shutting down and abandoning module AutomationWindow (356)
[2017.05.08-16.34.16:005][ 58]LogModuleManager: Shutting down and abandoning module Layers (354)
[2017.05.08-16.34.16:005][ 58]LogModuleManager: Shutting down and abandoning module ComponentVisualizers (352)
[2017.05.08-16.34.16:005][ 58]LogModuleManager: Shutting down and abandoning module DetailCustomizations (350)
[2017.05.08-16.34.16:005][ 58]LogModuleManager: Shutting down and abandoning module PackagesDialog (348)
[2017.05.08-16.34.16:005][ 58]LogModuleManager: Shutting down and abandoning module Persona (346)
[2017.05.08-16.34.16:005][ 58]LogModuleManager: Shutting down and abandoning module AnimGraph (345)
[2017.05.08-16.34.16:005][ 58]LogModuleManager: Shutting down and abandoning module Kismet (342)
[2017.05.08-16.34.16:016][ 58]LogModuleManager: Shutting down and abandoning module GraphEditor (340)
[2017.05.08-16.34.16:016][ 58]LogModuleManager: Shutting down and abandoning module ClassViewer (338)
[2017.05.08-16.34.16:016][ 58]LogModuleManager: Shutting down and abandoning module Toolbox (336)
[2017.05.08-16.34.16:016][ 58]LogModuleManager: Shutting down and abandoning module ModuleUI (334)
[2017.05.08-16.34.16:016][ 58]LogModuleManager: Shutting down and abandoning module MovieSceneTools (332)
[2017.05.08-16.34.16:016][ 58]LogModuleManager: Shutting down and abandoning module OutputLog (330)
[2017.05.08-16.34.16:016][ 58]LogModuleManager: Shutting down and abandoning module GammaUI (328)
[2017.05.08-16.34.16:016][ 58]LogModuleManager: Shutting down and abandoning module Documentation (326)
[2017.05.08-16.34.16:016][ 58]LogModuleManager: Shutting down and abandoning module Niagara (324)
[2017.05.08-16.34.16:016][ 58]LogModuleManager: Shutting down and abandoning module StreamingPauseRendering (322)
[2017.05.08-16.34.16:016][ 58]LogModuleManager: Shutting down and abandoning module AnalyticsET (320)
[2017.05.08-16.34.16:016][ 58]LogModuleManager: Shutting down and abandoning module PortalServices (318)
[2017.05.08-16.34.16:016][ 58]LogModuleManager: Shutting down and abandoning module PortalRpc (316)
[2017.05.08-16.34.16:016][ 58]LogModuleManager: Shutting down and abandoning module MessagingRpc (314)
[2017.05.08-16.34.16:016][ 58]LogModuleManager: Shutting down and abandoning module AIModule (312)
[2017.05.08-16.34.16:016][ 58]LogModuleManager: Shutting down and abandoning module GameplayDebugger (311)
[2017.05.08-16.34.16:016][ 58]LogModuleManager: Shutting down and abandoning module AITestSuite (309)
[2017.05.08-16.34.16:016][ 58]LogModuleManager: Shutting down and abandoning module ProfilerService (306)
[2017.05.08-16.34.16:243][ 58]LogModuleManager: Shutting down and abandoning module TaskGraph (304)
[2017.05.08-16.34.16:243][ 58]LogModuleManager: Shutting down and abandoning module SteamVRController (302)
[2017.05.08-16.34.16:243][ 58]LogModuleManager: Shutting down and abandoning module SteamVR (300)
[2017.05.08-16.34.16:243][ 58]LogModuleManager: Shutting down and abandoning module ProceduralMeshComponentEditor (298)
[2017.05.08-16.34.16:244][ 58]LogModuleManager: Shutting down and abandoning module ProceduralMeshComponent (296)
[2017.05.08-16.34.16:244][ 58]LogModuleManager: Shutting down and abandoning module OculusLibrary (294)
[2017.05.08-16.34.16:244][ 58]LogModuleManager: Shutting down and abandoning module OculusInput (292)
[2017.05.08-16.34.16:244][ 58]LogModuleManager: Shutting down and abandoning module MobilePatchingUtils (290)
[2017.05.08-16.34.16:244][ 58]LogModuleManager: Shutting down and abandoning module CustomMeshComponent (288)
[2017.05.08-16.34.16:244][ 58]LogModuleManager: Shutting down and abandoning module CableComponent (286)
[2017.05.08-16.34.16:244][ 58]LogModuleManager: Shutting down and abandoning module ArchVisCharacter (284)
[2017.05.08-16.34.16:244][ 58]LogModuleManager: Shutting down and abandoning module MediaPlayerEditor (280)
[2017.05.08-16.34.16:244][ 58]LogModuleManager: Shutting down and abandoning module HTML5Networking (278)
[2017.05.08-16.34.16:244][ 58]LogModuleManager: Shutting down and abandoning module AlembicImporter (276)
[2017.05.08-16.34.16:244][ 58]LogModuleManager: Shutting down and abandoning module AlembicLibrary (275)
[2017.05.08-16.34.16:244][ 58]LogModuleManager: Shutting down and abandoning module GeometryCache (274)
[2017.05.08-16.34.16:244][ 58]LogModuleManager: Shutting down and abandoning module GeometryCacheEd (273)
[2017.05.08-16.34.16:244][ 58]LogModuleManager: Shutting down and abandoning module SuperSearchEditor (268)
[2017.05.08-16.34.16:244][ 58]LogModuleManager: Shutting down and abandoning module SuperSearch (267)
[2017.05.08-16.34.16:244][ 58]LogModuleManager: Shutting down and abandoning module SpeedTreeImporter (264)
[2017.05.08-16.34.16:244][ 58]LogModuleManager: Shutting down and abandoning module PluginBrowser (262)
[2017.05.08-16.34.16:244][ 58]LogModuleManager: Shutting down and abandoning module MobileLauncherProfileWizard (260)
[2017.05.08-16.34.16:244][ 58]LogModuleManager: Shutting down and abandoning module EpicSurvey (258)
[2017.05.08-16.34.16:244][ 58]LogModuleManager: Shutting down and abandoning module VisualStudioSourceCodeAccess (256)
[2017.05.08-16.34.16:244][ 58]LogModuleManager: Shutting down and abandoning module DesktopPlatform (255)
[2017.05.08-16.34.16:244][ 58]LogModuleManager: Shutting down and abandoning module UObjectPlugin (252)
[2017.05.08-16.34.16:244][ 58]LogModuleManager: Shutting down and abandoning module SubversionSourceControl (250)
[2017.05.08-16.34.16:244][ 58]LogModuleManager: Shutting down and abandoning module PerforceSourceControl (248)
[2017.05.08-16.34.16:244][ 58]LogModuleManager: Shutting down and abandoning module GitSourceControl (246)
[2017.05.08-16.34.16:244][ 58]LogModuleManager: Shutting down and abandoning module SourceControl (245)
[2017.05.08-16.34.16:244][ 58]LogModuleManager: Shutting down and abandoning module LightPropagationVolumeEditor (242)
[2017.05.08-16.34.16:244][ 58]LogModuleManager: Shutting down and abandoning module PaperTiledImporter (240)
[2017.05.08-16.34.16:244][ 58]LogModuleManager: Shutting down and abandoning module PaperSpriteSheetImporter (238)
[2017.05.08-16.34.16:244][ 58]LogModuleManager: Shutting down and abandoning module Paper2DEditor (236)
[2017.05.08-16.34.16:245][ 58]LogModuleManager: Shutting down and abandoning module MeshPaint (235)
[2017.05.08-16.34.16:245][ 58]LogModuleManager: Shutting down and abandoning module LevelEditor (233)
[2017.05.08-16.34.16:246][ 58]LogModuleManager: Shutting down and abandoning module PixelInspectorModule (232)
[2017.05.08-16.34.16:246][ 58]LogModuleManager: Shutting down and abandoning module MainFrame (230)
[2017.05.08-16.34.16:246][ 58]LogModuleManager: Shutting down and abandoning module HotReload (229)
[2017.05.08-16.34.16:247][ 58]LogModuleManager: Shutting down and abandoning module ContentBrowser (225)
[2017.05.08-16.34.16:249][ 58]LogModuleManager: Shutting down and abandoning module PhysXVehiclesEditor (222)
[2017.05.08-16.34.16:249][ 58]LogModuleManager: Shutting down and abandoning module PhysXVehicles (220)
[2017.05.08-16.34.16:249][ 58]LogModuleManager: Shutting down and abandoning module LocationServicesBPLibrary (218)
[2017.05.08-16.34.16:249][ 58]LogModuleManager: Shutting down and abandoning module UdpMessaging (216)
[2017.05.08-16.34.16:349][ 58]LogModuleManager: Shutting down and abandoning module TcpMessaging (214)
[2017.05.08-16.34.16:449][ 58]LogModuleManager: Shutting down and abandoning module GameplayTagsEditor (212)
[2017.05.08-16.34.16:449][ 58]LogModuleManager: Shutting down and abandoning module FacialAnimationEditor (210)
[2017.05.08-16.34.16:449][ 58]LogModuleManager: Shutting down and abandoning module FacialAnimation (208)
[2017.05.08-16.34.16:449][ 58]LogModuleManager: Shutting down and abandoning module LightPropagationVolumeRuntime (206)
[2017.05.08-16.34.16:449][ 58]LogModuleManager: Shutting down and abandoning module Paper2D (204)
[2017.05.08-16.34.16:449][ 58]LogModuleManager: Shutting down and abandoning module WindowsMoviePlayer (202)
[2017.05.08-16.34.16:449][ 58]LogModuleManager: Shutting down and abandoning module WmfMedia (200)
[2017.05.08-16.34.16:450][ 58]LogModuleManager: Shutting down and abandoning module MfMedia (198)
[2017.05.08-16.34.16:450][ 58]LogModuleManager: Shutting down and abandoning module MediaAssets (196)
[2017.05.08-16.34.16:450][ 58]LogModuleManager: Shutting down and abandoning module GameLiveStreaming (194)
[2017.05.08-16.34.16:450][ 58]LogModuleManager: Shutting down and abandoning module VREditor (192)
[2017.05.08-16.34.16:450][ 58]LogModuleManager: Shutting down and abandoning module GameplayTasksEditor (190)
[2017.05.08-16.34.16:450][ 58]LogModuleManager: Shutting down and abandoning module BehaviorTreeEditor (188)
[2017.05.08-16.34.16:450][ 58]LogModuleManager: Shutting down and abandoning module FunctionalTesting (186)
[2017.05.08-16.34.16:450][ 58]LogModuleManager: Shutting down and abandoning module CollisionAnalyzer (184)
[2017.05.08-16.34.16:450][ 58]LogModuleManager: Shutting down and abandoning module UMG (182)
[2017.05.08-16.34.16:450][ 58]LogModuleManager: Shutting down and abandoning module UMGEditor (181)
[2017.05.08-16.34.16:450][ 58]LogModuleManager: Shutting down and abandoning module Sequencer (180)
[2017.05.08-16.34.16:450][ 58]LogModuleManager: Shutting down and abandoning module AssetTools (178)
[2017.05.08-16.34.16:450][ 58]LogModuleManager: Shutting down and abandoning module MessageLog (177)
[2017.05.08-16.34.16:450][ 58]LogModuleManager: Shutting down and abandoning module WorkspaceMenuStructure (176)
[2017.05.08-16.34.16:450][ 58]LogModuleManager: Shutting down and abandoning module SlateReflector (170)
[2017.05.08-16.34.16:450][ 58]LogModuleManager: Shutting down and abandoning module Slate (168)
[2017.05.08-16.34.16:450][ 58]LogModuleManager: Shutting down and abandoning module EditorStyle (166)
[2017.05.08-16.34.16:456][ 58]LogModuleManager: Shutting down and abandoning module SourceCodeAccess (164)
[2017.05.08-16.34.16:456][ 58]LogModuleManager: Shutting down and abandoning module HeadMountedDisplay (162)
[2017.05.08-16.34.16:456][ 58]LogModuleManager: Shutting down and abandoning module XAudio2 (160)
[2017.05.08-16.34.16:456][ 58]LogModuleManager: Shutting down and abandoning module Networking (158)
[2017.05.08-16.34.16:456][ 58]LogModuleManager: Shutting down and abandoning module Core (154)
[2017.05.08-16.34.16:456][ 58]LogModuleManager: Shutting down and abandoning module AssetRegistry (152)
[2017.05.08-16.34.16:623][ 58]LogDirectoryWatcher: A directory notification for '../../../Engine/Content/' was aborted.
[2017.05.08-16.34.16:623][ 58]LogDirectoryWatcher: A directory notification for '../../../../Users/matthew.dowling/Desktop/FinalProjectAIE/FinalProject/Content/' was aborted.
[2017.05.08-16.34.16:623][ 58]LogDirectoryWatcher: A directory notification for '../../../Engine/Plugins/2D/Paper2D/Content/' was aborted.
[2017.05.08-16.34.16:624][ 58]LogModuleManager: Shutting down and abandoning module DirectoryWatcher (151)
[2017.05.08-16.34.16:624][ 58]LogModuleManager: Shutting down and abandoning module KismetCompiler (148)
[2017.05.08-16.34.16:624][ 58]LogModuleManager: Shutting down and abandoning module PhysXFormats (146)
[2017.05.08-16.34.16:625][ 58]LogModuleManager: Shutting down and abandoning module MeshUtilities (144)
[2017.05.08-16.34.16:625][ 58]LogModuleManager: Shutting down and abandoning module SimplygonSwarm (143)
[2017.05.08-16.34.16:625][ 58]LogModuleManager: Shutting down and abandoning module SimplygonMeshReduction (141)
[2017.05.08-16.34.16:625][ 58]LogModuleManager: Shutting down and abandoning module QuadricMeshReduction (139)
[2017.05.08-16.34.16:625][ 58]LogModuleManager: Shutting down and abandoning module PropertyEditor (137)
[2017.05.08-16.34.16:625][ 58]LogModuleManager: Shutting down and abandoning module DerivedDataCache (134)
[2017.05.08-16.34.17:081][ 58]LogDerivedDataCache: Shutdown
[2017.05.08-16.34.17:081][ 58]LogModuleManager: Shutting down and abandoning module TargetPlatform (132)
[2017.05.08-16.34.17:081][ 58]LogModuleManager: Shutting down and abandoning module VulkanShaderFormat (131)
[2017.05.08-16.34.17:081][ 58]LogModuleManager: Shutting down and abandoning module ShaderFormatOpenGL (129)
[2017.05.08-16.34.17:081][ 58]LogModuleManager: Shutting down and abandoning module ShaderFormatD3D (127)
[2017.05.08-16.34.17:081][ 58]LogModuleManager: Shutting down and abandoning module MetalShaderFormat (125)
[2017.05.08-16.34.17:081][ 58]LogModuleManager: Shutting down and abandoning module TextureFormatUncompressed (123)
[2017.05.08-16.34.17:081][ 58]LogModuleManager: Shutting down and abandoning module TextureFormatPVR (121)
[2017.05.08-16.34.17:081][ 58]LogModuleManager: Shutting down and abandoning module TextureFormatDXT (119)
[2017.05.08-16.34.17:081][ 58]LogModuleManager: Shutting down and abandoning module TextureFormatIntelISPCTexComp (117)
[2017.05.08-16.34.17:081][ 58]LogModuleManager: Shutting down and abandoning module TextureFormatASTC (115)
[2017.05.08-16.34.17:081][ 58]LogModuleManager: Shutting down and abandoning module ImageWrapper (114)
[2017.05.08-16.34.17:081][ 58]LogModuleManager: Shutting down and abandoning module TextureFormatAndroid (111)
[2017.05.08-16.34.17:081][ 58]LogModuleManager: Shutting down and abandoning module AudioFormatOpus (109)
[2017.05.08-16.34.17:081][ 58]LogModuleManager: Shutting down and abandoning module AudioFormatOgg (107)
[2017.05.08-16.34.17:081][ 58]LogModuleManager: Shutting down and abandoning module AudioFormatADPCM (105)
[2017.05.08-16.34.17:081][ 58]LogModuleManager: Shutting down and abandoning module LinuxTargetPlatform (103)
[2017.05.08-16.34.17:081][ 58]LogModuleManager: Shutting down and abandoning module LinuxServerTargetPlatform (101)
[2017.05.08-16.34.17:081][ 58]LogModuleManager: Shutting down and abandoning module LinuxNoEditorTargetPlatform (99)
[2017.05.08-16.34.17:081][ 58]LogModuleManager: Shutting down and abandoning module LinuxClientTargetPlatform (97)
[2017.05.08-16.34.17:081][ 58]LogModuleManager: Shutting down and abandoning module TVOSTargetPlatform (95)
[2017.05.08-16.34.17:081][ 58]LogModuleManager: Shutting down and abandoning module Messaging (93)
[2017.05.08-16.34.17:081][ 58]LogModuleManager: Shutting down and abandoning module IOSTargetPlatform (91)
[2017.05.08-16.34.17:081][ 58]LogModuleManager: Shutting down and abandoning module HTML5TargetPlatform (89)
[2017.05.08-16.34.17:081][ 58]LogModuleManager: Shutting down and abandoning module Android_PVRTCTargetPlatform (87)
[2017.05.08-16.34.17:081][ 58]LogModuleManager: Shutting down and abandoning module Android_MultiTargetPlatform (85)
[2017.05.08-16.34.17:081][ 58]LogModuleManager: Shutting down and abandoning module Android_ETC2TargetPlatform (83)
[2017.05.08-16.34.17:081][ 58]LogModuleManager: Shutting down and abandoning module Android_ETC1TargetPlatform (81)
[2017.05.08-16.34.17:081][ 58]LogModuleManager: Shutting down and abandoning module Android_DXTTargetPlatform (79)
[2017.05.08-16.34.17:081][ 58]LogModuleManager: Shutting down and abandoning module Android_ATCTargetPlatform (77)
[2017.05.08-16.34.17:081][ 58]LogModuleManager: Shutting down and abandoning module Android_ASTCTargetPlatform (75)
[2017.05.08-16.34.17:081][ 58]LogModuleManager: Shutting down and abandoning module AndroidTargetPlatform (73)
[2017.05.08-16.34.17:081][ 58]LogModuleManager: Shutting down and abandoning module WindowsTargetPlatform (71)
[2017.05.08-16.34.17:081][ 58]LogModuleManager: Shutting down and abandoning module WindowsServerTargetPlatform (69)
[2017.05.08-16.34.17:082][ 58]LogModuleManager: Shutting down and abandoning module WindowsNoEditorTargetPlatform (67)
[2017.05.08-16.34.17:082][ 58]LogModuleManager: Shutting down and abandoning module WindowsClientTargetPlatform (65)
[2017.05.08-16.34.17:082][ 58]LogModuleManager: Shutting down and abandoning module MacTargetPlatform (63)
[2017.05.08-16.34.17:082][ 58]LogModuleManager: Shutting down and abandoning module MacServerTargetPlatform (61)
[2017.05.08-16.34.17:082][ 58]LogModuleManager: Shutting down and abandoning module MacNoEditorTargetPlatform (59)
[2017.05.08-16.34.17:082][ 58]LogModuleManager: Shutting down and abandoning module MacClientTargetPlatform (57)
[2017.05.08-16.34.17:082][ 58]LogModuleManager: Shutting down and abandoning module AllDesktopTargetPlatform (55)
[2017.05.08-16.34.17:082][ 58]LogModuleManager: Shutting down and abandoning module InputCore (52)
[2017.05.08-16.34.17:082][ 58]LogModuleManager: Shutting down and abandoning module Settings (50)
[2017.05.08-16.34.17:082][ 58]LogModuleManager: Shutting down and abandoning module OculusRift (48)
[2017.05.08-16.34.17:082][ 58]LogModuleManager: Shutting down and abandoning module GearVR (46)
[2017.05.08-16.34.17:082][ 58]LogModuleManager: Shutting down and abandoning module ExampleDeviceProfileSelector (44)
[2017.05.08-16.34.17:082][ 58]LogModuleManager: Shutting down and abandoning module OnlineBlueprintSupport (42)
[2017.05.08-16.34.17:082][ 58]LogModuleManager: Shutting down and abandoning module OnlineSubsystem (38)
[2017.05.08-16.34.17:082][ 58]LogOnline:Display: Unloading online subsystem: NULL
[2017.05.08-16.34.17:082][ 58]LogModuleManager: Shutting down and abandoning module XMPP (37)
[2017.05.08-16.34.17:082][ 58]LogModuleManager: Shutting down and abandoning module HTTP (35)
[2017.05.08-16.34.17:082][ 58]LogHttp:Display: Http module shutting down, but needs to wait on 1 outstanding Http requests:
[2017.05.08-16.34.17:082][ 58]LogHttp:Display: 	verb=[POST] url=[https://datarouter.ol.epicgames.com/datarouter/api/v1/public/data?SessionID=%7BFFD198A5-493B-7562-D1B9-918B93D9AE5B%7D&AppID=UEEditor.Rocket.Release&AppVersion=4.15.2-3416026%2B%2B%2BUE4%2BRelease-4.15&UserID=5a27a76a46afa3a130e723ac9c2e634e%7Cfbdcc40ff00145f29025259860775d01%7C268d2914-258f-4db9-9ca1-446413064170&AppEnvironment=datacollector-binary&UploadType=eteventstream] status=Processing
[2017.05.08-16.34.17:094][ 58]LogModuleManager: Shutting down and abandoning module SSL (34)
[2017.05.08-16.34.17:097][ 58]LogModuleManager: Shutting down and abandoning module AudioEditor (30)
[2017.05.08-16.34.17:097][ 58]LogModuleManager: Shutting down and abandoning module TextureCompressor (28)
[2017.05.08-16.34.17:097][ 58]LogModuleManager: Shutting down and abandoning module ShaderCore (26)
[2017.05.08-16.34.17:097][ 58]LogModuleManager: Shutting down and abandoning module Landscape (24)
[2017.05.08-16.34.17:097][ 58]LogModuleManager: Shutting down and abandoning module SlateRHIRenderer (22)
[2017.05.08-16.34.17:100][ 58]LogModuleManager: Shutting down and abandoning module OpenGLDrv (20)
[2017.05.08-16.34.17:100][ 58]LogModuleManager: Shutting down and abandoning module D3D11RHI (18)
[2017.05.08-16.34.17:100][ 58]LogModuleManager: Shutting down and abandoning module AnimGraphRuntime (16)
[2017.05.08-16.34.17:100][ 58]LogModuleManager: Shutting down and abandoning module Renderer (14)
[2017.05.08-16.34.17:100][ 58]LogModuleManager: Shutting down and abandoning module Engine (12)
[2017.05.08-16.34.17:100][ 58]LogModuleManager: Shutting down and abandoning module CoreUObject (10)
[2017.05.08-16.34.17:100][ 58]LogModuleManager: Shutting down and abandoning module NetworkFile (8)
[2017.05.08-16.34.17:100][ 58]LogModuleManager: Shutting down and abandoning module StreamingFile (6)
[2017.05.08-16.34.17:100][ 58]LogModuleManager: Shutting down and abandoning module SandboxFile (4)
[2017.05.08-16.34.17:100][ 58]LogModuleManager: Shutting down and abandoning module PakFile (2)
[2017.05.08-16.34.17:104][ 58]LogExit: Exiting.
[2017.05.08-16.34.17:107][ 58]Log file closed, 05/08/17 09:34:17
