Log file open, 05/08/17 11:45:27
LogInit:Display: Running engine for game: FinalProject
LogPlatformFile: Not using cached read wrapper
LogInit:Display: RandInit(-104724377) SRandInit(-104724377).
LogTaskGraph: Started task graph with 5 named threads and 10 total threads with 1 sets of task threads.
LogStats: Stats thread started at 0.128155
LogInit: Using libcurl 7.47.1
LogInit:  - built for x86_64-pc-win32
LogInit:  - supports SSL with OpenSSL/1.0.2g
LogInit:  - supports HTTP deflate (compression) using libz 1.2.8
LogInit:  - other features:
LogInit:      CURL_VERSION_SSL
LogInit:      CURL_VERSION_LIBZ
LogInit:      CURL_VERSION_IPV6
LogInit:      CURL_VERSION_ASYNCHDNS
LogInit:      CURL_VERSION_LARGEFILE
LogInit:      CURL_VERSION_IDN
LogInit:  CurlRequestOptions (configurable via config and command line):
LogInit:  - bVerifyPeer = false  - Libcurl will NOT verify peer certificate
LogInit:  - bUseHttpProxy = false  - Libcurl will NOT use HTTP proxy
LogInit:  - bDontReuseConnections = false  - Libcurl will reuse connections
LogInit:  - CertBundlePath = nullptr  - Libcurl will use whatever was configured at build time.
LogInit: Build: ++UE4+Release-4.15-CL-3416026
LogInit: Engine Version: 4.15.2-3416026+++UE4+Release-4.15
LogInit: Compatible Engine Version: 4.15.0-3299760+++UE4+Release-4.15
LogInit: Net CL: 3299760
LogDevObjectVersion: Number of dev versions registered: 14
LogDevObjectVersion:   Dev-Blueprints (B0D832E4-1F89-4F0D-ACCF-7EB736FD4AA2): 8
LogDevObjectVersion:   Dev-Build (E1C64328-A22C-4D53-A36C-8E866417BD8C): 0
LogDevObjectVersion:   Dev-Core (375EC13C-06E4-48FB-B500-84F0262A717E): 2
LogDevObjectVersion:   Dev-Editor (E4B068ED-F494-42E9-A231-DA0B2E46BB41): 14
LogDevObjectVersion:   Dev-Framework (CFFC743F-43B0-4480-9391-14DF171D2073): 22
LogDevObjectVersion:   Dev-Mobile (B02B49B5-BB20-44E9-A304-32B752E40360): 0
LogDevObjectVersion:   Dev-Networking (A4E4105C-59A1-49B5-A7C5-40C4547EDFEE): 0
LogDevObjectVersion:   Dev-Online (39C831C9-5AE6-47DC-9A44-9C173E1C8E7C): 0
LogDevObjectVersion:   Dev-Physics (78F01B33-EBEA-4F98-B9B4-84EACCB95AA2): 0
LogDevObjectVersion:   Dev-Platform (6631380F-2D4D-43E0-8009-CF276956A95A): 0
LogDevObjectVersion:   Dev-Rendering (12F88B9F-8875-4AFC-A67C-D90C383ABD29): 12
LogDevObjectVersion:   Dev-Sequencer (7B5AE74C-D270-4C10-A958-57980B212A5A): 3
LogDevObjectVersion:   Dev-VR (D7296918-1DD6-4BDD-9DE2-64A83CC13884): 0
LogDevObjectVersion:   Dev-LoadTimes (C2A15278-BFE7-4AFE-6C17-90FF531DF755): 1
LogInit: Compiled (64-bit): May  1 2017 13:11:28
LogInit: Compiled with Visual C++: 19.00.23026.00
LogInit: Build Configuration: Development
LogInit: Branch Name: ++UE4+Release-4.15
LogInit: Command line:  
LogInit: Base directory: C:/Epic Games/UE_4.15/Engine/Binaries/Win64/
LogInit: Installed Engine Build: 1
LogInit: Presizing for max 8388607 objects, including 0 objects not considered by GC, pre-allocating 0 bytes for permanent pool.
LogInit: Object subsystem initialized
[2017.05.08-18.45.29:370][  0]LogInit: Selected Device Profile: [Windows]
[2017.05.08-18.45.29:370][  0]LogInit: Applying CVar settings loaded from the selected device profile: [Windows]
[2017.05.08-18.45.29:388][  0]LogInit: Computer: SEA-7E868A
[2017.05.08-18.45.29:388][  0]LogInit: User: xaviermelton
[2017.05.08-18.45.29:388][  0]LogInit: CPU Page size=65536, Cores=6
[2017.05.08-18.45.29:388][  0]LogInit: High frequency timer resolution =3.222900 MHz
[2017.05.08-18.45.29:388][  0]LogMemory: Memory total: Physical=31.8GB (32GB approx)
[2017.05.08-18.45.29:388][  0]LogMemory: Platform Memory Stats for Windows
[2017.05.08-18.45.29:388][  0]LogMemory: Process Physical Memory: 267.61 MB used, 267.61 MB peak
[2017.05.08-18.45.29:388][  0]LogMemory: Process Virtual Memory: 274.11 MB used, 274.11 MB peak
[2017.05.08-18.45.29:388][  0]LogMemory: Physical Memory: 10259.22 MB used,  22334.63 MB free, 32593.85 MB total
[2017.05.08-18.45.29:388][  0]LogMemory: Virtual Memory: 640.60 MB used,  22334.63 MB free, 8388608.00 MB total
[2017.05.08-18.45.29:479][  0]LogTextLocalizationManager: No specific translations for ('en-US') exist, so ('en') translations will be used.
[2017.05.08-18.45.30:230][  0]LogD3D11RHI: D3D11 adapters:
[2017.05.08-18.45.30:345][  0]LogD3D11RHI:    0. 'NVIDIA GeForce GTX 960' (Feature Level 11_0)
[2017.05.08-18.45.30:345][  0]LogD3D11RHI:       1969/0/2048 MB DedicatedVideo/DedicatedSystem/SharedSystem, Outputs:2, VendorId:0x10de
[2017.05.08-18.45.30:345][  0]LogD3D11RHI: Chosen D3D11 Adapter: 0
[2017.05.08-18.45.30:356][  0]LogD3D11RHI: Creating new Direct3DDevice
[2017.05.08-18.45.30:356][  0]LogD3D11RHI:     GPU DeviceId: 0x1401 (for the marketing name, search the web for "GPU Device Id")
[2017.05.08-18.45.30:356][  0]LogWindows: EnumDisplayDevices:
[2017.05.08-18.45.30:356][  0]LogWindows:    0. 'NVIDIA GeForce GTX 960' (P:1 D:1)
[2017.05.08-18.45.30:357][  0]LogWindows:    1. 'NVIDIA GeForce GTX 960' (P:0 D:1)
[2017.05.08-18.45.30:357][  0]LogWindows:    2. 'NVIDIA GeForce GTX 960' (P:0 D:0)
[2017.05.08-18.45.30:357][  0]LogWindows:    3. 'NVIDIA GeForce GTX 960' (P:0 D:0)
[2017.05.08-18.45.30:358][  0]LogWindows:    4. 'RDPDD Chained DD' (P:0 D:0)
[2017.05.08-18.45.30:358][  0]LogWindows:    5. 'RDP Encoder Mirror Driver' (P:0 D:0)
[2017.05.08-18.45.30:358][  0]LogWindows:    6. 'RDP Reflector Display Driver' (P:0 D:0)
[2017.05.08-18.45.30:359][  0]LogWindows: DebugString: GetVideoDriverDetailsInvalid PrimaryIsNotTheChoosenAdapter GetVideoDriverDetailsInvalid PrimaryIsNotTheChoosenAdapter GetVideoDriverDetailsInvalid PrimaryIsNotTheChoosenAdapter FoundDriverCount:4 
[2017.05.08-18.45.30:359][  0]LogD3D11RHI:     Adapter Name: NVIDIA GeForce GTX 960
[2017.05.08-18.45.30:359][  0]LogD3D11RHI:   Driver Version: 353.62 (internal:10.18.13.5362, unified:353.62)
[2017.05.08-18.45.30:359][  0]LogD3D11RHI:      Driver Date: 7-22-2015
[2017.05.08-18.45.30:359][  0]LogRHI: Texture pool is 1361 MB (70% of 1945 MB)
[2017.05.08-18.45.30:373][  0]LogD3D11RHI: NvAPI_D3D_GetCurrentSLIState failed: 0xfffffff7
[2017.05.08-18.45.30:373][  0]LogD3D11RHI: [Aftermath] Aftermath enabled but failed to initialize due to reason: DriverVersionNotSupported
[2017.05.08-18.45.30:373][  0]LogD3D11RHI: Async texture creation enabled
[2017.05.08-18.45.30:388][  0]LogD3D11RHI: GPU Timing Frequency: 1000.000000 (Debug: 2 2)
[2017.05.08-18.45.30:391][  0]LogShaderCompilers: Guid format shader working directory is -28 characters bigger than the processId version (../../../../../Users/xavier.melton/Desktop/Doti_Year_1_Final_AIE/DOTI_AIE_Y1_FINAL/Intermediate/Shaders/WorkingDirectory/9832/).
[2017.05.08-18.45.30:391][  0]LogShaderCompilers: Cleaned the shader compiler working directory 'C:/Users/xavier.melton/AppData/Local/Temp/UnrealShaderWorkingDir/BACB06324A283C786B6B0A88B83AF9E2/'.
[2017.05.08-18.45.30:391][  0]LogShaderCompilers:Display: Using Local Shader Compiler.
[2017.05.08-18.45.31:613][  0]LogTemp:Display: Loaded TP AllDesktopTargetPlatform
[2017.05.08-18.45.31:684][  0]LogTemp:Display: Loaded TP MacClientTargetPlatform
[2017.05.08-18.45.31:748][  0]LogTemp:Display: Loaded TP MacNoEditorTargetPlatform
[2017.05.08-18.45.31:809][  0]LogTemp:Display: Loaded TP MacServerTargetPlatform
[2017.05.08-18.45.31:872][  0]LogTemp:Display: Loaded TP MacTargetPlatform
[2017.05.08-18.45.31:936][  0]LogTemp:Display: Loaded TP WindowsClientTargetPlatform
[2017.05.08-18.45.32:007][  0]LogTemp:Display: Loaded TP WindowsNoEditorTargetPlatform
[2017.05.08-18.45.32:071][  0]LogTemp:Display: Loaded TP WindowsServerTargetPlatform
[2017.05.08-18.45.32:125][  0]LogTemp:Display: Loaded TP WindowsTargetPlatform
[2017.05.08-18.45.32:185][  0]LogTemp:Display: Loaded TP AndroidTargetPlatform
[2017.05.08-18.45.32:246][  0]LogTemp:Display: Loaded TP Android_ASTCTargetPlatform
[2017.05.08-18.45.32:309][  0]LogTemp:Display: Loaded TP Android_ATCTargetPlatform
[2017.05.08-18.45.32:369][  0]LogTemp:Display: Loaded TP Android_DXTTargetPlatform
[2017.05.08-18.45.32:437][  0]LogTemp:Display: Loaded TP Android_ETC1TargetPlatform
[2017.05.08-18.45.32:502][  0]LogTemp:Display: Loaded TP Android_ETC2TargetPlatform
[2017.05.08-18.45.32:635][  0]LogTemp:Display: Loaded TP Android_MultiTargetPlatform
[2017.05.08-18.45.32:635][  0]LogTemp:Display: Loaded TP Android_PVRTCTargetPlatform
[2017.05.08-18.45.32:679][  0]LogTemp:Display: Loaded TP HTML5TargetPlatform
[2017.05.08-18.45.32:793][  0]LogTemp:Display: Loaded TP IOSTargetPlatform
[2017.05.08-18.45.32:832][  0]LogTemp:Display: Loaded TP TVOSTargetPlatform
[2017.05.08-18.45.32:895][  0]LogTemp:Display: Loaded TP LinuxClientTargetPlatform
[2017.05.08-18.45.32:957][  0]LogTemp:Display: Loaded TP LinuxNoEditorTargetPlatform
[2017.05.08-18.45.33:020][  0]LogTemp:Display: Loaded TP LinuxServerTargetPlatform
[2017.05.08-18.45.33:082][  0]LogTemp:Display: Loaded TP LinuxTargetPlatform
[2017.05.08-18.45.33:082][  0]LogTargetPlatformManager:Display: Building Assets For Windows
[2017.05.08-18.45.33:570][  0]LogDerivedDataCache:Display: Max Cache Size: 512 MB
[2017.05.08-18.45.33:626][  0]LogDerivedDataCache: Loaded boot cache 0.06s 50MB C:/Users/xavier.melton/AppData/Local/UnrealEngine/4.15/DerivedDataCache/Boot.ddc.
[2017.05.08-18.45.33:626][  0]LogDerivedDataCache:Display: Loaded Boot cache: C:/Users/xavier.melton/AppData/Local/UnrealEngine/4.15/DerivedDataCache/Boot.ddc
[2017.05.08-18.45.33:626][  0]LogDerivedDataCache: FDerivedDataBackendGraph:  Pak pak cache file ../../../../../Users/xavier.melton/Desktop/Doti_Year_1_Final_AIE/DOTI_AIE_Y1_FINAL/DerivedDataCache/DDC.ddp not found, will not use a pak cache.
[2017.05.08-18.45.33:626][  0]LogDerivedDataCache: Unable to find inner node Pak for hierarchical cache Hierarchy.
[2017.05.08-18.45.33:626][  0]LogDerivedDataCache: FDerivedDataBackendGraph:  CompressedPak pak cache file ../../../../../Users/xavier.melton/Desktop/Doti_Year_1_Final_AIE/DOTI_AIE_Y1_FINAL/DerivedDataCache/Compressed.ddp not found, will not use a pak cache.
[2017.05.08-18.45.33:626][  0]LogDerivedDataCache: Unable to find inner node CompressedPak for hierarchical cache Hierarchy.
[2017.05.08-18.45.33:645][  0]LogDerivedDataCache:Display: Pak cache opened for reading ../../../Engine/DerivedDataCache/Compressed.ddp.
[2017.05.08-18.45.33:657][  0]LogDerivedDataCache: Using Local data cache path C:/Users/xavier.melton/AppData/Local/UnrealEngine/Common/DerivedDataCache: Writable
[2017.05.08-18.45.33:666][  0]LogSlate: Using Freetype 2.6.0
[2017.05.08-18.45.33:667][  0]LogSlate: SlateFontCache - WITH_FREETYPE: 1, WITH_HARFBUZZ: 1
[2017.05.08-18.45.33:667][  0]LogSlate: SlateFontCache - WITH_FREETYPE: 1, WITH_HARFBUZZ: 1
[2017.05.08-18.45.33:970][  0]LogInit: Selected Device Profile: [Windows]
[2017.05.08-18.45.33:972][  0]LogContentStreaming: Texture pool size is 0.00 MB
[2017.05.08-18.45.34:222][  0]LogMeshUtilities: Using QuadricMeshReduction for automatic static mesh reduction
[2017.05.08-18.45.34:281][  0]LogSimplygon: Simplygon DLL not present - disabling.
[2017.05.08-18.45.34:341][  0]LogMeshUtilities: Using SimplygonSwarm for distributed automatic mesh merging
[2017.05.08-18.45.34:341][  0]LogMeshUtilities: No automatic skeletal mesh reduction module available
[2017.05.08-18.45.34:341][  0]LogMeshUtilities: No automatic mesh merging module available
[2017.05.08-18.45.35:074][  0]LogNetVersion: GetLocalNetworkVersion: CL: 3299760, ProjectName: finalproject, ProjectVersion: , EngineNetworkVersion: 2, GameNetworkVersion: 0, NetworkChecksum: 3356675869
[2017.05.08-18.45.35:133][  0]LogAssetRegistry: FAssetRegistry took 0.0198 seconds to start up
[2017.05.08-18.45.35:195][  0]LogPackageLocalizationCache: Processed 3 localized package path(s) for 2 prioritized culture(s) in 0.039231 seconds
[2017.05.08-18.45.35:200][  0]LogUObjectArray: 32493 objects as part of root set at end of initial load.
[2017.05.08-18.45.35:200][  0]LogUObjectAllocator: 7077032 out of 0 bytes used by permanent object pool.
[2017.05.08-18.45.35:200][  0]LogUObjectArray: CloseDisregardForGC: 0/0 objects in disregard for GC pool
[2017.05.08-18.45.35:266][  0]LogInit: WinSock: version 1.1 (2.2), MaxSocks=32767, MaxUdp=65467
[2017.05.08-18.45.37:250][  0]LogTcpMessaging: Initializing TcpMessaging bridge
[2017.05.08-18.45.37:288][  0]LogUdpMessaging: Initializing bridge on interface 0.0.0.0:0 to multicast group 230.0.0.1:6666.
[2017.05.08-18.45.37:813][  0]LogMaterial: Uniform references updated for custom material expression Custom.
[2017.05.08-18.45.38:270][  0]SourceControl: Info Source control is disabled
[2017.05.08-18.45.38:311][  0]SourceControl: Info Source control is disabled
[2017.05.08-18.45.38:364][  0]SourceControl: Info Source control is disabled
[2017.05.08-18.45.38:422][  0]SourceControl: Info Source control is disabled
[2017.05.08-18.45.39:817][  0]LogEngine: Initializing Engine...
[2017.05.08-18.45.39:818][  0]LogHMD: Failed to initialize OpenVR with code 110
[2017.05.08-18.45.39:955][  0]LogStats: UGameplayTagsManager::ConstructGameplayTagTree: Construct from data asset -  0.000 s
[2017.05.08-18.45.39:955][  0]LogStats: UGameplayTagsManager::ConstructGameplayTagTree: GameplayTagTreeChangedEvent.Broadcast -  0.000 s
[2017.05.08-18.45.40:106][  0]LogAIModule: Creating AISystem for world Untitled
[2017.05.08-18.45.40:129][  0]LogInit: XAudio2 using 'Headphones (High Definition Audio Device)' : 2 channels at 44.1 kHz using 16 bits per sample (channel mask 0x3)
[2017.05.08-18.45.40:141][  0]LogInit: FAudioDevice initialized.
[2017.05.08-18.45.40:171][  0]LogDerivedDataCache: Saved boot cache 0.03s 50MB C:/Users/xavier.melton/AppData/Local/UnrealEngine/4.15/DerivedDataCache/Boot.ddc.
[2017.05.08-18.45.40:177][  0]LogInit: Texture streaming: Enabled
[2017.05.08-18.45.40:282][  0]LogEngineSessionManager: EngineSessionManager initialized
[2017.05.08-18.45.40:387][  0]LogInit: Transaction tracking system initialized
[2017.05.08-18.45.40:783][  0]BlueprintLog: New page: Editor Load
[2017.05.08-18.45.41:792][  0]LocalizationService: Info Localization service is disabled
[2017.05.08-18.45.42:557][  0]LogConsoleResponse:Display: 
[2017.05.08-18.45.42:697][  0]LogCook:Display: Max memory allowance for cook 16384mb min free memory 0mb
[2017.05.08-18.45.42:697][  0]LogCook:Display: Mobile HDR setting 1
[2017.05.08-18.45.43:113][  0]LogFileCache: Scanning file cache for directory 'C:/Users/xavier.melton/Desktop/Doti_Year_1_Final_AIE/DOTI_AIE_Y1_FINAL/Content/' took 0.01s
[2017.05.08-18.45.43:833][  0]SourceControl: Info Source control is disabled
[2017.05.08-18.45.43:834][  0]Cmd: MAP LOAD FILE="../../../../../Users/xavier.melton/Desktop/Doti_Year_1_Final_AIE/DOTI_AIE_Y1_FINAL/Content/StarterContent/Maps/Minimal_Default.umap" TEMPLATE=0 SHOWPROGRESS=1 FEATURELEVEL=3
[2017.05.08-18.45.43:834][  0]LightingResults: New page: Lighting Build
[2017.05.08-18.45.43:883][  0]MapCheck: New page: Map Check
[2017.05.08-18.45.43:883][  0]LightingResults: New page: Lighting Build
[2017.05.08-18.45.44:153][  0]LogAIModule: Creating AISystem for world Minimal_Default
[2017.05.08-18.45.44:179][  0]LogEditorServer: Finished looking for orphan Actors (0.000 secs)
[2017.05.08-18.45.44:179][  0]Cmd: MAP CHECKDEP NOCLEARLOG
[2017.05.08-18.45.44:226][  0]MapCheck: Info Map check complete: 0 Error(s), 0 Warning(s), took 46.958ms to complete.
[2017.05.08-18.45.44:226][  0]LogFileHelpers: Loading map 'Minimal_Default' took 0.393
[2017.05.08-18.45.44:423][  0]LogCollectionManager: Loaded 0 collections in 0.001345 seconds
[2017.05.08-18.45.44:513][  0]LogFileCache: Scanning file cache for directory 'C:/Users/xavier.melton/Desktop/Doti_Year_1_Final_AIE/DOTI_AIE_Y1_FINAL/Saved/Collections/' took 0.01s
[2017.05.08-18.45.44:513][  0]LogFileCache: Scanning file cache for directory 'C:/Users/xavier.melton/Desktop/Doti_Year_1_Final_AIE/DOTI_AIE_Y1_FINAL/Content/Developers/xaviermelton/Collections/' took 0.01s
[2017.05.08-18.45.44:513][  0]LogFileCache: Scanning file cache for directory 'C:/Users/xavier.melton/Desktop/Doti_Year_1_Final_AIE/DOTI_AIE_Y1_FINAL/Content/Collections/' took 0.01s
[2017.05.08-18.45.44:513][  0]LogCollectionManager: Rebuilt the GUID cache for 0 collections in 0.000002 seconds
[2017.05.08-18.45.44:521][  0]LogContentBrowser: Native class hierarchy populated in 0.0083 seconds. Added 2245 classes and 453 folders.
[2017.05.08-18.45.44:600][  0]LogContentBrowser: Native class hierarchy updated for 'WidgetCarousel' in 0.0006 seconds. Added 0 classes and 0 folders.
[2017.05.08-18.45.44:641][  0]LogContentBrowser: Native class hierarchy updated for 'AddContentDialog' in 0.0006 seconds. Added 0 classes and 0 folders.
[2017.05.08-18.45.44:692][  0]LogContentBrowser: Native class hierarchy updated for 'SceneOutliner' in 0.0006 seconds. Added 1 classes and 2 folders.
[2017.05.08-18.45.44:741][  0]LogCrashTracker: Crashtracker disabled due to settings.
[2017.05.08-18.45.44:747][  0]LogUObjectGlobals:Warning: Failed to find object 'Class None.'
[2017.05.08-18.45.44:816][  0]LogContentBrowser: Native class hierarchy updated for 'HierarchicalLODOutliner' in 0.0006 seconds. Added 1 classes and 2 folders.
[2017.05.08-18.45.44:816][  0]LogLoad: (Engine Initialization) Total time: 18.06 seconds
[2017.05.08-18.45.44:816][  0]LogLoad: (Engine Initialization) Total Blueprint compile time: 0.10 seconds
[2017.05.08-18.45.44:816][  0]LogExternalProfiler: Found external profiler: VSPerf
[2017.05.08-18.45.44:816][  0]LogExternalProfiler: Using external profiler: VSPerf
[2017.05.08-18.45.45:155][  0]LogOcInput: OculusInput pre-init called
[2017.05.08-18.45.45:178][  0]LogContentStreaming: Texture pool size now 1000 MB
[2017.05.08-18.45.45:179][  0]LogSlate: Took 0.000348 seconds to synchronously load lazily loaded font '../../../Engine/Content/Slate/Fonts/Roboto-Regular.ttf' (155K)
[2017.05.08-18.45.45:183][  0]LogSlate: Took 0.000379 seconds to synchronously load lazily loaded font '../../../Engine/Content/Slate/Fonts/Roboto-Bold.ttf' (160K)
[2017.05.08-18.45.45:188][  0]LogSlate: Took 0.000294 seconds to synchronously load lazily loaded font '../../../Engine/Content/Editor/Slate/Fonts/FontAwesome.ttf' (139K)
[2017.05.08-18.45.45:362][  0]LogRenderer: Reallocating scene render targets to support 1208x576 NumSamples 1 (Frame:2).
[2017.05.08-18.45.45:502][  1]LogAssetRegistry: Asset discovery search completed in 10.3887 seconds
[2017.05.08-18.45.45:502][  1]LogCollectionManager: Rebuilt the object cache for 0 collections in 0.000007 seconds (found 0 objects)
[2017.05.08-18.45.45:502][  1]LogCollectionManager: Fixed up redirectors for 0 collections in 0.000036 seconds (updated 0 objects)
[2017.05.08-18.45.49:506][ 13]LogSlate: Took 0.000375 seconds to synchronously load lazily loaded font '../../../Engine/Content/Slate/Fonts/Roboto-Light.ttf' (159K)
[2017.05.08-18.46.03:158][ 54]LogLinker:Warning: Can't find file '/Game/Character/SM_Projectile'
[2017.05.08-18.46.03:159][ 54]LogLinker:Warning: Can't find file for asset '/Game/Character/SM_Projectile' while loading ../../../../../Users/xavier.melton/Desktop/Doti_Year_1_Final_AIE/DOTI_AIE_Y1_FINAL/Content/XaviersShit/UsableActor.uasset.
[2017.05.08-18.46.03:159][ 54]LoadErrors:Error: Error /Game/XaviersShit/UsableActor : Can't find file for asset. /Game/Character/SM_Projectile
[2017.05.08-18.46.03:159][ 54]LogLinker:Warning: Can't find file '/Game/Character/SM_Projectile'
[2017.05.08-18.46.03:159][ 54]LogLinker:Warning: Can't find file for asset '/Game/Character/SM_Projectile' while loading ../../../../../Users/xavier.melton/Desktop/Doti_Year_1_Final_AIE/DOTI_AIE_Y1_FINAL/Content/XaviersShit/UsableActor.uasset.
[2017.05.08-18.46.03:161][ 54]LogLinker:Warning: Can't find file '/Game/Character/SM_Projectile'
[2017.05.08-18.46.03:161][ 54]LogLinker:Warning: Can't find file for asset '/Game/Character/SM_Projectile' while loading NULL.
[2017.05.08-18.46.03:161][ 54]LogLinker:Warning: Can't find file '/Game/Character/SM_Projectile'
[2017.05.08-18.46.03:162][ 54]LogLinker:Warning: Can't find file for asset '/Game/Character/SM_Projectile' while loading NULL.
[2017.05.08-18.46.03:163][ 54]LogLinker:Warning: Can't find file '/Game/Character/SM_Projectile'
[2017.05.08-18.46.03:163][ 54]LoadErrors: Info Failed to load /Game/Character/SM_Projectile.SM_Projectile Referenced by Default__BP_UsableActor_C
[2017.05.08-18.46.03:163][ 54]LogLinker:Warning: Can't find file for asset '/Game/Character/SM_Projectile' while loading NULL.
[2017.05.08-18.46.03:169][ 54]LogBlueprint:Warning: Node '/Game/XaviersShit/UsableActor.BP_UsableActor:EdGraph_0.K2Node_FunctionEntry_10' missing NodeGuid because of upgrade from old package version, this can cause deterministic cooking issues please resave package.
[2017.05.08-18.46.03:169][ 54]LogBlueprint:Warning: Node '/Game/XaviersShit/UsableActor.BP_UsableActor:EdGraph_1.K2Node_FunctionResult_0' missing NodeGuid because of upgrade from old package version, this can cause deterministic cooking issues please resave package.
[2017.05.08-18.46.03:170][ 54]LogBlueprint:Warning: Node '/Game/XaviersShit/UsableActor.BP_UsableActor:EdGraph_1.K2Node_Self_104' missing NodeGuid because of upgrade from old package version, this can cause deterministic cooking issues please resave package.
[2017.05.08-18.46.03:170][ 54]LogBlueprint:Warning: Node '/Game/XaviersShit/UsableActor.BP_UsableActor:EdGraph_1.K2Node_CallFunction_115841' missing NodeGuid because of upgrade from old package version, this can cause deterministic cooking issues please resave package.
[2017.05.08-18.46.03:170][ 54]LogBlueprint:Warning: Node '/Game/XaviersShit/UsableActor.BP_UsableActor:EdGraph_1.K2Node_FunctionEntry_13' missing NodeGuid because of upgrade from old package version, this can cause deterministic cooking issues please resave package.
[2017.05.08-18.46.03:170][ 54]LogBlueprint:Warning: Node '/Game/XaviersShit/UsableActor.BP_UsableActor:EdGraph_2.K2Node_Self_71' missing NodeGuid because of upgrade from old package version, this can cause deterministic cooking issues please resave package.
[2017.05.08-18.46.03:170][ 54]LogBlueprint:Warning: Node '/Game/XaviersShit/UsableActor.BP_UsableActor:EdGraph_2.K2Node_CallFunctionOnMember_312' missing NodeGuid because of upgrade from old package version, this can cause deterministic cooking issues please resave package.
[2017.05.08-18.46.03:170][ 54]LogBlueprint:Warning: Node '/Game/XaviersShit/UsableActor.BP_UsableActor:EdGraph_2.K2Node_FunctionEntry_13' missing NodeGuid because of upgrade from old package version, this can cause deterministic cooking issues please resave package.
[2017.05.08-18.46.03:171][ 54]LogBlueprint:Warning: Node '/Game/XaviersShit/UsableActor.BP_UsableActor:EdGraph_3.K2Node_Self_14' missing NodeGuid because of upgrade from old package version, this can cause deterministic cooking issues please resave package.
[2017.05.08-18.46.03:171][ 54]LogBlueprint:Warning: Node '/Game/XaviersShit/UsableActor.BP_UsableActor:EdGraph_3.K2Node_CallFunctionOnMember_51' missing NodeGuid because of upgrade from old package version, this can cause deterministic cooking issues please resave package.
[2017.05.08-18.46.03:171][ 54]LogBlueprint:Warning: Node '/Game/XaviersShit/UsableActor.BP_UsableActor:EdGraph_3.K2Node_FunctionEntry_13' missing NodeGuid because of upgrade from old package version, this can cause deterministic cooking issues please resave package.
[2017.05.08-18.46.03:174][ 54]LogBlueprint:Warning: Node '/Game/XaviersShit/UsableActor.BP_UsableActor:EdGraph_4.K2Node_FunctionEntry_10' missing NodeGuid because of upgrade from old package version, this can cause deterministic cooking issues please resave package.
[2017.05.08-18.46.03:174][ 54]LogBlueprint:Warning: Node '/Game/XaviersShit/UsableActor.BP_UsableActor:EdGraph_5.K2Node_FunctionResult_0' missing NodeGuid because of upgrade from old package version, this can cause deterministic cooking issues please resave package.
[2017.05.08-18.46.03:174][ 54]LogBlueprint:Warning: Node '/Game/XaviersShit/UsableActor.BP_UsableActor:EdGraph_5.K2Node_Self_104' missing NodeGuid because of upgrade from old package version, this can cause deterministic cooking issues please resave package.
[2017.05.08-18.46.03:174][ 54]LogBlueprint:Warning: Node '/Game/XaviersShit/UsableActor.BP_UsableActor:EdGraph_5.K2Node_CallFunction_115841' missing NodeGuid because of upgrade from old package version, this can cause deterministic cooking issues please resave package.
[2017.05.08-18.46.03:175][ 54]LogBlueprint:Warning: Node '/Game/XaviersShit/UsableActor.BP_UsableActor:EdGraph_5.K2Node_FunctionEntry_13' missing NodeGuid because of upgrade from old package version, this can cause deterministic cooking issues please resave package.
[2017.05.08-18.46.03:175][ 54]LogBlueprint:Warning: Node '/Game/XaviersShit/UsableActor.BP_UsableActor:EdGraph_6.K2Node_Self_71' missing NodeGuid because of upgrade from old package version, this can cause deterministic cooking issues please resave package.
[2017.05.08-18.46.03:175][ 54]LogBlueprint:Warning: Node '/Game/XaviersShit/UsableActor.BP_UsableActor:EdGraph_6.K2Node_CallFunctionOnMember_312' missing NodeGuid because of upgrade from old package version, this can cause deterministic cooking issues please resave package.
[2017.05.08-18.46.03:176][ 54]LogBlueprint:Warning: Node '/Game/XaviersShit/UsableActor.BP_UsableActor:EdGraph_6.K2Node_FunctionEntry_13' missing NodeGuid because of upgrade from old package version, this can cause deterministic cooking issues please resave package.
[2017.05.08-18.46.03:176][ 54]LogBlueprint:Warning: Node '/Game/XaviersShit/UsableActor.BP_UsableActor:EdGraph_7.K2Node_Self_14' missing NodeGuid because of upgrade from old package version, this can cause deterministic cooking issues please resave package.
[2017.05.08-18.46.03:176][ 54]LogBlueprint:Warning: Node '/Game/XaviersShit/UsableActor.BP_UsableActor:EdGraph_7.K2Node_CallFunctionOnMember_51' missing NodeGuid because of upgrade from old package version, this can cause deterministic cooking issues please resave package.
[2017.05.08-18.46.03:177][ 54]LogBlueprint:Warning: Node '/Game/XaviersShit/UsableActor.BP_UsableActor:EdGraph_7.K2Node_FunctionEntry_13' missing NodeGuid because of upgrade from old package version, this can cause deterministic cooking issues please resave package.
[2017.05.08-18.46.03:181][ 54]LogBlueprint:Warning: Node '/Game/XaviersShit/UsableActor.BP_UsableActor:EdGraph_8.K2Node_FunctionEntry_10' missing NodeGuid because of upgrade from old package version, this can cause deterministic cooking issues please resave package.
[2017.05.08-18.46.03:181][ 54]LogBlueprint:Warning: Node '/Game/XaviersShit/UsableActor.BP_UsableActor:EdGraph_9.K2Node_FunctionResult_0' missing NodeGuid because of upgrade from old package version, this can cause deterministic cooking issues please resave package.
[2017.05.08-18.46.03:181][ 54]LogBlueprint:Warning: Node '/Game/XaviersShit/UsableActor.BP_UsableActor:EdGraph_9.K2Node_Self_104' missing NodeGuid because of upgrade from old package version, this can cause deterministic cooking issues please resave package.
[2017.05.08-18.46.03:181][ 54]LogBlueprint:Warning: Node '/Game/XaviersShit/UsableActor.BP_UsableActor:EdGraph_9.K2Node_CallFunction_115841' missing NodeGuid because of upgrade from old package version, this can cause deterministic cooking issues please resave package.
[2017.05.08-18.46.03:182][ 54]LogBlueprint:Warning: Node '/Game/XaviersShit/UsableActor.BP_UsableActor:EdGraph_9.K2Node_FunctionEntry_13' missing NodeGuid because of upgrade from old package version, this can cause deterministic cooking issues please resave package.
[2017.05.08-18.46.03:182][ 54]LogBlueprint:Warning: Node '/Game/XaviersShit/UsableActor.BP_UsableActor:EdGraph_10.K2Node_Self_71' missing NodeGuid because of upgrade from old package version, this can cause deterministic cooking issues please resave package.
[2017.05.08-18.46.03:182][ 54]LogBlueprint:Warning: Node '/Game/XaviersShit/UsableActor.BP_UsableActor:EdGraph_10.K2Node_CallFunctionOnMember_312' missing NodeGuid because of upgrade from old package version, this can cause deterministic cooking issues please resave package.
[2017.05.08-18.46.03:182][ 54]LogBlueprint:Warning: Node '/Game/XaviersShit/UsableActor.BP_UsableActor:EdGraph_10.K2Node_FunctionEntry_13' missing NodeGuid because of upgrade from old package version, this can cause deterministic cooking issues please resave package.
[2017.05.08-18.46.03:183][ 54]LogBlueprint:Warning: Node '/Game/XaviersShit/UsableActor.BP_UsableActor:EdGraph_11.K2Node_Self_14' missing NodeGuid because of upgrade from old package version, this can cause deterministic cooking issues please resave package.
[2017.05.08-18.46.03:183][ 54]LogBlueprint:Warning: Node '/Game/XaviersShit/UsableActor.BP_UsableActor:EdGraph_11.K2Node_CallFunctionOnMember_51' missing NodeGuid because of upgrade from old package version, this can cause deterministic cooking issues please resave package.
[2017.05.08-18.46.03:183][ 54]LogBlueprint:Warning: Node '/Game/XaviersShit/UsableActor.BP_UsableActor:EdGraph_11.K2Node_FunctionEntry_13' missing NodeGuid because of upgrade from old package version, this can cause deterministic cooking issues please resave package.
[2017.05.08-18.46.03:191][ 54]LogBlueprint:Warning: Node '/Game/XaviersShit/UsableActor.BP_UsableActor:OnUsed.K2Node_CallFunction_115841' missing NodeGuid because of upgrade from old package version, this can cause deterministic cooking issues please resave package.
[2017.05.08-18.46.03:192][ 54]LogBlueprint:Warning: Node '/Game/XaviersShit/UsableActor.BP_UsableActor:BeginFocus.K2Node_CallFunctionOnMember_312' missing NodeGuid because of upgrade from old package version, this can cause deterministic cooking issues please resave package.
[2017.05.08-18.46.03:192][ 54]LogBlueprint:Warning: Node '/Game/XaviersShit/UsableActor.BP_UsableActor:EndFocus.K2Node_CallFunctionOnMember_51' missing NodeGuid because of upgrade from old package version, this can cause deterministic cooking issues please resave package.
[2017.05.08-18.46.03:192][ 54]LogBlueprint:Warning: Node '/Game/XaviersShit/UsableActor.BP_UsableActor:BeginFocus.K2Node_FunctionEntry_13' missing NodeGuid because of upgrade from old package version, this can cause deterministic cooking issues please resave package.
[2017.05.08-18.46.03:192][ 54]LogBlueprint:Warning: Node '/Game/XaviersShit/UsableActor.BP_UsableActor:EndFocus.K2Node_FunctionEntry_13' missing NodeGuid because of upgrade from old package version, this can cause deterministic cooking issues please resave package.
[2017.05.08-18.46.03:192][ 54]LogBlueprint:Warning: Node '/Game/XaviersShit/UsableActor.BP_UsableActor:OnUsed.K2Node_FunctionEntry_13' missing NodeGuid because of upgrade from old package version, this can cause deterministic cooking issues please resave package.
[2017.05.08-18.46.03:192][ 54]LogBlueprint:Warning: Node '/Game/XaviersShit/UsableActor.BP_UsableActor:UserConstructionScript.K2Node_FunctionEntry_10' missing NodeGuid because of upgrade from old package version, this can cause deterministic cooking issues please resave package.
[2017.05.08-18.46.03:192][ 54]LogBlueprint:Warning: Node '/Game/XaviersShit/UsableActor.BP_UsableActor:OnUsed.K2Node_FunctionResult_0' missing NodeGuid because of upgrade from old package version, this can cause deterministic cooking issues please resave package.
[2017.05.08-18.46.03:192][ 54]LogBlueprint:Warning: Node '/Game/XaviersShit/UsableActor.BP_UsableActor:BeginFocus.K2Node_Self_71' missing NodeGuid because of upgrade from old package version, this can cause deterministic cooking issues please resave package.
[2017.05.08-18.46.03:192][ 54]LogBlueprint:Warning: Node '/Game/XaviersShit/UsableActor.BP_UsableActor:EndFocus.K2Node_Self_14' missing NodeGuid because of upgrade from old package version, this can cause deterministic cooking issues please resave package.
[2017.05.08-18.46.03:192][ 54]LogBlueprint:Warning: Node '/Game/XaviersShit/UsableActor.BP_UsableActor:OnUsed.K2Node_Self_104' missing NodeGuid because of upgrade from old package version, this can cause deterministic cooking issues please resave package.
[2017.05.08-18.46.08:036][546]LogSlate: Took 0.000226 seconds to synchronously load lazily loaded font '../../../Engine/Content/Slate/Fonts/Roboto-Light.ttf' (159K)
[2017.05.08-18.46.16:569][355]LogSlate: Took 0.000824 seconds to synchronously load lazily loaded font '../../../Engine/Content/Slate/Fonts/Roboto-Light.ttf' (159K)
[2017.05.08-18.46.17:408][356]LogRenderer: Reallocating scene render targets to support 1432x924 NumSamples 1 (Frame:1153).
[2017.05.08-18.46.21:335][785]LogSavePackage: Save=22.74ms
[2017.05.08-18.46.21:335][785]LogSavePackage: Moving '../../../../../Users/xavier.melton/Desktop/Doti_Year_1_Final_AIE/DOTI_AIE_Y1_FINAL/Saved/Shape_Cube5630BD164B3F7941DCD1E59BE147228F.tmp' to '../../../../../Users/xavier.melton/Desktop/Doti_Year_1_Final_AIE/DOTI_AIE_Y1_FINAL/Content/StarterContent/Shapes/Shape_Cube.uasset'
[2017.05.08-18.46.21:365][785]LogSavePackage:Display: Finished SavePackage ../../../../../Users/xavier.melton/Desktop/Doti_Year_1_Final_AIE/DOTI_AIE_Y1_FINAL/Content/StarterContent/Shapes/Shape_Cube.uasset
[2017.05.08-18.46.25:657][191]LogContentBrowser: Native class hierarchy updated for 'BlueprintGraph' in 0.0010 seconds. Added 112 classes and 0 folders.
[2017.05.08-18.46.26:483][191]LogSlate: Took 0.000315 seconds to synchronously load lazily loaded font '../../../Engine/Content/Slate/Fonts/Roboto-Regular.ttf' (155K)
[2017.05.08-18.46.26:601][191]LogSlate: Took 0.000237 seconds to synchronously load lazily loaded font '../../../Engine/Content/Editor/Slate/Fonts/Roboto-BoldCondensed.ttf' (158K)
[2017.05.08-18.46.26:695][192]LogSlate: Took 0.000492 seconds to synchronously load lazily loaded font '../../../Engine/Content/Editor/Slate/Fonts/Roboto-Italic.ttf' (157K)
[2017.05.08-18.46.33:672][802]LogBlueprint:Warning: Node '/Game/XaviersShit/UsableActor.UsableActor:EdGraph_12.K2Node_FunctionEntry_10' missing NodeGuid because of upgrade from old package version, this can cause deterministic cooking issues please resave package.
[2017.05.08-18.46.33:673][802]LogBlueprint:Warning: Node '/Game/XaviersShit/UsableActor.UsableActor:EdGraph_13.K2Node_FunctionResult_0' missing NodeGuid because of upgrade from old package version, this can cause deterministic cooking issues please resave package.
[2017.05.08-18.46.33:673][802]LogBlueprint:Warning: Node '/Game/XaviersShit/UsableActor.UsableActor:EdGraph_13.K2Node_Self_104' missing NodeGuid because of upgrade from old package version, this can cause deterministic cooking issues please resave package.
[2017.05.08-18.46.33:673][802]LogBlueprint:Warning: Node '/Game/XaviersShit/UsableActor.UsableActor:EdGraph_13.K2Node_CallFunction_115841' missing NodeGuid because of upgrade from old package version, this can cause deterministic cooking issues please resave package.
[2017.05.08-18.46.33:673][802]LogBlueprint:Warning: Node '/Game/XaviersShit/UsableActor.UsableActor:EdGraph_13.K2Node_FunctionEntry_13' missing NodeGuid because of upgrade from old package version, this can cause deterministic cooking issues please resave package.
[2017.05.08-18.46.33:673][802]LogBlueprint:Warning: Node '/Game/XaviersShit/UsableActor.UsableActor:EdGraph_14.K2Node_Self_71' missing NodeGuid because of upgrade from old package version, this can cause deterministic cooking issues please resave package.
[2017.05.08-18.46.33:673][802]LogBlueprint:Warning: Node '/Game/XaviersShit/UsableActor.UsableActor:EdGraph_14.K2Node_CallFunctionOnMember_312' missing NodeGuid because of upgrade from old package version, this can cause deterministic cooking issues please resave package.
[2017.05.08-18.46.33:673][802]LogBlueprint:Warning: Node '/Game/XaviersShit/UsableActor.UsableActor:EdGraph_14.K2Node_FunctionEntry_13' missing NodeGuid because of upgrade from old package version, this can cause deterministic cooking issues please resave package.
[2017.05.08-18.46.33:673][802]LogBlueprint:Warning: Node '/Game/XaviersShit/UsableActor.UsableActor:EdGraph_15.K2Node_Self_14' missing NodeGuid because of upgrade from old package version, this can cause deterministic cooking issues please resave package.
[2017.05.08-18.46.33:673][802]LogBlueprint:Warning: Node '/Game/XaviersShit/UsableActor.UsableActor:EdGraph_15.K2Node_CallFunctionOnMember_51' missing NodeGuid because of upgrade from old package version, this can cause deterministic cooking issues please resave package.
[2017.05.08-18.46.33:673][802]LogBlueprint:Warning: Node '/Game/XaviersShit/UsableActor.UsableActor:EdGraph_15.K2Node_FunctionEntry_13' missing NodeGuid because of upgrade from old package version, this can cause deterministic cooking issues please resave package.
[2017.05.08-18.46.33:674][802]LogBlueprint:Warning: Node '/Game/XaviersShit/UsableActor.UsableActor:EdGraph_16.K2Node_FunctionEntry_10' missing NodeGuid because of upgrade from old package version, this can cause deterministic cooking issues please resave package.
[2017.05.08-18.46.33:674][802]LogBlueprint:Warning: Node '/Game/XaviersShit/UsableActor.UsableActor:EdGraph_17.K2Node_FunctionResult_0' missing NodeGuid because of upgrade from old package version, this can cause deterministic cooking issues please resave package.
[2017.05.08-18.46.33:674][802]LogBlueprint:Warning: Node '/Game/XaviersShit/UsableActor.UsableActor:EdGraph_17.K2Node_Self_104' missing NodeGuid because of upgrade from old package version, this can cause deterministic cooking issues please resave package.
[2017.05.08-18.46.33:674][802]LogBlueprint:Warning: Node '/Game/XaviersShit/UsableActor.UsableActor:EdGraph_17.K2Node_CallFunction_115841' missing NodeGuid because of upgrade from old package version, this can cause deterministic cooking issues please resave package.
[2017.05.08-18.46.33:674][802]LogBlueprint:Warning: Node '/Game/XaviersShit/UsableActor.UsableActor:EdGraph_17.K2Node_FunctionEntry_13' missing NodeGuid because of upgrade from old package version, this can cause deterministic cooking issues please resave package.
[2017.05.08-18.46.33:674][802]LogBlueprint:Warning: Node '/Game/XaviersShit/UsableActor.UsableActor:EdGraph_18.K2Node_Self_71' missing NodeGuid because of upgrade from old package version, this can cause deterministic cooking issues please resave package.
[2017.05.08-18.46.33:674][802]LogBlueprint:Warning: Node '/Game/XaviersShit/UsableActor.UsableActor:EdGraph_18.K2Node_CallFunctionOnMember_312' missing NodeGuid because of upgrade from old package version, this can cause deterministic cooking issues please resave package.
[2017.05.08-18.46.33:674][802]LogBlueprint:Warning: Node '/Game/XaviersShit/UsableActor.UsableActor:EdGraph_18.K2Node_FunctionEntry_13' missing NodeGuid because of upgrade from old package version, this can cause deterministic cooking issues please resave package.
[2017.05.08-18.46.33:675][802]LogBlueprint:Warning: Node '/Game/XaviersShit/UsableActor.UsableActor:EdGraph_19.K2Node_Self_14' missing NodeGuid because of upgrade from old package version, this can cause deterministic cooking issues please resave package.
[2017.05.08-18.46.33:675][802]LogBlueprint:Warning: Node '/Game/XaviersShit/UsableActor.UsableActor:EdGraph_19.K2Node_CallFunctionOnMember_51' missing NodeGuid because of upgrade from old package version, this can cause deterministic cooking issues please resave package.
[2017.05.08-18.46.33:675][802]LogBlueprint:Warning: Node '/Game/XaviersShit/UsableActor.UsableActor:EdGraph_19.K2Node_FunctionEntry_13' missing NodeGuid because of upgrade from old package version, this can cause deterministic cooking issues please resave package.
[2017.05.08-18.46.33:676][802]LogUObjectGlobals:Warning: Guid referenced by StaticMeshComponent /Game/StarterContent/Maps/Minimal_Default.Minimal_Default:PersistentLevel.BP_UsableActor_2.StaticMeshComponent0 is already used by StaticMeshComponent /Game/StarterContent/Maps/Minimal_Default.Minimal_Default:PersistentLevel.REINST_UsableActor_C_0.StaticMeshComponent0, which should never happen in the editor but could happen at runtime with duplicate level loading or PIE
[2017.05.08-18.46.33:961][802]Cmd: OBJ SAVEPACKAGE PACKAGE="/Game/XaviersShit/UsableActor" FILE="../../../../../Users/xavier.melton/Desktop/Doti_Year_1_Final_AIE/DOTI_AIE_Y1_FINAL/Content/XaviersShit/UsableActor.uasset" SILENT=true
[2017.05.08-18.46.33:996][802]LogSavePackage: Save=23.90ms
[2017.05.08-18.46.33:996][802]LogSavePackage: Moving '../../../../../Users/xavier.melton/Desktop/Doti_Year_1_Final_AIE/DOTI_AIE_Y1_FINAL/Saved/UsableActor131F615E48B1333C13946489F23E4FE4.tmp' to '../../../../../Users/xavier.melton/Desktop/Doti_Year_1_Final_AIE/DOTI_AIE_Y1_FINAL/Content/XaviersShit/UsableActor.uasset'
[2017.05.08-18.46.34:004][802]LogSavePackage:Display: Finished SavePackage ../../../../../Users/xavier.melton/Desktop/Doti_Year_1_Final_AIE/DOTI_AIE_Y1_FINAL/Content/XaviersShit/UsableActor.uasset
[2017.05.08-18.46.56:482][196]LogSlate: Took 0.000320 seconds to synchronously load lazily loaded font '../../../Engine/Content/Editor/Slate/Fonts/Roboto-BoldCondensedItalic.ttf' (160K)
[2017.05.08-18.47.06:461][337]LogBlueprint:Error: [Compiler PlayerController] Error Can't connect pins  Target  and  As Usable Actor : Reference is not compatible with Object Reference.
[2017.05.08-18.47.06:461][337]LogBlueprint:Error: [Compiler PlayerController] Error Could not find a function named "OnUsed" in 'PlayerController'.
Make sure 'PlayerController' has been compiled for  On Used
[2017.05.08-18.47.06:461][337]LogBlueprint:Error: [Compiler PlayerController] Error Can't connect pins  As Usable Actor  and  Target : Object Reference is not compatible with Reference.
[2017.05.08-18.47.06:463][337]LogBlueprint:Warning: [Compiler PlayerController] Warning Can't connect pins  Object  and  Hit Actor : This cast has an invalid target type (was the class deleted without a redirect?).
[2017.05.08-18.47.06:463][337]LogBlueprint:Warning: [Compiler PlayerController] Warning Can't connect pins  Hit Actor  and  Object : This cast has an invalid target type (was the class deleted without a redirect?).
[2017.05.08-18.47.06:464][337]LogBlueprint:Error: [Compiler PlayerController] Error Default value '' for  As Usable Actor  is invalid: 'PinSubCategoryObject on pin 'AsUsable Actor' is NULL and PinSubCategory is '' not 'self''
[2017.05.08-18.47.06:469][337]LogBlueprint:Warning: [Compiler PlayerController] Warning [0099.71] Compile of PlayerController failed. 4 Fatal Issue(s) 2 Warning(s) [in 12 ms] (/Game/MattsStuff/PlayerController.PlayerController)
[2017.05.08-18.47.06:469][337]LogBlueprint:Warning: [Compiler PlayerController] Warning [0099.71] Compile of PlayerController failed. 4 Fatal Issue(s) 3 Warning(s) [in 0 ms] (/Game/MattsStuff/PlayerController.PlayerController)
[2017.05.08-18.47.06:469][337]LogBlueprint:Warning: [Compiler PlayerController] Warning [0099.71] Compile of PlayerController failed. 4 Fatal Issue(s) 4 Warning(s) [in 0 ms] (/Game/MattsStuff/PlayerController.PlayerController)
[2017.05.08-18.47.06:474][337]LogBlueprint:Error: [Compiler PlayerController] Error Can't connect pins  Target  and  As Usable Actor : Reference is not compatible with Object Reference.
[2017.05.08-18.47.06:474][337]LogBlueprint:Error: [Compiler PlayerController] Error Could not find a function named "OnUsed" in 'PlayerController'.
Make sure 'PlayerController' has been compiled for  On Used
[2017.05.08-18.47.06:474][337]LogBlueprint:Error: [Compiler PlayerController] Error Can't connect pins  As Usable Actor  and  Target : Object Reference is not compatible with Reference.
[2017.05.08-18.47.06:476][337]LogBlueprint:Warning: [Compiler PlayerController] Warning Can't connect pins  Object  and  Hit Actor : This cast has an invalid target type (was the class deleted without a redirect?).
[2017.05.08-18.47.06:476][337]LogBlueprint:Warning: [Compiler PlayerController] Warning Can't connect pins  Hit Actor  and  Object : This cast has an invalid target type (was the class deleted without a redirect?).
[2017.05.08-18.47.06:477][337]LogBlueprint:Error: [Compiler PlayerController] Error Default value '' for  As Usable Actor  is invalid: 'PinSubCategoryObject on pin 'AsUsable Actor' is NULL and PinSubCategory is '' not 'self''
[2017.05.08-18.47.06:482][337]LogBlueprint:Warning: [Compiler PlayerController] Warning [0099.72] Compile of PlayerController failed. 4 Fatal Issue(s) 2 Warning(s) [in 11 ms] (/Game/MattsStuff/PlayerController.PlayerController)
[2017.05.08-18.47.06:483][337]LogBlueprint:Warning: [Compiler PlayerController] Warning [0099.72] Compile of PlayerController failed. 4 Fatal Issue(s) 3 Warning(s) [in 0 ms] (/Game/MattsStuff/PlayerController.PlayerController)
[2017.05.08-18.47.06:483][337]LogBlueprint:Warning: [Compiler PlayerController] Warning [0099.72] Compile of PlayerController failed. 4 Fatal Issue(s) 4 Warning(s) [in 0 ms] (/Game/MattsStuff/PlayerController.PlayerController)
[2017.05.08-18.47.42:163][ 33]BlueprintLog: New page: Compile PlayerController
[2017.05.08-18.47.42:184][ 33]LogBlueprint:Error: [Compiler PlayerController] Error Could not find a function named "OnUsed" in 'PlayerController'.
Make sure 'PlayerController' has been compiled for  On Used
[2017.05.08-18.47.42:186][ 33]LogBlueprint:Warning: [Compiler PlayerController] Warning Can't connect pins  Object  and  Hit Actor : This cast has an invalid target type (was the class deleted without a redirect?).
[2017.05.08-18.47.42:186][ 33]LogBlueprint:Warning: [Compiler PlayerController] Warning Can't connect pins  Hit Actor  and  Object : This cast has an invalid target type (was the class deleted without a redirect?).
[2017.05.08-18.47.42:186][ 33]LogBlueprint:Error: [Compiler PlayerController] Error This blueprint (self) is not compatible with ' Target ', therefore that pin must have a connection.
[2017.05.08-18.47.42:405][ 33]BlueprintEditorCompileResults:Error: Error Could not find a function named "OnUsed" in 'PlayerController'.
Make sure 'PlayerController' has been compiled for  On Used
[2017.05.08-18.47.42:405][ 33]BlueprintEditorCompileResults:Warning: Warning Can't connect pins  Object  and  Hit Actor : This cast has an invalid target type (was the class deleted without a redirect?).
[2017.05.08-18.47.42:406][ 33]BlueprintEditorCompileResults:Warning: Warning Can't connect pins  Hit Actor  and  Object : This cast has an invalid target type (was the class deleted without a redirect?).
[2017.05.08-18.47.42:406][ 33]BlueprintEditorCompileResults:Error: Error This blueprint (self) is not compatible with ' Target ', therefore that pin must have a connection.
[2017.05.08-18.47.42:407][ 33]LogBlueprint:Warning: [Compiler PlayerController] Warning [0135.65] Compile of PlayerController failed. 2 Fatal Issue(s) 2 Warning(s) [in 243 ms] (/Game/MattsStuff/PlayerController.PlayerController)
[2017.05.08-18.48.37:136][464]LogLinker: Can't find file '/Game/Blueprints/MyCharacter'
[2017.05.08-18.48.37:137][464]LogLinker: Can't find file '/Game/Blueprints/MyCharacter'
[2017.05.08-18.48.37:137][464]LogBlueprint:Warning: [Compiler ] Warning Pasted node  CustomEvent   conflicted with  ServerOnUsed  and was replaced as a Custom Event!
[2017.05.08-18.48.37:144][464]LogLinker: Can't find file '/Game/Blueprints/BP_UsableActor'
[2017.05.08-18.48.37:145][464]LogLinker: Can't find file '/Game/Blueprints/BP_UsableActor'
[2017.05.08-18.48.37:153][464]LogProperty:Warning: ObjectProperty /Script/Engine.MemberReference:MemberParent: unresolved reference to 'BlueprintGeneratedClass'/Game/Blueprints/BP_UsableActor.BP_UsableActor_C',MemberName="BeginFocus",MemberGuid=33E8B5634FB2E9EC19C22986BA6E6A65)'
[2017.05.08-18.48.37:154][464]LogProperty:Warning: ObjectProperty /Script/Engine.MemberReference:MemberParent: unresolved reference to 'BlueprintGeneratedClass'/Game/Blueprints/BP_UsableActor.BP_UsableActor_C',MemberName="EndFocus",MemberGuid=906F6BEA459DC34B91D6E38AD87DC9C1)'
[2017.05.08-18.48.37:158][464]LogProperty:Warning: ObjectProperty /Script/Engine.MemberReference:MemberParent: unresolved reference to 'BlueprintGeneratedClass'/Game/Blueprints/BP_UsableActor.BP_UsableActor_C',MemberName="OnUsed",MemberGuid=8769F98345456D55A142E3886BF98EB4)'
[2017.05.08-18.48.37:215][464]BlueprintEditorCompileResults:Warning: Warning Pasted node  CustomEvent   conflicted with  ServerOnUsed  and was replaced as a Custom Event!
[2017.05.08-18.48.38:789][580]LogEditorTransaction: Undo Paste clipboard contents
[2017.05.08-18.48.42:800][982]LogUObjectHash:Warning: Ambiguous search, could be K2Node_CustomEvent /Game/MattsStuff/PlayerController.PlayerController:EventGraph.K2Node_CustomEvent_66 or K2Node_CustomEvent /Game/MattsStuff/PlayerController.PlayerController:EventGraph.K2Node_CustomEvent_66
[2017.05.08-18.48.42:809][982]LogProperty:Warning: ObjectProperty /Script/Engine.MemberReference:MemberParent: unresolved reference to 'BlueprintGeneratedClass'/Game/Blueprints/BP_UsableActor.BP_UsableActor_C',MemberName="BeginFocus",MemberGuid=33E8B5634FB2E9EC19C22986BA6E6A65)'
[2017.05.08-18.48.42:810][982]LogProperty:Warning: ObjectProperty /Script/Engine.MemberReference:MemberParent: unresolved reference to 'BlueprintGeneratedClass'/Game/Blueprints/BP_UsableActor.BP_UsableActor_C',MemberName="EndFocus",MemberGuid=906F6BEA459DC34B91D6E38AD87DC9C1)'
[2017.05.08-18.48.42:812][982]LogProperty:Warning: ObjectProperty /Script/Engine.MemberReference:MemberParent: unresolved reference to 'BlueprintGeneratedClass'/Game/Blueprints/BP_UsableActor.BP_UsableActor_C',MemberName="OnUsed",MemberGuid=8769F98345456D55A142E3886BF98EB4)'
[2017.05.08-18.48.42:843][982]BlueprintEditorCompileResults:Warning: Warning Pasted node  CustomEvent   conflicted with  ServerOnUsed  and was replaced as a Custom Event!
[2017.05.08-18.48.47:013][408]LogEditorTransaction: Undo Move Nodes
[2017.05.08-18.48.47:978][477]LogEditorTransaction: Undo Paste clipboard contents
[2017.05.08-18.48.49:769][677]LogUObjectHash:Warning: Ambiguous search, could be EdGraphNode_Comment /Game/MattsStuff/PlayerController.PlayerController:EventGraph.EdGraphNode_Comment_57 or EdGraphNode_Comment /Game/MattsStuff/PlayerController.PlayerController:EventGraph.EdGraphNode_Comment_57
[2017.05.08-18.48.49:769][677]LogUObjectHash:Warning: Ambiguous search, could be EdGraphNode_Comment /Game/MattsStuff/PlayerController.PlayerController:EventGraph.EdGraphNode_Comment_57 or EdGraphNode_Comment /Game/MattsStuff/PlayerController.PlayerController:EventGraph.EdGraphNode_Comment_57
[2017.05.08-18.48.49:769][677]LogUObjectHash:Warning: Ambiguous search, could be K2Node_InputAction /Game/MattsStuff/PlayerController.PlayerController:EventGraph.K2Node_InputAction_1024 or K2Node_InputAction /Game/MattsStuff/PlayerController.PlayerController:EventGraph.K2Node_InputAction_1024
[2017.05.08-18.48.49:769][677]LogUObjectHash:Warning: Ambiguous search, could be K2Node_Self /Game/MattsStuff/PlayerController.PlayerController:EventGraph.K2Node_Self_97 or K2Node_Self /Game/MattsStuff/PlayerController.PlayerController:EventGraph.K2Node_Self_97
[2017.05.08-18.48.49:769][677]LogUObjectHash:Warning: Ambiguous search, could be K2Node_CustomEvent /Game/MattsStuff/PlayerController.PlayerController:EventGraph.K2Node_CustomEvent_66 or K2Node_CustomEvent /Game/MattsStuff/PlayerController.PlayerController:EventGraph.K2Node_CustomEvent_66
[2017.05.08-18.48.49:769][677]LogUObjectHash:Warning: Ambiguous search, could be K2Node_CallFunction /Game/MattsStuff/PlayerController.PlayerController:EventGraph.K2Node_CallFunction_6161 or K2Node_CallFunction /Game/MattsStuff/PlayerController.PlayerController:EventGraph.K2Node_CallFunction_6161
[2017.05.08-18.48.49:769][677]LogUObjectHash:Warning: Ambiguous search, could be EdGraphNode_Comment /Game/MattsStuff/PlayerController.PlayerController:EventGraph.EdGraphNode_Comment_123 or EdGraphNode_Comment /Game/MattsStuff/PlayerController.PlayerController:EventGraph.EdGraphNode_Comment_123
[2017.05.08-18.48.49:769][677]LogUObjectHash:Warning: Ambiguous search, could be EdGraphNode_Comment /Game/MattsStuff/PlayerController.PlayerController:EventGraph.EdGraphNode_Comment_115 or EdGraphNode_Comment /Game/MattsStuff/PlayerController.PlayerController:EventGraph.EdGraphNode_Comment_115
[2017.05.08-18.48.49:769][677]LogUObjectHash:Warning: Ambiguous search, could be K2Node_Event /Game/MattsStuff/PlayerController.PlayerController:EventGraph.K2Node_Event_2532 or K2Node_Event /Game/MattsStuff/PlayerController.PlayerController:EventGraph.K2Node_Event_2532
[2017.05.08-18.48.49:769][677]LogUObjectHash:Warning: Ambiguous search, could be K2Node_ExecutionSequence /Game/MattsStuff/PlayerController.PlayerController:EventGraph.K2Node_ExecutionSequence_208 or K2Node_ExecutionSequence /Game/MattsStuff/PlayerController.PlayerController:EventGraph.K2Node_ExecutionSequence_208
[2017.05.08-18.48.49:769][677]LogUObjectHash:Warning: Ambiguous search, could be K2Node_VariableSet /Game/MattsStuff/PlayerController.PlayerController:EventGraph.K2Node_VariableSet_903 or K2Node_VariableSet /Game/MattsStuff/PlayerController.PlayerController:EventGraph.K2Node_VariableSet_903
[2017.05.08-18.48.49:769][677]LogUObjectHash:Warning: Ambiguous search, could be K2Node_VariableGet /Game/MattsStuff/PlayerController.PlayerController:EventGraph.K2Node_VariableGet_891 or K2Node_VariableGet /Game/MattsStuff/PlayerController.PlayerController:EventGraph.K2Node_VariableGet_891
[2017.05.08-18.48.49:769][677]LogUObjectHash:Warning: Ambiguous search, could be K2Node_IfThenElse /Game/MattsStuff/PlayerController.PlayerController:EventGraph.K2Node_IfThenElse_436 or K2Node_IfThenElse /Game/MattsStuff/PlayerController.PlayerController:EventGraph.K2Node_IfThenElse_436
[2017.05.08-18.48.49:769][677]LogUObjectHash:Warning: Ambiguous search, could be K2Node_Self /Game/MattsStuff/PlayerController.PlayerController:EventGraph.K2Node_Self_291 or K2Node_Self /Game/MattsStuff/PlayerController.PlayerController:EventGraph.K2Node_Self_291
[2017.05.08-18.48.49:769][677]LogUObjectHash:Warning: Ambiguous search, could be K2Node_Self /Game/MattsStuff/PlayerController.PlayerController:EventGraph.K2Node_Self_304 or K2Node_Self /Game/MattsStuff/PlayerController.PlayerController:EventGraph.K2Node_Self_304
[2017.05.08-18.48.49:770][677]LogUObjectHash:Warning: Ambiguous search, could be K2Node_CallFunction /Game/MattsStuff/PlayerController.PlayerController:EventGraph.K2Node_CallFunction_87788 or K2Node_CallFunction /Game/MattsStuff/PlayerController.PlayerController:EventGraph.K2Node_CallFunction_87788
[2017.05.08-18.48.49:770][677]LogUObjectHash:Warning: Ambiguous search, could be K2Node_IfThenElse /Game/MattsStuff/PlayerController.PlayerController:EventGraph.K2Node_IfThenElse_453 or K2Node_IfThenElse /Game/MattsStuff/PlayerController.PlayerController:EventGraph.K2Node_IfThenElse_453
[2017.05.08-18.48.49:770][677]LogUObjectHash:Warning: Ambiguous search, could be K2Node_VariableSet /Game/MattsStuff/PlayerController.PlayerController:EventGraph.K2Node_VariableSet_944 or K2Node_VariableSet /Game/MattsStuff/PlayerController.PlayerController:EventGraph.K2Node_VariableSet_944
[2017.05.08-18.48.49:770][677]LogUObjectHash:Warning: Ambiguous search, could be K2Node_VariableGet /Game/MattsStuff/PlayerController.PlayerController:EventGraph.K2Node_VariableGet_1203 or K2Node_VariableGet /Game/MattsStuff/PlayerController.PlayerController:EventGraph.K2Node_VariableGet_1203
[2017.05.08-18.48.49:770][677]LogUObjectHash:Warning: Ambiguous search, could be K2Node_VariableGet /Game/MattsStuff/PlayerController.PlayerController:EventGraph.K2Node_VariableGet_1205 or K2Node_VariableGet /Game/MattsStuff/PlayerController.PlayerController:EventGraph.K2Node_VariableGet_1205
[2017.05.08-18.48.49:770][677]LogUObjectHash:Warning: Ambiguous search, could be K2Node_VariableGet /Game/MattsStuff/PlayerController.PlayerController:EventGraph.K2Node_VariableGet_1240 or K2Node_VariableGet /Game/MattsStuff/PlayerController.PlayerController:EventGraph.K2Node_VariableGet_1240
[2017.05.08-18.48.49:770][677]LogUObjectHash:Warning: Ambiguous search, could be K2Node_VariableSet /Game/MattsStuff/PlayerController.PlayerController:EventGraph.K2Node_VariableSet_1458 or K2Node_VariableSet /Game/MattsStuff/PlayerController.PlayerController:EventGraph.K2Node_VariableSet_1458
[2017.05.08-18.48.49:770][677]LogUObjectHash:Warning: Ambiguous search, could be K2Node_VariableGet /Game/MattsStuff/PlayerController.PlayerController:EventGraph.K2Node_VariableGet_1242 or K2Node_VariableGet /Game/MattsStuff/PlayerController.PlayerController:EventGraph.K2Node_VariableGet_1242
[2017.05.08-18.48.49:770][677]LogUObjectHash:Warning: Ambiguous search, could be K2Node_CustomEvent /Game/MattsStuff/PlayerController.PlayerController:EventGraph.K2Node_CustomEvent_87 or K2Node_CustomEvent /Game/MattsStuff/PlayerController.PlayerController:EventGraph.K2Node_CustomEvent_87
[2017.05.08-18.48.49:770][677]LogUObjectHash:Warning: Ambiguous search, could be K2Node_CallFunction /Game/MattsStuff/PlayerController.PlayerController:EventGraph.K2Node_CallFunction_13735 or K2Node_CallFunction /Game/MattsStuff/PlayerController.PlayerController:EventGraph.K2Node_CallFunction_13735
[2017.05.08-18.48.49:770][677]LogUObjectHash:Warning: Ambiguous search, could be K2Node_CallFunction /Game/MattsStuff/PlayerController.PlayerController:EventGraph.K2Node_CallFunction_29906 or K2Node_CallFunction /Game/MattsStuff/PlayerController.PlayerController:EventGraph.K2Node_CallFunction_29906
[2017.05.08-18.48.49:770][677]LogUObjectHash:Warning: Ambiguous search, could be K2Node_CallFunction /Game/MattsStuff/PlayerController.PlayerController:EventGraph.K2Node_CallFunction_30513 or K2Node_CallFunction /Game/MattsStuff/PlayerController.PlayerController:EventGraph.K2Node_CallFunction_30513
[2017.05.08-18.48.49:770][677]LogUObjectHash:Warning: Ambiguous search, could be K2Node_CallFunction /Game/MattsStuff/PlayerController.PlayerController:EventGraph.K2Node_CallFunction_30518 or K2Node_CallFunction /Game/MattsStuff/PlayerController.PlayerController:EventGraph.K2Node_CallFunction_30518
[2017.05.08-18.48.49:770][677]LogUObjectHash:Warning: Ambiguous search, could be K2Node_CallFunction /Game/MattsStuff/PlayerController.PlayerController:EventGraph.K2Node_CallFunction_33632 or K2Node_CallFunction /Game/MattsStuff/PlayerController.PlayerController:EventGraph.K2Node_CallFunction_33632
[2017.05.08-18.48.49:771][677]LogUObjectHash:Warning: Ambiguous search, could be K2Node_CallFunction /Game/MattsStuff/PlayerController.PlayerController:EventGraph.K2Node_CallFunction_34318 or K2Node_CallFunction /Game/MattsStuff/PlayerController.PlayerController:EventGraph.K2Node_CallFunction_34318
[2017.05.08-18.48.49:771][677]LogUObjectHash:Warning: Ambiguous search, could be K2Node_CallFunction /Game/MattsStuff/PlayerController.PlayerController:EventGraph.K2Node_CallFunction_206 or K2Node_CallFunction /Game/MattsStuff/PlayerController.PlayerController:EventGraph.K2Node_CallFunction_206
[2017.05.08-18.48.49:771][677]LogUObjectHash:Warning: Ambiguous search, could be K2Node_CommutativeAssociativeBinaryOperator /Game/MattsStuff/PlayerController.PlayerController:EventGraph.K2Node_CommutativeAssociativeBinaryOperator_27 or K2Node_CommutativeAssociativeBinaryOperator /Game/MattsStuff/PlayerController.PlayerController:EventGraph.K2Node_CommutativeAssociativeBinaryOperator_27
[2017.05.08-18.48.49:771][677]LogUObjectHash:Warning: Ambiguous search, could be K2Node_MacroInstance /Game/MattsStuff/PlayerController.PlayerController:EventGraph.K2Node_MacroInstance_0 or K2Node_MacroInstance /Game/MattsStuff/PlayerController.PlayerController:EventGraph.K2Node_MacroInstance_0
[2017.05.08-18.48.49:779][677]LogProperty:Warning: ObjectProperty /Script/Engine.MemberReference:MemberParent: unresolved reference to 'BlueprintGeneratedClass'/Game/Blueprints/BP_UsableActor.BP_UsableActor_C',MemberName="BeginFocus",MemberGuid=33E8B5634FB2E9EC19C22986BA6E6A65)'
[2017.05.08-18.48.49:779][677]LogProperty:Warning: ObjectProperty /Script/Engine.MemberReference:MemberParent: unresolved reference to 'BlueprintGeneratedClass'/Game/Blueprints/BP_UsableActor.BP_UsableActor_C',MemberName="EndFocus",MemberGuid=906F6BEA459DC34B91D6E38AD87DC9C1)'
[2017.05.08-18.48.49:781][677]LogProperty:Warning: ObjectProperty /Script/Engine.MemberReference:MemberParent: unresolved reference to 'BlueprintGeneratedClass'/Game/Blueprints/BP_UsableActor.BP_UsableActor_C',MemberName="OnUsed",MemberGuid=8769F98345456D55A142E3886BF98EB4)'
[2017.05.08-18.48.49:807][677]BlueprintEditorCompileResults:Warning: Warning Pasted node  CustomEvent   conflicted with  ServerOnUsed  and was replaced as a Custom Event!
[2017.05.08-18.49.05:797][441]BlueprintLog: New page: Compile PlayerController
[2017.05.08-18.49.05:831][441]LogBlueprint:Warning: [Compiler PlayerController] Warning Can't connect pins  Object  and  Hit Actor : This cast has an invalid target type (was the class deleted without a redirect?).
[2017.05.08-18.49.05:832][441]LogBlueprint:Warning: [Compiler PlayerController] Warning Can't connect pins  Hit Actor  and  Object : This cast has an invalid target type (was the class deleted without a redirect?).
[2017.05.08-18.49.05:837][441]LogBlueprint:Error: [Compiler PlayerController] Error Node  Bad cast node  has an invalid target type, please delete and recreate it
[2017.05.08-18.49.05:837][441]LogBlueprint:Error: [Compiler PlayerController] Error Node  Bad cast node  has an invalid target class
[2017.05.08-18.49.06:028][441]BlueprintEditorCompileResults:Warning: Warning Can't connect pins  Object  and  Hit Actor : This cast has an invalid target type (was the class deleted without a redirect?).
[2017.05.08-18.49.06:028][441]BlueprintEditorCompileResults:Warning: Warning Can't connect pins  Hit Actor  and  Object : This cast has an invalid target type (was the class deleted without a redirect?).
[2017.05.08-18.49.06:028][441]BlueprintEditorCompileResults:Error: Error Node  Bad cast node  has an invalid target type, please delete and recreate it
[2017.05.08-18.49.06:028][441]BlueprintEditorCompileResults:Error: Error Node  Bad cast node  has an invalid target class
[2017.05.08-18.49.06:029][441]LogBlueprint:Warning: [Compiler PlayerController] Warning [0219.27] Compile of PlayerController failed. 2 Fatal Issue(s) 2 Warning(s) [in 231 ms] (/Game/MattsStuff/PlayerController.PlayerController)
[2017.05.08-18.49.21:685][265]LogEditorTransaction: Undo Move Node
[2017.05.08-18.49.22:521][323]LogEditorTransaction: Undo Move Node
[2017.05.08-18.49.22:732][330]LogEditorTransaction: Undo Move Node
[2017.05.08-18.49.22:911][333]LogEditorTransaction: Undo Paste clipboard contents
[2017.05.08-18.49.23:107][342]LogEditorTransaction: Undo Delete current selection
[2017.05.08-18.49.23:278][351]LogEditorTransaction: Undo Move Node
[2017.05.08-18.49.23:458][363]LogEditorTransaction: Undo Create Pin Link
[2017.05.08-18.50.29:663][ 29]LogUObjectHash:Warning: Ambiguous search, could be EdGraphNode_Comment /Game/MattsStuff/PlayerController.PlayerController:EventGraph.EdGraphNode_Comment_123 or EdGraphNode_Comment /Game/MattsStuff/PlayerController.PlayerController:EventGraph.EdGraphNode_Comment_123
[2017.05.08-18.50.29:663][ 29]LogUObjectHash:Warning: Ambiguous search, could be EdGraphNode_Comment /Game/MattsStuff/PlayerController.PlayerController:EventGraph.EdGraphNode_Comment_115 or EdGraphNode_Comment /Game/MattsStuff/PlayerController.PlayerController:EventGraph.EdGraphNode_Comment_115
[2017.05.08-18.50.29:663][ 29]LogUObjectHash:Warning: Ambiguous search, could be K2Node_Event /Game/MattsStuff/PlayerController.PlayerController:EventGraph.K2Node_Event_2532 or K2Node_Event /Game/MattsStuff/PlayerController.PlayerController:EventGraph.K2Node_Event_2532
[2017.05.08-18.50.29:663][ 29]LogUObjectHash:Warning: Ambiguous search, could be K2Node_ExecutionSequence /Game/MattsStuff/PlayerController.PlayerController:EventGraph.K2Node_ExecutionSequence_208 or K2Node_ExecutionSequence /Game/MattsStuff/PlayerController.PlayerController:EventGraph.K2Node_ExecutionSequence_208
[2017.05.08-18.50.29:663][ 29]LogUObjectHash:Warning: Ambiguous search, could be K2Node_VariableSet /Game/MattsStuff/PlayerController.PlayerController:EventGraph.K2Node_VariableSet_903 or K2Node_VariableSet /Game/MattsStuff/PlayerController.PlayerController:EventGraph.K2Node_VariableSet_903
[2017.05.08-18.50.29:664][ 29]LogUObjectHash:Warning: Ambiguous search, could be K2Node_VariableGet /Game/MattsStuff/PlayerController.PlayerController:EventGraph.K2Node_VariableGet_891 or K2Node_VariableGet /Game/MattsStuff/PlayerController.PlayerController:EventGraph.K2Node_VariableGet_891
[2017.05.08-18.50.29:664][ 29]LogUObjectHash:Warning: Ambiguous search, could be K2Node_IfThenElse /Game/MattsStuff/PlayerController.PlayerController:EventGraph.K2Node_IfThenElse_436 or K2Node_IfThenElse /Game/MattsStuff/PlayerController.PlayerController:EventGraph.K2Node_IfThenElse_436
[2017.05.08-18.50.29:664][ 29]LogUObjectHash:Warning: Ambiguous search, could be K2Node_Self /Game/MattsStuff/PlayerController.PlayerController:EventGraph.K2Node_Self_291 or K2Node_Self /Game/MattsStuff/PlayerController.PlayerController:EventGraph.K2Node_Self_291
[2017.05.08-18.50.29:664][ 29]LogUObjectHash:Warning: Ambiguous search, could be K2Node_Self /Game/MattsStuff/PlayerController.PlayerController:EventGraph.K2Node_Self_304 or K2Node_Self /Game/MattsStuff/PlayerController.PlayerController:EventGraph.K2Node_Self_304
[2017.05.08-18.50.29:664][ 29]LogUObjectHash:Warning: Ambiguous search, could be K2Node_CallFunction /Game/MattsStuff/PlayerController.PlayerController:EventGraph.K2Node_CallFunction_87788 or K2Node_CallFunction /Game/MattsStuff/PlayerController.PlayerController:EventGraph.K2Node_CallFunction_87788
[2017.05.08-18.50.29:664][ 29]LogUObjectHash:Warning: Ambiguous search, could be K2Node_IfThenElse /Game/MattsStuff/PlayerController.PlayerController:EventGraph.K2Node_IfThenElse_453 or K2Node_IfThenElse /Game/MattsStuff/PlayerController.PlayerController:EventGraph.K2Node_IfThenElse_453
[2017.05.08-18.50.29:664][ 29]LogUObjectHash:Warning: Ambiguous search, could be K2Node_VariableSet /Game/MattsStuff/PlayerController.PlayerController:EventGraph.K2Node_VariableSet_944 or K2Node_VariableSet /Game/MattsStuff/PlayerController.PlayerController:EventGraph.K2Node_VariableSet_944
[2017.05.08-18.50.29:664][ 29]LogUObjectHash:Warning: Ambiguous search, could be K2Node_VariableGet /Game/MattsStuff/PlayerController.PlayerController:EventGraph.K2Node_VariableGet_1203 or K2Node_VariableGet /Game/MattsStuff/PlayerController.PlayerController:EventGraph.K2Node_VariableGet_1203
[2017.05.08-18.50.29:664][ 29]LogUObjectHash:Warning: Ambiguous search, could be K2Node_VariableGet /Game/MattsStuff/PlayerController.PlayerController:EventGraph.K2Node_VariableGet_1205 or K2Node_VariableGet /Game/MattsStuff/PlayerController.PlayerController:EventGraph.K2Node_VariableGet_1205
[2017.05.08-18.50.29:664][ 29]LogUObjectHash:Warning: Ambiguous search, could be K2Node_VariableGet /Game/MattsStuff/PlayerController.PlayerController:EventGraph.K2Node_VariableGet_1240 or K2Node_VariableGet /Game/MattsStuff/PlayerController.PlayerController:EventGraph.K2Node_VariableGet_1240
[2017.05.08-18.50.29:664][ 29]LogUObjectHash:Warning: Ambiguous search, could be K2Node_VariableSet /Game/MattsStuff/PlayerController.PlayerController:EventGraph.K2Node_VariableSet_1458 or K2Node_VariableSet /Game/MattsStuff/PlayerController.PlayerController:EventGraph.K2Node_VariableSet_1458
[2017.05.08-18.50.29:664][ 29]LogUObjectHash:Warning: Ambiguous search, could be K2Node_VariableGet /Game/MattsStuff/PlayerController.PlayerController:EventGraph.K2Node_VariableGet_1242 or K2Node_VariableGet /Game/MattsStuff/PlayerController.PlayerController:EventGraph.K2Node_VariableGet_1242
[2017.05.08-18.50.29:664][ 29]LogUObjectHash:Warning: Ambiguous search, could be K2Node_CustomEvent /Game/MattsStuff/PlayerController.PlayerController:EventGraph.K2Node_CustomEvent_87 or K2Node_CustomEvent /Game/MattsStuff/PlayerController.PlayerController:EventGraph.K2Node_CustomEvent_87
[2017.05.08-18.50.29:664][ 29]LogUObjectHash:Warning: Ambiguous search, could be K2Node_CallFunction /Game/MattsStuff/PlayerController.PlayerController:EventGraph.K2Node_CallFunction_13735 or K2Node_CallFunction /Game/MattsStuff/PlayerController.PlayerController:EventGraph.K2Node_CallFunction_13735
[2017.05.08-18.50.29:665][ 29]LogUObjectHash:Warning: Ambiguous search, could be K2Node_CallFunction /Game/MattsStuff/PlayerController.PlayerController:EventGraph.K2Node_CallFunction_29906 or K2Node_CallFunction /Game/MattsStuff/PlayerController.PlayerController:EventGraph.K2Node_CallFunction_29906
[2017.05.08-18.50.29:665][ 29]LogUObjectHash:Warning: Ambiguous search, could be K2Node_CallFunction /Game/MattsStuff/PlayerController.PlayerController:EventGraph.K2Node_CallFunction_30513 or K2Node_CallFunction /Game/MattsStuff/PlayerController.PlayerController:EventGraph.K2Node_CallFunction_30513
[2017.05.08-18.50.29:665][ 29]LogUObjectHash:Warning: Ambiguous search, could be K2Node_CallFunction /Game/MattsStuff/PlayerController.PlayerController:EventGraph.K2Node_CallFunction_30518 or K2Node_CallFunction /Game/MattsStuff/PlayerController.PlayerController:EventGraph.K2Node_CallFunction_30518
[2017.05.08-18.50.29:665][ 29]LogUObjectHash:Warning: Ambiguous search, could be K2Node_CallFunction /Game/MattsStuff/PlayerController.PlayerController:EventGraph.K2Node_CallFunction_206 or K2Node_CallFunction /Game/MattsStuff/PlayerController.PlayerController:EventGraph.K2Node_CallFunction_206
[2017.05.08-18.50.29:665][ 29]LogUObjectHash:Warning: Ambiguous search, could be K2Node_CommutativeAssociativeBinaryOperator /Game/MattsStuff/PlayerController.PlayerController:EventGraph.K2Node_CommutativeAssociativeBinaryOperator_27 or K2Node_CommutativeAssociativeBinaryOperator /Game/MattsStuff/PlayerController.PlayerController:EventGraph.K2Node_CommutativeAssociativeBinaryOperator_27
[2017.05.08-18.50.29:665][ 29]LogUObjectHash:Warning: Ambiguous search, could be K2Node_MacroInstance /Game/MattsStuff/PlayerController.PlayerController:EventGraph.K2Node_MacroInstance_0 or K2Node_MacroInstance /Game/MattsStuff/PlayerController.PlayerController:EventGraph.K2Node_MacroInstance_0
[2017.05.08-18.50.29:673][ 29]LogProperty:Warning: ObjectProperty /Script/Engine.MemberReference:MemberParent: unresolved reference to 'BlueprintGeneratedClass'/Game/Blueprints/BP_UsableActor.BP_UsableActor_C',MemberName="BeginFocus",MemberGuid=33E8B5634FB2E9EC19C22986BA6E6A65)'
[2017.05.08-18.50.29:673][ 29]LogProperty:Warning: ObjectProperty /Script/Engine.MemberReference:MemberParent: unresolved reference to 'BlueprintGeneratedClass'/Game/Blueprints/BP_UsableActor.BP_UsableActor_C',MemberName="EndFocus",MemberGuid=906F6BEA459DC34B91D6E38AD87DC9C1)'
[2017.05.08-18.52.05:243][569]LogProperty:Warning: ObjectProperty /Script/Engine.MemberReference:MemberParent: unresolved reference to 'BlueprintGeneratedClass'/Game/Blueprints/BP_UsableActor.BP_UsableActor_C',MemberName="EndFocus",MemberGuid=906F6BEA459DC34B91D6E38AD87DC9C1)'
[2017.05.08-18.52.05:389][569]LogStats: FPlatformStackWalk::StackWalkAndDump -  0.133 s
[2017.05.08-18.52.05:389][569]LogOutputDevice:Error: === Handled ensure: ===
[2017.05.08-18.52.05:389][569]LogOutputDevice:Error: 
[2017.05.08-18.52.05:389][569]LogOutputDevice:Error: Ensure condition failed: ToPin->LinkedTo.Contains(this) [File:D:\Build\++UE4+Release-4.15+Compile\Sync\Engine\Source\Runtime\Engine\Private\EdGraph\EdGraphPin.cpp] [Line: 333]
[2017.05.08-18.52.05:389][569]LogOutputDevice:Error: UEdGraphPin::BreakLinkTo Pin 'Is Valid' on node 'IsValid' not reciprocally linked with pin 'execute' on node 'End Focus'
[2017.05.08-18.52.05:389][569]LogOutputDevice:Error: Stack: 
[2017.05.08-18.52.05:389][569]LogOutputDevice:Error: UE4Editor-Core.dll!0x00000000E96395E6
[2017.05.08-18.52.05:389][569]LogOutputDevice:Error: UE4Editor-Core.dll!0x00000000E93E9B82
[2017.05.08-18.52.05:389][569]LogOutputDevice:Error: UE4Editor-Core.dll!0x00000000E93FB666
[2017.05.08-18.52.05:389][569]LogOutputDevice:Error: UE4Editor-Engine.dll!0x00000000E6008783
[2017.05.08-18.52.05:389][569]LogOutputDevice:Error: UE4Editor-Engine.dll!0x00000000E60085C6
[2017.05.08-18.52.05:389][569]LogOutputDevice:Error: UE4Editor-Engine.dll!0x00000000E6008157
[2017.05.08-18.52.05:389][569]LogOutputDevice:Error: UE4Editor-UnrealEd.dll!0x00000000E24B77CF
[2017.05.08-18.52.05:389][569]LogOutputDevice:Error: UE4Editor-UnrealEd.dll!0x00000000E2686D8A
[2017.05.08-18.52.05:389][569]LogOutputDevice:Error: UE4Editor-UnrealEd.dll!0x00000000E24A01A3
[2017.05.08-18.52.05:389][569]LogOutputDevice:Error: UE4Editor-Kismet.dll!0x00000000DDCE2E0C
[2017.05.08-18.52.05:389][569]LogOutputDevice:Error: UE4Editor-Kismet.dll!0x00000000DDCE2BEF
[2017.05.08-18.52.05:389][569]LogOutputDevice:Error: UE4Editor-Kismet.dll!0x00000000DDC71941
[2017.05.08-18.52.05:389][569]LogOutputDevice:Error: UE4Editor-Kismet.dll!0x00000000DDC763E6
[2017.05.08-18.52.05:389][569]LogOutputDevice:Error: UE4Editor-Slate.dll!0x00000000E4EB8894
[2017.05.08-18.52.05:389][569]LogOutputDevice:Error: UE4Editor-Slate.dll!0x00000000E4EFDBC2
[2017.05.08-18.52.05:389][569]LogOutputDevice:Error: UE4Editor-GraphEditor.dll!0x00000000DEC65F7D
[2017.05.08-18.52.05:389][569]LogOutputDevice:Error: UE4Editor-Slate.dll!0x00000000E4EA31D4
[2017.05.08-18.52.05:389][569]LogOutputDevice:Error: UE4Editor-Slate.dll!0x00000000E4E7376E
[2017.05.08-18.52.05:389][569]LogOutputDevice:Error: UE4Editor-Slate.dll!0x00000000E4E75366
[2017.05.08-18.52.05:389][569]LogOutputDevice:Error: UE4Editor-Slate.dll!0x00000000E4EFF449
[2017.05.08-18.52.05:389][569]LogOutputDevice:Error: UE4Editor-Slate.dll!0x00000000E4EEE3C8
[2017.05.08-18.52.05:389][569]LogOutputDevice:Error: UE4Editor-Core.dll!0x00000000E962CB3C
[2017.05.08-18.52.05:389][569]LogOutputDevice:Error: UE4Editor-Core.dll!0x00000000E96167C1
[2017.05.08-18.52.05:389][569]LogOutputDevice:Error: UE4Editor-Core.dll!0x00000000E962EA1C
[2017.05.08-18.52.05:389][569]LogOutputDevice:Error: UE4Editor-Core.dll!0x00000000E96126E9
[2017.05.08-18.52.05:389][569]LogOutputDevice:Error: USER32.dll!0x00000000775A9BBD
[2017.05.08-18.52.05:389][569]LogOutputDevice:Error: USER32.dll!0x00000000775A98C2
[2017.05.08-18.52.05:389][569]LogOutputDevice:Error: UE4Editor-Core.dll!0x00000000E962F326
[2017.05.08-18.52.05:389][569]LogOutputDevice:Error: UE4Editor.exe!0x000000003FFCD790
[2017.05.08-18.52.05:389][569]LogOutputDevice:Error: UE4Editor.exe!0x000000003FFBEB40
[2017.05.08-18.52.05:389][569]LogOutputDevice:Error: UE4Editor.exe!0x000000003FFBEBBA
[2017.05.08-18.52.05:389][569]LogOutputDevice:Error: UE4Editor.exe!0x000000003FFD0A29
[2017.05.08-18.52.05:389][569]LogOutputDevice:Error: UE4Editor.exe!0x000000003FFD22B6
[2017.05.08-18.52.05:389][569]LogOutputDevice:Error: kernel32.dll!0x00000000776A59CD
[2017.05.08-18.52.05:389][569]LogOutputDevice:Error: ntdll.dll!0x00000000777DA561
[2017.05.08-18.52.05:389][569]LogOutputDevice:Error: 
[2017.05.08-18.52.05:390][569]LogStats:                SubmitErrorReport -  0.000 s
[2017.05.08-18.52.06:084][569]LogStats:                    SendNewReport -  0.694 s
[2017.05.08-18.52.06:084][569]LogStats:             FDebug::EnsureFailed -  0.828 s
[2017.05.08-18.52.06:086][569]LogStats: FPlatformStackWalk::StackWalkAndDump -  0.002 s
[2017.05.08-18.52.06:086][569]LogOutputDevice:Error: === Handled ensure: ===
[2017.05.08-18.52.06:086][569]LogOutputDevice:Error: 
[2017.05.08-18.52.06:086][569]LogOutputDevice:Error: Ensure condition failed: ToPin->LinkedTo.Contains(this) [File:D:\Build\++UE4+Release-4.15+Compile\Sync\Engine\Source\Runtime\Engine\Private\EdGraph\EdGraphPin.cpp] [Line: 333]
[2017.05.08-18.52.06:086][569]LogOutputDevice:Error: UEdGraphPin::BreakLinkTo Pin 'self' on node 'Self-Reference' not reciprocally linked with pin 'Character' on node 'End Focus'
[2017.05.08-18.52.06:086][569]LogOutputDevice:Error: Stack: 
[2017.05.08-18.52.06:086][569]LogOutputDevice:Error: UE4Editor-Core.dll!0x00000000E96395E6
[2017.05.08-18.52.06:087][569]LogOutputDevice:Error: UE4Editor-Core.dll!0x00000000E93E9B82
[2017.05.08-18.52.06:087][569]LogOutputDevice:Error: UE4Editor-Core.dll!0x00000000E93FB666
[2017.05.08-18.52.06:087][569]LogOutputDevice:Error: UE4Editor-Engine.dll!0x00000000E6008783
[2017.05.08-18.52.06:087][569]LogOutputDevice:Error: UE4Editor-Engine.dll!0x00000000E60085C6
[2017.05.08-18.52.06:087][569]LogOutputDevice:Error: UE4Editor-Engine.dll!0x00000000E6008157
[2017.05.08-18.52.06:087][569]LogOutputDevice:Error: UE4Editor-UnrealEd.dll!0x00000000E24B77CF
[2017.05.08-18.52.06:087][569]LogOutputDevice:Error: UE4Editor-UnrealEd.dll!0x00000000E2686D8A
[2017.05.08-18.52.06:087][569]LogOutputDevice:Error: UE4Editor-UnrealEd.dll!0x00000000E24A01A3
[2017.05.08-18.52.06:087][569]LogOutputDevice:Error: UE4Editor-Kismet.dll!0x00000000DDCE2E0C
[2017.05.08-18.52.06:087][569]LogOutputDevice:Error: UE4Editor-Kismet.dll!0x00000000DDCE2BEF
[2017.05.08-18.52.06:087][569]LogOutputDevice:Error: UE4Editor-Kismet.dll!0x00000000DDC71941
[2017.05.08-18.52.06:087][569]LogOutputDevice:Error: UE4Editor-Kismet.dll!0x00000000DDC763E6
[2017.05.08-18.52.06:087][569]LogOutputDevice:Error: UE4Editor-Slate.dll!0x00000000E4EB8894
[2017.05.08-18.52.06:087][569]LogOutputDevice:Error: UE4Editor-Slate.dll!0x00000000E4EFDBC2
[2017.05.08-18.52.06:087][569]LogOutputDevice:Error: UE4Editor-GraphEditor.dll!0x00000000DEC65F7D
[2017.05.08-18.52.06:087][569]LogOutputDevice:Error: UE4Editor-Slate.dll!0x00000000E4EA31D4
[2017.05.08-18.52.06:087][569]LogOutputDevice:Error: UE4Editor-Slate.dll!0x00000000E4E7376E
[2017.05.08-18.52.06:087][569]LogOutputDevice:Error: UE4Editor-Slate.dll!0x00000000E4E75366
[2017.05.08-18.52.06:087][569]LogOutputDevice:Error: UE4Editor-Slate.dll!0x00000000E4EFF449
[2017.05.08-18.52.06:087][569]LogOutputDevice:Error: UE4Editor-Slate.dll!0x00000000E4EEE3C8
[2017.05.08-18.52.06:087][569]LogOutputDevice:Error: UE4Editor-Core.dll!0x00000000E962CB3C
[2017.05.08-18.52.06:087][569]LogOutputDevice:Error: UE4Editor-Core.dll!0x00000000E96167C1
[2017.05.08-18.52.06:087][569]LogOutputDevice:Error: UE4Editor-Core.dll!0x00000000E962EA1C
[2017.05.08-18.52.06:087][569]LogOutputDevice:Error: UE4Editor-Core.dll!0x00000000E96126E9
[2017.05.08-18.52.06:087][569]LogOutputDevice:Error: USER32.dll!0x00000000775A9BBD
[2017.05.08-18.52.06:087][569]LogOutputDevice:Error: USER32.dll!0x00000000775A98C2
[2017.05.08-18.52.06:087][569]LogOutputDevice:Error: UE4Editor-Core.dll!0x00000000E962F326
[2017.05.08-18.52.06:087][569]LogOutputDevice:Error: UE4Editor.exe!0x000000003FFCD790
[2017.05.08-18.52.06:087][569]LogOutputDevice:Error: UE4Editor.exe!0x000000003FFBEB40
[2017.05.08-18.52.06:087][569]LogOutputDevice:Error: UE4Editor.exe!0x000000003FFBEBBA
[2017.05.08-18.52.06:087][569]LogOutputDevice:Error: UE4Editor.exe!0x000000003FFD0A29
[2017.05.08-18.52.06:087][569]LogOutputDevice:Error: UE4Editor.exe!0x000000003FFD22B6
[2017.05.08-18.52.06:087][569]LogOutputDevice:Error: kernel32.dll!0x00000000776A59CD
[2017.05.08-18.52.06:087][569]LogOutputDevice:Error: ntdll.dll!0x00000000777DA561
[2017.05.08-18.52.06:087][569]LogOutputDevice:Error: 
[2017.05.08-18.52.06:089][569]LogStats:                SubmitErrorReport -  0.000 s
